 line   address	contents
    1                      ; Linked by DLX-LD.
    2                      ; MemSize 20480
    3                      ; Data size: 0
    4                      ; Text size: 3672
    5                      ; Stack size: 8192
    6  00000000          	.text 0x1000
    7  00001000          	.data 0x2000
    8                      ;;;
    9                      ;;; Stub functions for DLX traps.
   10                      ;;;
   11                      ;;; Ethan L. Miller, 1999.  Released to the public domain.
   12                      ;;;
   13                      ;;; The traps such as Open and Close
   14                      ;;; (note the capital letters) are for use by user programs.  The traps
   15                      ;;; with names such as open and close (lower case) are for use by the OS.
   16                      ;;;
   18  00002000          	.text
   19  00001000          	.align 2
   21                      ;;; The following are the traps to be used by user-level programs
   22                      ;;;
   24  00001000          	.align 2
   25  00001000          	.proc _Open
   26  00001000          	.global _Open
   27  00001000          	_Open:
   28                      ;;; Note that trap #0x213 actually causes a trap vector in the OS of
   29                      ;;; 0x1213.  The same is true for other user traps.  Thus, a user trap
   30                      ;;; with trap #0x240 will result in a trap vector of 0x1240 in the OS.
   31  00001000  44000213	trap	#0x213
   32  00001004  4be00000	jr	r31
   33  00001008  54000000	nop
   34  0000100c          	.endproc _Open
   36  0000100c          	.proc _Close
   37  0000100c          	.global _Close
   38  0000100c          	_Close:
   39  0000100c  44000214	trap	#0x214
   40  00001010  4be00000	jr	r31
   41  00001014  54000000	nop
   42  00001018          	.endproc _Close
   44  00001018          	.proc _Read
   45  00001018          	.global _Read
   46  00001018          	_Read:
   47  00001018  44000210	trap	#0x210
   48  0000101c  4be00000	jr	r31
   49  00001020  54000000	nop
   50  00001024          	.endproc _Read
   52  00001024          	.proc _Write
   53  00001024          	.global _Write
   54  00001024          	_Write:
   55  00001024  44000211	trap	#0x211
   56  00001028  4be00000	jr	r31
   57  0000102c  54000000	nop
   58  00001030          	.endproc _Write
   60  00001030          	.proc _Lseek
   61  00001030          	.global _Lseek
   62  00001030          	_Lseek:
   63  00001030  44000212	trap	#0x212
   64  00001034  4be00000	jr	r31
   65  00001038  54000000	nop
   66  0000103c          	.endproc _Lseek
   68  0000103c          	.proc _Putchar
   69  0000103c          	.global _Putchar
   70  0000103c          	_Putchar:
   71  0000103c  44000280	trap	#0x280
   72  00001040  4be00000	jr	r31
   73  00001044  54000000	nop
   74  00001048          	.endproc _Putchar
   76  00001048          	.proc _Printf
   77  00001048          	.global _Printf
   78  00001048          	_Printf:
   79  00001048  44000201	trap	#0x201
   80  0000104c  4be00000	jr	r31
   81  00001050  54000000	nop
   82  00001054          	.endproc _Printf
   84  00001054          	.proc _getpid
   85  00001054          	.global _getpid
   86  00001054          	_getpid:
   87  00001054  44000431	trap	#0x431
   88  00001058  4be00000	jr	r31
   89  0000105c  54000000	nop
   90  00001060          	.endproc _getpid
   92  00001060          	.proc _process_create
   93  00001060          	.global _process_create
   94  00001060          	_process_create:
   95  00001060  44000432	trap	#0x432
   96  00001064  4be00000	jr	r31
   97  00001068  54000000	nop
   98  0000106c          	.endproc _process_create
  100  0000106c          	.proc _shmget
  101  0000106c          	.global _shmget
  102  0000106c          	_shmget:
  103  0000106c  44000440	trap	#0x440
  104  00001070  4be00000	jr	r31
  105  00001074  54000000	nop
  106  00001078          	.endproc _shmget
  108  00001078          	.proc _shmat
  109  00001078          	.global _shmat
  110  00001078          	_shmat:
  111  00001078  44000441	trap	#0x441
  112  0000107c  4be00000	jr	r31
  113  00001080  54000000	nop
  114  00001084          	.endproc _shmat
  116  00001084          	.proc _sem_create
  117  00001084          	.global _sem_create
  118  00001084          	_sem_create:
  119  00001084  44000450	trap	#0x450
  120  00001088  4be00000	jr	r31
  121  0000108c  54000000	nop
  122  00001090          	.endproc _sem_create
  124  00001090          	.proc _sem_wait
  125  00001090          	.global _sem_wait
  126  00001090          	_sem_wait:
  127  00001090  44000451	trap	#0x451
  128  00001094  4be00000	jr	r31
  129  00001098  54000000	nop
  130  0000109c          	.endproc _sem_wait
  132  0000109c          	.proc _sem_signal
  133  0000109c          	.global _sem_signal
  134  0000109c          	_sem_signal:
  135  0000109c  44000452	trap	#0x452
  136  000010a0  4be00000	jr	r31
  137  000010a4  54000000	nop
  138  000010a8          	.endproc _sem_signal
  140  000010a8          	.proc _lock_create
  141  000010a8          	.global _lock_create
  142  000010a8          	_lock_create:
  143  000010a8  44000453	trap	#0x453
  144  000010ac  4be00000	jr	r31
  145  000010b0  54000000	nop
  146  000010b4          	.endproc _lock_create
  148  000010b4          	.proc _lock_acquire
  149  000010b4          	.global _lock_acquire
  150  000010b4          	_lock_acquire:
  151  000010b4  44000454	trap	#0x454
  152  000010b8  4be00000	jr	r31
  153  000010bc  54000000	nop
  154  000010c0          	.endproc _lock_acquire
  156  000010c0          	.proc _lock_release
  157  000010c0          	.global _lock_release
  158  000010c0          	_lock_release:
  159  000010c0  44000455	trap	#0x455
  160  000010c4  4be00000	jr	r31
  161  000010c8  54000000	nop
  162  000010cc          	.endproc _lock_release
  164  000010cc          	.proc _cond_create
  165  000010cc          	.global _cond_create
  166  000010cc          	_cond_create:
  167  000010cc  44000456	trap	#0x456
  168  000010d0  4be00000	jr	r31
  169  000010d4  54000000	nop
  170  000010d8          	.endproc _cond_create
  172  000010d8          	.proc _cond_wait
  173  000010d8          	.global _cond_wait
  174  000010d8          	_cond_wait:
  175  000010d8  44000457	trap	#0x457
  176  000010dc  4be00000	jr	r31
  177  000010e0  54000000	nop
  178  000010e4          	.endproc _cond_wait
  180  000010e4          	.proc _cond_signal
  181  000010e4          	.global _cond_signal
  182  000010e4          	_cond_signal:
  183  000010e4  44000458	trap	#0x458
  184  000010e8  4be00000	jr	r31
  185  000010ec  54000000	nop
  186  000010f0          	.endproc _cond_signal
  188  000010f0          	.proc _cond_broadcast
  189  000010f0          	.global _cond_broadcast
  190  000010f0          	_cond_broadcast:
  191  000010f0  44000455	trap	#0x455
  192  000010f4  4be00000	jr	r31
  193  000010f8  54000000	nop
  194  000010fc          	.endproc _cond_broadcast
  196  000010fc          	.proc _Exit
  197  000010fc          	.global _Exit
  198  000010fc          	_Exit:
  199  000010fc  44000500	trap	#0x500
  200  00001100  4be00000	jr	r31
  201  00001104  54000000	nop
  202  00001108          	.endproc _Exit
  203                      ; Compiled by GCC
  205  00001108          	.align 2
  206  00001108          	.proc _isspace
  207  00001108          	.global _isspace
  208  00001108          	_isspace:
  209                      ;  Function 'isspace'; 0 bytes of locals, 3 regs to save.
  210  00001108  afbefffc	sw	-4(r29),r30; push fp
  211  0000110c  001df020	add	r30,r0,r29; fp = sp
  212  00001110  afbffff8	sw	-8(r29),r31; push ret addr
  213  00001114  2fbd0018	subui	r29,r29,#24; alloc local storage
  214  00001118  afa20000	sw	0(r29),r2
  215  0000111c  afa30004	sw	4(r29),r3
  216  00001120  afa40008	sw	8(r29),r4
  217  00001124  83c20003	lb	r2,3(r30)
  218  00001128  20010000	addi	r1,r0,#0
  219  0000112c  304300ff	andi	r3,r2,#0x00ff
  220  00001130  60640020	seqi	r4,r3,#32
  221  00001134  1480002c	bnez	r4,L3_LF1
  222  00001138  54000000	nop; delay slot nop
  223  0000113c  304300ff	andi	r3,r2,#0x00ff
  224  00001140  60640009	seqi	r4,r3,#9
  225  00001144  1480001c	bnez	r4,L3_LF1
  226  00001148  54000000	nop; delay slot nop
  227  0000114c  304300ff	andi	r3,r2,#0x00ff
  228  00001150  6064000a	seqi	r4,r3,#10
  229  00001154  1480000c	bnez	r4,L3_LF1
  230  00001158  54000000	nop; delay slot nop
  231  0000115c  08000008	j	L2_LF1
  232  00001160  54000000	nop; delay slot nop
  233  00001164          	L3_LF1:
  234  00001164  20010001	addi	r1,r0,#1
  235  00001168          	L2_LF1:
  236  00001168  08000004	j	L1_LF1
  237  0000116c  54000000	nop; delay slot nop
  238  00001170          	L1_LF1:
  239  00001170  8fa20000	lw	r2,0(r29)
  240  00001174  8fa30004	lw	r3,4(r29)
  241  00001178  8fa40008	lw	r4,8(r29)
  242  0000117c  8fdffff8	lw	r31,-8(r30)
  243  00001180  001ee820	add	r29,r0,r30
  244  00001184  8fdefffc	lw	r30,-4(r30)
  245  00001188  4be00000	jr	r31
  246  0000118c  54000000	nop
  247  00001190          	.endproc _isspace
  248  00001190          	.align 2
  249  00001190          	.proc _isxdigit
  250  00001190          	.global _isxdigit
  251  00001190          	_isxdigit:
  252                      ;  Function 'isxdigit'; 0 bytes of locals, 3 regs to save.
  253  00001190  afbefffc	sw	-4(r29),r30; push fp
  254  00001194  001df020	add	r30,r0,r29; fp = sp
  255  00001198  afbffff8	sw	-8(r29),r31; push ret addr
  256  0000119c  2fbd0018	subui	r29,r29,#24; alloc local storage
  257  000011a0  afa20000	sw	0(r29),r2
  258  000011a4  afa30004	sw	4(r29),r3
  259  000011a8  afa40008	sw	8(r29),r4
  260  000011ac  83c20003	lb	r2,3(r30)
  261  000011b0  20010000	addi	r1,r0,#0
  262  000011b4  304300ff	andi	r3,r2,#0x00ff
  263  000011b8  6c64002f	sgtui	r4,r3,#47
  264  000011bc  1080001c	beqz	r4,L7_LF1
  265  000011c0  54000000	nop; delay slot nop
  266  000011c4  304300ff	andi	r3,r2,#0x00ff
  267  000011c8  70640039	sleui	r4,r3,#57
  268  000011cc  1480005c	bnez	r4,L6_LF1
  269  000011d0  54000000	nop; delay slot nop
  270  000011d4  08000004	j	L7_LF1
  271  000011d8  54000000	nop; delay slot nop
  272  000011dc          	L7_LF1:
  273  000011dc  304300ff	andi	r3,r2,#0x00ff
  274  000011e0  6c640060	sgtui	r4,r3,#96
  275  000011e4  1080001c	beqz	r4,L8_LF1
  276  000011e8  54000000	nop; delay slot nop
  277  000011ec  304300ff	andi	r3,r2,#0x00ff
  278  000011f0  70640066	sleui	r4,r3,#102
  279  000011f4  14800034	bnez	r4,L6_LF1
  280  000011f8  54000000	nop; delay slot nop
  281  000011fc  08000004	j	L8_LF1
  282  00001200  54000000	nop; delay slot nop
  283  00001204          	L8_LF1:
  284  00001204  304300ff	andi	r3,r2,#0x00ff
  285  00001208  6c640040	sgtui	r4,r3,#64
  286  0000120c  10800020	beqz	r4,L5_LF1
  287  00001210  54000000	nop; delay slot nop
  288  00001214  304300ff	andi	r3,r2,#0x00ff
  289  00001218  70640041	sleui	r4,r3,#65
  290  0000121c  1480000c	bnez	r4,L6_LF1
  291  00001220  54000000	nop; delay slot nop
  292  00001224  08000008	j	L5_LF1
  293  00001228  54000000	nop; delay slot nop
  294  0000122c          	L6_LF1:
  295  0000122c  20010001	addi	r1,r0,#1
  296  00001230          	L5_LF1:
  297  00001230  08000004	j	L4_LF1
  298  00001234  54000000	nop; delay slot nop
  299  00001238          	L4_LF1:
  300  00001238  8fa20000	lw	r2,0(r29)
  301  0000123c  8fa30004	lw	r3,4(r29)
  302  00001240  8fa40008	lw	r4,8(r29)
  303  00001244  8fdffff8	lw	r31,-8(r30)
  304  00001248  001ee820	add	r29,r0,r30
  305  0000124c  8fdefffc	lw	r30,-4(r30)
  306  00001250  4be00000	jr	r31
  307  00001254  54000000	nop
  308  00001258          	.endproc _isxdigit
  309  00001258          	.align 2
  310  00001258          	.proc _dstrcpy
  311  00001258          	.global _dstrcpy
  312  00001258          	_dstrcpy:
  313                      ;  Function 'dstrcpy'; 8 bytes of locals, 2 regs to save.
  314  00001258  afbefffc	sw	-4(r29),r30; push fp
  315  0000125c  001df020	add	r30,r0,r29; fp = sp
  316  00001260  afbffff8	sw	-8(r29),r31; push ret addr
  317  00001264  2fbd0018	subui	r29,r29,#24; alloc local storage
  318  00001268  afa20000	sw	0(r29),r2
  319  0000126c  afa30004	sw	4(r29),r3
  320  00001270  8fc10000	lw	r1,(r30)
  321  00001274  afc1fff4	sw	-12(r30),r1
  322  00001278          	L10_LF1:
  323  00001278  8fc10000	lw	r1,(r30)
  324  0000127c  20220001	addi	r2,r1,#1
  325  00001280  afc20000	sw	(r30),r2
  326  00001284  8fc20004	lw	r2,4(r30)
  327  00001288  20430001	addi	r3,r2,#1
  328  0000128c  afc30004	sw	4(r30),r3
  329  00001290  80420000	lb	r2,(r2)
  330  00001294  a0220000	sb	(r1),r2
  331  00001298  a3c2fff3	sb	-13(r30),r2
  332  0000129c          	L12_LF1:
  333  0000129c  93c1fff3	lbu	r1,-13(r30)
  334  000012a0  64220000	snei	r2,r1,#0
  335  000012a4  1440000c	bnez	r2,L13_LF1
  336  000012a8  54000000	nop; delay slot nop
  337  000012ac  0800000c	j	L11_LF1
  338  000012b0  54000000	nop; delay slot nop
  339  000012b4          	L13_LF1:
  340  000012b4  0bffffc0	j	L10_LF1
  341  000012b8  54000000	nop; delay slot nop
  342  000012bc          	L11_LF1:
  343  000012bc  8fc1fff4	lw	r1,-12(r30)
  344  000012c0  08000004	j	L9_LF1
  345  000012c4  54000000	nop; delay slot nop
  346  000012c8          	L9_LF1:
  347  000012c8  8fa20000	lw	r2,0(r29)
  348  000012cc  8fa30004	lw	r3,4(r29)
  349  000012d0  8fdffff8	lw	r31,-8(r30)
  350  000012d4  001ee820	add	r29,r0,r30
  351  000012d8  8fdefffc	lw	r30,-4(r30)
  352  000012dc  4be00000	jr	r31
  353  000012e0  54000000	nop
  354  000012e4          	.endproc _dstrcpy
  355  000012e4          	.align 2
  356  000012e4          	.proc _dstrncpy
  357  000012e4          	.global _dstrncpy
  358  000012e4          	_dstrncpy:
  359                      ;  Function 'dstrncpy'; 8 bytes of locals, 2 regs to save.
  360  000012e4  afbefffc	sw	-4(r29),r30; push fp
  361  000012e8  001df020	add	r30,r0,r29; fp = sp
  362  000012ec  afbffff8	sw	-8(r29),r31; push ret addr
  363  000012f0  2fbd0018	subui	r29,r29,#24; alloc local storage
  364  000012f4  afa20000	sw	0(r29),r2
  365  000012f8  afa30004	sw	4(r29),r3
  366  000012fc  8fc10000	lw	r1,(r30)
  367  00001300  afc1fff4	sw	-12(r30),r1
  368  00001304          	L15_LF1:
  369  00001304  8fc10008	lw	r1,8(r30)
  370  00001308  2022ffff	addi	r2,r1,#-1
  371  0000130c  afc20008	sw	8(r30),r2
  372  00001310  70210000	slei	r1,r1,#0
  373  00001314  1020000c	beqz	r1,L18_LF1
  374  00001318  54000000	nop; delay slot nop
  375  0000131c  08000048	j	L16_LF1
  376  00001320  54000000	nop; delay slot nop
  377  00001324          	L18_LF1:
  378  00001324  8fc10000	lw	r1,(r30)
  379  00001328  20220001	addi	r2,r1,#1
  380  0000132c  afc20000	sw	(r30),r2
  381  00001330  8fc20004	lw	r2,4(r30)
  382  00001334  20430001	addi	r3,r2,#1
  383  00001338  afc30004	sw	4(r30),r3
  384  0000133c  80420000	lb	r2,(r2)
  385  00001340  a0220000	sb	(r1),r2
  386  00001344  a3c2fff3	sb	-13(r30),r2
  387  00001348          	L17_LF1:
  388  00001348  93c1fff3	lbu	r1,-13(r30)
  389  0000134c  64220000	snei	r2,r1,#0
  390  00001350  1440000c	bnez	r2,L19_LF1
  391  00001354  54000000	nop; delay slot nop
  392  00001358  0800000c	j	L16_LF1
  393  0000135c  54000000	nop; delay slot nop
  394  00001360          	L19_LF1:
  395  00001360  0bffffa0	j	L15_LF1
  396  00001364  54000000	nop; delay slot nop
  397  00001368          	L16_LF1:
  398  00001368  8fc1fff4	lw	r1,-12(r30)
  399  0000136c  08000004	j	L14_LF1
  400  00001370  54000000	nop; delay slot nop
  401  00001374          	L14_LF1:
  402  00001374  8fa20000	lw	r2,0(r29)
  403  00001378  8fa30004	lw	r3,4(r29)
  404  0000137c  8fdffff8	lw	r31,-8(r30)
  405  00001380  001ee820	add	r29,r0,r30
  406  00001384  8fdefffc	lw	r30,-4(r30)
  407  00001388  4be00000	jr	r31
  408  0000138c  54000000	nop
  409  00001390          	.endproc _dstrncpy
  410  00001390          	.align 2
  411  00001390          	.proc _dstrcat
  412  00001390          	.global _dstrcat
  413  00001390          	_dstrcat:
  414                      ;  Function 'dstrcat'; 8 bytes of locals, 1 regs to save.
  415  00001390  afbefffc	sw	-4(r29),r30; push fp
  416  00001394  001df020	add	r30,r0,r29; fp = sp
  417  00001398  afbffff8	sw	-8(r29),r31; push ret addr
  418  0000139c  2fbd0018	subui	r29,r29,#24; alloc local storage
  419  000013a0  afa20000	sw	0(r29),r2
  420  000013a4  8fc10000	lw	r1,(r30)
  421  000013a8  afc1fff4	sw	-12(r30),r1
  422  000013ac          	L21_LF1:
  423  000013ac  8fc10000	lw	r1,(r30)
  424  000013b0  90220000	lbu	r2,(r1)
  425  000013b4  64410000	snei	r1,r2,#0
  426  000013b8  1420000c	bnez	r1,L23_LF1
  427  000013bc  54000000	nop; delay slot nop
  428  000013c0  0800001c	j	L22_LF1
  429  000013c4  54000000	nop; delay slot nop
  430  000013c8          	L23_LF1:
  431  000013c8  8fc20000	lw	r2,(r30)
  432  000013cc  20410001	addi	r1,r2,#1
  433  000013d0  00011020	add	r2,r0,r1
  434  000013d4  afc20000	sw	(r30),r2
  435  000013d8  0bffffd0	j	L21_LF1
  436  000013dc  54000000	nop; delay slot nop
  437  000013e0          	L22_LF1:
  438  000013e0  23bdfff8	addi	r29,r29,#-8
  439  000013e4  001d0820	add	r1,r0,r29
  440  000013e8  8fc20000	lw	r2,(r30)
  441  000013ec  ac220000	sw	(r1),r2
  442  000013f0  8fc20004	lw	r2,4(r30)
  443  000013f4  ac220004	sw	4(r1),r2
  444  000013f8  0ffffe5c	jal	_dstrcpy
  445  000013fc  54000000	nop; delay slot nop
  446  00001400  23bd0008	addi	r29,r29,#8
  447  00001404  8fc1fff4	lw	r1,-12(r30)
  448  00001408  08000004	j	L20_LF1
  449  0000140c  54000000	nop; delay slot nop
  450  00001410          	L20_LF1:
  451  00001410  8fa20000	lw	r2,0(r29)
  452  00001414  8fdffff8	lw	r31,-8(r30)
  453  00001418  001ee820	add	r29,r0,r30
  454  0000141c  8fdefffc	lw	r30,-4(r30)
  455  00001420  4be00000	jr	r31
  456  00001424  54000000	nop
  457  00001428          	.endproc _dstrcat
  458  00001428          	.align 2
  459  00001428          	.proc _dstrncmp
  460  00001428          	.global _dstrncmp
  461  00001428          	_dstrncmp:
  462                      ;  Function 'dstrncmp'; 8 bytes of locals, 2 regs to save.
  463  00001428  afbefffc	sw	-4(r29),r30; push fp
  464  0000142c  001df020	add	r30,r0,r29; fp = sp
  465  00001430  afbffff8	sw	-8(r29),r31; push ret addr
  466  00001434  2fbd0018	subui	r29,r29,#24; alloc local storage
  467  00001438  afa20000	sw	0(r29),r2
  468  0000143c  afa30004	sw	4(r29),r3
  469  00001440  54000000	nop
  470  00001444  20010000	addi	r1,r0,#0
  471  00001448  afc1fff4	sw	-12(r30),r1
  472  0000144c          	L25_LF1:
  473  0000144c  8fc1fff4	lw	r1,-12(r30)
  474  00001450  8fc20008	lw	r2,8(r30)
  475  00001454  0022082a	slt	r1,r1,r2
  476  00001458  1420000c	bnez	r1,L28_LF1
  477  0000145c  54000000	nop; delay slot nop
  478  00001460  08000088	j	L26_LF1
  479  00001464  54000000	nop; delay slot nop
  480  00001468          	L28_LF1:
  481  00001468  8fc10004	lw	r1,4(r30)
  482  0000146c  90220000	lbu	r2,(r1)
  483  00001470  64410000	snei	r1,r2,#0
  484  00001474  14200018	bnez	r1,L29_LF1
  485  00001478  54000000	nop; delay slot nop
  486  0000147c  20010000	addi	r1,r0,#0
  487  00001480  080000d8	j	L24_LF1
  488  00001484  54000000	nop; delay slot nop
  489  00001488  08000028	j	L30_LF1
  490  0000148c  54000000	nop; delay slot nop
  491  00001490          	L29_LF1:
  492  00001490  8fc10000	lw	r1,(r30)
  493  00001494  8fc20004	lw	r2,4(r30)
  494  00001498  90210000	lbu	r1,(r1)
  495  0000149c  90420000	lbu	r2,(r2)
  496  000014a0  00220829	sne	r1,r1,r2
  497  000014a4  1020000c	beqz	r1,L30_LF1
  498  000014a8  54000000	nop; delay slot nop
  499  000014ac  0800003c	j	L26_LF1
  500  000014b0  54000000	nop; delay slot nop
  501  000014b4          	L31_LF1:
  502  000014b4          	L30_LF1:
  503  000014b4  8fc20000	lw	r2,(r30)
  504  000014b8  20410001	addi	r1,r2,#1
  505  000014bc  00011020	add	r2,r0,r1
  506  000014c0  afc20000	sw	(r30),r2
  507  000014c4  8fc20004	lw	r2,4(r30)
  508  000014c8  20410001	addi	r1,r2,#1
  509  000014cc  00011020	add	r2,r0,r1
  510  000014d0  afc20004	sw	4(r30),r2
  511  000014d4          	L27_LF1:
  512  000014d4  8fc2fff4	lw	r2,-12(r30)
  513  000014d8  20410001	addi	r1,r2,#1
  514  000014dc  00011020	add	r2,r0,r1
  515  000014e0  afc2fff4	sw	-12(r30),r2
  516  000014e4  0bffff64	j	L25_LF1
  517  000014e8  54000000	nop; delay slot nop
  518  000014ec          	L26_LF1:
  519  000014ec  8fc1fff4	lw	r1,-12(r30)
  520  000014f0  8fc20008	lw	r2,8(r30)
  521  000014f4  00220828	seq	r1,r1,r2
  522  000014f8  10200018	beqz	r1,L32_LF1
  523  000014fc  54000000	nop; delay slot nop
  524  00001500  20010000	addi	r1,r0,#0
  525  00001504  08000054	j	L24_LF1
  526  00001508  54000000	nop; delay slot nop
  527  0000150c  0800004c	j	L33_LF1
  528  00001510  54000000	nop; delay slot nop
  529  00001514          	L32_LF1:
  530  00001514  8fc20000	lw	r2,(r30)
  531  00001518  90410000	lbu	r1,(r2)
  532  0000151c  8fc20004	lw	r2,4(r30)
  533  00001520  90430000	lbu	r3,(r2)
  534  00001524  00230822	sub	r1,r1,r3
  535  00001528  74220000	sgei	r2,r1,#0
  536  0000152c  10400020	beqz	r2,L34_LF1
  537  00001530  54000000	nop; delay slot nop
  538  00001534  8fc10000	lw	r1,(r30)
  539  00001538  8fc20004	lw	r2,4(r30)
  540  0000153c  90210000	lbu	r1,(r1)
  541  00001540  90420000	lbu	r2,(r2)
  542  00001544  00220829	sne	r1,r1,r2
  543  00001548  08000008	j	L35_LF1
  544  0000154c  54000000	nop; delay slot nop
  545  00001550          	L34_LF1:
  546  00001550  2001ffff	addi	r1,r0,#-1
  547  00001554          	L35_LF1:
  548  00001554  08000004	j	L24_LF1
  549  00001558  54000000	nop; delay slot nop
  550  0000155c          	L33_LF1:
  551  0000155c          	L24_LF1:
  552  0000155c  8fa20000	lw	r2,0(r29)
  553  00001560  8fa30004	lw	r3,4(r29)
  554  00001564  8fdffff8	lw	r31,-8(r30)
  555  00001568  001ee820	add	r29,r0,r30
  556  0000156c  8fdefffc	lw	r30,-4(r30)
  557  00001570  4be00000	jr	r31
  558  00001574  54000000	nop
  559  00001578          	.endproc _dstrncmp
  560  00001578          	.align 2
  561  00001578          	.proc _dstrlen
  562  00001578          	.global _dstrlen
  563  00001578          	_dstrlen:
  564                      ;  Function 'dstrlen'; 8 bytes of locals, 1 regs to save.
  565  00001578  afbefffc	sw	-4(r29),r30; push fp
  566  0000157c  001df020	add	r30,r0,r29; fp = sp
  567  00001580  afbffff8	sw	-8(r29),r31; push ret addr
  568  00001584  2fbd0018	subui	r29,r29,#24; alloc local storage
  569  00001588  afa20000	sw	0(r29),r2
  570  0000158c  20010000	addi	r1,r0,#0
  571  00001590  afc1fff4	sw	-12(r30),r1
  572  00001594          	L37_LF1:
  573  00001594  8fc10000	lw	r1,(r30)
  574  00001598  20220001	addi	r2,r1,#1
  575  0000159c  afc20000	sw	(r30),r2
  576  000015a0  90210000	lbu	r1,(r1)
  577  000015a4  64220000	snei	r2,r1,#0
  578  000015a8  1440000c	bnez	r2,L39_LF1
  579  000015ac  54000000	nop; delay slot nop
  580  000015b0  0800001c	j	L38_LF1
  581  000015b4  54000000	nop; delay slot nop
  582  000015b8          	L39_LF1:
  583  000015b8  8fc2fff4	lw	r2,-12(r30)
  584  000015bc  20410001	addi	r1,r2,#1
  585  000015c0  00011020	add	r2,r0,r1
  586  000015c4  afc2fff4	sw	-12(r30),r2
  587  000015c8  0bffffc8	j	L37_LF1
  588  000015cc  54000000	nop; delay slot nop
  589  000015d0          	L38_LF1:
  590  000015d0  8fc1fff4	lw	r1,-12(r30)
  591  000015d4  08000004	j	L36_LF1
  592  000015d8  54000000	nop; delay slot nop
  593  000015dc          	L36_LF1:
  594  000015dc  8fa20000	lw	r2,0(r29)
  595  000015e0  8fdffff8	lw	r31,-8(r30)
  596  000015e4  001ee820	add	r29,r0,r30
  597  000015e8  8fdefffc	lw	r30,-4(r30)
  598  000015ec  4be00000	jr	r31
  599  000015f0  54000000	nop
  600  000015f4          	.endproc _dstrlen
  601  000015f4          	.align 2
  602  000015f4          	.proc _dstrstr
  603  000015f4          	.global _dstrstr
  604  000015f4          	_dstrstr:
  605                      ;  Function 'dstrstr'; 8 bytes of locals, 1 regs to save.
  606  000015f4  afbefffc	sw	-4(r29),r30; push fp
  607  000015f8  001df020	add	r30,r0,r29; fp = sp
  608  000015fc  afbffff8	sw	-8(r29),r31; push ret addr
  609  00001600  2fbd0018	subui	r29,r29,#24; alloc local storage
  610  00001604  afa20000	sw	0(r29),r2
  611  00001608  23bdfff8	addi	r29,r29,#-8
  612  0000160c  001d0820	add	r1,r0,r29
  613  00001610  8fc20004	lw	r2,4(r30)
  614  00001614  ac220000	sw	(r1),r2
  615  00001618  0fffff5c	jal	_dstrlen
  616  0000161c  54000000	nop; delay slot nop
  617  00001620  23bd0008	addi	r29,r29,#8
  618  00001624  afc1fff4	sw	-12(r30),r1
  619  00001628          	L41_LF1:
  620  00001628  8fc10000	lw	r1,(r30)
  621  0000162c  90220000	lbu	r2,(r1)
  622  00001630  64410000	snei	r1,r2,#0
  623  00001634  1420000c	bnez	r1,L43_LF1
  624  00001638  54000000	nop; delay slot nop
  625  0000163c  08000060	j	L42_LF1
  626  00001640  54000000	nop; delay slot nop
  627  00001644          	L43_LF1:
  628  00001644  23bdfff0	addi	r29,r29,#-16
  629  00001648  001d0820	add	r1,r0,r29
  630  0000164c  8fc20000	lw	r2,(r30)
  631  00001650  ac220000	sw	(r1),r2
  632  00001654  8fc20004	lw	r2,4(r30)
  633  00001658  ac220004	sw	4(r1),r2
  634  0000165c  8fc2fff4	lw	r2,-12(r30)
  635  00001660  ac220008	sw	8(r1),r2
  636  00001664  0ffffdc0	jal	_dstrncmp
  637  00001668  54000000	nop; delay slot nop
  638  0000166c  23bd0010	addi	r29,r29,#16
  639  00001670  64220000	snei	r2,r1,#0
  640  00001674  14400010	bnez	r2,L44_LF1
  641  00001678  54000000	nop; delay slot nop
  642  0000167c  8fc10000	lw	r1,(r30)
  643  00001680  08000028	j	L40_LF1
  644  00001684  54000000	nop; delay slot nop
  645  00001688          	L44_LF1:
  646  00001688  8fc20000	lw	r2,(r30)
  647  0000168c  20410001	addi	r1,r2,#1
  648  00001690  00011020	add	r2,r0,r1
  649  00001694  afc20000	sw	(r30),r2
  650  00001698  0bffff8c	j	L41_LF1
  651  0000169c  54000000	nop; delay slot nop
  652  000016a0          	L42_LF1:
  653  000016a0  20010000	addi	r1,r0,#0
  654  000016a4  08000004	j	L40_LF1
  655  000016a8  54000000	nop; delay slot nop
  656  000016ac          	L40_LF1:
  657  000016ac  8fa20000	lw	r2,0(r29)
  658  000016b0  8fdffff8	lw	r31,-8(r30)
  659  000016b4  001ee820	add	r29,r0,r30
  660  000016b8  8fdefffc	lw	r30,-4(r30)
  661  000016bc  4be00000	jr	r31
  662  000016c0  54000000	nop
  663  000016c4          	.endproc _dstrstr
  664  000016c4          	.align 2
  665  000016c4          	.proc _dmindex
  666  000016c4          	.global _dmindex
  667  000016c4          	_dmindex:
  668                      ;  Function 'dmindex'; 8 bytes of locals, 1 regs to save.
  669  000016c4  afbefffc	sw	-4(r29),r30; push fp
  670  000016c8  001df020	add	r30,r0,r29; fp = sp
  671  000016cc  afbffff8	sw	-8(r29),r31; push ret addr
  672  000016d0  2fbd0018	subui	r29,r29,#24; alloc local storage
  673  000016d4  afa20000	sw	0(r29),r2
  674  000016d8  54000000	nop
  675  000016dc          	L46_LF1:
  676  000016dc  8fc10000	lw	r1,(r30)
  677  000016e0  90220000	lbu	r2,(r1)
  678  000016e4  64410000	snei	r1,r2,#0
  679  000016e8  1420000c	bnez	r1,L48_LF1
  680  000016ec  54000000	nop; delay slot nop
  681  000016f0  08000070	j	L47_LF1
  682  000016f4  54000000	nop; delay slot nop
  683  000016f8          	L48_LF1:
  684  000016f8  8fc10004	lw	r1,4(r30)
  685  000016fc  afc1fff4	sw	-12(r30),r1
  686  00001700          	L49_LF1:
  687  00001700  8fc1fff4	lw	r1,-12(r30)
  688  00001704  90220000	lbu	r2,(r1)
  689  00001708  64410000	snei	r1,r2,#0
  690  0000170c  1420000c	bnez	r1,L52_LF1
  691  00001710  54000000	nop; delay slot nop
  692  00001714  08000044	j	L50_LF1
  693  00001718  54000000	nop; delay slot nop
  694  0000171c          	L52_LF1:
  695  0000171c  8fc10000	lw	r1,(r30)
  696  00001720  8fc2fff4	lw	r2,-12(r30)
  697  00001724  90210000	lbu	r1,(r1)
  698  00001728  90420000	lbu	r2,(r2)
  699  0000172c  00220828	seq	r1,r1,r2
  700  00001730  10200010	beqz	r1,L51_LF1
  701  00001734  54000000	nop; delay slot nop
  702  00001738  8fc10000	lw	r1,(r30)
  703  0000173c  08000030	j	L45_LF1
  704  00001740  54000000	nop; delay slot nop
  705  00001744          	L53_LF1:
  706  00001744          	L51_LF1:
  707  00001744  8fc2fff4	lw	r2,-12(r30)
  708  00001748  20410001	addi	r1,r2,#1
  709  0000174c  00011020	add	r2,r0,r1
  710  00001750  afc2fff4	sw	-12(r30),r2
  711  00001754  0bffffa8	j	L49_LF1
  712  00001758  54000000	nop; delay slot nop
  713  0000175c          	L50_LF1:
  714  0000175c  0bffff7c	j	L46_LF1
  715  00001760  54000000	nop; delay slot nop
  716  00001764          	L47_LF1:
  717  00001764  20010000	addi	r1,r0,#0
  718  00001768  08000004	j	L45_LF1
  719  0000176c  54000000	nop; delay slot nop
  720  00001770          	L45_LF1:
  721  00001770  8fa20000	lw	r2,0(r29)
  722  00001774  8fdffff8	lw	r31,-8(r30)
  723  00001778  001ee820	add	r29,r0,r30
  724  0000177c  8fdefffc	lw	r30,-4(r30)
  725  00001780  4be00000	jr	r31
  726  00001784  54000000	nop
  727  00001788          	.endproc _dmindex
  728  00001788          	.align 2
  729  00001788          	.proc _dindex
  730  00001788          	.global _dindex
  731  00001788          	_dindex:
  732                      ;  Function 'dindex'; 0 bytes of locals, 1 regs to save.
  733  00001788  afbefffc	sw	-4(r29),r30; push fp
  734  0000178c  001df020	add	r30,r0,r29; fp = sp
  735  00001790  afbffff8	sw	-8(r29),r31; push ret addr
  736  00001794  2fbd0010	subui	r29,r29,#16; alloc local storage
  737  00001798  afa20000	sw	0(r29),r2
  738  0000179c  54000000	nop
  739  000017a0          	L55_LF1:
  740  000017a0  8fc10000	lw	r1,(r30)
  741  000017a4  90220000	lbu	r2,(r1)
  742  000017a8  64410000	snei	r1,r2,#0
  743  000017ac  1420000c	bnez	r1,L57_LF1
  744  000017b0  54000000	nop; delay slot nop
  745  000017b4  08000040	j	L56_LF1
  746  000017b8  54000000	nop; delay slot nop
  747  000017bc          	L57_LF1:
  748  000017bc  8fc10000	lw	r1,(r30)
  749  000017c0  90220000	lbu	r2,(r1)
  750  000017c4  8fc10004	lw	r1,4(r30)
  751  000017c8  00411028	seq	r2,r2,r1
  752  000017cc  10400010	beqz	r2,L58_LF1
  753  000017d0  54000000	nop; delay slot nop
  754  000017d4  8fc10000	lw	r1,(r30)
  755  000017d8  08000028	j	L54_LF1
  756  000017dc  54000000	nop; delay slot nop
  757  000017e0          	L58_LF1:
  758  000017e0  8fc20000	lw	r2,(r30)
  759  000017e4  20410001	addi	r1,r2,#1
  760  000017e8  00011020	add	r2,r0,r1
  761  000017ec  afc20000	sw	(r30),r2
  762  000017f0  0bffffac	j	L55_LF1
  763  000017f4  54000000	nop; delay slot nop
  764  000017f8          	L56_LF1:
  765  000017f8  20010000	addi	r1,r0,#0
  766  000017fc  08000004	j	L54_LF1
  767  00001800  54000000	nop; delay slot nop
  768  00001804          	L54_LF1:
  769  00001804  8fa20000	lw	r2,0(r29)
  770  00001808  8fdffff8	lw	r31,-8(r30)
  771  0000180c  001ee820	add	r29,r0,r30
  772  00001810  8fdefffc	lw	r30,-4(r30)
  773  00001814  4be00000	jr	r31
  774  00001818  54000000	nop
  775  0000181c          	.endproc _dindex
  776  0000181c          	.align 2
  777  0000181c          	.proc _ditoa
  778  0000181c          	.global _ditoa
  779  0000181c          	_ditoa:
  780                      ;  Function 'ditoa'; 8 bytes of locals, 2 regs to save.
  781  0000181c  afbefffc	sw	-4(r29),r30; push fp
  782  00001820  001df020	add	r30,r0,r29; fp = sp
  783  00001824  afbffff8	sw	-8(r29),r31; push ret addr
  784  00001828  2fbd0018	subui	r29,r29,#24; alloc local storage
  785  0000182c  afa20000	sw	0(r29),r2
  786  00001830  afa30004	sw	4(r29),r3
  787  00001834  8fc10000	lw	r1,(r30)
  788  00001838  68220000	slti	r2,r1,#0
  789  0000183c  1040002c	beqz	r2,L60_LF1
  790  00001840  54000000	nop; delay slot nop
  791  00001844  8fc10004	lw	r1,4(r30)
  792  00001848  20220001	addi	r2,r1,#1
  793  0000184c  afc20004	sw	4(r30),r2
  794  00001850  2002002d	addi	r2,r0,(#0x2d)&0xff
  795  00001854  a0220000	sb	(r1),r2
  796  00001858  8fc10000	lw	r1,(r30)
  797  0000185c  00011022	sub	r2,r0,r1
  798  00001860  afc20000	sw	(r30),r2
  799  00001864  08000118	j	L61_LF1
  800  00001868  54000000	nop; delay slot nop
  801  0000186c          	L60_LF1:
  802  0000186c  8fc10000	lw	r1,(r30)
  803  00001870  64220000	snei	r2,r1,#0
  804  00001874  14400020	bnez	r2,L62_LF1
  805  00001878  54000000	nop; delay slot nop
  806  0000187c  8fc10004	lw	r1,4(r30)
  807  00001880  20220001	addi	r2,r1,#1
  808  00001884  afc20004	sw	4(r30),r2
  809  00001888  20020030	addi	r2,r0,(#0x30)&0xff
  810  0000188c  a0220000	sb	(r1),r2
  811  00001890  080000ec	j	L61_LF1
  812  00001894  54000000	nop; delay slot nop
  813  00001898          	L62_LF1:
  814  00001898  20010001	addi	r1,r0,#1
  815  0000189c  afc1fff4	sw	-12(r30),r1
  816  000018a0          	L64_LF1:
  817  000018a0  8fc1fff4	lw	r1,-12(r30)
  818  000018a4  8fc20000	lw	r2,(r30)
  819  000018a8  0022082c	sle	r1,r1,r2
  820  000018ac  1420000c	bnez	r1,L66_LF1
  821  000018b0  54000000	nop; delay slot nop
  822  000018b4  08000024	j	L65_LF1
  823  000018b8  54000000	nop; delay slot nop
  824  000018bc          	L67_LF1:
  825  000018bc          	L66_LF1:
  826  000018bc  8fc1fff4	lw	r1,-12(r30)
  827  000018c0  00011820	add	r3,r0,r1
  828  000018c4  50620002	slli	r2,r3,#0x2
  829  000018c8  00411020	add	r2,r2,r1
  830  000018cc  50410001	slli	r1,r2,#0x1
  831  000018d0  afc1fff4	sw	-12(r30),r1
  832  000018d4  0bffffc8	j	L64_LF1
  833  000018d8  54000000	nop; delay slot nop
  834  000018dc          	L65_LF1:
  835  000018dc  54000000	nop
  836  000018e0          	L68_LF1:
  837  000018e0  8fc1fff4	lw	r1,-12(r30)
  838  000018e4  2002000a	addi	r2,r0,#10
  839  000018e8  00200035	movi2fp	f0,r1
  840  000018ec  00400835	movi2fp	f1,r2
  841  000018f0  0401000f	div	f0,f0,f1
  842  000018f4  00000834	movfp2i	r1,f0
  843  000018f8  afc1fff4	sw	-12(r30),r1
  844  000018fc  8fc10004	lw	r1,4(r30)
  845  00001900  20220001	addi	r2,r1,#1
  846  00001904  afc20004	sw	4(r30),r2
  847  00001908  8fc20000	lw	r2,(r30)
  848  0000190c  8fc3fff4	lw	r3,-12(r30)
  849  00001910  00400035	movi2fp	f0,r2
  850  00001914  00600835	movi2fp	f1,r3
  851  00001918  0401000f	div	f0,f0,f1
  852  0000191c  00001034	movfp2i	r2,f0
  853  00001920  00021820	add	r3,r0,r2
  854  00001924  20620030	addi	r2,r3,#48
  855  00001928  a0220000	sb	(r1),r2
  856  0000192c  8fc10000	lw	r1,(r30)
  857  00001930  8fc3fff4	lw	r3,-12(r30)
  858  00001934  00200035	movi2fp	f0,r1
  859  00001938  00600835	movi2fp	f1,r3
  860  0000193c  0401000f	div	f0,f0,f1
  861  00001940  00001034	movfp2i	r2,f0
  862  00001944  8fc3fff4	lw	r3,-12(r30)
  863  00001948  00400035	movi2fp	f0,r2
  864  0000194c  00600835	movi2fp	f1,r3
  865  00001950  0401000e	mult	f0,f0,f1
  866  00001954  00001034	movfp2i	r2,f0
  867  00001958  00220822	sub	r1,r1,r2
  868  0000195c  afc10000	sw	(r30),r1
  869  00001960          	L70_LF1:
  870  00001960  8fc1fff4	lw	r1,-12(r30)
  871  00001964  6c220001	sgti	r2,r1,#1
  872  00001968  1440000c	bnez	r2,L71_LF1
  873  0000196c  54000000	nop; delay slot nop
  874  00001970  0800000c	j	L61_LF1
  875  00001974  54000000	nop; delay slot nop
  876  00001978          	L71_LF1:
  877  00001978  0bffff64	j	L68_LF1
  878  0000197c  54000000	nop; delay slot nop
  879  00001980          	L69_LF1:
  880  00001980          	L63_LF1:
  881  00001980          	L61_LF1:
  882  00001980  8fc10004	lw	r1,4(r30)
  883  00001984  20020000	addi	r2,r0,(#0x0)&0xff
  884  00001988  a0220000	sb	(r1),r2
  885  0000198c          	L59_LF1:
  886  0000198c  8fa20000	lw	r2,0(r29)
  887  00001990  8fa30004	lw	r3,4(r29)
  888  00001994  8fdffff8	lw	r31,-8(r30)
  889  00001998  001ee820	add	r29,r0,r30
  890  0000199c  8fdefffc	lw	r30,-4(r30)
  891  000019a0  4be00000	jr	r31
  892  000019a4  54000000	nop
  893  000019a8          	.endproc _ditoa
  894  000019a8          	.align 2
  895  000019a8          	.proc _dstrtol
  896  000019a8          	.global _dstrtol
  897  000019a8          	_dstrtol:
  898                      ;  Function 'dstrtol'; 16 bytes of locals, 1 regs to save.
  899  000019a8  afbefffc	sw	-4(r29),r30; push fp
  900  000019ac  001df020	add	r30,r0,r29; fp = sp
  901  000019b0  afbffff8	sw	-8(r29),r31; push ret addr
  902  000019b4  2fbd0020	subui	r29,r29,#32; alloc local storage
  903  000019b8  afa20000	sw	0(r29),r2
  904  000019bc  20010000	addi	r1,r0,#0
  905  000019c0  afc1fff4	sw	-12(r30),r1
  906  000019c4          	L73_LF1:
  907  000019c4  8fc10000	lw	r1,(r30)
  908  000019c8  90220000	lbu	r2,(r1)
  909  000019cc  60410020	seqi	r1,r2,#32
  910  000019d0  14200034	bnez	r1,L75_LF1
  911  000019d4  54000000	nop; delay slot nop
  912  000019d8  8fc10000	lw	r1,(r30)
  913  000019dc  90220000	lbu	r2,(r1)
  914  000019e0  60410009	seqi	r1,r2,#9
  915  000019e4  14200020	bnez	r1,L75_LF1
  916  000019e8  54000000	nop; delay slot nop
  917  000019ec  8fc10000	lw	r1,(r30)
  918  000019f0  90220000	lbu	r2,(r1)
  919  000019f4  6041000a	seqi	r1,r2,#10
  920  000019f8  1420000c	bnez	r1,L75_LF1
  921  000019fc  54000000	nop; delay slot nop
  922  00001a00  0800001c	j	L74_LF1
  923  00001a04  54000000	nop; delay slot nop
  924  00001a08          	L75_LF1:
  925  00001a08  8fc20000	lw	r2,(r30)
  926  00001a0c  20410001	addi	r1,r2,#1
  927  00001a10  00011020	add	r2,r0,r1
  928  00001a14  afc20000	sw	(r30),r2
  929  00001a18  0bffffa8	j	L73_LF1
  930  00001a1c  54000000	nop; delay slot nop
  931  00001a20          	L74_LF1:
  932  00001a20  8fc10004	lw	r1,4(r30)
  933  00001a24  64220000	snei	r2,r1,#0
  934  00001a28  10400010	beqz	r2,L76_LF1
  935  00001a2c  54000000	nop; delay slot nop
  936  00001a30  8fc10004	lw	r1,4(r30)
  937  00001a34  8fc20000	lw	r2,(r30)
  938  00001a38  ac220000	sw	(r1),r2
  939  00001a3c          	L76_LF1:
  940  00001a3c  8fc10000	lw	r1,(r30)
  941  00001a40  90220000	lbu	r2,(r1)
  942  00001a44  64410000	snei	r1,r2,#0
  943  00001a48  14200010	bnez	r1,L77_LF1
  944  00001a4c  54000000	nop; delay slot nop
  945  00001a50  8fc1fff4	lw	r1,-12(r30)
  946  00001a54  08000294	j	L72_LF1
  947  00001a58  54000000	nop; delay slot nop
  948  00001a5c          	L77_LF1:
  949  00001a5c  8fc10000	lw	r1,(r30)
  950  00001a60  90220000	lbu	r2,(r1)
  951  00001a64  6041002d	seqi	r1,r2,#45
  952  00001a68  10200024	beqz	r1,L78_LF1
  953  00001a6c  54000000	nop; delay slot nop
  954  00001a70  2001ffff	addi	r1,r0,#-1
  955  00001a74  afc1ffec	sw	-20(r30),r1
  956  00001a78  8fc20000	lw	r2,(r30)
  957  00001a7c  20410001	addi	r1,r2,#1
  958  00001a80  00011020	add	r2,r0,r1
  959  00001a84  afc20000	sw	(r30),r2
  960  00001a88  0800000c	j	L79_LF1
  961  00001a8c  54000000	nop; delay slot nop
  962  00001a90          	L78_LF1:
  963  00001a90  20010001	addi	r1,r0,#1
  964  00001a94  afc1ffec	sw	-20(r30),r1
  965  00001a98          	L79_LF1:
  966  00001a98  8fc10008	lw	r1,8(r30)
  967  00001a9c  64220000	snei	r2,r1,#0
  968  00001aa0  14400090	bnez	r2,L80_LF1
  969  00001aa4  54000000	nop; delay slot nop
  970  00001aa8  8fc10000	lw	r1,(r30)
  971  00001aac  90220000	lbu	r2,(r1)
  972  00001ab0  60410030	seqi	r1,r2,#48
  973  00001ab4  10200074	beqz	r1,L81_LF1
  974  00001ab8  54000000	nop; delay slot nop
  975  00001abc  8fc20000	lw	r2,(r30)
  976  00001ac0  20410001	addi	r1,r2,#1
  977  00001ac4  00011020	add	r2,r0,r1
  978  00001ac8  afc20000	sw	(r30),r2
  979  00001acc  8fc10000	lw	r1,(r30)
  980  00001ad0  90220000	lbu	r2,(r1)
  981  00001ad4  60410078	seqi	r1,r2,#120
  982  00001ad8  14200020	bnez	r1,L83_LF1
  983  00001adc  54000000	nop; delay slot nop
  984  00001ae0  8fc10000	lw	r1,(r30)
  985  00001ae4  90220000	lbu	r2,(r1)
  986  00001ae8  60410058	seqi	r1,r2,#88
  987  00001aec  1420000c	bnez	r1,L83_LF1
  988  00001af0  54000000	nop; delay slot nop
  989  00001af4  08000024	j	L82_LF1
  990  00001af8  54000000	nop; delay slot nop
  991  00001afc          	L83_LF1:
  992  00001afc  20010010	addi	r1,r0,#16
  993  00001b00  afc10008	sw	8(r30),r1
  994  00001b04  8fc20000	lw	r2,(r30)
  995  00001b08  20410001	addi	r1,r2,#1
  996  00001b0c  00011020	add	r2,r0,r1
  997  00001b10  afc20000	sw	(r30),r2
  998  00001b14  0800000c	j	L84_LF1
  999  00001b18  54000000	nop; delay slot nop
 1000  00001b1c          	L82_LF1:
 1001  00001b1c  20010008	addi	r1,r0,#8
 1002  00001b20  afc10008	sw	8(r30),r1
 1003  00001b24          	L84_LF1:
 1004  00001b24  0800000c	j	L80_LF1
 1005  00001b28  54000000	nop; delay slot nop
 1006  00001b2c          	L81_LF1:
 1007  00001b2c  2001000a	addi	r1,r0,#10
 1008  00001b30  afc10008	sw	8(r30),r1
 1009  00001b34          	L85_LF1:
 1010  00001b34          	L80_LF1:
 1011  00001b34  8fc10008	lw	r1,8(r30)
 1012  00001b38  70220000	slei	r2,r1,#0
 1013  00001b3c  1440001c	bnez	r2,L87_LF1
 1014  00001b40  54000000	nop; delay slot nop
 1015  00001b44  8fc10008	lw	r1,8(r30)
 1016  00001b48  6c220010	sgti	r2,r1,#16
 1017  00001b4c  1440000c	bnez	r2,L87_LF1
 1018  00001b50  54000000	nop; delay slot nop
 1019  00001b54  08000010	j	L86_LF1
 1020  00001b58  54000000	nop; delay slot nop
 1021  00001b5c          	L87_LF1:
 1022  00001b5c  8fc1fff4	lw	r1,-12(r30)
 1023  00001b60  08000188	j	L72_LF1
 1024  00001b64  54000000	nop; delay slot nop
 1025  00001b68          	L86_LF1:
 1026  00001b68  54000000	nop
 1027  00001b6c          	L88_LF1:
 1028  00001b6c  8fc10000	lw	r1,(r30)
 1029  00001b70  90220000	lbu	r2,(r1)
 1030  00001b74  6c41002f	sgtui	r1,r2,#47
 1031  00001b78  10200030	beqz	r1,L91_LF1
 1032  00001b7c  54000000	nop; delay slot nop
 1033  00001b80  8fc10000	lw	r1,(r30)
 1034  00001b84  90220000	lbu	r2,(r1)
 1035  00001b88  70410039	sleui	r1,r2,#57
 1036  00001b8c  1020001c	beqz	r1,L91_LF1
 1037  00001b90  54000000	nop; delay slot nop
 1038  00001b94  8fc10000	lw	r1,(r30)
 1039  00001b98  90220000	lbu	r2,(r1)
 1040  00001b9c  2041ffd0	addi	r1,r2,#-48
 1041  00001ba0  afc1fff0	sw	-16(r30),r1
 1042  00001ba4  0800008c	j	L92_LF1
 1043  00001ba8  54000000	nop; delay slot nop
 1044  00001bac          	L91_LF1:
 1045  00001bac  8fc10000	lw	r1,(r30)
 1046  00001bb0  90220000	lbu	r2,(r1)
 1047  00001bb4  6c410060	sgtui	r1,r2,#96
 1048  00001bb8  10200030	beqz	r1,L93_LF1
 1049  00001bbc  54000000	nop; delay slot nop
 1050  00001bc0  8fc10000	lw	r1,(r30)
 1051  00001bc4  90220000	lbu	r2,(r1)
 1052  00001bc8  7041007a	sleui	r1,r2,#122
 1053  00001bcc  1020001c	beqz	r1,L93_LF1
 1054  00001bd0  54000000	nop; delay slot nop
 1055  00001bd4  8fc10000	lw	r1,(r30)
 1056  00001bd8  90220000	lbu	r2,(r1)
 1057  00001bdc  2041ffa9	addi	r1,r2,#-87
 1058  00001be0  afc1fff0	sw	-16(r30),r1
 1059  00001be4  0800004c	j	L92_LF1
 1060  00001be8  54000000	nop; delay slot nop
 1061  00001bec          	L93_LF1:
 1062  00001bec  8fc10000	lw	r1,(r30)
 1063  00001bf0  90220000	lbu	r2,(r1)
 1064  00001bf4  6c410040	sgtui	r1,r2,#64
 1065  00001bf8  10200030	beqz	r1,L95_LF1
 1066  00001bfc  54000000	nop; delay slot nop
 1067  00001c00  8fc10000	lw	r1,(r30)
 1068  00001c04  90220000	lbu	r2,(r1)
 1069  00001c08  7041005a	sleui	r1,r2,#90
 1070  00001c0c  1020001c	beqz	r1,L95_LF1
 1071  00001c10  54000000	nop; delay slot nop
 1072  00001c14  8fc10000	lw	r1,(r30)
 1073  00001c18  90220000	lbu	r2,(r1)
 1074  00001c1c  2041ffc9	addi	r1,r2,#-55
 1075  00001c20  afc1fff0	sw	-16(r30),r1
 1076  00001c24  0800000c	j	L92_LF1
 1077  00001c28  54000000	nop; delay slot nop
 1078  00001c2c          	L95_LF1:
 1079  00001c2c  200103e8	addi	r1,r0,#1000
 1080  00001c30  afc1fff0	sw	-16(r30),r1
 1081  00001c34          	L96_LF1:
 1082  00001c34          	L94_LF1:
 1083  00001c34          	L92_LF1:
 1084  00001c34  8fc1fff0	lw	r1,-16(r30)
 1085  00001c38  8fc20008	lw	r2,8(r30)
 1086  00001c3c  0022082a	slt	r1,r1,r2
 1087  00001c40  10200040	beqz	r1,L90_LF1
 1088  00001c44  54000000	nop; delay slot nop
 1089  00001c48  8fc1fff4	lw	r1,-12(r30)
 1090  00001c4c  8fc20008	lw	r2,8(r30)
 1091  00001c50  00200035	movi2fp	f0,r1
 1092  00001c54  00400835	movi2fp	f1,r2
 1093  00001c58  0401000e	mult	f0,f0,f1
 1094  00001c5c  00000834	movfp2i	r1,f0
 1095  00001c60  afc1fff4	sw	-12(r30),r1
 1096  00001c64  8fc1fff4	lw	r1,-12(r30)
 1097  00001c68  8fc2fff0	lw	r2,-16(r30)
 1098  00001c6c  00220820	add	r1,r1,r2
 1099  00001c70  afc1fff4	sw	-12(r30),r1
 1100  00001c74  8fc20000	lw	r2,(r30)
 1101  00001c78  20410001	addi	r1,r2,#1
 1102  00001c7c  00011020	add	r2,r0,r1
 1103  00001c80  afc20000	sw	(r30),r2
 1104  00001c84          	L97_LF1:
 1105  00001c84          	L90_LF1:
 1106  00001c84  8fc1fff0	lw	r1,-16(r30)
 1107  00001c88  8fc20008	lw	r2,8(r30)
 1108  00001c8c  0022082a	slt	r1,r1,r2
 1109  00001c90  1420000c	bnez	r1,L98_LF1
 1110  00001c94  54000000	nop; delay slot nop
 1111  00001c98  0800000c	j	L89_LF1
 1112  00001c9c  54000000	nop; delay slot nop
 1113  00001ca0          	L98_LF1:
 1114  00001ca0  0bfffec8	j	L88_LF1
 1115  00001ca4  54000000	nop; delay slot nop
 1116  00001ca8          	L89_LF1:
 1117  00001ca8  8fc10004	lw	r1,4(r30)
 1118  00001cac  64220000	snei	r2,r1,#0
 1119  00001cb0  10400010	beqz	r2,L99_LF1
 1120  00001cb4  54000000	nop; delay slot nop
 1121  00001cb8  8fc10004	lw	r1,4(r30)
 1122  00001cbc  8fc20000	lw	r2,(r30)
 1123  00001cc0  ac220000	sw	(r1),r2
 1124  00001cc4          	L99_LF1:
 1125  00001cc4  8fc1fff4	lw	r1,-12(r30)
 1126  00001cc8  8fc2ffec	lw	r2,-20(r30)
 1127  00001ccc  00200035	movi2fp	f0,r1
 1128  00001cd0  00400835	movi2fp	f1,r2
 1129  00001cd4  0401000e	mult	f0,f0,f1
 1130  00001cd8  00000834	movfp2i	r1,f0
 1131  00001cdc  afc1fff4	sw	-12(r30),r1
 1132  00001ce0  8fc1fff4	lw	r1,-12(r30)
 1133  00001ce4  08000004	j	L72_LF1
 1134  00001ce8  54000000	nop; delay slot nop
 1135  00001cec          	L72_LF1:
 1136  00001cec  8fa20000	lw	r2,0(r29)
 1137  00001cf0  8fdffff8	lw	r31,-8(r30)
 1138  00001cf4  001ee820	add	r29,r0,r30
 1139  00001cf8  8fdefffc	lw	r30,-4(r30)
 1140  00001cfc  4be00000	jr	r31
 1141  00001d00  54000000	nop
 1142  00001d04          	.endproc _dstrtol
 1143  00001d04          	.align 2
 1144  00001d04          	.proc _bcopy
 1145  00001d04          	.global _bcopy
 1146  00001d04          	_bcopy:
 1147                      ;  Function 'bcopy'; 0 bytes of locals, 2 regs to save.
 1148  00001d04  afbefffc	sw	-4(r29),r30; push fp
 1149  00001d08  001df020	add	r30,r0,r29; fp = sp
 1150  00001d0c  afbffff8	sw	-8(r29),r31; push ret addr
 1151  00001d10  2fbd0010	subui	r29,r29,#16; alloc local storage
 1152  00001d14  afa20000	sw	0(r29),r2
 1153  00001d18  afa30004	sw	4(r29),r3
 1154  00001d1c  54000000	nop
 1155  00001d20          	L101_LF1:
 1156  00001d20  8fc10008	lw	r1,8(r30)
 1157  00001d24  2022ffff	addi	r2,r1,#-1
 1158  00001d28  afc20008	sw	8(r30),r2
 1159  00001d2c  6c210000	sgti	r1,r1,#0
 1160  00001d30  1420000c	bnez	r1,L103_LF1
 1161  00001d34  54000000	nop; delay slot nop
 1162  00001d38  0800002c	j	L102_LF1
 1163  00001d3c  54000000	nop; delay slot nop
 1164  00001d40          	L103_LF1:
 1165  00001d40  8fc10004	lw	r1,4(r30)
 1166  00001d44  20220001	addi	r2,r1,#1
 1167  00001d48  afc20004	sw	4(r30),r2
 1168  00001d4c  8fc20000	lw	r2,(r30)
 1169  00001d50  20430001	addi	r3,r2,#1
 1170  00001d54  afc30000	sw	(r30),r3
 1171  00001d58  80420000	lb	r2,(r2)
 1172  00001d5c  a0220000	sb	(r1),r2
 1173  00001d60  0bffffbc	j	L101_LF1
 1174  00001d64  54000000	nop; delay slot nop
 1175  00001d68          	L102_LF1:
 1176  00001d68          	L100_LF1:
 1177  00001d68  8fa20000	lw	r2,0(r29)
 1178  00001d6c  8fa30004	lw	r3,4(r29)
 1179  00001d70  8fdffff8	lw	r31,-8(r30)
 1180  00001d74  001ee820	add	r29,r0,r30
 1181  00001d78  8fdefffc	lw	r30,-4(r30)
 1182  00001d7c  4be00000	jr	r31
 1183  00001d80  54000000	nop
 1184  00001d84          	.endproc _bcopy
 1185  00001d84          	.align 2
 1186  00001d84          	.proc _bzero
 1187  00001d84          	.global _bzero
 1188  00001d84          	_bzero:
 1189                      ;  Function 'bzero'; 0 bytes of locals, 1 regs to save.
 1190  00001d84  afbefffc	sw	-4(r29),r30; push fp
 1191  00001d88  001df020	add	r30,r0,r29; fp = sp
 1192  00001d8c  afbffff8	sw	-8(r29),r31; push ret addr
 1193  00001d90  2fbd0010	subui	r29,r29,#16; alloc local storage
 1194  00001d94  afa20000	sw	0(r29),r2
 1195  00001d98  54000000	nop
 1196  00001d9c          	L105_LF1:
 1197  00001d9c  8fc10004	lw	r1,4(r30)
 1198  00001da0  2022ffff	addi	r2,r1,#-1
 1199  00001da4  afc20004	sw	4(r30),r2
 1200  00001da8  6c210000	sgti	r1,r1,#0
 1201  00001dac  1420000c	bnez	r1,L107_LF1
 1202  00001db0  54000000	nop; delay slot nop
 1203  00001db4  08000020	j	L106_LF1
 1204  00001db8  54000000	nop; delay slot nop
 1205  00001dbc          	L107_LF1:
 1206  00001dbc  8fc10000	lw	r1,(r30)
 1207  00001dc0  20220001	addi	r2,r1,#1
 1208  00001dc4  afc20000	sw	(r30),r2
 1209  00001dc8  20020000	addi	r2,r0,(#0x0)&0xff
 1210  00001dcc  a0220000	sb	(r1),r2
 1211  00001dd0  0bffffc8	j	L105_LF1
 1212  00001dd4  54000000	nop; delay slot nop
 1213  00001dd8          	L106_LF1:
 1214  00001dd8          	L104_LF1:
 1215  00001dd8  8fa20000	lw	r2,0(r29)
 1216  00001ddc  8fdffff8	lw	r31,-8(r30)
 1217  00001de0  001ee820	add	r29,r0,r30
 1218  00001de4  8fdefffc	lw	r30,-4(r30)
 1219  00001de8  4be00000	jr	r31
 1220  00001dec  54000000	nop
 1221  00001df0          	.endproc _bzero
 1222  00001df0          	.align 2
 1223  00001df0          	.proc _min
 1224  00001df0          	.global _min
 1225  00001df0          	_min:
 1226                      ;  Function 'min'; 0 bytes of locals, 2 regs to save.
 1227  00001df0  afbefffc	sw	-4(r29),r30; push fp
 1228  00001df4  001df020	add	r30,r0,r29; fp = sp
 1229  00001df8  afbffff8	sw	-8(r29),r31; push ret addr
 1230  00001dfc  2fbd0010	subui	r29,r29,#16; alloc local storage
 1231  00001e00  afa20000	sw	0(r29),r2
 1232  00001e04  afa30004	sw	4(r29),r3
 1233  00001e08  8fc10000	lw	r1,(r30)
 1234  00001e0c  8fc20004	lw	r2,4(r30)
 1235  00001e10  0022182c	sle	r3,r1,r2
 1236  00001e14  14600008	bnez	r3,L109_LF1
 1237  00001e18  54000000	nop; delay slot nop
 1238  00001e1c  8fc10004	lw	r1,4(r30)
 1239  00001e20          	L109_LF1:
 1240  00001e20  08000004	j	L108_LF1
 1241  00001e24  54000000	nop; delay slot nop
 1242  00001e28          	L108_LF1:
 1243  00001e28  8fa20000	lw	r2,0(r29)
 1244  00001e2c  8fa30004	lw	r3,4(r29)
 1245  00001e30  8fdffff8	lw	r31,-8(r30)
 1246  00001e34  001ee820	add	r29,r0,r30
 1247  00001e38  8fdefffc	lw	r30,-4(r30)
 1248  00001e3c  4be00000	jr	r31
 1249  00001e40  54000000	nop
 1250  00001e44          	.endproc _min
 1251                      ;;; Ethan L. Miller, 1999.  Released to the public domain
 1252                      ;;;
 1253                      ;;; Most of the traps are called in files from libtraps.
 1256  00001e44          	.align 2
 1257  00001e44          	.proc _exit
 1258  00001e44          	.global _exit
 1259  00001e44          	_exit:
 1260  00001e44  44000300	trap	#0x300
 1261  00001e48  4be00000	jr	r31
 1262  00001e4c  54000000	nop
 1263  00001e50          	.endproc _exit
 1265                      ; for the benefit of gcc.
 1266  00001e50          	.proc ___main
 1267  00001e50          	.global ___main
 1268  00001e50          	___main:
 1269  00001e50  4be00000	jr	r31
 1270  00001e54  54000000	nop
 1271  00001e58          	.endproc ___main
 1272  00001e58          	.text
 1273  00001e58          	.global _etext
 1274  00001e58          	_etext:
 1275  00001e58          	.align 3
 1276  00001e58          	.data
 1277  00002000          	.global _edata
 1278  00002000          	_edata:
