 line   address	contents
    1                      ; Linked by DLX-LD.
    2                      ; MemSize 24576
    3                      ; Data size: 337
    4                      ; Text size: 4596
    5                      ; Stack size: 8192
    6  00000000          	.text 0x1000
    7  00001000          	.data 0x3000
    8                      ; Compiled by GCC
    9  00003000          	.text
   10  00001000          	.align 2
   11  00001000          	.proc _isspace
   12  00001000          	.global _isspace
   13  00001000          	_isspace:
   14                      ;  Function 'isspace'; 0 bytes of locals, 1 regs to save.
   15  00001000  afbefffc	sw	-4(r29),r30; push fp
   16  00001004  001df020	add	r30,r0,r29; fp = sp
   17  00001008  afbffff8	sw	-8(r29),r31; push ret addr
   18  0000100c  2fbd0010	subui	r29,r29,#16; alloc local storage
   19  00001010  afa20000	sw	0(r29),r2
   20  00001014  83c20003	lb	r2,3(r30)
   21  00001018  201f0000	addi	r31,r0,#0
   22  0000101c  304100ff	andi	r1,r2,#0x00ff
   23  00001020  60210020	seqi	r1,r1,#32
   24  00001024  14200018	bnez	r1,L6_LF0
   25  00001028  54000000	nop; not filled.
   26  0000102c  2041fff7	addi	r1,r2,#-9
   27  00001030  302100ff	andi	r1,r1,#0x00ff
   28  00001034  70210001	sleui	r1,r1,#1
   29  00001038  10200008	beqz	r1,L5_LF0
   30  0000103c  54000000	nop; not filled.
   31  00001040          	L6_LF0:
   32  00001040  201f0001	addi	r31,r0,#1
   33  00001044          	L5_LF0:
   34  00001044  001f0820	add	r1,r0,r31
   35  00001048  8fa20000	lw	r2,0(r29)
   36  0000104c  8fdffff8	lw	r31,-8(r30)
   37  00001050  001ee820	add	r29,r0,r30
   38  00001054  8fdefffc	lw	r30,-4(r30)
   39  00001058  4be00000	jr	r31
   40  0000105c  54000000	nop
   41  00001060          	.endproc _isspace
   42  00001060          	.align 2
   43  00001060          	.proc _isxdigit
   44  00001060          	.global _isxdigit
   45  00001060          	_isxdigit:
   46                      ;  Function 'isxdigit'; 0 bytes of locals, 1 regs to save.
   47  00001060  afbefffc	sw	-4(r29),r30; push fp
   48  00001064  001df020	add	r30,r0,r29; fp = sp
   49  00001068  afbffff8	sw	-8(r29),r31; push ret addr
   50  0000106c  2fbd0010	subui	r29,r29,#16; alloc local storage
   51  00001070  afa20000	sw	0(r29),r2
   52  00001074  83df0003	lb	r31,3(r30)
   53  00001078  20020000	addi	r2,r0,#0
   54  0000107c  23e1ffd0	addi	r1,r31,#-48
   55  00001080  302100ff	andi	r1,r1,#0x00ff
   56  00001084  70210009	sleui	r1,r1,#9
   57  00001088  14200028	bnez	r1,L12_LF0
   58  0000108c  54000000	nop; not filled.
   59  00001090  23e1ff9f	addi	r1,r31,#-97
   60  00001094  302100ff	andi	r1,r1,#0x00ff
   61  00001098  70210005	sleui	r1,r1,#5
   62  0000109c  14200014	bnez	r1,L12_LF0
   63  000010a0  54000000	nop; not filled.
   64  000010a4  33e100ff	andi	r1,r31,#0x00ff
   65  000010a8  64210041	snei	r1,r1,#65
   66  000010ac  14200008	bnez	r1,L11_LF0
   67  000010b0  54000000	nop; not filled.
   68  000010b4          	L12_LF0:
   69  000010b4  20020001	addi	r2,r0,#1
   70  000010b8          	L11_LF0:
   71  000010b8  00020820	add	r1,r0,r2
   72  000010bc  8fa20000	lw	r2,0(r29)
   73  000010c0  8fdffff8	lw	r31,-8(r30)
   74  000010c4  001ee820	add	r29,r0,r30
   75  000010c8  8fdefffc	lw	r30,-4(r30)
   76  000010cc  4be00000	jr	r31
   77  000010d0  54000000	nop
   78  000010d4          	.endproc _isxdigit
   79  000010d4          	.data
   80  00003000          	.align 2
   81  00003000          	LC0_LF0:
   82  00003000  55736167	.ascii "Usage: \000"
   82  00003004  653a2000	
   83  00003008          	.align 2
   84  00003008          	LC1_LF0:
   85  00003008  203c6861	.ascii " <handle_to_shared_memory_page> <handle_to_page_mapped_semaphore> <inj"
   85  0000300c  6e646c65	
   85  00003010  5f746f5f	
   85  00003014  73686172	
   85  00003018  65645f6d	
   85  0000301c  656d6f72	
   85  00003020  795f7061	
   85  00003024  67653e20	
   85  00003028  3c68616e	
   85  0000302c  646c655f	
   85  00003030  746f5f70	
   85  00003034  6167655f	
   85  00003038  6d617070	
   85  0000303c  65645f73	
   85  00003040  656d6170	
   85  00003044  686f7265	
   85  00003048  3e203c69	
   85  0000304c  6e6a    	
   86  0000304e  65637469	.ascii "ectionID> <numberofinjections>\n\000"
   86  00003052  6f6e4944	
   86  00003056  3e203c6e	
   86  0000305a  756d6265	
   86  0000305e  726f6669	
   86  00003062  6e6a6563	
   86  00003066  74696f6e	
   86  0000306a  733e0a00	
   87  0000306e          	.align 2
   88  00003070          	LC2_LF0:
   89  00003070  436f756c	.ascii "Could not map the virtual address to the memory in \000"
   89  00003074  64206e6f	
   89  00003078  74206d61	
   89  0000307c  70207468	
   89  00003080  65207669	
   89  00003084  72747561	
   89  00003088  6c206164	
   89  0000308c  64726573	
   89  00003090  7320746f	
   89  00003094  20746865	
   89  00003098  206d656d	
   89  0000309c  6f727920	
   89  000030a0  696e2000	
   90  000030a4          	.align 2
   91  000030a4          	LC3_LF0:
   92  000030a4  2c206578	.ascii ", exiting...\n\000"
   92  000030a8  6974696e	
   92  000030ac  672e2e2e	
   92  000030b0  0a00    	
   93  000030b2          	.align 2
   94  000030b4          	LC4_LF0:
   95  000030b4  42616420	.ascii "Bad semaphore in %d\000"
   95  000030b8  73656d61	
   95  000030bc  70686f72	
   95  000030c0  6520696e	
   95  000030c4  20256400	
   96  000030c8          	.align 2
   97  000030c8          	LC5_LF0:
   98  000030c8  534f3420	.ascii "SO4 injected into Radeon atmosphere, PID: %d\n\000"
   98  000030cc  696e6a65	
   98  000030d0  63746564	
   98  000030d4  20696e74	
   98  000030d8  6f205261	
   98  000030dc  64656f6e	
   98  000030e0  2061746d	
   98  000030e4  6f737068	
   98  000030e8  6572652c	
   98  000030ec  20504944	
   98  000030f0  3a202564	
   98  000030f4  0a00    	
   99  000030f6          	.align 2
  100  000030f8          	LC6_LF0:
  101  000030f8  48324f20	.ascii "H2O injected into Radeon atmosphere, PID: %d\n\000"
  101  000030fc  696e6a65	
  101  00003100  63746564	
  101  00003104  20696e74	
  101  00003108  6f205261	
  101  0000310c  64656f6e	
  101  00003110  2061746d	
  101  00003114  6f737068	
  101  00003118  6572652c	
  101  0000311c  20504944	
  101  00003120  3a202564	
  101  00003124  0a00    	
  102  00003126          	.align 2
  103  00003128          	LC7_LF0:
  104  00003128  42616420	.ascii "Bad semaphore s_procs_completed (%d) in \000"
  104  0000312c  73656d61	
  104  00003130  70686f72	
  104  00003134  6520735f	
  104  00003138  70726f63	
  104  0000313c  735f636f	
  104  00003140  6d706c65	
  104  00003144  74656420	
  104  00003148  28256429	
  104  0000314c  20696e20	
  104  00003150  00      	
  105  00003151          	.text
  106  000010d4          	.align 2
  107  000010d4          	.proc _main
  108  000010d4          	.global _main
  109  000010d4          	_main:
  110                      ;  Function 'main'; 0 bytes of locals, 0 regs to save.
  111  000010d4  afbefffc	sw	-4(r29),r30; push fp
  112  000010d8  001df020	add	r30,r0,r29; fp = sp
  113  000010dc  afbffff8	sw	-8(r29),r31; push ret addr
  114  000010e0  2fbd0008	subui	r29,r29,#8; alloc local storage
  115  000010e4  8fc20000	lw	r2,(r30)
  116  000010e8  8fc60004	lw	r6,4(r30)
  117  000010ec  0c0010fc	jal	___main
  118  000010f0  54000000	nop; not filled.
  119  000010f4  64410005	snei	r1,r2,#5
  120  000010f8  1020004c	beqz	r1,L14_LF0
  121  000010fc  54000000	nop; not filled.
  122  00001100  23bdfff8	addi	r29,r29,#-8
  123  00001104  3c090000	lhi	r9,((LC0_LF0)>>16)&0xffff
  124  00001108  25293000	addui	r9,r9,(LC0_LF0)&0xffff
  125  0000110c  afa90000	sw	(r29),r9
  126  00001110  0c0002d0	jal	_Printf
  127  00001114  54000000	nop; not filled.
  128  00001118  8cc90000	lw	r9,(r6)
  129  0000111c  afa90000	sw	(r29),r9
  130  00001120  0c0002c0	jal	_Printf
  131  00001124  54000000	nop; not filled.
  132  00001128  3c090000	lhi	r9,((LC1_LF0)>>16)&0xffff
  133  0000112c  25293008	addui	r9,r9,(LC1_LF0)&0xffff
  134  00001130  afa90000	sw	(r29),r9
  135  00001134  0c0002ac	jal	_Printf
  136  00001138  54000000	nop; not filled.
  137  0000113c  0c000358	jal	_Exit
  138  00001140  54000000	nop; not filled.
  139  00001144  23bd0008	addi	r29,r29,#8
  140  00001148          	L14_LF0:
  141  00001148  23bdfff0	addi	r29,r29,#-16
  142  0000114c  8cc90004	lw	r9,4(r6)
  143  00001150  afa90000	sw	(r29),r9
  144  00001154  20090000	addi	r9,r0,#0
  145  00001158  afa90004	sw	4(r29),r9
  146  0000115c  2009000a	addi	r9,r0,#10
  147  00001160  afa90008	sw	8(r29),r9
  148  00001164  0c000bdc	jal	_dstrtol
  149  00001168  54000000	nop; not filled.
  150  0000116c  00011020	add	r2,r0,r1
  151  00001170  8cc90008	lw	r9,8(r6)
  152  00001174  afa90000	sw	(r29),r9
  153  00001178  20090000	addi	r9,r0,#0
  154  0000117c  afa90004	sw	4(r29),r9
  155  00001180  2009000a	addi	r9,r0,#10
  156  00001184  afa90008	sw	8(r29),r9
  157  00001188  0c000bb8	jal	_dstrtol
  158  0000118c  54000000	nop; not filled.
  159  00001190  00014020	add	r8,r0,r1
  160  00001194  8cc9000c	lw	r9,12(r6)
  161  00001198  afa90000	sw	(r29),r9
  162  0000119c  20090000	addi	r9,r0,#0
  163  000011a0  afa90004	sw	4(r29),r9
  164  000011a4  2009000a	addi	r9,r0,#10
  165  000011a8  afa90008	sw	8(r29),r9
  166  000011ac  0c000b94	jal	_dstrtol
  167  000011b0  54000000	nop; not filled.
  168  000011b4  00011820	add	r3,r0,r1
  169  000011b8  8cc90010	lw	r9,16(r6)
  170  000011bc  afa90000	sw	(r29),r9
  171  000011c0  20090000	addi	r9,r0,#0
  172  000011c4  afa90004	sw	4(r29),r9
  173  000011c8  2009000a	addi	r9,r0,#10
  174  000011cc  afa90008	sw	8(r29),r9
  175  000011d0  0c000b70	jal	_dstrtol
  176  000011d4  54000000	nop; not filled.
  177  000011d8  00012820	add	r5,r0,r1
  178  000011dc  afa20000	sw	(r29),r2
  179  000011e0  0c000230	jal	_shmat
  180  000011e4  54000000	nop; not filled.
  181  000011e8  00011020	add	r2,r0,r1
  182  000011ec  23bd0010	addi	r29,r29,#16
  183  000011f0  64410000	snei	r1,r2,#0
  184  000011f4  1420004c	bnez	r1,L15_LF0
  185  000011f8  54000000	nop; not filled.
  186  000011fc  23bdfff8	addi	r29,r29,#-8
  187  00001200  3c090000	lhi	r9,((LC2_LF0)>>16)&0xffff
  188  00001204  25293070	addui	r9,r9,(LC2_LF0)&0xffff
  189  00001208  afa90000	sw	(r29),r9
  190  0000120c  0c0001d4	jal	_Printf
  191  00001210  54000000	nop; not filled.
  192  00001214  8cc90000	lw	r9,(r6)
  193  00001218  afa90000	sw	(r29),r9
  194  0000121c  0c0001c4	jal	_Printf
  195  00001220  54000000	nop; not filled.
  196  00001224  3c090000	lhi	r9,((LC3_LF0)>>16)&0xffff
  197  00001228  252930a4	addui	r9,r9,(LC3_LF0)&0xffff
  198  0000122c  afa90000	sw	(r29),r9
  199  00001230  0c0001b0	jal	_Printf
  200  00001234  54000000	nop; not filled.
  201  00001238  0c00025c	jal	_Exit
  202  0000123c  54000000	nop; not filled.
  203  00001240  23bd0008	addi	r29,r29,#8
  204  00001244          	L15_LF0:
  205  00001244  8c440004	lw	r4,4(r2)
  206  00001248  64610000	snei	r1,r3,#0
  207  0000124c  10200014	beqz	r1,L17_LF0
  208  00001250  54000000	nop; not filled.
  209  00001254  60610001	seqi	r1,r3,#1
  210  00001258  10200008	beqz	r1,L17_LF0
  211  0000125c  54000000	nop; not filled.
  212  00001260  8c440000	lw	r4,(r2)
  213  00001264          	L17_LF0:
  214  00001264  20020000	addi	r2,r0,#0
  215  00001268  0045082a	slt	r1,r2,r5
  216  0000126c  102000b8	beqz	r1,L20_LF0
  217  00001270  54000000	nop; not filled.
  218  00001274  64670000	snei	r7,r3,#0
  219  00001278  60630001	seqi	r3,r3,#1
  220  0000127c          	L22_LF0:
  221  0000127c  23bdfff8	addi	r29,r29,#-8
  222  00001280  afa40000	sw	(r29),r4
  223  00001284  0c0001b0	jal	_sem_signal
  224  00001288  54000000	nop; not filled.
  225  0000128c  23bd0008	addi	r29,r29,#8
  226  00001290  64210001	snei	r1,r1,#1
  227  00001294  1020002c	beqz	r1,L23_LF0
  228  00001298  54000000	nop; not filled.
  229  0000129c  23bdfff8	addi	r29,r29,#-8
  230  000012a0  3c090000	lhi	r9,((LC4_LF0)>>16)&0xffff
  231  000012a4  252930b4	addui	r9,r9,(LC4_LF0)&0xffff
  232  000012a8  afa90000	sw	(r29),r9
  233  000012ac  afa40004	sw	4(r29),r4
  234  000012b0  0c000130	jal	_Printf
  235  000012b4  54000000	nop; not filled.
  236  000012b8  0c0001dc	jal	_Exit
  237  000012bc  54000000	nop; not filled.
  238  000012c0  23bd0008	addi	r29,r29,#8
  239  000012c4          	L23_LF0:
  240  000012c4  14e00020	bnez	r7,L24_LF0
  241  000012c8  54000000	nop; not filled.
  242  000012cc  0c000120	jal	_getpid
  243  000012d0  54000000	nop; not filled.
  244  000012d4  23bdfff8	addi	r29,r29,#-8
  245  000012d8  3c090000	lhi	r9,((LC5_LF0)>>16)&0xffff
  246  000012dc  252930c8	addui	r9,r9,(LC5_LF0)&0xffff
  247  000012e0  08000020	j	L29_LF0
  248  000012e4  54000000	nop; not filled.
  249  000012e8          	L24_LF0:
  250  000012e8  1060002c	beqz	r3,L21_LF0
  251  000012ec  54000000	nop; not filled.
  252  000012f0  0c0000fc	jal	_getpid
  253  000012f4  54000000	nop; not filled.
  254  000012f8  23bdfff8	addi	r29,r29,#-8
  255  000012fc  3c090000	lhi	r9,((LC6_LF0)>>16)&0xffff
  256  00001300  252930f8	addui	r9,r9,(LC6_LF0)&0xffff
  257  00001304          	L29_LF0:
  258  00001304  afa90000	sw	(r29),r9
  259  00001308  afa10004	sw	4(r29),r1
  260  0000130c  0c0000d4	jal	_Printf
  261  00001310  54000000	nop; not filled.
  262  00001314  23bd0008	addi	r29,r29,#8
  263  00001318          	L21_LF0:
  264  00001318  20420001	addi	r2,r2,#1
  265  0000131c  0045082a	slt	r1,r2,r5
  266  00001320  1420ff58	bnez	r1,L22_LF0
  267  00001324  54000000	nop; not filled.
  268  00001328          	L20_LF0:
  269  00001328  23bdfff8	addi	r29,r29,#-8
  270  0000132c  afa80000	sw	(r29),r8
  271  00001330  0c000104	jal	_sem_signal
  272  00001334  54000000	nop; not filled.
  273  00001338  23bd0008	addi	r29,r29,#8
  274  0000133c  64210001	snei	r1,r1,#1
  275  00001340  10200050	beqz	r1,L28_LF0
  276  00001344  54000000	nop; not filled.
  277  00001348  23bdfff8	addi	r29,r29,#-8
  278  0000134c  3c090000	lhi	r9,((LC7_LF0)>>16)&0xffff
  279  00001350  25293128	addui	r9,r9,(LC7_LF0)&0xffff
  280  00001354  afa90000	sw	(r29),r9
  281  00001358  afa80004	sw	4(r29),r8
  282  0000135c  0c000084	jal	_Printf
  283  00001360  54000000	nop; not filled.
  284  00001364  8cc60000	lw	r6,(r6)
  285  00001368  afa60000	sw	(r29),r6
  286  0000136c  0c000074	jal	_Printf
  287  00001370  54000000	nop; not filled.
  288  00001374  3c090000	lhi	r9,((LC3_LF0)>>16)&0xffff
  289  00001378  252930a4	addui	r9,r9,(LC3_LF0)&0xffff
  290  0000137c  afa90000	sw	(r29),r9
  291  00001380  0c000060	jal	_Printf
  292  00001384  54000000	nop; not filled.
  293  00001388  0c00010c	jal	_Exit
  294  0000138c  54000000	nop; not filled.
  295  00001390  23bd0008	addi	r29,r29,#8
  296  00001394          	L28_LF0:
  297  00001394  0c000e48	jal	_exit
  298  00001398  54000000	nop
  299  0000139c          	.endproc _main
  300                      ;;;
  301                      ;;; Stub functions for DLX traps.
  302                      ;;;
  303                      ;;; Ethan L. Miller, 1999.  Released to the public domain.
  304                      ;;;
  305                      ;;; The traps such as Open and Close
  306                      ;;; (note the capital letters) are for use by user programs.  The traps
  307                      ;;; with names such as open and close (lower case) are for use by the OS.
  308                      ;;;
  311  0000139c          	.align 2
  313                      ;;; The following are the traps to be used by user-level programs
  314                      ;;;
  316  0000139c          	.align 2
  317  0000139c          	.proc _Open
  318  0000139c          	.global _Open
  319  0000139c          	_Open:
  320                      ;;; Note that trap #0x213 actually causes a trap vector in the OS of
  321                      ;;; 0x1213.  The same is true for other user traps.  Thus, a user trap
  322                      ;;; with trap #0x240 will result in a trap vector of 0x1240 in the OS.
  323  0000139c  44000213	trap	#0x213
  324  000013a0  4be00000	jr	r31
  325  000013a4  54000000	nop
  326  000013a8          	.endproc _Open
  328  000013a8          	.proc _Close
  329  000013a8          	.global _Close
  330  000013a8          	_Close:
  331  000013a8  44000214	trap	#0x214
  332  000013ac  4be00000	jr	r31
  333  000013b0  54000000	nop
  334  000013b4          	.endproc _Close
  336  000013b4          	.proc _Read
  337  000013b4          	.global _Read
  338  000013b4          	_Read:
  339  000013b4  44000210	trap	#0x210
  340  000013b8  4be00000	jr	r31
  341  000013bc  54000000	nop
  342  000013c0          	.endproc _Read
  344  000013c0          	.proc _Write
  345  000013c0          	.global _Write
  346  000013c0          	_Write:
  347  000013c0  44000211	trap	#0x211
  348  000013c4  4be00000	jr	r31
  349  000013c8  54000000	nop
  350  000013cc          	.endproc _Write
  352  000013cc          	.proc _Lseek
  353  000013cc          	.global _Lseek
  354  000013cc          	_Lseek:
  355  000013cc  44000212	trap	#0x212
  356  000013d0  4be00000	jr	r31
  357  000013d4  54000000	nop
  358  000013d8          	.endproc _Lseek
  360  000013d8          	.proc _Putchar
  361  000013d8          	.global _Putchar
  362  000013d8          	_Putchar:
  363  000013d8  44000280	trap	#0x280
  364  000013dc  4be00000	jr	r31
  365  000013e0  54000000	nop
  366  000013e4          	.endproc _Putchar
  368  000013e4          	.proc _Printf
  369  000013e4          	.global _Printf
  370  000013e4          	_Printf:
  371  000013e4  44000201	trap	#0x201
  372  000013e8  4be00000	jr	r31
  373  000013ec  54000000	nop
  374  000013f0          	.endproc _Printf
  376  000013f0          	.proc _getpid
  377  000013f0          	.global _getpid
  378  000013f0          	_getpid:
  379  000013f0  44000431	trap	#0x431
  380  000013f4  4be00000	jr	r31
  381  000013f8  54000000	nop
  382  000013fc          	.endproc _getpid
  384  000013fc          	.proc _process_create
  385  000013fc          	.global _process_create
  386  000013fc          	_process_create:
  387  000013fc  44000432	trap	#0x432
  388  00001400  4be00000	jr	r31
  389  00001404  54000000	nop
  390  00001408          	.endproc _process_create
  392  00001408          	.proc _shmget
  393  00001408          	.global _shmget
  394  00001408          	_shmget:
  395  00001408  44000440	trap	#0x440
  396  0000140c  4be00000	jr	r31
  397  00001410  54000000	nop
  398  00001414          	.endproc _shmget
  400  00001414          	.proc _shmat
  401  00001414          	.global _shmat
  402  00001414          	_shmat:
  403  00001414  44000441	trap	#0x441
  404  00001418  4be00000	jr	r31
  405  0000141c  54000000	nop
  406  00001420          	.endproc _shmat
  408  00001420          	.proc _sem_create
  409  00001420          	.global _sem_create
  410  00001420          	_sem_create:
  411  00001420  44000450	trap	#0x450
  412  00001424  4be00000	jr	r31
  413  00001428  54000000	nop
  414  0000142c          	.endproc _sem_create
  416  0000142c          	.proc _sem_wait
  417  0000142c          	.global _sem_wait
  418  0000142c          	_sem_wait:
  419  0000142c  44000451	trap	#0x451
  420  00001430  4be00000	jr	r31
  421  00001434  54000000	nop
  422  00001438          	.endproc _sem_wait
  424  00001438          	.proc _sem_signal
  425  00001438          	.global _sem_signal
  426  00001438          	_sem_signal:
  427  00001438  44000452	trap	#0x452
  428  0000143c  4be00000	jr	r31
  429  00001440  54000000	nop
  430  00001444          	.endproc _sem_signal
  432  00001444          	.proc _lock_create
  433  00001444          	.global _lock_create
  434  00001444          	_lock_create:
  435  00001444  44000453	trap	#0x453
  436  00001448  4be00000	jr	r31
  437  0000144c  54000000	nop
  438  00001450          	.endproc _lock_create
  440  00001450          	.proc _lock_acquire
  441  00001450          	.global _lock_acquire
  442  00001450          	_lock_acquire:
  443  00001450  44000454	trap	#0x454
  444  00001454  4be00000	jr	r31
  445  00001458  54000000	nop
  446  0000145c          	.endproc _lock_acquire
  448  0000145c          	.proc _lock_release
  449  0000145c          	.global _lock_release
  450  0000145c          	_lock_release:
  451  0000145c  44000455	trap	#0x455
  452  00001460  4be00000	jr	r31
  453  00001464  54000000	nop
  454  00001468          	.endproc _lock_release
  456  00001468          	.proc _cond_create
  457  00001468          	.global _cond_create
  458  00001468          	_cond_create:
  459  00001468  44000456	trap	#0x456
  460  0000146c  4be00000	jr	r31
  461  00001470  54000000	nop
  462  00001474          	.endproc _cond_create
  464  00001474          	.proc _cond_wait
  465  00001474          	.global _cond_wait
  466  00001474          	_cond_wait:
  467  00001474  44000457	trap	#0x457
  468  00001478  4be00000	jr	r31
  469  0000147c  54000000	nop
  470  00001480          	.endproc _cond_wait
  472  00001480          	.proc _cond_signal
  473  00001480          	.global _cond_signal
  474  00001480          	_cond_signal:
  475  00001480  44000458	trap	#0x458
  476  00001484  4be00000	jr	r31
  477  00001488  54000000	nop
  478  0000148c          	.endproc _cond_signal
  480  0000148c          	.proc _cond_broadcast
  481  0000148c          	.global _cond_broadcast
  482  0000148c          	_cond_broadcast:
  483  0000148c  44000455	trap	#0x455
  484  00001490  4be00000	jr	r31
  485  00001494  54000000	nop
  486  00001498          	.endproc _cond_broadcast
  488  00001498          	.proc _Exit
  489  00001498          	.global _Exit
  490  00001498          	_Exit:
  491  00001498  44000500	trap	#0x500
  492  0000149c  4be00000	jr	r31
  493  000014a0  54000000	nop
  494  000014a4          	.endproc _Exit
  495                      ; Compiled by GCC
  497  000014a4          	.align 2
  498  000014a4          	.proc _isspace
  499  000014a4          	.global _isspace
  500  000014a4          	_isspace:
  501                      ;  Function 'isspace'; 0 bytes of locals, 3 regs to save.
  502  000014a4  afbefffc	sw	-4(r29),r30; push fp
  503  000014a8  001df020	add	r30,r0,r29; fp = sp
  504  000014ac  afbffff8	sw	-8(r29),r31; push ret addr
  505  000014b0  2fbd0018	subui	r29,r29,#24; alloc local storage
  506  000014b4  afa20000	sw	0(r29),r2
  507  000014b8  afa30004	sw	4(r29),r3
  508  000014bc  afa40008	sw	8(r29),r4
  509  000014c0  83c20003	lb	r2,3(r30)
  510  000014c4  20010000	addi	r1,r0,#0
  511  000014c8  304300ff	andi	r3,r2,#0x00ff
  512  000014cc  60640020	seqi	r4,r3,#32
  513  000014d0  1480002c	bnez	r4,L3_LF2
  514  000014d4  54000000	nop; delay slot nop
  515  000014d8  304300ff	andi	r3,r2,#0x00ff
  516  000014dc  60640009	seqi	r4,r3,#9
  517  000014e0  1480001c	bnez	r4,L3_LF2
  518  000014e4  54000000	nop; delay slot nop
  519  000014e8  304300ff	andi	r3,r2,#0x00ff
  520  000014ec  6064000a	seqi	r4,r3,#10
  521  000014f0  1480000c	bnez	r4,L3_LF2
  522  000014f4  54000000	nop; delay slot nop
  523  000014f8  08000008	j	L2_LF2
  524  000014fc  54000000	nop; delay slot nop
  525  00001500          	L3_LF2:
  526  00001500  20010001	addi	r1,r0,#1
  527  00001504          	L2_LF2:
  528  00001504  08000004	j	L1_LF2
  529  00001508  54000000	nop; delay slot nop
  530  0000150c          	L1_LF2:
  531  0000150c  8fa20000	lw	r2,0(r29)
  532  00001510  8fa30004	lw	r3,4(r29)
  533  00001514  8fa40008	lw	r4,8(r29)
  534  00001518  8fdffff8	lw	r31,-8(r30)
  535  0000151c  001ee820	add	r29,r0,r30
  536  00001520  8fdefffc	lw	r30,-4(r30)
  537  00001524  4be00000	jr	r31
  538  00001528  54000000	nop
  539  0000152c          	.endproc _isspace
  540  0000152c          	.align 2
  541  0000152c          	.proc _isxdigit
  542  0000152c          	.global _isxdigit
  543  0000152c          	_isxdigit:
  544                      ;  Function 'isxdigit'; 0 bytes of locals, 3 regs to save.
  545  0000152c  afbefffc	sw	-4(r29),r30; push fp
  546  00001530  001df020	add	r30,r0,r29; fp = sp
  547  00001534  afbffff8	sw	-8(r29),r31; push ret addr
  548  00001538  2fbd0018	subui	r29,r29,#24; alloc local storage
  549  0000153c  afa20000	sw	0(r29),r2
  550  00001540  afa30004	sw	4(r29),r3
  551  00001544  afa40008	sw	8(r29),r4
  552  00001548  83c20003	lb	r2,3(r30)
  553  0000154c  20010000	addi	r1,r0,#0
  554  00001550  304300ff	andi	r3,r2,#0x00ff
  555  00001554  6c64002f	sgtui	r4,r3,#47
  556  00001558  1080001c	beqz	r4,L7_LF2
  557  0000155c  54000000	nop; delay slot nop
  558  00001560  304300ff	andi	r3,r2,#0x00ff
  559  00001564  70640039	sleui	r4,r3,#57
  560  00001568  1480005c	bnez	r4,L6_LF2
  561  0000156c  54000000	nop; delay slot nop
  562  00001570  08000004	j	L7_LF2
  563  00001574  54000000	nop; delay slot nop
  564  00001578          	L7_LF2:
  565  00001578  304300ff	andi	r3,r2,#0x00ff
  566  0000157c  6c640060	sgtui	r4,r3,#96
  567  00001580  1080001c	beqz	r4,L8_LF2
  568  00001584  54000000	nop; delay slot nop
  569  00001588  304300ff	andi	r3,r2,#0x00ff
  570  0000158c  70640066	sleui	r4,r3,#102
  571  00001590  14800034	bnez	r4,L6_LF2
  572  00001594  54000000	nop; delay slot nop
  573  00001598  08000004	j	L8_LF2
  574  0000159c  54000000	nop; delay slot nop
  575  000015a0          	L8_LF2:
  576  000015a0  304300ff	andi	r3,r2,#0x00ff
  577  000015a4  6c640040	sgtui	r4,r3,#64
  578  000015a8  10800020	beqz	r4,L5_LF2
  579  000015ac  54000000	nop; delay slot nop
  580  000015b0  304300ff	andi	r3,r2,#0x00ff
  581  000015b4  70640041	sleui	r4,r3,#65
  582  000015b8  1480000c	bnez	r4,L6_LF2
  583  000015bc  54000000	nop; delay slot nop
  584  000015c0  08000008	j	L5_LF2
  585  000015c4  54000000	nop; delay slot nop
  586  000015c8          	L6_LF2:
  587  000015c8  20010001	addi	r1,r0,#1
  588  000015cc          	L5_LF2:
  589  000015cc  08000004	j	L4_LF2
  590  000015d0  54000000	nop; delay slot nop
  591  000015d4          	L4_LF2:
  592  000015d4  8fa20000	lw	r2,0(r29)
  593  000015d8  8fa30004	lw	r3,4(r29)
  594  000015dc  8fa40008	lw	r4,8(r29)
  595  000015e0  8fdffff8	lw	r31,-8(r30)
  596  000015e4  001ee820	add	r29,r0,r30
  597  000015e8  8fdefffc	lw	r30,-4(r30)
  598  000015ec  4be00000	jr	r31
  599  000015f0  54000000	nop
  600  000015f4          	.endproc _isxdigit
  601  000015f4          	.align 2
  602  000015f4          	.proc _dstrcpy
  603  000015f4          	.global _dstrcpy
  604  000015f4          	_dstrcpy:
  605                      ;  Function 'dstrcpy'; 8 bytes of locals, 2 regs to save.
  606  000015f4  afbefffc	sw	-4(r29),r30; push fp
  607  000015f8  001df020	add	r30,r0,r29; fp = sp
  608  000015fc  afbffff8	sw	-8(r29),r31; push ret addr
  609  00001600  2fbd0018	subui	r29,r29,#24; alloc local storage
  610  00001604  afa20000	sw	0(r29),r2
  611  00001608  afa30004	sw	4(r29),r3
  612  0000160c  8fc10000	lw	r1,(r30)
  613  00001610  afc1fff4	sw	-12(r30),r1
  614  00001614          	L10_LF2:
  615  00001614  8fc10000	lw	r1,(r30)
  616  00001618  20220001	addi	r2,r1,#1
  617  0000161c  afc20000	sw	(r30),r2
  618  00001620  8fc20004	lw	r2,4(r30)
  619  00001624  20430001	addi	r3,r2,#1
  620  00001628  afc30004	sw	4(r30),r3
  621  0000162c  80420000	lb	r2,(r2)
  622  00001630  a0220000	sb	(r1),r2
  623  00001634  a3c2fff3	sb	-13(r30),r2
  624  00001638          	L12_LF2:
  625  00001638  93c1fff3	lbu	r1,-13(r30)
  626  0000163c  64220000	snei	r2,r1,#0
  627  00001640  1440000c	bnez	r2,L13_LF2
  628  00001644  54000000	nop; delay slot nop
  629  00001648  0800000c	j	L11_LF2
  630  0000164c  54000000	nop; delay slot nop
  631  00001650          	L13_LF2:
  632  00001650  0bffffc0	j	L10_LF2
  633  00001654  54000000	nop; delay slot nop
  634  00001658          	L11_LF2:
  635  00001658  8fc1fff4	lw	r1,-12(r30)
  636  0000165c  08000004	j	L9_LF2
  637  00001660  54000000	nop; delay slot nop
  638  00001664          	L9_LF2:
  639  00001664  8fa20000	lw	r2,0(r29)
  640  00001668  8fa30004	lw	r3,4(r29)
  641  0000166c  8fdffff8	lw	r31,-8(r30)
  642  00001670  001ee820	add	r29,r0,r30
  643  00001674  8fdefffc	lw	r30,-4(r30)
  644  00001678  4be00000	jr	r31
  645  0000167c  54000000	nop
  646  00001680          	.endproc _dstrcpy
  647  00001680          	.align 2
  648  00001680          	.proc _dstrncpy
  649  00001680          	.global _dstrncpy
  650  00001680          	_dstrncpy:
  651                      ;  Function 'dstrncpy'; 8 bytes of locals, 2 regs to save.
  652  00001680  afbefffc	sw	-4(r29),r30; push fp
  653  00001684  001df020	add	r30,r0,r29; fp = sp
  654  00001688  afbffff8	sw	-8(r29),r31; push ret addr
  655  0000168c  2fbd0018	subui	r29,r29,#24; alloc local storage
  656  00001690  afa20000	sw	0(r29),r2
  657  00001694  afa30004	sw	4(r29),r3
  658  00001698  8fc10000	lw	r1,(r30)
  659  0000169c  afc1fff4	sw	-12(r30),r1
  660  000016a0          	L15_LF2:
  661  000016a0  8fc10008	lw	r1,8(r30)
  662  000016a4  2022ffff	addi	r2,r1,#-1
  663  000016a8  afc20008	sw	8(r30),r2
  664  000016ac  70210000	slei	r1,r1,#0
  665  000016b0  1020000c	beqz	r1,L18_LF2
  666  000016b4  54000000	nop; delay slot nop
  667  000016b8  08000048	j	L16_LF2
  668  000016bc  54000000	nop; delay slot nop
  669  000016c0          	L18_LF2:
  670  000016c0  8fc10000	lw	r1,(r30)
  671  000016c4  20220001	addi	r2,r1,#1
  672  000016c8  afc20000	sw	(r30),r2
  673  000016cc  8fc20004	lw	r2,4(r30)
  674  000016d0  20430001	addi	r3,r2,#1
  675  000016d4  afc30004	sw	4(r30),r3
  676  000016d8  80420000	lb	r2,(r2)
  677  000016dc  a0220000	sb	(r1),r2
  678  000016e0  a3c2fff3	sb	-13(r30),r2
  679  000016e4          	L17_LF2:
  680  000016e4  93c1fff3	lbu	r1,-13(r30)
  681  000016e8  64220000	snei	r2,r1,#0
  682  000016ec  1440000c	bnez	r2,L19_LF2
  683  000016f0  54000000	nop; delay slot nop
  684  000016f4  0800000c	j	L16_LF2
  685  000016f8  54000000	nop; delay slot nop
  686  000016fc          	L19_LF2:
  687  000016fc  0bffffa0	j	L15_LF2
  688  00001700  54000000	nop; delay slot nop
  689  00001704          	L16_LF2:
  690  00001704  8fc1fff4	lw	r1,-12(r30)
  691  00001708  08000004	j	L14_LF2
  692  0000170c  54000000	nop; delay slot nop
  693  00001710          	L14_LF2:
  694  00001710  8fa20000	lw	r2,0(r29)
  695  00001714  8fa30004	lw	r3,4(r29)
  696  00001718  8fdffff8	lw	r31,-8(r30)
  697  0000171c  001ee820	add	r29,r0,r30
  698  00001720  8fdefffc	lw	r30,-4(r30)
  699  00001724  4be00000	jr	r31
  700  00001728  54000000	nop
  701  0000172c          	.endproc _dstrncpy
  702  0000172c          	.align 2
  703  0000172c          	.proc _dstrcat
  704  0000172c          	.global _dstrcat
  705  0000172c          	_dstrcat:
  706                      ;  Function 'dstrcat'; 8 bytes of locals, 1 regs to save.
  707  0000172c  afbefffc	sw	-4(r29),r30; push fp
  708  00001730  001df020	add	r30,r0,r29; fp = sp
  709  00001734  afbffff8	sw	-8(r29),r31; push ret addr
  710  00001738  2fbd0018	subui	r29,r29,#24; alloc local storage
  711  0000173c  afa20000	sw	0(r29),r2
  712  00001740  8fc10000	lw	r1,(r30)
  713  00001744  afc1fff4	sw	-12(r30),r1
  714  00001748          	L21_LF2:
  715  00001748  8fc10000	lw	r1,(r30)
  716  0000174c  90220000	lbu	r2,(r1)
  717  00001750  64410000	snei	r1,r2,#0
  718  00001754  1420000c	bnez	r1,L23_LF2
  719  00001758  54000000	nop; delay slot nop
  720  0000175c  0800001c	j	L22_LF2
  721  00001760  54000000	nop; delay slot nop
  722  00001764          	L23_LF2:
  723  00001764  8fc20000	lw	r2,(r30)
  724  00001768  20410001	addi	r1,r2,#1
  725  0000176c  00011020	add	r2,r0,r1
  726  00001770  afc20000	sw	(r30),r2
  727  00001774  0bffffd0	j	L21_LF2
  728  00001778  54000000	nop; delay slot nop
  729  0000177c          	L22_LF2:
  730  0000177c  23bdfff8	addi	r29,r29,#-8
  731  00001780  001d0820	add	r1,r0,r29
  732  00001784  8fc20000	lw	r2,(r30)
  733  00001788  ac220000	sw	(r1),r2
  734  0000178c  8fc20004	lw	r2,4(r30)
  735  00001790  ac220004	sw	4(r1),r2
  736  00001794  0ffffe5c	jal	_dstrcpy
  737  00001798  54000000	nop; delay slot nop
  738  0000179c  23bd0008	addi	r29,r29,#8
  739  000017a0  8fc1fff4	lw	r1,-12(r30)
  740  000017a4  08000004	j	L20_LF2
  741  000017a8  54000000	nop; delay slot nop
  742  000017ac          	L20_LF2:
  743  000017ac  8fa20000	lw	r2,0(r29)
  744  000017b0  8fdffff8	lw	r31,-8(r30)
  745  000017b4  001ee820	add	r29,r0,r30
  746  000017b8  8fdefffc	lw	r30,-4(r30)
  747  000017bc  4be00000	jr	r31
  748  000017c0  54000000	nop
  749  000017c4          	.endproc _dstrcat
  750  000017c4          	.align 2
  751  000017c4          	.proc _dstrncmp
  752  000017c4          	.global _dstrncmp
  753  000017c4          	_dstrncmp:
  754                      ;  Function 'dstrncmp'; 8 bytes of locals, 2 regs to save.
  755  000017c4  afbefffc	sw	-4(r29),r30; push fp
  756  000017c8  001df020	add	r30,r0,r29; fp = sp
  757  000017cc  afbffff8	sw	-8(r29),r31; push ret addr
  758  000017d0  2fbd0018	subui	r29,r29,#24; alloc local storage
  759  000017d4  afa20000	sw	0(r29),r2
  760  000017d8  afa30004	sw	4(r29),r3
  761  000017dc  54000000	nop
  762  000017e0  20010000	addi	r1,r0,#0
  763  000017e4  afc1fff4	sw	-12(r30),r1
  764  000017e8          	L25_LF2:
  765  000017e8  8fc1fff4	lw	r1,-12(r30)
  766  000017ec  8fc20008	lw	r2,8(r30)
  767  000017f0  0022082a	slt	r1,r1,r2
  768  000017f4  1420000c	bnez	r1,L28_LF2
  769  000017f8  54000000	nop; delay slot nop
  770  000017fc  08000088	j	L26_LF2
  771  00001800  54000000	nop; delay slot nop
  772  00001804          	L28_LF2:
  773  00001804  8fc10004	lw	r1,4(r30)
  774  00001808  90220000	lbu	r2,(r1)
  775  0000180c  64410000	snei	r1,r2,#0
  776  00001810  14200018	bnez	r1,L29_LF2
  777  00001814  54000000	nop; delay slot nop
  778  00001818  20010000	addi	r1,r0,#0
  779  0000181c  080000d8	j	L24_LF2
  780  00001820  54000000	nop; delay slot nop
  781  00001824  08000028	j	L30_LF2
  782  00001828  54000000	nop; delay slot nop
  783  0000182c          	L29_LF2:
  784  0000182c  8fc10000	lw	r1,(r30)
  785  00001830  8fc20004	lw	r2,4(r30)
  786  00001834  90210000	lbu	r1,(r1)
  787  00001838  90420000	lbu	r2,(r2)
  788  0000183c  00220829	sne	r1,r1,r2
  789  00001840  1020000c	beqz	r1,L30_LF2
  790  00001844  54000000	nop; delay slot nop
  791  00001848  0800003c	j	L26_LF2
  792  0000184c  54000000	nop; delay slot nop
  793  00001850          	L31_LF2:
  794  00001850          	L30_LF2:
  795  00001850  8fc20000	lw	r2,(r30)
  796  00001854  20410001	addi	r1,r2,#1
  797  00001858  00011020	add	r2,r0,r1
  798  0000185c  afc20000	sw	(r30),r2
  799  00001860  8fc20004	lw	r2,4(r30)
  800  00001864  20410001	addi	r1,r2,#1
  801  00001868  00011020	add	r2,r0,r1
  802  0000186c  afc20004	sw	4(r30),r2
  803  00001870          	L27_LF2:
  804  00001870  8fc2fff4	lw	r2,-12(r30)
  805  00001874  20410001	addi	r1,r2,#1
  806  00001878  00011020	add	r2,r0,r1
  807  0000187c  afc2fff4	sw	-12(r30),r2
  808  00001880  0bffff64	j	L25_LF2
  809  00001884  54000000	nop; delay slot nop
  810  00001888          	L26_LF2:
  811  00001888  8fc1fff4	lw	r1,-12(r30)
  812  0000188c  8fc20008	lw	r2,8(r30)
  813  00001890  00220828	seq	r1,r1,r2
  814  00001894  10200018	beqz	r1,L32_LF2
  815  00001898  54000000	nop; delay slot nop
  816  0000189c  20010000	addi	r1,r0,#0
  817  000018a0  08000054	j	L24_LF2
  818  000018a4  54000000	nop; delay slot nop
  819  000018a8  0800004c	j	L33_LF2
  820  000018ac  54000000	nop; delay slot nop
  821  000018b0          	L32_LF2:
  822  000018b0  8fc20000	lw	r2,(r30)
  823  000018b4  90410000	lbu	r1,(r2)
  824  000018b8  8fc20004	lw	r2,4(r30)
  825  000018bc  90430000	lbu	r3,(r2)
  826  000018c0  00230822	sub	r1,r1,r3
  827  000018c4  74220000	sgei	r2,r1,#0
  828  000018c8  10400020	beqz	r2,L34_LF2
  829  000018cc  54000000	nop; delay slot nop
  830  000018d0  8fc10000	lw	r1,(r30)
  831  000018d4  8fc20004	lw	r2,4(r30)
  832  000018d8  90210000	lbu	r1,(r1)
  833  000018dc  90420000	lbu	r2,(r2)
  834  000018e0  00220829	sne	r1,r1,r2
  835  000018e4  08000008	j	L35_LF2
  836  000018e8  54000000	nop; delay slot nop
  837  000018ec          	L34_LF2:
  838  000018ec  2001ffff	addi	r1,r0,#-1
  839  000018f0          	L35_LF2:
  840  000018f0  08000004	j	L24_LF2
  841  000018f4  54000000	nop; delay slot nop
  842  000018f8          	L33_LF2:
  843  000018f8          	L24_LF2:
  844  000018f8  8fa20000	lw	r2,0(r29)
  845  000018fc  8fa30004	lw	r3,4(r29)
  846  00001900  8fdffff8	lw	r31,-8(r30)
  847  00001904  001ee820	add	r29,r0,r30
  848  00001908  8fdefffc	lw	r30,-4(r30)
  849  0000190c  4be00000	jr	r31
  850  00001910  54000000	nop
  851  00001914          	.endproc _dstrncmp
  852  00001914          	.align 2
  853  00001914          	.proc _dstrlen
  854  00001914          	.global _dstrlen
  855  00001914          	_dstrlen:
  856                      ;  Function 'dstrlen'; 8 bytes of locals, 1 regs to save.
  857  00001914  afbefffc	sw	-4(r29),r30; push fp
  858  00001918  001df020	add	r30,r0,r29; fp = sp
  859  0000191c  afbffff8	sw	-8(r29),r31; push ret addr
  860  00001920  2fbd0018	subui	r29,r29,#24; alloc local storage
  861  00001924  afa20000	sw	0(r29),r2
  862  00001928  20010000	addi	r1,r0,#0
  863  0000192c  afc1fff4	sw	-12(r30),r1
  864  00001930          	L37_LF2:
  865  00001930  8fc10000	lw	r1,(r30)
  866  00001934  20220001	addi	r2,r1,#1
  867  00001938  afc20000	sw	(r30),r2
  868  0000193c  90210000	lbu	r1,(r1)
  869  00001940  64220000	snei	r2,r1,#0
  870  00001944  1440000c	bnez	r2,L39_LF2
  871  00001948  54000000	nop; delay slot nop
  872  0000194c  0800001c	j	L38_LF2
  873  00001950  54000000	nop; delay slot nop
  874  00001954          	L39_LF2:
  875  00001954  8fc2fff4	lw	r2,-12(r30)
  876  00001958  20410001	addi	r1,r2,#1
  877  0000195c  00011020	add	r2,r0,r1
  878  00001960  afc2fff4	sw	-12(r30),r2
  879  00001964  0bffffc8	j	L37_LF2
  880  00001968  54000000	nop; delay slot nop
  881  0000196c          	L38_LF2:
  882  0000196c  8fc1fff4	lw	r1,-12(r30)
  883  00001970  08000004	j	L36_LF2
  884  00001974  54000000	nop; delay slot nop
  885  00001978          	L36_LF2:
  886  00001978  8fa20000	lw	r2,0(r29)
  887  0000197c  8fdffff8	lw	r31,-8(r30)
  888  00001980  001ee820	add	r29,r0,r30
  889  00001984  8fdefffc	lw	r30,-4(r30)
  890  00001988  4be00000	jr	r31
  891  0000198c  54000000	nop
  892  00001990          	.endproc _dstrlen
  893  00001990          	.align 2
  894  00001990          	.proc _dstrstr
  895  00001990          	.global _dstrstr
  896  00001990          	_dstrstr:
  897                      ;  Function 'dstrstr'; 8 bytes of locals, 1 regs to save.
  898  00001990  afbefffc	sw	-4(r29),r30; push fp
  899  00001994  001df020	add	r30,r0,r29; fp = sp
  900  00001998  afbffff8	sw	-8(r29),r31; push ret addr
  901  0000199c  2fbd0018	subui	r29,r29,#24; alloc local storage
  902  000019a0  afa20000	sw	0(r29),r2
  903  000019a4  23bdfff8	addi	r29,r29,#-8
  904  000019a8  001d0820	add	r1,r0,r29
  905  000019ac  8fc20004	lw	r2,4(r30)
  906  000019b0  ac220000	sw	(r1),r2
  907  000019b4  0fffff5c	jal	_dstrlen
  908  000019b8  54000000	nop; delay slot nop
  909  000019bc  23bd0008	addi	r29,r29,#8
  910  000019c0  afc1fff4	sw	-12(r30),r1
  911  000019c4          	L41_LF2:
  912  000019c4  8fc10000	lw	r1,(r30)
  913  000019c8  90220000	lbu	r2,(r1)
  914  000019cc  64410000	snei	r1,r2,#0
  915  000019d0  1420000c	bnez	r1,L43_LF2
  916  000019d4  54000000	nop; delay slot nop
  917  000019d8  08000060	j	L42_LF2
  918  000019dc  54000000	nop; delay slot nop
  919  000019e0          	L43_LF2:
  920  000019e0  23bdfff0	addi	r29,r29,#-16
  921  000019e4  001d0820	add	r1,r0,r29
  922  000019e8  8fc20000	lw	r2,(r30)
  923  000019ec  ac220000	sw	(r1),r2
  924  000019f0  8fc20004	lw	r2,4(r30)
  925  000019f4  ac220004	sw	4(r1),r2
  926  000019f8  8fc2fff4	lw	r2,-12(r30)
  927  000019fc  ac220008	sw	8(r1),r2
  928  00001a00  0ffffdc0	jal	_dstrncmp
  929  00001a04  54000000	nop; delay slot nop
  930  00001a08  23bd0010	addi	r29,r29,#16
  931  00001a0c  64220000	snei	r2,r1,#0
  932  00001a10  14400010	bnez	r2,L44_LF2
  933  00001a14  54000000	nop; delay slot nop
  934  00001a18  8fc10000	lw	r1,(r30)
  935  00001a1c  08000028	j	L40_LF2
  936  00001a20  54000000	nop; delay slot nop
  937  00001a24          	L44_LF2:
  938  00001a24  8fc20000	lw	r2,(r30)
  939  00001a28  20410001	addi	r1,r2,#1
  940  00001a2c  00011020	add	r2,r0,r1
  941  00001a30  afc20000	sw	(r30),r2
  942  00001a34  0bffff8c	j	L41_LF2
  943  00001a38  54000000	nop; delay slot nop
  944  00001a3c          	L42_LF2:
  945  00001a3c  20010000	addi	r1,r0,#0
  946  00001a40  08000004	j	L40_LF2
  947  00001a44  54000000	nop; delay slot nop
  948  00001a48          	L40_LF2:
  949  00001a48  8fa20000	lw	r2,0(r29)
  950  00001a4c  8fdffff8	lw	r31,-8(r30)
  951  00001a50  001ee820	add	r29,r0,r30
  952  00001a54  8fdefffc	lw	r30,-4(r30)
  953  00001a58  4be00000	jr	r31
  954  00001a5c  54000000	nop
  955  00001a60          	.endproc _dstrstr
  956  00001a60          	.align 2
  957  00001a60          	.proc _dmindex
  958  00001a60          	.global _dmindex
  959  00001a60          	_dmindex:
  960                      ;  Function 'dmindex'; 8 bytes of locals, 1 regs to save.
  961  00001a60  afbefffc	sw	-4(r29),r30; push fp
  962  00001a64  001df020	add	r30,r0,r29; fp = sp
  963  00001a68  afbffff8	sw	-8(r29),r31; push ret addr
  964  00001a6c  2fbd0018	subui	r29,r29,#24; alloc local storage
  965  00001a70  afa20000	sw	0(r29),r2
  966  00001a74  54000000	nop
  967  00001a78          	L46_LF2:
  968  00001a78  8fc10000	lw	r1,(r30)
  969  00001a7c  90220000	lbu	r2,(r1)
  970  00001a80  64410000	snei	r1,r2,#0
  971  00001a84  1420000c	bnez	r1,L48_LF2
  972  00001a88  54000000	nop; delay slot nop
  973  00001a8c  08000070	j	L47_LF2
  974  00001a90  54000000	nop; delay slot nop
  975  00001a94          	L48_LF2:
  976  00001a94  8fc10004	lw	r1,4(r30)
  977  00001a98  afc1fff4	sw	-12(r30),r1
  978  00001a9c          	L49_LF2:
  979  00001a9c  8fc1fff4	lw	r1,-12(r30)
  980  00001aa0  90220000	lbu	r2,(r1)
  981  00001aa4  64410000	snei	r1,r2,#0
  982  00001aa8  1420000c	bnez	r1,L52_LF2
  983  00001aac  54000000	nop; delay slot nop
  984  00001ab0  08000044	j	L50_LF2
  985  00001ab4  54000000	nop; delay slot nop
  986  00001ab8          	L52_LF2:
  987  00001ab8  8fc10000	lw	r1,(r30)
  988  00001abc  8fc2fff4	lw	r2,-12(r30)
  989  00001ac0  90210000	lbu	r1,(r1)
  990  00001ac4  90420000	lbu	r2,(r2)
  991  00001ac8  00220828	seq	r1,r1,r2
  992  00001acc  10200010	beqz	r1,L51_LF2
  993  00001ad0  54000000	nop; delay slot nop
  994  00001ad4  8fc10000	lw	r1,(r30)
  995  00001ad8  08000030	j	L45_LF2
  996  00001adc  54000000	nop; delay slot nop
  997  00001ae0          	L53_LF2:
  998  00001ae0          	L51_LF2:
  999  00001ae0  8fc2fff4	lw	r2,-12(r30)
 1000  00001ae4  20410001	addi	r1,r2,#1
 1001  00001ae8  00011020	add	r2,r0,r1
 1002  00001aec  afc2fff4	sw	-12(r30),r2
 1003  00001af0  0bffffa8	j	L49_LF2
 1004  00001af4  54000000	nop; delay slot nop
 1005  00001af8          	L50_LF2:
 1006  00001af8  0bffff7c	j	L46_LF2
 1007  00001afc  54000000	nop; delay slot nop
 1008  00001b00          	L47_LF2:
 1009  00001b00  20010000	addi	r1,r0,#0
 1010  00001b04  08000004	j	L45_LF2
 1011  00001b08  54000000	nop; delay slot nop
 1012  00001b0c          	L45_LF2:
 1013  00001b0c  8fa20000	lw	r2,0(r29)
 1014  00001b10  8fdffff8	lw	r31,-8(r30)
 1015  00001b14  001ee820	add	r29,r0,r30
 1016  00001b18  8fdefffc	lw	r30,-4(r30)
 1017  00001b1c  4be00000	jr	r31
 1018  00001b20  54000000	nop
 1019  00001b24          	.endproc _dmindex
 1020  00001b24          	.align 2
 1021  00001b24          	.proc _dindex
 1022  00001b24          	.global _dindex
 1023  00001b24          	_dindex:
 1024                      ;  Function 'dindex'; 0 bytes of locals, 1 regs to save.
 1025  00001b24  afbefffc	sw	-4(r29),r30; push fp
 1026  00001b28  001df020	add	r30,r0,r29; fp = sp
 1027  00001b2c  afbffff8	sw	-8(r29),r31; push ret addr
 1028  00001b30  2fbd0010	subui	r29,r29,#16; alloc local storage
 1029  00001b34  afa20000	sw	0(r29),r2
 1030  00001b38  54000000	nop
 1031  00001b3c          	L55_LF2:
 1032  00001b3c  8fc10000	lw	r1,(r30)
 1033  00001b40  90220000	lbu	r2,(r1)
 1034  00001b44  64410000	snei	r1,r2,#0
 1035  00001b48  1420000c	bnez	r1,L57_LF2
 1036  00001b4c  54000000	nop; delay slot nop
 1037  00001b50  08000040	j	L56_LF2
 1038  00001b54  54000000	nop; delay slot nop
 1039  00001b58          	L57_LF2:
 1040  00001b58  8fc10000	lw	r1,(r30)
 1041  00001b5c  90220000	lbu	r2,(r1)
 1042  00001b60  8fc10004	lw	r1,4(r30)
 1043  00001b64  00411028	seq	r2,r2,r1
 1044  00001b68  10400010	beqz	r2,L58_LF2
 1045  00001b6c  54000000	nop; delay slot nop
 1046  00001b70  8fc10000	lw	r1,(r30)
 1047  00001b74  08000028	j	L54_LF2
 1048  00001b78  54000000	nop; delay slot nop
 1049  00001b7c          	L58_LF2:
 1050  00001b7c  8fc20000	lw	r2,(r30)
 1051  00001b80  20410001	addi	r1,r2,#1
 1052  00001b84  00011020	add	r2,r0,r1
 1053  00001b88  afc20000	sw	(r30),r2
 1054  00001b8c  0bffffac	j	L55_LF2
 1055  00001b90  54000000	nop; delay slot nop
 1056  00001b94          	L56_LF2:
 1057  00001b94  20010000	addi	r1,r0,#0
 1058  00001b98  08000004	j	L54_LF2
 1059  00001b9c  54000000	nop; delay slot nop
 1060  00001ba0          	L54_LF2:
 1061  00001ba0  8fa20000	lw	r2,0(r29)
 1062  00001ba4  8fdffff8	lw	r31,-8(r30)
 1063  00001ba8  001ee820	add	r29,r0,r30
 1064  00001bac  8fdefffc	lw	r30,-4(r30)
 1065  00001bb0  4be00000	jr	r31
 1066  00001bb4  54000000	nop
 1067  00001bb8          	.endproc _dindex
 1068  00001bb8          	.align 2
 1069  00001bb8          	.proc _ditoa
 1070  00001bb8          	.global _ditoa
 1071  00001bb8          	_ditoa:
 1072                      ;  Function 'ditoa'; 8 bytes of locals, 2 regs to save.
 1073  00001bb8  afbefffc	sw	-4(r29),r30; push fp
 1074  00001bbc  001df020	add	r30,r0,r29; fp = sp
 1075  00001bc0  afbffff8	sw	-8(r29),r31; push ret addr
 1076  00001bc4  2fbd0018	subui	r29,r29,#24; alloc local storage
 1077  00001bc8  afa20000	sw	0(r29),r2
 1078  00001bcc  afa30004	sw	4(r29),r3
 1079  00001bd0  8fc10000	lw	r1,(r30)
 1080  00001bd4  68220000	slti	r2,r1,#0
 1081  00001bd8  1040002c	beqz	r2,L60_LF2
 1082  00001bdc  54000000	nop; delay slot nop
 1083  00001be0  8fc10004	lw	r1,4(r30)
 1084  00001be4  20220001	addi	r2,r1,#1
 1085  00001be8  afc20004	sw	4(r30),r2
 1086  00001bec  2002002d	addi	r2,r0,(#0x2d)&0xff
 1087  00001bf0  a0220000	sb	(r1),r2
 1088  00001bf4  8fc10000	lw	r1,(r30)
 1089  00001bf8  00011022	sub	r2,r0,r1
 1090  00001bfc  afc20000	sw	(r30),r2
 1091  00001c00  08000118	j	L61_LF2
 1092  00001c04  54000000	nop; delay slot nop
 1093  00001c08          	L60_LF2:
 1094  00001c08  8fc10000	lw	r1,(r30)
 1095  00001c0c  64220000	snei	r2,r1,#0
 1096  00001c10  14400020	bnez	r2,L62_LF2
 1097  00001c14  54000000	nop; delay slot nop
 1098  00001c18  8fc10004	lw	r1,4(r30)
 1099  00001c1c  20220001	addi	r2,r1,#1
 1100  00001c20  afc20004	sw	4(r30),r2
 1101  00001c24  20020030	addi	r2,r0,(#0x30)&0xff
 1102  00001c28  a0220000	sb	(r1),r2
 1103  00001c2c  080000ec	j	L61_LF2
 1104  00001c30  54000000	nop; delay slot nop
 1105  00001c34          	L62_LF2:
 1106  00001c34  20010001	addi	r1,r0,#1
 1107  00001c38  afc1fff4	sw	-12(r30),r1
 1108  00001c3c          	L64_LF2:
 1109  00001c3c  8fc1fff4	lw	r1,-12(r30)
 1110  00001c40  8fc20000	lw	r2,(r30)
 1111  00001c44  0022082c	sle	r1,r1,r2
 1112  00001c48  1420000c	bnez	r1,L66_LF2
 1113  00001c4c  54000000	nop; delay slot nop
 1114  00001c50  08000024	j	L65_LF2
 1115  00001c54  54000000	nop; delay slot nop
 1116  00001c58          	L67_LF2:
 1117  00001c58          	L66_LF2:
 1118  00001c58  8fc1fff4	lw	r1,-12(r30)
 1119  00001c5c  00011820	add	r3,r0,r1
 1120  00001c60  50620002	slli	r2,r3,#0x2
 1121  00001c64  00411020	add	r2,r2,r1
 1122  00001c68  50410001	slli	r1,r2,#0x1
 1123  00001c6c  afc1fff4	sw	-12(r30),r1
 1124  00001c70  0bffffc8	j	L64_LF2
 1125  00001c74  54000000	nop; delay slot nop
 1126  00001c78          	L65_LF2:
 1127  00001c78  54000000	nop
 1128  00001c7c          	L68_LF2:
 1129  00001c7c  8fc1fff4	lw	r1,-12(r30)
 1130  00001c80  2002000a	addi	r2,r0,#10
 1131  00001c84  00200035	movi2fp	f0,r1
 1132  00001c88  00400835	movi2fp	f1,r2
 1133  00001c8c  0401000f	div	f0,f0,f1
 1134  00001c90  00000834	movfp2i	r1,f0
 1135  00001c94  afc1fff4	sw	-12(r30),r1
 1136  00001c98  8fc10004	lw	r1,4(r30)
 1137  00001c9c  20220001	addi	r2,r1,#1
 1138  00001ca0  afc20004	sw	4(r30),r2
 1139  00001ca4  8fc20000	lw	r2,(r30)
 1140  00001ca8  8fc3fff4	lw	r3,-12(r30)
 1141  00001cac  00400035	movi2fp	f0,r2
 1142  00001cb0  00600835	movi2fp	f1,r3
 1143  00001cb4  0401000f	div	f0,f0,f1
 1144  00001cb8  00001034	movfp2i	r2,f0
 1145  00001cbc  00021820	add	r3,r0,r2
 1146  00001cc0  20620030	addi	r2,r3,#48
 1147  00001cc4  a0220000	sb	(r1),r2
 1148  00001cc8  8fc10000	lw	r1,(r30)
 1149  00001ccc  8fc3fff4	lw	r3,-12(r30)
 1150  00001cd0  00200035	movi2fp	f0,r1
 1151  00001cd4  00600835	movi2fp	f1,r3
 1152  00001cd8  0401000f	div	f0,f0,f1
 1153  00001cdc  00001034	movfp2i	r2,f0
 1154  00001ce0  8fc3fff4	lw	r3,-12(r30)
 1155  00001ce4  00400035	movi2fp	f0,r2
 1156  00001ce8  00600835	movi2fp	f1,r3
 1157  00001cec  0401000e	mult	f0,f0,f1
 1158  00001cf0  00001034	movfp2i	r2,f0
 1159  00001cf4  00220822	sub	r1,r1,r2
 1160  00001cf8  afc10000	sw	(r30),r1
 1161  00001cfc          	L70_LF2:
 1162  00001cfc  8fc1fff4	lw	r1,-12(r30)
 1163  00001d00  6c220001	sgti	r2,r1,#1
 1164  00001d04  1440000c	bnez	r2,L71_LF2
 1165  00001d08  54000000	nop; delay slot nop
 1166  00001d0c  0800000c	j	L61_LF2
 1167  00001d10  54000000	nop; delay slot nop
 1168  00001d14          	L71_LF2:
 1169  00001d14  0bffff64	j	L68_LF2
 1170  00001d18  54000000	nop; delay slot nop
 1171  00001d1c          	L69_LF2:
 1172  00001d1c          	L63_LF2:
 1173  00001d1c          	L61_LF2:
 1174  00001d1c  8fc10004	lw	r1,4(r30)
 1175  00001d20  20020000	addi	r2,r0,(#0x0)&0xff
 1176  00001d24  a0220000	sb	(r1),r2
 1177  00001d28          	L59_LF2:
 1178  00001d28  8fa20000	lw	r2,0(r29)
 1179  00001d2c  8fa30004	lw	r3,4(r29)
 1180  00001d30  8fdffff8	lw	r31,-8(r30)
 1181  00001d34  001ee820	add	r29,r0,r30
 1182  00001d38  8fdefffc	lw	r30,-4(r30)
 1183  00001d3c  4be00000	jr	r31
 1184  00001d40  54000000	nop
 1185  00001d44          	.endproc _ditoa
 1186  00001d44          	.align 2
 1187  00001d44          	.proc _dstrtol
 1188  00001d44          	.global _dstrtol
 1189  00001d44          	_dstrtol:
 1190                      ;  Function 'dstrtol'; 16 bytes of locals, 1 regs to save.
 1191  00001d44  afbefffc	sw	-4(r29),r30; push fp
 1192  00001d48  001df020	add	r30,r0,r29; fp = sp
 1193  00001d4c  afbffff8	sw	-8(r29),r31; push ret addr
 1194  00001d50  2fbd0020	subui	r29,r29,#32; alloc local storage
 1195  00001d54  afa20000	sw	0(r29),r2
 1196  00001d58  20010000	addi	r1,r0,#0
 1197  00001d5c  afc1fff4	sw	-12(r30),r1
 1198  00001d60          	L73_LF2:
 1199  00001d60  8fc10000	lw	r1,(r30)
 1200  00001d64  90220000	lbu	r2,(r1)
 1201  00001d68  60410020	seqi	r1,r2,#32
 1202  00001d6c  14200034	bnez	r1,L75_LF2
 1203  00001d70  54000000	nop; delay slot nop
 1204  00001d74  8fc10000	lw	r1,(r30)
 1205  00001d78  90220000	lbu	r2,(r1)
 1206  00001d7c  60410009	seqi	r1,r2,#9
 1207  00001d80  14200020	bnez	r1,L75_LF2
 1208  00001d84  54000000	nop; delay slot nop
 1209  00001d88  8fc10000	lw	r1,(r30)
 1210  00001d8c  90220000	lbu	r2,(r1)
 1211  00001d90  6041000a	seqi	r1,r2,#10
 1212  00001d94  1420000c	bnez	r1,L75_LF2
 1213  00001d98  54000000	nop; delay slot nop
 1214  00001d9c  0800001c	j	L74_LF2
 1215  00001da0  54000000	nop; delay slot nop
 1216  00001da4          	L75_LF2:
 1217  00001da4  8fc20000	lw	r2,(r30)
 1218  00001da8  20410001	addi	r1,r2,#1
 1219  00001dac  00011020	add	r2,r0,r1
 1220  00001db0  afc20000	sw	(r30),r2
 1221  00001db4  0bffffa8	j	L73_LF2
 1222  00001db8  54000000	nop; delay slot nop
 1223  00001dbc          	L74_LF2:
 1224  00001dbc  8fc10004	lw	r1,4(r30)
 1225  00001dc0  64220000	snei	r2,r1,#0
 1226  00001dc4  10400010	beqz	r2,L76_LF2
 1227  00001dc8  54000000	nop; delay slot nop
 1228  00001dcc  8fc10004	lw	r1,4(r30)
 1229  00001dd0  8fc20000	lw	r2,(r30)
 1230  00001dd4  ac220000	sw	(r1),r2
 1231  00001dd8          	L76_LF2:
 1232  00001dd8  8fc10000	lw	r1,(r30)
 1233  00001ddc  90220000	lbu	r2,(r1)
 1234  00001de0  64410000	snei	r1,r2,#0
 1235  00001de4  14200010	bnez	r1,L77_LF2
 1236  00001de8  54000000	nop; delay slot nop
 1237  00001dec  8fc1fff4	lw	r1,-12(r30)
 1238  00001df0  08000294	j	L72_LF2
 1239  00001df4  54000000	nop; delay slot nop
 1240  00001df8          	L77_LF2:
 1241  00001df8  8fc10000	lw	r1,(r30)
 1242  00001dfc  90220000	lbu	r2,(r1)
 1243  00001e00  6041002d	seqi	r1,r2,#45
 1244  00001e04  10200024	beqz	r1,L78_LF2
 1245  00001e08  54000000	nop; delay slot nop
 1246  00001e0c  2001ffff	addi	r1,r0,#-1
 1247  00001e10  afc1ffec	sw	-20(r30),r1
 1248  00001e14  8fc20000	lw	r2,(r30)
 1249  00001e18  20410001	addi	r1,r2,#1
 1250  00001e1c  00011020	add	r2,r0,r1
 1251  00001e20  afc20000	sw	(r30),r2
 1252  00001e24  0800000c	j	L79_LF2
 1253  00001e28  54000000	nop; delay slot nop
 1254  00001e2c          	L78_LF2:
 1255  00001e2c  20010001	addi	r1,r0,#1
 1256  00001e30  afc1ffec	sw	-20(r30),r1
 1257  00001e34          	L79_LF2:
 1258  00001e34  8fc10008	lw	r1,8(r30)
 1259  00001e38  64220000	snei	r2,r1,#0
 1260  00001e3c  14400090	bnez	r2,L80_LF2
 1261  00001e40  54000000	nop; delay slot nop
 1262  00001e44  8fc10000	lw	r1,(r30)
 1263  00001e48  90220000	lbu	r2,(r1)
 1264  00001e4c  60410030	seqi	r1,r2,#48
 1265  00001e50  10200074	beqz	r1,L81_LF2
 1266  00001e54  54000000	nop; delay slot nop
 1267  00001e58  8fc20000	lw	r2,(r30)
 1268  00001e5c  20410001	addi	r1,r2,#1
 1269  00001e60  00011020	add	r2,r0,r1
 1270  00001e64  afc20000	sw	(r30),r2
 1271  00001e68  8fc10000	lw	r1,(r30)
 1272  00001e6c  90220000	lbu	r2,(r1)
 1273  00001e70  60410078	seqi	r1,r2,#120
 1274  00001e74  14200020	bnez	r1,L83_LF2
 1275  00001e78  54000000	nop; delay slot nop
 1276  00001e7c  8fc10000	lw	r1,(r30)
 1277  00001e80  90220000	lbu	r2,(r1)
 1278  00001e84  60410058	seqi	r1,r2,#88
 1279  00001e88  1420000c	bnez	r1,L83_LF2
 1280  00001e8c  54000000	nop; delay slot nop
 1281  00001e90  08000024	j	L82_LF2
 1282  00001e94  54000000	nop; delay slot nop
 1283  00001e98          	L83_LF2:
 1284  00001e98  20010010	addi	r1,r0,#16
 1285  00001e9c  afc10008	sw	8(r30),r1
 1286  00001ea0  8fc20000	lw	r2,(r30)
 1287  00001ea4  20410001	addi	r1,r2,#1
 1288  00001ea8  00011020	add	r2,r0,r1
 1289  00001eac  afc20000	sw	(r30),r2
 1290  00001eb0  0800000c	j	L84_LF2
 1291  00001eb4  54000000	nop; delay slot nop
 1292  00001eb8          	L82_LF2:
 1293  00001eb8  20010008	addi	r1,r0,#8
 1294  00001ebc  afc10008	sw	8(r30),r1
 1295  00001ec0          	L84_LF2:
 1296  00001ec0  0800000c	j	L80_LF2
 1297  00001ec4  54000000	nop; delay slot nop
 1298  00001ec8          	L81_LF2:
 1299  00001ec8  2001000a	addi	r1,r0,#10
 1300  00001ecc  afc10008	sw	8(r30),r1
 1301  00001ed0          	L85_LF2:
 1302  00001ed0          	L80_LF2:
 1303  00001ed0  8fc10008	lw	r1,8(r30)
 1304  00001ed4  70220000	slei	r2,r1,#0
 1305  00001ed8  1440001c	bnez	r2,L87_LF2
 1306  00001edc  54000000	nop; delay slot nop
 1307  00001ee0  8fc10008	lw	r1,8(r30)
 1308  00001ee4  6c220010	sgti	r2,r1,#16
 1309  00001ee8  1440000c	bnez	r2,L87_LF2
 1310  00001eec  54000000	nop; delay slot nop
 1311  00001ef0  08000010	j	L86_LF2
 1312  00001ef4  54000000	nop; delay slot nop
 1313  00001ef8          	L87_LF2:
 1314  00001ef8  8fc1fff4	lw	r1,-12(r30)
 1315  00001efc  08000188	j	L72_LF2
 1316  00001f00  54000000	nop; delay slot nop
 1317  00001f04          	L86_LF2:
 1318  00001f04  54000000	nop
 1319  00001f08          	L88_LF2:
 1320  00001f08  8fc10000	lw	r1,(r30)
 1321  00001f0c  90220000	lbu	r2,(r1)
 1322  00001f10  6c41002f	sgtui	r1,r2,#47
 1323  00001f14  10200030	beqz	r1,L91_LF2
 1324  00001f18  54000000	nop; delay slot nop
 1325  00001f1c  8fc10000	lw	r1,(r30)
 1326  00001f20  90220000	lbu	r2,(r1)
 1327  00001f24  70410039	sleui	r1,r2,#57
 1328  00001f28  1020001c	beqz	r1,L91_LF2
 1329  00001f2c  54000000	nop; delay slot nop
 1330  00001f30  8fc10000	lw	r1,(r30)
 1331  00001f34  90220000	lbu	r2,(r1)
 1332  00001f38  2041ffd0	addi	r1,r2,#-48
 1333  00001f3c  afc1fff0	sw	-16(r30),r1
 1334  00001f40  0800008c	j	L92_LF2
 1335  00001f44  54000000	nop; delay slot nop
 1336  00001f48          	L91_LF2:
 1337  00001f48  8fc10000	lw	r1,(r30)
 1338  00001f4c  90220000	lbu	r2,(r1)
 1339  00001f50  6c410060	sgtui	r1,r2,#96
 1340  00001f54  10200030	beqz	r1,L93_LF2
 1341  00001f58  54000000	nop; delay slot nop
 1342  00001f5c  8fc10000	lw	r1,(r30)
 1343  00001f60  90220000	lbu	r2,(r1)
 1344  00001f64  7041007a	sleui	r1,r2,#122
 1345  00001f68  1020001c	beqz	r1,L93_LF2
 1346  00001f6c  54000000	nop; delay slot nop
 1347  00001f70  8fc10000	lw	r1,(r30)
 1348  00001f74  90220000	lbu	r2,(r1)
 1349  00001f78  2041ffa9	addi	r1,r2,#-87
 1350  00001f7c  afc1fff0	sw	-16(r30),r1
 1351  00001f80  0800004c	j	L92_LF2
 1352  00001f84  54000000	nop; delay slot nop
 1353  00001f88          	L93_LF2:
 1354  00001f88  8fc10000	lw	r1,(r30)
 1355  00001f8c  90220000	lbu	r2,(r1)
 1356  00001f90  6c410040	sgtui	r1,r2,#64
 1357  00001f94  10200030	beqz	r1,L95_LF2
 1358  00001f98  54000000	nop; delay slot nop
 1359  00001f9c  8fc10000	lw	r1,(r30)
 1360  00001fa0  90220000	lbu	r2,(r1)
 1361  00001fa4  7041005a	sleui	r1,r2,#90
 1362  00001fa8  1020001c	beqz	r1,L95_LF2
 1363  00001fac  54000000	nop; delay slot nop
 1364  00001fb0  8fc10000	lw	r1,(r30)
 1365  00001fb4  90220000	lbu	r2,(r1)
 1366  00001fb8  2041ffc9	addi	r1,r2,#-55
 1367  00001fbc  afc1fff0	sw	-16(r30),r1
 1368  00001fc0  0800000c	j	L92_LF2
 1369  00001fc4  54000000	nop; delay slot nop
 1370  00001fc8          	L95_LF2:
 1371  00001fc8  200103e8	addi	r1,r0,#1000
 1372  00001fcc  afc1fff0	sw	-16(r30),r1
 1373  00001fd0          	L96_LF2:
 1374  00001fd0          	L94_LF2:
 1375  00001fd0          	L92_LF2:
 1376  00001fd0  8fc1fff0	lw	r1,-16(r30)
 1377  00001fd4  8fc20008	lw	r2,8(r30)
 1378  00001fd8  0022082a	slt	r1,r1,r2
 1379  00001fdc  10200040	beqz	r1,L90_LF2
 1380  00001fe0  54000000	nop; delay slot nop
 1381  00001fe4  8fc1fff4	lw	r1,-12(r30)
 1382  00001fe8  8fc20008	lw	r2,8(r30)
 1383  00001fec  00200035	movi2fp	f0,r1
 1384  00001ff0  00400835	movi2fp	f1,r2
 1385  00001ff4  0401000e	mult	f0,f0,f1
 1386  00001ff8  00000834	movfp2i	r1,f0
 1387  00001ffc  afc1fff4	sw	-12(r30),r1
 1388  00002000  8fc1fff4	lw	r1,-12(r30)
 1389  00002004  8fc2fff0	lw	r2,-16(r30)
 1390  00002008  00220820	add	r1,r1,r2
 1391  0000200c  afc1fff4	sw	-12(r30),r1
 1392  00002010  8fc20000	lw	r2,(r30)
 1393  00002014  20410001	addi	r1,r2,#1
 1394  00002018  00011020	add	r2,r0,r1
 1395  0000201c  afc20000	sw	(r30),r2
 1396  00002020          	L97_LF2:
 1397  00002020          	L90_LF2:
 1398  00002020  8fc1fff0	lw	r1,-16(r30)
 1399  00002024  8fc20008	lw	r2,8(r30)
 1400  00002028  0022082a	slt	r1,r1,r2
 1401  0000202c  1420000c	bnez	r1,L98_LF2
 1402  00002030  54000000	nop; delay slot nop
 1403  00002034  0800000c	j	L89_LF2
 1404  00002038  54000000	nop; delay slot nop
 1405  0000203c          	L98_LF2:
 1406  0000203c  0bfffec8	j	L88_LF2
 1407  00002040  54000000	nop; delay slot nop
 1408  00002044          	L89_LF2:
 1409  00002044  8fc10004	lw	r1,4(r30)
 1410  00002048  64220000	snei	r2,r1,#0
 1411  0000204c  10400010	beqz	r2,L99_LF2
 1412  00002050  54000000	nop; delay slot nop
 1413  00002054  8fc10004	lw	r1,4(r30)
 1414  00002058  8fc20000	lw	r2,(r30)
 1415  0000205c  ac220000	sw	(r1),r2
 1416  00002060          	L99_LF2:
 1417  00002060  8fc1fff4	lw	r1,-12(r30)
 1418  00002064  8fc2ffec	lw	r2,-20(r30)
 1419  00002068  00200035	movi2fp	f0,r1
 1420  0000206c  00400835	movi2fp	f1,r2
 1421  00002070  0401000e	mult	f0,f0,f1
 1422  00002074  00000834	movfp2i	r1,f0
 1423  00002078  afc1fff4	sw	-12(r30),r1
 1424  0000207c  8fc1fff4	lw	r1,-12(r30)
 1425  00002080  08000004	j	L72_LF2
 1426  00002084  54000000	nop; delay slot nop
 1427  00002088          	L72_LF2:
 1428  00002088  8fa20000	lw	r2,0(r29)
 1429  0000208c  8fdffff8	lw	r31,-8(r30)
 1430  00002090  001ee820	add	r29,r0,r30
 1431  00002094  8fdefffc	lw	r30,-4(r30)
 1432  00002098  4be00000	jr	r31
 1433  0000209c  54000000	nop
 1434  000020a0          	.endproc _dstrtol
 1435  000020a0          	.align 2
 1436  000020a0          	.proc _bcopy
 1437  000020a0          	.global _bcopy
 1438  000020a0          	_bcopy:
 1439                      ;  Function 'bcopy'; 0 bytes of locals, 2 regs to save.
 1440  000020a0  afbefffc	sw	-4(r29),r30; push fp
 1441  000020a4  001df020	add	r30,r0,r29; fp = sp
 1442  000020a8  afbffff8	sw	-8(r29),r31; push ret addr
 1443  000020ac  2fbd0010	subui	r29,r29,#16; alloc local storage
 1444  000020b0  afa20000	sw	0(r29),r2
 1445  000020b4  afa30004	sw	4(r29),r3
 1446  000020b8  54000000	nop
 1447  000020bc          	L101_LF2:
 1448  000020bc  8fc10008	lw	r1,8(r30)
 1449  000020c0  2022ffff	addi	r2,r1,#-1
 1450  000020c4  afc20008	sw	8(r30),r2
 1451  000020c8  6c210000	sgti	r1,r1,#0
 1452  000020cc  1420000c	bnez	r1,L103_LF2
 1453  000020d0  54000000	nop; delay slot nop
 1454  000020d4  0800002c	j	L102_LF2
 1455  000020d8  54000000	nop; delay slot nop
 1456  000020dc          	L103_LF2:
 1457  000020dc  8fc10004	lw	r1,4(r30)
 1458  000020e0  20220001	addi	r2,r1,#1
 1459  000020e4  afc20004	sw	4(r30),r2
 1460  000020e8  8fc20000	lw	r2,(r30)
 1461  000020ec  20430001	addi	r3,r2,#1
 1462  000020f0  afc30000	sw	(r30),r3
 1463  000020f4  80420000	lb	r2,(r2)
 1464  000020f8  a0220000	sb	(r1),r2
 1465  000020fc  0bffffbc	j	L101_LF2
 1466  00002100  54000000	nop; delay slot nop
 1467  00002104          	L102_LF2:
 1468  00002104          	L100_LF2:
 1469  00002104  8fa20000	lw	r2,0(r29)
 1470  00002108  8fa30004	lw	r3,4(r29)
 1471  0000210c  8fdffff8	lw	r31,-8(r30)
 1472  00002110  001ee820	add	r29,r0,r30
 1473  00002114  8fdefffc	lw	r30,-4(r30)
 1474  00002118  4be00000	jr	r31
 1475  0000211c  54000000	nop
 1476  00002120          	.endproc _bcopy
 1477  00002120          	.align 2
 1478  00002120          	.proc _bzero
 1479  00002120          	.global _bzero
 1480  00002120          	_bzero:
 1481                      ;  Function 'bzero'; 0 bytes of locals, 1 regs to save.
 1482  00002120  afbefffc	sw	-4(r29),r30; push fp
 1483  00002124  001df020	add	r30,r0,r29; fp = sp
 1484  00002128  afbffff8	sw	-8(r29),r31; push ret addr
 1485  0000212c  2fbd0010	subui	r29,r29,#16; alloc local storage
 1486  00002130  afa20000	sw	0(r29),r2
 1487  00002134  54000000	nop
 1488  00002138          	L105_LF2:
 1489  00002138  8fc10004	lw	r1,4(r30)
 1490  0000213c  2022ffff	addi	r2,r1,#-1
 1491  00002140  afc20004	sw	4(r30),r2
 1492  00002144  6c210000	sgti	r1,r1,#0
 1493  00002148  1420000c	bnez	r1,L107_LF2
 1494  0000214c  54000000	nop; delay slot nop
 1495  00002150  08000020	j	L106_LF2
 1496  00002154  54000000	nop; delay slot nop
 1497  00002158          	L107_LF2:
 1498  00002158  8fc10000	lw	r1,(r30)
 1499  0000215c  20220001	addi	r2,r1,#1
 1500  00002160  afc20000	sw	(r30),r2
 1501  00002164  20020000	addi	r2,r0,(#0x0)&0xff
 1502  00002168  a0220000	sb	(r1),r2
 1503  0000216c  0bffffc8	j	L105_LF2
 1504  00002170  54000000	nop; delay slot nop
 1505  00002174          	L106_LF2:
 1506  00002174          	L104_LF2:
 1507  00002174  8fa20000	lw	r2,0(r29)
 1508  00002178  8fdffff8	lw	r31,-8(r30)
 1509  0000217c  001ee820	add	r29,r0,r30
 1510  00002180  8fdefffc	lw	r30,-4(r30)
 1511  00002184  4be00000	jr	r31
 1512  00002188  54000000	nop
 1513  0000218c          	.endproc _bzero
 1514  0000218c          	.align 2
 1515  0000218c          	.proc _min
 1516  0000218c          	.global _min
 1517  0000218c          	_min:
 1518                      ;  Function 'min'; 0 bytes of locals, 2 regs to save.
 1519  0000218c  afbefffc	sw	-4(r29),r30; push fp
 1520  00002190  001df020	add	r30,r0,r29; fp = sp
 1521  00002194  afbffff8	sw	-8(r29),r31; push ret addr
 1522  00002198  2fbd0010	subui	r29,r29,#16; alloc local storage
 1523  0000219c  afa20000	sw	0(r29),r2
 1524  000021a0  afa30004	sw	4(r29),r3
 1525  000021a4  8fc10000	lw	r1,(r30)
 1526  000021a8  8fc20004	lw	r2,4(r30)
 1527  000021ac  0022182c	sle	r3,r1,r2
 1528  000021b0  14600008	bnez	r3,L109_LF2
 1529  000021b4  54000000	nop; delay slot nop
 1530  000021b8  8fc10004	lw	r1,4(r30)
 1531  000021bc          	L109_LF2:
 1532  000021bc  08000004	j	L108_LF2
 1533  000021c0  54000000	nop; delay slot nop
 1534  000021c4          	L108_LF2:
 1535  000021c4  8fa20000	lw	r2,0(r29)
 1536  000021c8  8fa30004	lw	r3,4(r29)
 1537  000021cc  8fdffff8	lw	r31,-8(r30)
 1538  000021d0  001ee820	add	r29,r0,r30
 1539  000021d4  8fdefffc	lw	r30,-4(r30)
 1540  000021d8  4be00000	jr	r31
 1541  000021dc  54000000	nop
 1542  000021e0          	.endproc _min
 1543                      ;;; Ethan L. Miller, 1999.  Released to the public domain
 1544                      ;;;
 1545                      ;;; Most of the traps are called in files from libtraps.
 1548  000021e0          	.align 2
 1549  000021e0          	.proc _exit
 1550  000021e0          	.global _exit
 1551  000021e0          	_exit:
 1552  000021e0  44000300	trap	#0x300
 1553  000021e4  4be00000	jr	r31
 1554  000021e8  54000000	nop
 1555  000021ec          	.endproc _exit
 1557                      ; for the benefit of gcc.
 1558  000021ec          	.proc ___main
 1559  000021ec          	.global ___main
 1560  000021ec          	___main:
 1561  000021ec  4be00000	jr	r31
 1562  000021f0  54000000	nop
 1563  000021f4          	.endproc ___main
 1564  000021f4          	.text
 1565  000021f4          	.global _etext
 1566  000021f4          	_etext:
 1567  000021f4          	.align 3
 1568  000021f8          	.data
 1569  00003151          	.global _edata
 1570  00003151          	_edata:
