 line   address	contents
    1                      ; Linked by DLX-LD.
    2                      ; MemSize 24576
    3                      ; Data size: 350
    4                      ; Text size: 4612
    5                      ; Stack size: 8192
    6  00000000          	.text 0x1000
    7  00001000          	.data 0x3000
    8                      ; Compiled by GCC
    9  00003000          	.text
   10  00001000          	.align 2
   11  00001000          	.proc _isspace
   12  00001000          	.global _isspace
   13  00001000          	_isspace:
   14                      ;  Function 'isspace'; 0 bytes of locals, 1 regs to save.
   15  00001000  afbefffc	sw	-4(r29),r30; push fp
   16  00001004  001df020	add	r30,r0,r29; fp = sp
   17  00001008  afbffff8	sw	-8(r29),r31; push ret addr
   18  0000100c  2fbd0010	subui	r29,r29,#16; alloc local storage
   19  00001010  afa20000	sw	0(r29),r2
   20  00001014  83c20003	lb	r2,3(r30)
   21  00001018  201f0000	addi	r31,r0,#0
   22  0000101c  304100ff	andi	r1,r2,#0x00ff
   23  00001020  60210020	seqi	r1,r1,#32
   24  00001024  14200018	bnez	r1,L6_LF0
   25  00001028  54000000	nop; not filled.
   26  0000102c  2041fff7	addi	r1,r2,#-9
   27  00001030  302100ff	andi	r1,r1,#0x00ff
   28  00001034  70210001	sleui	r1,r1,#1
   29  00001038  10200008	beqz	r1,L5_LF0
   30  0000103c  54000000	nop; not filled.
   31  00001040          	L6_LF0:
   32  00001040  201f0001	addi	r31,r0,#1
   33  00001044          	L5_LF0:
   34  00001044  001f0820	add	r1,r0,r31
   35  00001048  8fa20000	lw	r2,0(r29)
   36  0000104c  8fdffff8	lw	r31,-8(r30)
   37  00001050  001ee820	add	r29,r0,r30
   38  00001054  8fdefffc	lw	r30,-4(r30)
   39  00001058  4be00000	jr	r31
   40  0000105c  54000000	nop
   41  00001060          	.endproc _isspace
   42  00001060          	.align 2
   43  00001060          	.proc _isxdigit
   44  00001060          	.global _isxdigit
   45  00001060          	_isxdigit:
   46                      ;  Function 'isxdigit'; 0 bytes of locals, 1 regs to save.
   47  00001060  afbefffc	sw	-4(r29),r30; push fp
   48  00001064  001df020	add	r30,r0,r29; fp = sp
   49  00001068  afbffff8	sw	-8(r29),r31; push ret addr
   50  0000106c  2fbd0010	subui	r29,r29,#16; alloc local storage
   51  00001070  afa20000	sw	0(r29),r2
   52  00001074  83df0003	lb	r31,3(r30)
   53  00001078  20020000	addi	r2,r0,#0
   54  0000107c  23e1ffd0	addi	r1,r31,#-48
   55  00001080  302100ff	andi	r1,r1,#0x00ff
   56  00001084  70210009	sleui	r1,r1,#9
   57  00001088  14200028	bnez	r1,L12_LF0
   58  0000108c  54000000	nop; not filled.
   59  00001090  23e1ff9f	addi	r1,r31,#-97
   60  00001094  302100ff	andi	r1,r1,#0x00ff
   61  00001098  70210005	sleui	r1,r1,#5
   62  0000109c  14200014	bnez	r1,L12_LF0
   63  000010a0  54000000	nop; not filled.
   64  000010a4  33e100ff	andi	r1,r31,#0x00ff
   65  000010a8  64210041	snei	r1,r1,#65
   66  000010ac  14200008	bnez	r1,L11_LF0
   67  000010b0  54000000	nop; not filled.
   68  000010b4          	L12_LF0:
   69  000010b4  20020001	addi	r2,r0,#1
   70  000010b8          	L11_LF0:
   71  000010b8  00020820	add	r1,r0,r2
   72  000010bc  8fa20000	lw	r2,0(r29)
   73  000010c0  8fdffff8	lw	r31,-8(r30)
   74  000010c4  001ee820	add	r29,r0,r30
   75  000010c8  8fdefffc	lw	r30,-4(r30)
   76  000010cc  4be00000	jr	r31
   77  000010d0  54000000	nop
   78  000010d4          	.endproc _isxdigit
   79  000010d4          	.data
   80  00003000          	.align 2
   81  00003000          	LC0_LF0:
   82  00003000  55736167	.ascii "Usage: %s <handle_to_mailbox> <handle_to_page_mapped_semaphore>\n\000"
   82  00003004  653a2025	
   82  00003008  73203c68	
   82  0000300c  616e646c	
   82  00003010  655f746f	
   82  00003014  5f6d6169	
   82  00003018  6c626f78	
   82  0000301c  3e203c68	
   82  00003020  616e646c	
   82  00003024  655f746f	
   82  00003028  5f706167	
   82  0000302c  655f6d61	
   82  00003030  70706564	
   82  00003034  5f73656d	
   82  00003038  6170686f	
   82  0000303c  72653e0a	
   82  00003040  00      	
   83  00003041          	.align 2
   84  00003044          	LC1_LF0:
   85  00003044  73706177	.ascii "spawn_me (%d): Could not open the mailbox!\n\000"
   85  00003048  6e5f6d65	
   85  0000304c  20282564	
   85  00003050  293a2043	
   85  00003054  6f756c64	
   85  00003058  206e6f74	
   85  0000305c  206f7065	
   85  00003060  6e207468	
   85  00003064  65206d61	
   85  00003068  696c626f	
   85  0000306c  78210a00	
   86  00003070          	.align 2
   87  00003070          	LC2_LF0:
   88  00003070  73706177	.ascii "spawn_me (%d): Could not map the virtual address to the memory!\n\000"
   88  00003074  6e5f6d65	
   88  00003078  20282564	
   88  0000307c  293a2043	
   88  00003080  6f756c64	
   88  00003084  206e6f74	
   88  00003088  206d6170	
   88  0000308c  20746865	
   88  00003090  20766972	
   88  00003094  7475616c	
   88  00003098  20616464	
   88  0000309c  72657373	
   88  000030a0  20746f20	
   88  000030a4  74686520	
   88  000030a8  6d656d6f	
   88  000030ac  7279210a	
   88  000030b0  00      	
   89  000030b1          	.align 2
   90  000030b4          	LC3_LF0:
   91  000030b4  73706177	.ascii "spawn_me (%d): Received missile code: %c\n\000"
   91  000030b8  6e5f6d65	
   91  000030bc  20282564	
   91  000030c0  293a2052	
   91  000030c4  65636569	
   91  000030c8  76656420	
   91  000030cc  6d697373	
   91  000030d0  696c6520	
   91  000030d4  636f6465	
   91  000030d8  3a202563	
   91  000030dc  0a00    	
   92  000030de          	.align 2
   93  000030e0          	LC4_LF0:
   94  000030e0  73706177	.ascii "spawn_me (%d): Received another code: %c%c%c\n\000"
   94  000030e4  6e5f6d65	
   94  000030e8  20282564	
   94  000030ec  293a2052	
   94  000030f0  65636569	
   94  000030f4  76656420	
   94  000030f8  616e6f74	
   94  000030fc  68657220	
   94  00003100  636f6465	
   94  00003104  3a202563	
   94  00003108  25632563	
   94  0000310c  0a00    	
   95  0000310e          	.align 2
   96  00003110          	LC5_LF0:
   97  00003110  73706177	.ascii "spawn_me (%d): Bad semaphore s_procs_completed (%d)!\n\000"
   97  00003114  6e5f6d65	
   97  00003118  20282564	
   97  0000311c  293a2042	
   97  00003120  61642073	
   97  00003124  656d6170	
   97  00003128  686f7265	
   97  0000312c  20735f70	
   97  00003130  726f6373	
   97  00003134  5f636f6d	
   97  00003138  706c6574	
   97  0000313c  65642028	
   97  00003140  25642921	
   97  00003144  0a00    	
   98  00003146          	.align 2
   99  00003148          	LC6_LF0:
  100  00003148  73706177	.ascii "spawn_me (%d): Done!\n\000"
  100  0000314c  6e5f6d65	
  100  00003150  20282564	
  100  00003154  293a2044	
  100  00003158  6f6e6521	
  100  0000315c  0a00    	
  101  0000315e          	.text
  102  000010d4          	.align 2
  103  000010d4          	.proc _main
  104  000010d4          	.global _main
  105  000010d4          	_main:
  106                      ;  Function 'main'; 8 bytes of locals, 0 regs to save.
  107  000010d4  afbefffc	sw	-4(r29),r30; push fp
  108  000010d8  001df020	add	r30,r0,r29; fp = sp
  109  000010dc  afbffff8	sw	-8(r29),r31; push ret addr
  110  000010e0  2fbd0010	subui	r29,r29,#16; alloc local storage
  111  000010e4  8fc20000	lw	r2,(r30)
  112  000010e8  8fc30004	lw	r3,4(r30)
  113  000010ec  0c00110c	jal	___main
  114  000010f0  54000000	nop; not filled.
  115  000010f4  64410003	snei	r1,r2,#3
  116  000010f8  10200028	beqz	r1,L14_LF0
  117  000010fc  54000000	nop; not filled.
  118  00001100  23bdfff8	addi	r29,r29,#-8
  119  00001104  3c040000	lhi	r4,((LC0_LF0)>>16)&0xffff
  120  00001108  24843000	addui	r4,r4,(LC0_LF0)&0xffff
  121  0000110c  afa40000	sw	(r29),r4
  122  00001110  0c000238	jal	_Printf
  123  00001114  54000000	nop; not filled.
  124  00001118  0c000338	jal	_Exit
  125  0000111c  54000000	nop; not filled.
  126  00001120  23bd0008	addi	r29,r29,#8
  127  00001124          	L14_LF0:
  128  00001124  23bdfff0	addi	r29,r29,#-16
  129  00001128  8c640004	lw	r4,4(r3)
  130  0000112c  afa40000	sw	(r29),r4
  131  00001130  20040000	addi	r4,r0,#0
  132  00001134  afa40004	sw	4(r29),r4
  133  00001138  2004000a	addi	r4,r0,#10
  134  0000113c  afa40008	sw	8(r29),r4
  135  00001140  0c000bbc	jal	_dstrtol
  136  00001144  54000000	nop; not filled.
  137  00001148  00011020	add	r2,r0,r1
  138  0000114c  8c630008	lw	r3,8(r3)
  139  00001150  afa30000	sw	(r29),r3
  140  00001154  20040000	addi	r4,r0,#0
  141  00001158  afa40004	sw	4(r29),r4
  142  0000115c  2004000a	addi	r4,r0,#10
  143  00001160  afa40008	sw	8(r29),r4
  144  00001164  0c000b98	jal	_dstrtol
  145  00001168  54000000	nop; not filled.
  146  0000116c  00011820	add	r3,r0,r1
  147  00001170  afa20000	sw	(r29),r2
  148  00001174  0c000294	jal	_mbox_open
  149  00001178  54000000	nop; not filled.
  150  0000117c  23bd0010	addi	r29,r29,#16
  151  00001180  6021ffff	seqi	r1,r1,#-1
  152  00001184  10200034	beqz	r1,L15_LF0
  153  00001188  54000000	nop; not filled.
  154  0000118c  0c0001c8	jal	_getpid
  155  00001190  54000000	nop; not filled.
  156  00001194  23bdfff8	addi	r29,r29,#-8
  157  00001198  3c040000	lhi	r4,((LC1_LF0)>>16)&0xffff
  158  0000119c  24843044	addui	r4,r4,(LC1_LF0)&0xffff
  159  000011a0  afa40000	sw	(r29),r4
  160  000011a4  afa10004	sw	4(r29),r1
  161  000011a8  0c0001a0	jal	_Printf
  162  000011ac  54000000	nop; not filled.
  163  000011b0  0c0002a0	jal	_Exit
  164  000011b4  54000000	nop; not filled.
  165  000011b8  23bd0008	addi	r29,r29,#8
  166  000011bc          	L15_LF0:
  167  000011bc  23bdfff0	addi	r29,r29,#-16
  168  000011c0  afa20000	sw	(r29),r2
  169  000011c4  20040008	addi	r4,r0,#8
  170  000011c8  afa40004	sw	4(r29),r4
  171  000011cc  23c1fff0	addi	r1,r30,#-16
  172  000011d0  afa10008	sw	8(r29),r1
  173  000011d4  0c000258	jal	_mbox_recv
  174  000011d8  54000000	nop; not filled.
  175  000011dc  23bd0010	addi	r29,r29,#16
  176  000011e0  6021ffff	seqi	r1,r1,#-1
  177  000011e4  10200034	beqz	r1,L16_LF0
  178  000011e8  54000000	nop; not filled.
  179  000011ec  0c000168	jal	_getpid
  180  000011f0  54000000	nop; not filled.
  181  000011f4  23bdfff8	addi	r29,r29,#-8
  182  000011f8  3c040000	lhi	r4,((LC2_LF0)>>16)&0xffff
  183  000011fc  24843070	addui	r4,r4,(LC2_LF0)&0xffff
  184  00001200  afa40000	sw	(r29),r4
  185  00001204  afa10004	sw	4(r29),r1
  186  00001208  0c000140	jal	_Printf
  187  0000120c  54000000	nop; not filled.
  188  00001210  0c000240	jal	_Exit
  189  00001214  54000000	nop; not filled.
  190  00001218  23bd0008	addi	r29,r29,#8
  191  0000121c          	L16_LF0:
  192  0000121c  0c000138	jal	_getpid
  193  00001220  54000000	nop; not filled.
  194  00001224  23bdfff0	addi	r29,r29,#-16
  195  00001228  3c040000	lhi	r4,((LC3_LF0)>>16)&0xffff
  196  0000122c  248430b4	addui	r4,r4,(LC3_LF0)&0xffff
  197  00001230  afa40000	sw	(r29),r4
  198  00001234  afa10004	sw	4(r29),r1
  199  00001238  93c1fff4	lbu	r1,-12(r30)
  200  0000123c  afa10008	sw	8(r29),r1
  201  00001240  0c000108	jal	_Printf
  202  00001244  54000000	nop; not filled.
  203  00001248  0c00010c	jal	_getpid
  204  0000124c  54000000	nop; not filled.
  205  00001250  23bdfff8	addi	r29,r29,#-8
  206  00001254  3c040000	lhi	r4,((LC4_LF0)>>16)&0xffff
  207  00001258  248430e0	addui	r4,r4,(LC4_LF0)&0xffff
  208  0000125c  afa40000	sw	(r29),r4
  209  00001260  afa10004	sw	4(r29),r1
  210  00001264  93c1fff5	lbu	r1,-11(r30)
  211  00001268  afa10008	sw	8(r29),r1
  212  0000126c  93c1fff6	lbu	r1,-10(r30)
  213  00001270  afa1000c	sw	12(r29),r1
  214  00001274  93c1fff7	lbu	r1,-9(r30)
  215  00001278  afa10010	sw	16(r29),r1
  216  0000127c  0c0000cc	jal	_Printf
  217  00001280  54000000	nop; not filled.
  218  00001284  afa30000	sw	(r29),r3
  219  00001288  0c000114	jal	_sem_signal
  220  0000128c  54000000	nop; not filled.
  221  00001290  23bd0018	addi	r29,r29,#24
  222  00001294  64210001	snei	r1,r1,#1
  223  00001298  10200038	beqz	r1,L17_LF0
  224  0000129c  54000000	nop; not filled.
  225  000012a0  0c0000b4	jal	_getpid
  226  000012a4  54000000	nop; not filled.
  227  000012a8  23bdfff0	addi	r29,r29,#-16
  228  000012ac  3c040000	lhi	r4,((LC5_LF0)>>16)&0xffff
  229  000012b0  24843110	addui	r4,r4,(LC5_LF0)&0xffff
  230  000012b4  afa40000	sw	(r29),r4
  231  000012b8  afa10004	sw	4(r29),r1
  232  000012bc  afa30008	sw	8(r29),r3
  233  000012c0  0c000088	jal	_Printf
  234  000012c4  54000000	nop; not filled.
  235  000012c8  0c000188	jal	_Exit
  236  000012cc  54000000	nop; not filled.
  237  000012d0  23bd0010	addi	r29,r29,#16
  238  000012d4          	L17_LF0:
  239  000012d4  0c000080	jal	_getpid
  240  000012d8  54000000	nop; not filled.
  241  000012dc  23bdfff8	addi	r29,r29,#-8
  242  000012e0  3c040000	lhi	r4,((LC6_LF0)>>16)&0xffff
  243  000012e4  24843148	addui	r4,r4,(LC6_LF0)&0xffff
  244  000012e8  afa40000	sw	(r29),r4
  245  000012ec  afa10004	sw	4(r29),r1
  246  000012f0  0c000058	jal	_Printf
  247  000012f4  54000000	nop; not filled.
  248  000012f8  23bd0008	addi	r29,r29,#8
  249  000012fc  0c000ef0	jal	_exit
  250  00001300  54000000	nop
  251  00001304          	.endproc _main
  252                      ;;;
  253                      ;;; Stub functions for DLX traps.
  254                      ;;;
  255                      ;;; Ethan L. Miller, 1999.  Released to the public domain.
  256                      ;;;
  257                      ;;; The traps such as Open and Close
  258                      ;;; (note the capital letters) are for use by user programs.  The traps
  259                      ;;; with names such as open and close (lower case) are for use by the OS.
  260                      ;;;
  263  00001304          	.align 2
  265                      ;;; The following are the traps to be used by user-level programs
  266                      ;;;
  268  00001304          	.align 2
  269  00001304          	.proc _Open
  270  00001304          	.global _Open
  271  00001304          	_Open:
  272                      ;;; Note that trap #0x213 actually causes a trap vector in the OS of
  273                      ;;; 0x1213.  The same is true for other user traps.  Thus, a user trap
  274                      ;;; with trap #0x240 will result in a trap vector of 0x1240 in the OS.
  275  00001304  44000213	trap	#0x213
  276  00001308  4be00000	jr	r31
  277  0000130c  54000000	nop
  278  00001310          	.endproc _Open
  280  00001310          	.proc _Close
  281  00001310          	.global _Close
  282  00001310          	_Close:
  283  00001310  44000214	trap	#0x214
  284  00001314  4be00000	jr	r31
  285  00001318  54000000	nop
  286  0000131c          	.endproc _Close
  288  0000131c          	.proc _Read
  289  0000131c          	.global _Read
  290  0000131c          	_Read:
  291  0000131c  44000210	trap	#0x210
  292  00001320  4be00000	jr	r31
  293  00001324  54000000	nop
  294  00001328          	.endproc _Read
  296  00001328          	.proc _Write
  297  00001328          	.global _Write
  298  00001328          	_Write:
  299  00001328  44000211	trap	#0x211
  300  0000132c  4be00000	jr	r31
  301  00001330  54000000	nop
  302  00001334          	.endproc _Write
  304  00001334          	.proc _Lseek
  305  00001334          	.global _Lseek
  306  00001334          	_Lseek:
  307  00001334  44000212	trap	#0x212
  308  00001338  4be00000	jr	r31
  309  0000133c  54000000	nop
  310  00001340          	.endproc _Lseek
  312  00001340          	.proc _Putchar
  313  00001340          	.global _Putchar
  314  00001340          	_Putchar:
  315  00001340  44000280	trap	#0x280
  316  00001344  4be00000	jr	r31
  317  00001348  54000000	nop
  318  0000134c          	.endproc _Putchar
  320  0000134c          	.proc _Printf
  321  0000134c          	.global _Printf
  322  0000134c          	_Printf:
  323  0000134c  44000201	trap	#0x201
  324  00001350  4be00000	jr	r31
  325  00001354  54000000	nop
  326  00001358          	.endproc _Printf
  328  00001358          	.proc _getpid
  329  00001358          	.global _getpid
  330  00001358          	_getpid:
  331  00001358  44000431	trap	#0x431
  332  0000135c  4be00000	jr	r31
  333  00001360  54000000	nop
  334  00001364          	.endproc _getpid
  336  00001364          	.proc _process_create
  337  00001364          	.global _process_create
  338  00001364          	_process_create:
  339  00001364  44000432	trap	#0x432
  340  00001368  4be00000	jr	r31
  341  0000136c  54000000	nop
  342  00001370          	.endproc _process_create
  344  00001370          	.proc _shmget
  345  00001370          	.global _shmget
  346  00001370          	_shmget:
  347  00001370  44000440	trap	#0x440
  348  00001374  4be00000	jr	r31
  349  00001378  54000000	nop
  350  0000137c          	.endproc _shmget
  352  0000137c          	.proc _shmat
  353  0000137c          	.global _shmat
  354  0000137c          	_shmat:
  355  0000137c  44000441	trap	#0x441
  356  00001380  4be00000	jr	r31
  357  00001384  54000000	nop
  358  00001388          	.endproc _shmat
  360  00001388          	.proc _sem_create
  361  00001388          	.global _sem_create
  362  00001388          	_sem_create:
  363  00001388  44000450	trap	#0x450
  364  0000138c  4be00000	jr	r31
  365  00001390  54000000	nop
  366  00001394          	.endproc _sem_create
  368  00001394          	.proc _sem_wait
  369  00001394          	.global _sem_wait
  370  00001394          	_sem_wait:
  371  00001394  44000451	trap	#0x451
  372  00001398  4be00000	jr	r31
  373  0000139c  54000000	nop
  374  000013a0          	.endproc _sem_wait
  376  000013a0          	.proc _sem_signal
  377  000013a0          	.global _sem_signal
  378  000013a0          	_sem_signal:
  379  000013a0  44000452	trap	#0x452
  380  000013a4  4be00000	jr	r31
  381  000013a8  54000000	nop
  382  000013ac          	.endproc _sem_signal
  384  000013ac          	.proc _lock_create
  385  000013ac          	.global _lock_create
  386  000013ac          	_lock_create:
  387  000013ac  44000453	trap	#0x453
  388  000013b0  4be00000	jr	r31
  389  000013b4  54000000	nop
  390  000013b8          	.endproc _lock_create
  392  000013b8          	.proc _lock_acquire
  393  000013b8          	.global _lock_acquire
  394  000013b8          	_lock_acquire:
  395  000013b8  44000454	trap	#0x454
  396  000013bc  4be00000	jr	r31
  397  000013c0  54000000	nop
  398  000013c4          	.endproc _lock_acquire
  400  000013c4          	.proc _lock_release
  401  000013c4          	.global _lock_release
  402  000013c4          	_lock_release:
  403  000013c4  44000455	trap	#0x455
  404  000013c8  4be00000	jr	r31
  405  000013cc  54000000	nop
  406  000013d0          	.endproc _lock_release
  408  000013d0          	.proc _cond_create
  409  000013d0          	.global _cond_create
  410  000013d0          	_cond_create:
  411  000013d0  44000456	trap	#0x456
  412  000013d4  4be00000	jr	r31
  413  000013d8  54000000	nop
  414  000013dc          	.endproc _cond_create
  416  000013dc          	.proc _cond_wait
  417  000013dc          	.global _cond_wait
  418  000013dc          	_cond_wait:
  419  000013dc  44000457	trap	#0x457
  420  000013e0  4be00000	jr	r31
  421  000013e4  54000000	nop
  422  000013e8          	.endproc _cond_wait
  424  000013e8          	.proc _cond_signal
  425  000013e8          	.global _cond_signal
  426  000013e8          	_cond_signal:
  427  000013e8  44000458	trap	#0x458
  428  000013ec  4be00000	jr	r31
  429  000013f0  54000000	nop
  430  000013f4          	.endproc _cond_signal
  432  000013f4          	.proc _cond_broadcast
  433  000013f4          	.global _cond_broadcast
  434  000013f4          	_cond_broadcast:
  435  000013f4  44000459	trap	#0x459
  436  000013f8  4be00000	jr	r31
  437  000013fc  54000000	nop
  438  00001400          	.endproc _cond_broadcast
  440  00001400          	.proc _mbox_create
  441  00001400          	.global _mbox_create
  442  00001400          	_mbox_create:
  443  00001400  44000460	trap	#0x460
  444  00001404  4be00000	jr	r31
  445  00001408  54000000	nop
  446  0000140c          	.endproc _mbox_create
  448  0000140c          	.proc _mbox_open
  449  0000140c          	.global _mbox_open
  450  0000140c          	_mbox_open:
  451  0000140c  44000461	trap	#0x461
  452  00001410  4be00000	jr	r31
  453  00001414  54000000	nop
  454  00001418          	.endproc _mbox_open
  456  00001418          	.proc _mbox_close
  457  00001418          	.global _mbox_close
  458  00001418          	_mbox_close:
  459  00001418  44000462	trap	#0x462
  460  0000141c  4be00000	jr	r31
  461  00001420  54000000	nop
  462  00001424          	.endproc _mbox_close
  464  00001424          	.proc _mbox_send
  465  00001424          	.global _mbox_send
  466  00001424          	_mbox_send:
  467  00001424  44000463	trap	#0x463
  468  00001428  4be00000	jr	r31
  469  0000142c  54000000	nop
  470  00001430          	.endproc _mbox_send
  472  00001430          	.proc _mbox_recv
  473  00001430          	.global _mbox_recv
  474  00001430          	_mbox_recv:
  475  00001430  44000464	trap	#0x464
  476  00001434  4be00000	jr	r31
  477  00001438  54000000	nop
  478  0000143c          	.endproc _mbox_recv
  480  0000143c          	.proc _sleep
  481  0000143c          	.global _sleep
  482  0000143c          	_sleep:
  483  0000143c  44000465	trap	#0x465
  484  00001440  4be00000	jr	r31
  485  00001444  54000000	nop
  486  00001448          	.endproc _sleep
  488  00001448          	.proc _yield
  489  00001448          	.global _yield
  490  00001448          	_yield:
  491  00001448  44000466	trap	#0x466
  492  0000144c  4be00000	jr	r31
  493  00001450  54000000	nop
  494  00001454          	.endproc _yield
  497  00001454          	.proc _Exit
  498  00001454          	.global _Exit
  499  00001454          	_Exit:
  500  00001454  44000500	trap	#0x500
  501  00001458  4be00000	jr	r31
  502  0000145c  54000000	nop
  503  00001460          	.endproc _Exit
  504                      ; Compiled by GCC
  506  00001460          	.align 2
  507  00001460          	.proc _isspace
  508  00001460          	.global _isspace
  509  00001460          	_isspace:
  510                      ;  Function 'isspace'; 0 bytes of locals, 3 regs to save.
  511  00001460  afbefffc	sw	-4(r29),r30; push fp
  512  00001464  001df020	add	r30,r0,r29; fp = sp
  513  00001468  afbffff8	sw	-8(r29),r31; push ret addr
  514  0000146c  2fbd0018	subui	r29,r29,#24; alloc local storage
  515  00001470  afa20000	sw	0(r29),r2
  516  00001474  afa30004	sw	4(r29),r3
  517  00001478  afa40008	sw	8(r29),r4
  518  0000147c  83c20003	lb	r2,3(r30)
  519  00001480  20010000	addi	r1,r0,#0
  520  00001484  304300ff	andi	r3,r2,#0x00ff
  521  00001488  60640020	seqi	r4,r3,#32
  522  0000148c  1480002c	bnez	r4,L3_LF2
  523  00001490  54000000	nop; delay slot nop
  524  00001494  304300ff	andi	r3,r2,#0x00ff
  525  00001498  60640009	seqi	r4,r3,#9
  526  0000149c  1480001c	bnez	r4,L3_LF2
  527  000014a0  54000000	nop; delay slot nop
  528  000014a4  304300ff	andi	r3,r2,#0x00ff
  529  000014a8  6064000a	seqi	r4,r3,#10
  530  000014ac  1480000c	bnez	r4,L3_LF2
  531  000014b0  54000000	nop; delay slot nop
  532  000014b4  08000008	j	L2_LF2
  533  000014b8  54000000	nop; delay slot nop
  534  000014bc          	L3_LF2:
  535  000014bc  20010001	addi	r1,r0,#1
  536  000014c0          	L2_LF2:
  537  000014c0  08000004	j	L1_LF2
  538  000014c4  54000000	nop; delay slot nop
  539  000014c8          	L1_LF2:
  540  000014c8  8fa20000	lw	r2,0(r29)
  541  000014cc  8fa30004	lw	r3,4(r29)
  542  000014d0  8fa40008	lw	r4,8(r29)
  543  000014d4  8fdffff8	lw	r31,-8(r30)
  544  000014d8  001ee820	add	r29,r0,r30
  545  000014dc  8fdefffc	lw	r30,-4(r30)
  546  000014e0  4be00000	jr	r31
  547  000014e4  54000000	nop
  548  000014e8          	.endproc _isspace
  549  000014e8          	.align 2
  550  000014e8          	.proc _isxdigit
  551  000014e8          	.global _isxdigit
  552  000014e8          	_isxdigit:
  553                      ;  Function 'isxdigit'; 0 bytes of locals, 3 regs to save.
  554  000014e8  afbefffc	sw	-4(r29),r30; push fp
  555  000014ec  001df020	add	r30,r0,r29; fp = sp
  556  000014f0  afbffff8	sw	-8(r29),r31; push ret addr
  557  000014f4  2fbd0018	subui	r29,r29,#24; alloc local storage
  558  000014f8  afa20000	sw	0(r29),r2
  559  000014fc  afa30004	sw	4(r29),r3
  560  00001500  afa40008	sw	8(r29),r4
  561  00001504  83c20003	lb	r2,3(r30)
  562  00001508  20010000	addi	r1,r0,#0
  563  0000150c  304300ff	andi	r3,r2,#0x00ff
  564  00001510  6c64002f	sgtui	r4,r3,#47
  565  00001514  1080001c	beqz	r4,L7_LF2
  566  00001518  54000000	nop; delay slot nop
  567  0000151c  304300ff	andi	r3,r2,#0x00ff
  568  00001520  70640039	sleui	r4,r3,#57
  569  00001524  1480005c	bnez	r4,L6_LF2
  570  00001528  54000000	nop; delay slot nop
  571  0000152c  08000004	j	L7_LF2
  572  00001530  54000000	nop; delay slot nop
  573  00001534          	L7_LF2:
  574  00001534  304300ff	andi	r3,r2,#0x00ff
  575  00001538  6c640060	sgtui	r4,r3,#96
  576  0000153c  1080001c	beqz	r4,L8_LF2
  577  00001540  54000000	nop; delay slot nop
  578  00001544  304300ff	andi	r3,r2,#0x00ff
  579  00001548  70640066	sleui	r4,r3,#102
  580  0000154c  14800034	bnez	r4,L6_LF2
  581  00001550  54000000	nop; delay slot nop
  582  00001554  08000004	j	L8_LF2
  583  00001558  54000000	nop; delay slot nop
  584  0000155c          	L8_LF2:
  585  0000155c  304300ff	andi	r3,r2,#0x00ff
  586  00001560  6c640040	sgtui	r4,r3,#64
  587  00001564  10800020	beqz	r4,L5_LF2
  588  00001568  54000000	nop; delay slot nop
  589  0000156c  304300ff	andi	r3,r2,#0x00ff
  590  00001570  70640041	sleui	r4,r3,#65
  591  00001574  1480000c	bnez	r4,L6_LF2
  592  00001578  54000000	nop; delay slot nop
  593  0000157c  08000008	j	L5_LF2
  594  00001580  54000000	nop; delay slot nop
  595  00001584          	L6_LF2:
  596  00001584  20010001	addi	r1,r0,#1
  597  00001588          	L5_LF2:
  598  00001588  08000004	j	L4_LF2
  599  0000158c  54000000	nop; delay slot nop
  600  00001590          	L4_LF2:
  601  00001590  8fa20000	lw	r2,0(r29)
  602  00001594  8fa30004	lw	r3,4(r29)
  603  00001598  8fa40008	lw	r4,8(r29)
  604  0000159c  8fdffff8	lw	r31,-8(r30)
  605  000015a0  001ee820	add	r29,r0,r30
  606  000015a4  8fdefffc	lw	r30,-4(r30)
  607  000015a8  4be00000	jr	r31
  608  000015ac  54000000	nop
  609  000015b0          	.endproc _isxdigit
  610  000015b0          	.align 2
  611  000015b0          	.proc _dstrcpy
  612  000015b0          	.global _dstrcpy
  613  000015b0          	_dstrcpy:
  614                      ;  Function 'dstrcpy'; 8 bytes of locals, 2 regs to save.
  615  000015b0  afbefffc	sw	-4(r29),r30; push fp
  616  000015b4  001df020	add	r30,r0,r29; fp = sp
  617  000015b8  afbffff8	sw	-8(r29),r31; push ret addr
  618  000015bc  2fbd0018	subui	r29,r29,#24; alloc local storage
  619  000015c0  afa20000	sw	0(r29),r2
  620  000015c4  afa30004	sw	4(r29),r3
  621  000015c8  8fc10000	lw	r1,(r30)
  622  000015cc  afc1fff4	sw	-12(r30),r1
  623  000015d0          	L10_LF2:
  624  000015d0  8fc10000	lw	r1,(r30)
  625  000015d4  20220001	addi	r2,r1,#1
  626  000015d8  afc20000	sw	(r30),r2
  627  000015dc  8fc20004	lw	r2,4(r30)
  628  000015e0  20430001	addi	r3,r2,#1
  629  000015e4  afc30004	sw	4(r30),r3
  630  000015e8  80420000	lb	r2,(r2)
  631  000015ec  a0220000	sb	(r1),r2
  632  000015f0  a3c2fff3	sb	-13(r30),r2
  633  000015f4          	L12_LF2:
  634  000015f4  93c1fff3	lbu	r1,-13(r30)
  635  000015f8  64220000	snei	r2,r1,#0
  636  000015fc  1440000c	bnez	r2,L13_LF2
  637  00001600  54000000	nop; delay slot nop
  638  00001604  0800000c	j	L11_LF2
  639  00001608  54000000	nop; delay slot nop
  640  0000160c          	L13_LF2:
  641  0000160c  0bffffc0	j	L10_LF2
  642  00001610  54000000	nop; delay slot nop
  643  00001614          	L11_LF2:
  644  00001614  8fc1fff4	lw	r1,-12(r30)
  645  00001618  08000004	j	L9_LF2
  646  0000161c  54000000	nop; delay slot nop
  647  00001620          	L9_LF2:
  648  00001620  8fa20000	lw	r2,0(r29)
  649  00001624  8fa30004	lw	r3,4(r29)
  650  00001628  8fdffff8	lw	r31,-8(r30)
  651  0000162c  001ee820	add	r29,r0,r30
  652  00001630  8fdefffc	lw	r30,-4(r30)
  653  00001634  4be00000	jr	r31
  654  00001638  54000000	nop
  655  0000163c          	.endproc _dstrcpy
  656  0000163c          	.align 2
  657  0000163c          	.proc _dstrncpy
  658  0000163c          	.global _dstrncpy
  659  0000163c          	_dstrncpy:
  660                      ;  Function 'dstrncpy'; 8 bytes of locals, 2 regs to save.
  661  0000163c  afbefffc	sw	-4(r29),r30; push fp
  662  00001640  001df020	add	r30,r0,r29; fp = sp
  663  00001644  afbffff8	sw	-8(r29),r31; push ret addr
  664  00001648  2fbd0018	subui	r29,r29,#24; alloc local storage
  665  0000164c  afa20000	sw	0(r29),r2
  666  00001650  afa30004	sw	4(r29),r3
  667  00001654  8fc10000	lw	r1,(r30)
  668  00001658  afc1fff4	sw	-12(r30),r1
  669  0000165c          	L15_LF2:
  670  0000165c  8fc10008	lw	r1,8(r30)
  671  00001660  2022ffff	addi	r2,r1,#-1
  672  00001664  afc20008	sw	8(r30),r2
  673  00001668  70210000	slei	r1,r1,#0
  674  0000166c  1020000c	beqz	r1,L18_LF2
  675  00001670  54000000	nop; delay slot nop
  676  00001674  08000048	j	L16_LF2
  677  00001678  54000000	nop; delay slot nop
  678  0000167c          	L18_LF2:
  679  0000167c  8fc10000	lw	r1,(r30)
  680  00001680  20220001	addi	r2,r1,#1
  681  00001684  afc20000	sw	(r30),r2
  682  00001688  8fc20004	lw	r2,4(r30)
  683  0000168c  20430001	addi	r3,r2,#1
  684  00001690  afc30004	sw	4(r30),r3
  685  00001694  80420000	lb	r2,(r2)
  686  00001698  a0220000	sb	(r1),r2
  687  0000169c  a3c2fff3	sb	-13(r30),r2
  688  000016a0          	L17_LF2:
  689  000016a0  93c1fff3	lbu	r1,-13(r30)
  690  000016a4  64220000	snei	r2,r1,#0
  691  000016a8  1440000c	bnez	r2,L19_LF2
  692  000016ac  54000000	nop; delay slot nop
  693  000016b0  0800000c	j	L16_LF2
  694  000016b4  54000000	nop; delay slot nop
  695  000016b8          	L19_LF2:
  696  000016b8  0bffffa0	j	L15_LF2
  697  000016bc  54000000	nop; delay slot nop
  698  000016c0          	L16_LF2:
  699  000016c0  8fc1fff4	lw	r1,-12(r30)
  700  000016c4  08000004	j	L14_LF2
  701  000016c8  54000000	nop; delay slot nop
  702  000016cc          	L14_LF2:
  703  000016cc  8fa20000	lw	r2,0(r29)
  704  000016d0  8fa30004	lw	r3,4(r29)
  705  000016d4  8fdffff8	lw	r31,-8(r30)
  706  000016d8  001ee820	add	r29,r0,r30
  707  000016dc  8fdefffc	lw	r30,-4(r30)
  708  000016e0  4be00000	jr	r31
  709  000016e4  54000000	nop
  710  000016e8          	.endproc _dstrncpy
  711  000016e8          	.align 2
  712  000016e8          	.proc _dstrcat
  713  000016e8          	.global _dstrcat
  714  000016e8          	_dstrcat:
  715                      ;  Function 'dstrcat'; 8 bytes of locals, 1 regs to save.
  716  000016e8  afbefffc	sw	-4(r29),r30; push fp
  717  000016ec  001df020	add	r30,r0,r29; fp = sp
  718  000016f0  afbffff8	sw	-8(r29),r31; push ret addr
  719  000016f4  2fbd0018	subui	r29,r29,#24; alloc local storage
  720  000016f8  afa20000	sw	0(r29),r2
  721  000016fc  8fc10000	lw	r1,(r30)
  722  00001700  afc1fff4	sw	-12(r30),r1
  723  00001704          	L21_LF2:
  724  00001704  8fc10000	lw	r1,(r30)
  725  00001708  90220000	lbu	r2,(r1)
  726  0000170c  64410000	snei	r1,r2,#0
  727  00001710  1420000c	bnez	r1,L23_LF2
  728  00001714  54000000	nop; delay slot nop
  729  00001718  0800001c	j	L22_LF2
  730  0000171c  54000000	nop; delay slot nop
  731  00001720          	L23_LF2:
  732  00001720  8fc20000	lw	r2,(r30)
  733  00001724  20410001	addi	r1,r2,#1
  734  00001728  00011020	add	r2,r0,r1
  735  0000172c  afc20000	sw	(r30),r2
  736  00001730  0bffffd0	j	L21_LF2
  737  00001734  54000000	nop; delay slot nop
  738  00001738          	L22_LF2:
  739  00001738  23bdfff8	addi	r29,r29,#-8
  740  0000173c  001d0820	add	r1,r0,r29
  741  00001740  8fc20000	lw	r2,(r30)
  742  00001744  ac220000	sw	(r1),r2
  743  00001748  8fc20004	lw	r2,4(r30)
  744  0000174c  ac220004	sw	4(r1),r2
  745  00001750  0ffffe5c	jal	_dstrcpy
  746  00001754  54000000	nop; delay slot nop
  747  00001758  23bd0008	addi	r29,r29,#8
  748  0000175c  8fc1fff4	lw	r1,-12(r30)
  749  00001760  08000004	j	L20_LF2
  750  00001764  54000000	nop; delay slot nop
  751  00001768          	L20_LF2:
  752  00001768  8fa20000	lw	r2,0(r29)
  753  0000176c  8fdffff8	lw	r31,-8(r30)
  754  00001770  001ee820	add	r29,r0,r30
  755  00001774  8fdefffc	lw	r30,-4(r30)
  756  00001778  4be00000	jr	r31
  757  0000177c  54000000	nop
  758  00001780          	.endproc _dstrcat
  759  00001780          	.align 2
  760  00001780          	.proc _dstrncmp
  761  00001780          	.global _dstrncmp
  762  00001780          	_dstrncmp:
  763                      ;  Function 'dstrncmp'; 8 bytes of locals, 2 regs to save.
  764  00001780  afbefffc	sw	-4(r29),r30; push fp
  765  00001784  001df020	add	r30,r0,r29; fp = sp
  766  00001788  afbffff8	sw	-8(r29),r31; push ret addr
  767  0000178c  2fbd0018	subui	r29,r29,#24; alloc local storage
  768  00001790  afa20000	sw	0(r29),r2
  769  00001794  afa30004	sw	4(r29),r3
  770  00001798  54000000	nop
  771  0000179c  20010000	addi	r1,r0,#0
  772  000017a0  afc1fff4	sw	-12(r30),r1
  773  000017a4          	L25_LF2:
  774  000017a4  8fc1fff4	lw	r1,-12(r30)
  775  000017a8  8fc20008	lw	r2,8(r30)
  776  000017ac  0022082a	slt	r1,r1,r2
  777  000017b0  1420000c	bnez	r1,L28_LF2
  778  000017b4  54000000	nop; delay slot nop
  779  000017b8  08000088	j	L26_LF2
  780  000017bc  54000000	nop; delay slot nop
  781  000017c0          	L28_LF2:
  782  000017c0  8fc10004	lw	r1,4(r30)
  783  000017c4  90220000	lbu	r2,(r1)
  784  000017c8  64410000	snei	r1,r2,#0
  785  000017cc  14200018	bnez	r1,L29_LF2
  786  000017d0  54000000	nop; delay slot nop
  787  000017d4  20010000	addi	r1,r0,#0
  788  000017d8  080000d8	j	L24_LF2
  789  000017dc  54000000	nop; delay slot nop
  790  000017e0  08000028	j	L30_LF2
  791  000017e4  54000000	nop; delay slot nop
  792  000017e8          	L29_LF2:
  793  000017e8  8fc10000	lw	r1,(r30)
  794  000017ec  8fc20004	lw	r2,4(r30)
  795  000017f0  90210000	lbu	r1,(r1)
  796  000017f4  90420000	lbu	r2,(r2)
  797  000017f8  00220829	sne	r1,r1,r2
  798  000017fc  1020000c	beqz	r1,L30_LF2
  799  00001800  54000000	nop; delay slot nop
  800  00001804  0800003c	j	L26_LF2
  801  00001808  54000000	nop; delay slot nop
  802  0000180c          	L31_LF2:
  803  0000180c          	L30_LF2:
  804  0000180c  8fc20000	lw	r2,(r30)
  805  00001810  20410001	addi	r1,r2,#1
  806  00001814  00011020	add	r2,r0,r1
  807  00001818  afc20000	sw	(r30),r2
  808  0000181c  8fc20004	lw	r2,4(r30)
  809  00001820  20410001	addi	r1,r2,#1
  810  00001824  00011020	add	r2,r0,r1
  811  00001828  afc20004	sw	4(r30),r2
  812  0000182c          	L27_LF2:
  813  0000182c  8fc2fff4	lw	r2,-12(r30)
  814  00001830  20410001	addi	r1,r2,#1
  815  00001834  00011020	add	r2,r0,r1
  816  00001838  afc2fff4	sw	-12(r30),r2
  817  0000183c  0bffff64	j	L25_LF2
  818  00001840  54000000	nop; delay slot nop
  819  00001844          	L26_LF2:
  820  00001844  8fc1fff4	lw	r1,-12(r30)
  821  00001848  8fc20008	lw	r2,8(r30)
  822  0000184c  00220828	seq	r1,r1,r2
  823  00001850  10200018	beqz	r1,L32_LF2
  824  00001854  54000000	nop; delay slot nop
  825  00001858  20010000	addi	r1,r0,#0
  826  0000185c  08000054	j	L24_LF2
  827  00001860  54000000	nop; delay slot nop
  828  00001864  0800004c	j	L33_LF2
  829  00001868  54000000	nop; delay slot nop
  830  0000186c          	L32_LF2:
  831  0000186c  8fc20000	lw	r2,(r30)
  832  00001870  90410000	lbu	r1,(r2)
  833  00001874  8fc20004	lw	r2,4(r30)
  834  00001878  90430000	lbu	r3,(r2)
  835  0000187c  00230822	sub	r1,r1,r3
  836  00001880  74220000	sgei	r2,r1,#0
  837  00001884  10400020	beqz	r2,L34_LF2
  838  00001888  54000000	nop; delay slot nop
  839  0000188c  8fc10000	lw	r1,(r30)
  840  00001890  8fc20004	lw	r2,4(r30)
  841  00001894  90210000	lbu	r1,(r1)
  842  00001898  90420000	lbu	r2,(r2)
  843  0000189c  00220829	sne	r1,r1,r2
  844  000018a0  08000008	j	L35_LF2
  845  000018a4  54000000	nop; delay slot nop
  846  000018a8          	L34_LF2:
  847  000018a8  2001ffff	addi	r1,r0,#-1
  848  000018ac          	L35_LF2:
  849  000018ac  08000004	j	L24_LF2
  850  000018b0  54000000	nop; delay slot nop
  851  000018b4          	L33_LF2:
  852  000018b4          	L24_LF2:
  853  000018b4  8fa20000	lw	r2,0(r29)
  854  000018b8  8fa30004	lw	r3,4(r29)
  855  000018bc  8fdffff8	lw	r31,-8(r30)
  856  000018c0  001ee820	add	r29,r0,r30
  857  000018c4  8fdefffc	lw	r30,-4(r30)
  858  000018c8  4be00000	jr	r31
  859  000018cc  54000000	nop
  860  000018d0          	.endproc _dstrncmp
  861  000018d0          	.align 2
  862  000018d0          	.proc _dstrlen
  863  000018d0          	.global _dstrlen
  864  000018d0          	_dstrlen:
  865                      ;  Function 'dstrlen'; 8 bytes of locals, 1 regs to save.
  866  000018d0  afbefffc	sw	-4(r29),r30; push fp
  867  000018d4  001df020	add	r30,r0,r29; fp = sp
  868  000018d8  afbffff8	sw	-8(r29),r31; push ret addr
  869  000018dc  2fbd0018	subui	r29,r29,#24; alloc local storage
  870  000018e0  afa20000	sw	0(r29),r2
  871  000018e4  20010000	addi	r1,r0,#0
  872  000018e8  afc1fff4	sw	-12(r30),r1
  873  000018ec          	L37_LF2:
  874  000018ec  8fc10000	lw	r1,(r30)
  875  000018f0  20220001	addi	r2,r1,#1
  876  000018f4  afc20000	sw	(r30),r2
  877  000018f8  90210000	lbu	r1,(r1)
  878  000018fc  64220000	snei	r2,r1,#0
  879  00001900  1440000c	bnez	r2,L39_LF2
  880  00001904  54000000	nop; delay slot nop
  881  00001908  0800001c	j	L38_LF2
  882  0000190c  54000000	nop; delay slot nop
  883  00001910          	L39_LF2:
  884  00001910  8fc2fff4	lw	r2,-12(r30)
  885  00001914  20410001	addi	r1,r2,#1
  886  00001918  00011020	add	r2,r0,r1
  887  0000191c  afc2fff4	sw	-12(r30),r2
  888  00001920  0bffffc8	j	L37_LF2
  889  00001924  54000000	nop; delay slot nop
  890  00001928          	L38_LF2:
  891  00001928  8fc1fff4	lw	r1,-12(r30)
  892  0000192c  08000004	j	L36_LF2
  893  00001930  54000000	nop; delay slot nop
  894  00001934          	L36_LF2:
  895  00001934  8fa20000	lw	r2,0(r29)
  896  00001938  8fdffff8	lw	r31,-8(r30)
  897  0000193c  001ee820	add	r29,r0,r30
  898  00001940  8fdefffc	lw	r30,-4(r30)
  899  00001944  4be00000	jr	r31
  900  00001948  54000000	nop
  901  0000194c          	.endproc _dstrlen
  902  0000194c          	.align 2
  903  0000194c          	.proc _dstrstr
  904  0000194c          	.global _dstrstr
  905  0000194c          	_dstrstr:
  906                      ;  Function 'dstrstr'; 8 bytes of locals, 1 regs to save.
  907  0000194c  afbefffc	sw	-4(r29),r30; push fp
  908  00001950  001df020	add	r30,r0,r29; fp = sp
  909  00001954  afbffff8	sw	-8(r29),r31; push ret addr
  910  00001958  2fbd0018	subui	r29,r29,#24; alloc local storage
  911  0000195c  afa20000	sw	0(r29),r2
  912  00001960  23bdfff8	addi	r29,r29,#-8
  913  00001964  001d0820	add	r1,r0,r29
  914  00001968  8fc20004	lw	r2,4(r30)
  915  0000196c  ac220000	sw	(r1),r2
  916  00001970  0fffff5c	jal	_dstrlen
  917  00001974  54000000	nop; delay slot nop
  918  00001978  23bd0008	addi	r29,r29,#8
  919  0000197c  afc1fff4	sw	-12(r30),r1
  920  00001980          	L41_LF2:
  921  00001980  8fc10000	lw	r1,(r30)
  922  00001984  90220000	lbu	r2,(r1)
  923  00001988  64410000	snei	r1,r2,#0
  924  0000198c  1420000c	bnez	r1,L43_LF2
  925  00001990  54000000	nop; delay slot nop
  926  00001994  08000060	j	L42_LF2
  927  00001998  54000000	nop; delay slot nop
  928  0000199c          	L43_LF2:
  929  0000199c  23bdfff0	addi	r29,r29,#-16
  930  000019a0  001d0820	add	r1,r0,r29
  931  000019a4  8fc20000	lw	r2,(r30)
  932  000019a8  ac220000	sw	(r1),r2
  933  000019ac  8fc20004	lw	r2,4(r30)
  934  000019b0  ac220004	sw	4(r1),r2
  935  000019b4  8fc2fff4	lw	r2,-12(r30)
  936  000019b8  ac220008	sw	8(r1),r2
  937  000019bc  0ffffdc0	jal	_dstrncmp
  938  000019c0  54000000	nop; delay slot nop
  939  000019c4  23bd0010	addi	r29,r29,#16
  940  000019c8  64220000	snei	r2,r1,#0
  941  000019cc  14400010	bnez	r2,L44_LF2
  942  000019d0  54000000	nop; delay slot nop
  943  000019d4  8fc10000	lw	r1,(r30)
  944  000019d8  08000028	j	L40_LF2
  945  000019dc  54000000	nop; delay slot nop
  946  000019e0          	L44_LF2:
  947  000019e0  8fc20000	lw	r2,(r30)
  948  000019e4  20410001	addi	r1,r2,#1
  949  000019e8  00011020	add	r2,r0,r1
  950  000019ec  afc20000	sw	(r30),r2
  951  000019f0  0bffff8c	j	L41_LF2
  952  000019f4  54000000	nop; delay slot nop
  953  000019f8          	L42_LF2:
  954  000019f8  20010000	addi	r1,r0,#0
  955  000019fc  08000004	j	L40_LF2
  956  00001a00  54000000	nop; delay slot nop
  957  00001a04          	L40_LF2:
  958  00001a04  8fa20000	lw	r2,0(r29)
  959  00001a08  8fdffff8	lw	r31,-8(r30)
  960  00001a0c  001ee820	add	r29,r0,r30
  961  00001a10  8fdefffc	lw	r30,-4(r30)
  962  00001a14  4be00000	jr	r31
  963  00001a18  54000000	nop
  964  00001a1c          	.endproc _dstrstr
  965  00001a1c          	.align 2
  966  00001a1c          	.proc _dmindex
  967  00001a1c          	.global _dmindex
  968  00001a1c          	_dmindex:
  969                      ;  Function 'dmindex'; 8 bytes of locals, 1 regs to save.
  970  00001a1c  afbefffc	sw	-4(r29),r30; push fp
  971  00001a20  001df020	add	r30,r0,r29; fp = sp
  972  00001a24  afbffff8	sw	-8(r29),r31; push ret addr
  973  00001a28  2fbd0018	subui	r29,r29,#24; alloc local storage
  974  00001a2c  afa20000	sw	0(r29),r2
  975  00001a30  54000000	nop
  976  00001a34          	L46_LF2:
  977  00001a34  8fc10000	lw	r1,(r30)
  978  00001a38  90220000	lbu	r2,(r1)
  979  00001a3c  64410000	snei	r1,r2,#0
  980  00001a40  1420000c	bnez	r1,L48_LF2
  981  00001a44  54000000	nop; delay slot nop
  982  00001a48  08000070	j	L47_LF2
  983  00001a4c  54000000	nop; delay slot nop
  984  00001a50          	L48_LF2:
  985  00001a50  8fc10004	lw	r1,4(r30)
  986  00001a54  afc1fff4	sw	-12(r30),r1
  987  00001a58          	L49_LF2:
  988  00001a58  8fc1fff4	lw	r1,-12(r30)
  989  00001a5c  90220000	lbu	r2,(r1)
  990  00001a60  64410000	snei	r1,r2,#0
  991  00001a64  1420000c	bnez	r1,L52_LF2
  992  00001a68  54000000	nop; delay slot nop
  993  00001a6c  08000044	j	L50_LF2
  994  00001a70  54000000	nop; delay slot nop
  995  00001a74          	L52_LF2:
  996  00001a74  8fc10000	lw	r1,(r30)
  997  00001a78  8fc2fff4	lw	r2,-12(r30)
  998  00001a7c  90210000	lbu	r1,(r1)
  999  00001a80  90420000	lbu	r2,(r2)
 1000  00001a84  00220828	seq	r1,r1,r2
 1001  00001a88  10200010	beqz	r1,L51_LF2
 1002  00001a8c  54000000	nop; delay slot nop
 1003  00001a90  8fc10000	lw	r1,(r30)
 1004  00001a94  08000030	j	L45_LF2
 1005  00001a98  54000000	nop; delay slot nop
 1006  00001a9c          	L53_LF2:
 1007  00001a9c          	L51_LF2:
 1008  00001a9c  8fc2fff4	lw	r2,-12(r30)
 1009  00001aa0  20410001	addi	r1,r2,#1
 1010  00001aa4  00011020	add	r2,r0,r1
 1011  00001aa8  afc2fff4	sw	-12(r30),r2
 1012  00001aac  0bffffa8	j	L49_LF2
 1013  00001ab0  54000000	nop; delay slot nop
 1014  00001ab4          	L50_LF2:
 1015  00001ab4  0bffff7c	j	L46_LF2
 1016  00001ab8  54000000	nop; delay slot nop
 1017  00001abc          	L47_LF2:
 1018  00001abc  20010000	addi	r1,r0,#0
 1019  00001ac0  08000004	j	L45_LF2
 1020  00001ac4  54000000	nop; delay slot nop
 1021  00001ac8          	L45_LF2:
 1022  00001ac8  8fa20000	lw	r2,0(r29)
 1023  00001acc  8fdffff8	lw	r31,-8(r30)
 1024  00001ad0  001ee820	add	r29,r0,r30
 1025  00001ad4  8fdefffc	lw	r30,-4(r30)
 1026  00001ad8  4be00000	jr	r31
 1027  00001adc  54000000	nop
 1028  00001ae0          	.endproc _dmindex
 1029  00001ae0          	.align 2
 1030  00001ae0          	.proc _dindex
 1031  00001ae0          	.global _dindex
 1032  00001ae0          	_dindex:
 1033                      ;  Function 'dindex'; 0 bytes of locals, 1 regs to save.
 1034  00001ae0  afbefffc	sw	-4(r29),r30; push fp
 1035  00001ae4  001df020	add	r30,r0,r29; fp = sp
 1036  00001ae8  afbffff8	sw	-8(r29),r31; push ret addr
 1037  00001aec  2fbd0010	subui	r29,r29,#16; alloc local storage
 1038  00001af0  afa20000	sw	0(r29),r2
 1039  00001af4  54000000	nop
 1040  00001af8          	L55_LF2:
 1041  00001af8  8fc10000	lw	r1,(r30)
 1042  00001afc  90220000	lbu	r2,(r1)
 1043  00001b00  64410000	snei	r1,r2,#0
 1044  00001b04  1420000c	bnez	r1,L57_LF2
 1045  00001b08  54000000	nop; delay slot nop
 1046  00001b0c  08000040	j	L56_LF2
 1047  00001b10  54000000	nop; delay slot nop
 1048  00001b14          	L57_LF2:
 1049  00001b14  8fc10000	lw	r1,(r30)
 1050  00001b18  90220000	lbu	r2,(r1)
 1051  00001b1c  8fc10004	lw	r1,4(r30)
 1052  00001b20  00411028	seq	r2,r2,r1
 1053  00001b24  10400010	beqz	r2,L58_LF2
 1054  00001b28  54000000	nop; delay slot nop
 1055  00001b2c  8fc10000	lw	r1,(r30)
 1056  00001b30  08000028	j	L54_LF2
 1057  00001b34  54000000	nop; delay slot nop
 1058  00001b38          	L58_LF2:
 1059  00001b38  8fc20000	lw	r2,(r30)
 1060  00001b3c  20410001	addi	r1,r2,#1
 1061  00001b40  00011020	add	r2,r0,r1
 1062  00001b44  afc20000	sw	(r30),r2
 1063  00001b48  0bffffac	j	L55_LF2
 1064  00001b4c  54000000	nop; delay slot nop
 1065  00001b50          	L56_LF2:
 1066  00001b50  20010000	addi	r1,r0,#0
 1067  00001b54  08000004	j	L54_LF2
 1068  00001b58  54000000	nop; delay slot nop
 1069  00001b5c          	L54_LF2:
 1070  00001b5c  8fa20000	lw	r2,0(r29)
 1071  00001b60  8fdffff8	lw	r31,-8(r30)
 1072  00001b64  001ee820	add	r29,r0,r30
 1073  00001b68  8fdefffc	lw	r30,-4(r30)
 1074  00001b6c  4be00000	jr	r31
 1075  00001b70  54000000	nop
 1076  00001b74          	.endproc _dindex
 1077  00001b74          	.align 2
 1078  00001b74          	.proc _ditoa
 1079  00001b74          	.global _ditoa
 1080  00001b74          	_ditoa:
 1081                      ;  Function 'ditoa'; 8 bytes of locals, 2 regs to save.
 1082  00001b74  afbefffc	sw	-4(r29),r30; push fp
 1083  00001b78  001df020	add	r30,r0,r29; fp = sp
 1084  00001b7c  afbffff8	sw	-8(r29),r31; push ret addr
 1085  00001b80  2fbd0018	subui	r29,r29,#24; alloc local storage
 1086  00001b84  afa20000	sw	0(r29),r2
 1087  00001b88  afa30004	sw	4(r29),r3
 1088  00001b8c  8fc10000	lw	r1,(r30)
 1089  00001b90  68220000	slti	r2,r1,#0
 1090  00001b94  1040002c	beqz	r2,L60_LF2
 1091  00001b98  54000000	nop; delay slot nop
 1092  00001b9c  8fc10004	lw	r1,4(r30)
 1093  00001ba0  20220001	addi	r2,r1,#1
 1094  00001ba4  afc20004	sw	4(r30),r2
 1095  00001ba8  2002002d	addi	r2,r0,(#0x2d)&0xff
 1096  00001bac  a0220000	sb	(r1),r2
 1097  00001bb0  8fc10000	lw	r1,(r30)
 1098  00001bb4  00011022	sub	r2,r0,r1
 1099  00001bb8  afc20000	sw	(r30),r2
 1100  00001bbc  08000118	j	L61_LF2
 1101  00001bc0  54000000	nop; delay slot nop
 1102  00001bc4          	L60_LF2:
 1103  00001bc4  8fc10000	lw	r1,(r30)
 1104  00001bc8  64220000	snei	r2,r1,#0
 1105  00001bcc  14400020	bnez	r2,L62_LF2
 1106  00001bd0  54000000	nop; delay slot nop
 1107  00001bd4  8fc10004	lw	r1,4(r30)
 1108  00001bd8  20220001	addi	r2,r1,#1
 1109  00001bdc  afc20004	sw	4(r30),r2
 1110  00001be0  20020030	addi	r2,r0,(#0x30)&0xff
 1111  00001be4  a0220000	sb	(r1),r2
 1112  00001be8  080000ec	j	L61_LF2
 1113  00001bec  54000000	nop; delay slot nop
 1114  00001bf0          	L62_LF2:
 1115  00001bf0  20010001	addi	r1,r0,#1
 1116  00001bf4  afc1fff4	sw	-12(r30),r1
 1117  00001bf8          	L64_LF2:
 1118  00001bf8  8fc1fff4	lw	r1,-12(r30)
 1119  00001bfc  8fc20000	lw	r2,(r30)
 1120  00001c00  0022082c	sle	r1,r1,r2
 1121  00001c04  1420000c	bnez	r1,L66_LF2
 1122  00001c08  54000000	nop; delay slot nop
 1123  00001c0c  08000024	j	L65_LF2
 1124  00001c10  54000000	nop; delay slot nop
 1125  00001c14          	L67_LF2:
 1126  00001c14          	L66_LF2:
 1127  00001c14  8fc1fff4	lw	r1,-12(r30)
 1128  00001c18  00011820	add	r3,r0,r1
 1129  00001c1c  50620002	slli	r2,r3,#0x2
 1130  00001c20  00411020	add	r2,r2,r1
 1131  00001c24  50410001	slli	r1,r2,#0x1
 1132  00001c28  afc1fff4	sw	-12(r30),r1
 1133  00001c2c  0bffffc8	j	L64_LF2
 1134  00001c30  54000000	nop; delay slot nop
 1135  00001c34          	L65_LF2:
 1136  00001c34  54000000	nop
 1137  00001c38          	L68_LF2:
 1138  00001c38  8fc1fff4	lw	r1,-12(r30)
 1139  00001c3c  2002000a	addi	r2,r0,#10
 1140  00001c40  00200035	movi2fp	f0,r1
 1141  00001c44  00400835	movi2fp	f1,r2
 1142  00001c48  0401000f	div	f0,f0,f1
 1143  00001c4c  00000834	movfp2i	r1,f0
 1144  00001c50  afc1fff4	sw	-12(r30),r1
 1145  00001c54  8fc10004	lw	r1,4(r30)
 1146  00001c58  20220001	addi	r2,r1,#1
 1147  00001c5c  afc20004	sw	4(r30),r2
 1148  00001c60  8fc20000	lw	r2,(r30)
 1149  00001c64  8fc3fff4	lw	r3,-12(r30)
 1150  00001c68  00400035	movi2fp	f0,r2
 1151  00001c6c  00600835	movi2fp	f1,r3
 1152  00001c70  0401000f	div	f0,f0,f1
 1153  00001c74  00001034	movfp2i	r2,f0
 1154  00001c78  00021820	add	r3,r0,r2
 1155  00001c7c  20620030	addi	r2,r3,#48
 1156  00001c80  a0220000	sb	(r1),r2
 1157  00001c84  8fc10000	lw	r1,(r30)
 1158  00001c88  8fc3fff4	lw	r3,-12(r30)
 1159  00001c8c  00200035	movi2fp	f0,r1
 1160  00001c90  00600835	movi2fp	f1,r3
 1161  00001c94  0401000f	div	f0,f0,f1
 1162  00001c98  00001034	movfp2i	r2,f0
 1163  00001c9c  8fc3fff4	lw	r3,-12(r30)
 1164  00001ca0  00400035	movi2fp	f0,r2
 1165  00001ca4  00600835	movi2fp	f1,r3
 1166  00001ca8  0401000e	mult	f0,f0,f1
 1167  00001cac  00001034	movfp2i	r2,f0
 1168  00001cb0  00220822	sub	r1,r1,r2
 1169  00001cb4  afc10000	sw	(r30),r1
 1170  00001cb8          	L70_LF2:
 1171  00001cb8  8fc1fff4	lw	r1,-12(r30)
 1172  00001cbc  6c220001	sgti	r2,r1,#1
 1173  00001cc0  1440000c	bnez	r2,L71_LF2
 1174  00001cc4  54000000	nop; delay slot nop
 1175  00001cc8  0800000c	j	L61_LF2
 1176  00001ccc  54000000	nop; delay slot nop
 1177  00001cd0          	L71_LF2:
 1178  00001cd0  0bffff64	j	L68_LF2
 1179  00001cd4  54000000	nop; delay slot nop
 1180  00001cd8          	L69_LF2:
 1181  00001cd8          	L63_LF2:
 1182  00001cd8          	L61_LF2:
 1183  00001cd8  8fc10004	lw	r1,4(r30)
 1184  00001cdc  20020000	addi	r2,r0,(#0x0)&0xff
 1185  00001ce0  a0220000	sb	(r1),r2
 1186  00001ce4          	L59_LF2:
 1187  00001ce4  8fa20000	lw	r2,0(r29)
 1188  00001ce8  8fa30004	lw	r3,4(r29)
 1189  00001cec  8fdffff8	lw	r31,-8(r30)
 1190  00001cf0  001ee820	add	r29,r0,r30
 1191  00001cf4  8fdefffc	lw	r30,-4(r30)
 1192  00001cf8  4be00000	jr	r31
 1193  00001cfc  54000000	nop
 1194  00001d00          	.endproc _ditoa
 1195  00001d00          	.align 2
 1196  00001d00          	.proc _dstrtol
 1197  00001d00          	.global _dstrtol
 1198  00001d00          	_dstrtol:
 1199                      ;  Function 'dstrtol'; 16 bytes of locals, 1 regs to save.
 1200  00001d00  afbefffc	sw	-4(r29),r30; push fp
 1201  00001d04  001df020	add	r30,r0,r29; fp = sp
 1202  00001d08  afbffff8	sw	-8(r29),r31; push ret addr
 1203  00001d0c  2fbd0020	subui	r29,r29,#32; alloc local storage
 1204  00001d10  afa20000	sw	0(r29),r2
 1205  00001d14  20010000	addi	r1,r0,#0
 1206  00001d18  afc1fff4	sw	-12(r30),r1
 1207  00001d1c          	L73_LF2:
 1208  00001d1c  8fc10000	lw	r1,(r30)
 1209  00001d20  90220000	lbu	r2,(r1)
 1210  00001d24  60410020	seqi	r1,r2,#32
 1211  00001d28  14200034	bnez	r1,L75_LF2
 1212  00001d2c  54000000	nop; delay slot nop
 1213  00001d30  8fc10000	lw	r1,(r30)
 1214  00001d34  90220000	lbu	r2,(r1)
 1215  00001d38  60410009	seqi	r1,r2,#9
 1216  00001d3c  14200020	bnez	r1,L75_LF2
 1217  00001d40  54000000	nop; delay slot nop
 1218  00001d44  8fc10000	lw	r1,(r30)
 1219  00001d48  90220000	lbu	r2,(r1)
 1220  00001d4c  6041000a	seqi	r1,r2,#10
 1221  00001d50  1420000c	bnez	r1,L75_LF2
 1222  00001d54  54000000	nop; delay slot nop
 1223  00001d58  0800001c	j	L74_LF2
 1224  00001d5c  54000000	nop; delay slot nop
 1225  00001d60          	L75_LF2:
 1226  00001d60  8fc20000	lw	r2,(r30)
 1227  00001d64  20410001	addi	r1,r2,#1
 1228  00001d68  00011020	add	r2,r0,r1
 1229  00001d6c  afc20000	sw	(r30),r2
 1230  00001d70  0bffffa8	j	L73_LF2
 1231  00001d74  54000000	nop; delay slot nop
 1232  00001d78          	L74_LF2:
 1233  00001d78  8fc10004	lw	r1,4(r30)
 1234  00001d7c  64220000	snei	r2,r1,#0
 1235  00001d80  10400010	beqz	r2,L76_LF2
 1236  00001d84  54000000	nop; delay slot nop
 1237  00001d88  8fc10004	lw	r1,4(r30)
 1238  00001d8c  8fc20000	lw	r2,(r30)
 1239  00001d90  ac220000	sw	(r1),r2
 1240  00001d94          	L76_LF2:
 1241  00001d94  8fc10000	lw	r1,(r30)
 1242  00001d98  90220000	lbu	r2,(r1)
 1243  00001d9c  64410000	snei	r1,r2,#0
 1244  00001da0  14200010	bnez	r1,L77_LF2
 1245  00001da4  54000000	nop; delay slot nop
 1246  00001da8  8fc1fff4	lw	r1,-12(r30)
 1247  00001dac  08000294	j	L72_LF2
 1248  00001db0  54000000	nop; delay slot nop
 1249  00001db4          	L77_LF2:
 1250  00001db4  8fc10000	lw	r1,(r30)
 1251  00001db8  90220000	lbu	r2,(r1)
 1252  00001dbc  6041002d	seqi	r1,r2,#45
 1253  00001dc0  10200024	beqz	r1,L78_LF2
 1254  00001dc4  54000000	nop; delay slot nop
 1255  00001dc8  2001ffff	addi	r1,r0,#-1
 1256  00001dcc  afc1ffec	sw	-20(r30),r1
 1257  00001dd0  8fc20000	lw	r2,(r30)
 1258  00001dd4  20410001	addi	r1,r2,#1
 1259  00001dd8  00011020	add	r2,r0,r1
 1260  00001ddc  afc20000	sw	(r30),r2
 1261  00001de0  0800000c	j	L79_LF2
 1262  00001de4  54000000	nop; delay slot nop
 1263  00001de8          	L78_LF2:
 1264  00001de8  20010001	addi	r1,r0,#1
 1265  00001dec  afc1ffec	sw	-20(r30),r1
 1266  00001df0          	L79_LF2:
 1267  00001df0  8fc10008	lw	r1,8(r30)
 1268  00001df4  64220000	snei	r2,r1,#0
 1269  00001df8  14400090	bnez	r2,L80_LF2
 1270  00001dfc  54000000	nop; delay slot nop
 1271  00001e00  8fc10000	lw	r1,(r30)
 1272  00001e04  90220000	lbu	r2,(r1)
 1273  00001e08  60410030	seqi	r1,r2,#48
 1274  00001e0c  10200074	beqz	r1,L81_LF2
 1275  00001e10  54000000	nop; delay slot nop
 1276  00001e14  8fc20000	lw	r2,(r30)
 1277  00001e18  20410001	addi	r1,r2,#1
 1278  00001e1c  00011020	add	r2,r0,r1
 1279  00001e20  afc20000	sw	(r30),r2
 1280  00001e24  8fc10000	lw	r1,(r30)
 1281  00001e28  90220000	lbu	r2,(r1)
 1282  00001e2c  60410078	seqi	r1,r2,#120
 1283  00001e30  14200020	bnez	r1,L83_LF2
 1284  00001e34  54000000	nop; delay slot nop
 1285  00001e38  8fc10000	lw	r1,(r30)
 1286  00001e3c  90220000	lbu	r2,(r1)
 1287  00001e40  60410058	seqi	r1,r2,#88
 1288  00001e44  1420000c	bnez	r1,L83_LF2
 1289  00001e48  54000000	nop; delay slot nop
 1290  00001e4c  08000024	j	L82_LF2
 1291  00001e50  54000000	nop; delay slot nop
 1292  00001e54          	L83_LF2:
 1293  00001e54  20010010	addi	r1,r0,#16
 1294  00001e58  afc10008	sw	8(r30),r1
 1295  00001e5c  8fc20000	lw	r2,(r30)
 1296  00001e60  20410001	addi	r1,r2,#1
 1297  00001e64  00011020	add	r2,r0,r1
 1298  00001e68  afc20000	sw	(r30),r2
 1299  00001e6c  0800000c	j	L84_LF2
 1300  00001e70  54000000	nop; delay slot nop
 1301  00001e74          	L82_LF2:
 1302  00001e74  20010008	addi	r1,r0,#8
 1303  00001e78  afc10008	sw	8(r30),r1
 1304  00001e7c          	L84_LF2:
 1305  00001e7c  0800000c	j	L80_LF2
 1306  00001e80  54000000	nop; delay slot nop
 1307  00001e84          	L81_LF2:
 1308  00001e84  2001000a	addi	r1,r0,#10
 1309  00001e88  afc10008	sw	8(r30),r1
 1310  00001e8c          	L85_LF2:
 1311  00001e8c          	L80_LF2:
 1312  00001e8c  8fc10008	lw	r1,8(r30)
 1313  00001e90  70220000	slei	r2,r1,#0
 1314  00001e94  1440001c	bnez	r2,L87_LF2
 1315  00001e98  54000000	nop; delay slot nop
 1316  00001e9c  8fc10008	lw	r1,8(r30)
 1317  00001ea0  6c220010	sgti	r2,r1,#16
 1318  00001ea4  1440000c	bnez	r2,L87_LF2
 1319  00001ea8  54000000	nop; delay slot nop
 1320  00001eac  08000010	j	L86_LF2
 1321  00001eb0  54000000	nop; delay slot nop
 1322  00001eb4          	L87_LF2:
 1323  00001eb4  8fc1fff4	lw	r1,-12(r30)
 1324  00001eb8  08000188	j	L72_LF2
 1325  00001ebc  54000000	nop; delay slot nop
 1326  00001ec0          	L86_LF2:
 1327  00001ec0  54000000	nop
 1328  00001ec4          	L88_LF2:
 1329  00001ec4  8fc10000	lw	r1,(r30)
 1330  00001ec8  90220000	lbu	r2,(r1)
 1331  00001ecc  6c41002f	sgtui	r1,r2,#47
 1332  00001ed0  10200030	beqz	r1,L91_LF2
 1333  00001ed4  54000000	nop; delay slot nop
 1334  00001ed8  8fc10000	lw	r1,(r30)
 1335  00001edc  90220000	lbu	r2,(r1)
 1336  00001ee0  70410039	sleui	r1,r2,#57
 1337  00001ee4  1020001c	beqz	r1,L91_LF2
 1338  00001ee8  54000000	nop; delay slot nop
 1339  00001eec  8fc10000	lw	r1,(r30)
 1340  00001ef0  90220000	lbu	r2,(r1)
 1341  00001ef4  2041ffd0	addi	r1,r2,#-48
 1342  00001ef8  afc1fff0	sw	-16(r30),r1
 1343  00001efc  0800008c	j	L92_LF2
 1344  00001f00  54000000	nop; delay slot nop
 1345  00001f04          	L91_LF2:
 1346  00001f04  8fc10000	lw	r1,(r30)
 1347  00001f08  90220000	lbu	r2,(r1)
 1348  00001f0c  6c410060	sgtui	r1,r2,#96
 1349  00001f10  10200030	beqz	r1,L93_LF2
 1350  00001f14  54000000	nop; delay slot nop
 1351  00001f18  8fc10000	lw	r1,(r30)
 1352  00001f1c  90220000	lbu	r2,(r1)
 1353  00001f20  7041007a	sleui	r1,r2,#122
 1354  00001f24  1020001c	beqz	r1,L93_LF2
 1355  00001f28  54000000	nop; delay slot nop
 1356  00001f2c  8fc10000	lw	r1,(r30)
 1357  00001f30  90220000	lbu	r2,(r1)
 1358  00001f34  2041ffa9	addi	r1,r2,#-87
 1359  00001f38  afc1fff0	sw	-16(r30),r1
 1360  00001f3c  0800004c	j	L92_LF2
 1361  00001f40  54000000	nop; delay slot nop
 1362  00001f44          	L93_LF2:
 1363  00001f44  8fc10000	lw	r1,(r30)
 1364  00001f48  90220000	lbu	r2,(r1)
 1365  00001f4c  6c410040	sgtui	r1,r2,#64
 1366  00001f50  10200030	beqz	r1,L95_LF2
 1367  00001f54  54000000	nop; delay slot nop
 1368  00001f58  8fc10000	lw	r1,(r30)
 1369  00001f5c  90220000	lbu	r2,(r1)
 1370  00001f60  7041005a	sleui	r1,r2,#90
 1371  00001f64  1020001c	beqz	r1,L95_LF2
 1372  00001f68  54000000	nop; delay slot nop
 1373  00001f6c  8fc10000	lw	r1,(r30)
 1374  00001f70  90220000	lbu	r2,(r1)
 1375  00001f74  2041ffc9	addi	r1,r2,#-55
 1376  00001f78  afc1fff0	sw	-16(r30),r1
 1377  00001f7c  0800000c	j	L92_LF2
 1378  00001f80  54000000	nop; delay slot nop
 1379  00001f84          	L95_LF2:
 1380  00001f84  200103e8	addi	r1,r0,#1000
 1381  00001f88  afc1fff0	sw	-16(r30),r1
 1382  00001f8c          	L96_LF2:
 1383  00001f8c          	L94_LF2:
 1384  00001f8c          	L92_LF2:
 1385  00001f8c  8fc1fff0	lw	r1,-16(r30)
 1386  00001f90  8fc20008	lw	r2,8(r30)
 1387  00001f94  0022082a	slt	r1,r1,r2
 1388  00001f98  10200040	beqz	r1,L90_LF2
 1389  00001f9c  54000000	nop; delay slot nop
 1390  00001fa0  8fc1fff4	lw	r1,-12(r30)
 1391  00001fa4  8fc20008	lw	r2,8(r30)
 1392  00001fa8  00200035	movi2fp	f0,r1
 1393  00001fac  00400835	movi2fp	f1,r2
 1394  00001fb0  0401000e	mult	f0,f0,f1
 1395  00001fb4  00000834	movfp2i	r1,f0
 1396  00001fb8  afc1fff4	sw	-12(r30),r1
 1397  00001fbc  8fc1fff4	lw	r1,-12(r30)
 1398  00001fc0  8fc2fff0	lw	r2,-16(r30)
 1399  00001fc4  00220820	add	r1,r1,r2
 1400  00001fc8  afc1fff4	sw	-12(r30),r1
 1401  00001fcc  8fc20000	lw	r2,(r30)
 1402  00001fd0  20410001	addi	r1,r2,#1
 1403  00001fd4  00011020	add	r2,r0,r1
 1404  00001fd8  afc20000	sw	(r30),r2
 1405  00001fdc          	L97_LF2:
 1406  00001fdc          	L90_LF2:
 1407  00001fdc  8fc1fff0	lw	r1,-16(r30)
 1408  00001fe0  8fc20008	lw	r2,8(r30)
 1409  00001fe4  0022082a	slt	r1,r1,r2
 1410  00001fe8  1420000c	bnez	r1,L98_LF2
 1411  00001fec  54000000	nop; delay slot nop
 1412  00001ff0  0800000c	j	L89_LF2
 1413  00001ff4  54000000	nop; delay slot nop
 1414  00001ff8          	L98_LF2:
 1415  00001ff8  0bfffec8	j	L88_LF2
 1416  00001ffc  54000000	nop; delay slot nop
 1417  00002000          	L89_LF2:
 1418  00002000  8fc10004	lw	r1,4(r30)
 1419  00002004  64220000	snei	r2,r1,#0
 1420  00002008  10400010	beqz	r2,L99_LF2
 1421  0000200c  54000000	nop; delay slot nop
 1422  00002010  8fc10004	lw	r1,4(r30)
 1423  00002014  8fc20000	lw	r2,(r30)
 1424  00002018  ac220000	sw	(r1),r2
 1425  0000201c          	L99_LF2:
 1426  0000201c  8fc1fff4	lw	r1,-12(r30)
 1427  00002020  8fc2ffec	lw	r2,-20(r30)
 1428  00002024  00200035	movi2fp	f0,r1
 1429  00002028  00400835	movi2fp	f1,r2
 1430  0000202c  0401000e	mult	f0,f0,f1
 1431  00002030  00000834	movfp2i	r1,f0
 1432  00002034  afc1fff4	sw	-12(r30),r1
 1433  00002038  8fc1fff4	lw	r1,-12(r30)
 1434  0000203c  08000004	j	L72_LF2
 1435  00002040  54000000	nop; delay slot nop
 1436  00002044          	L72_LF2:
 1437  00002044  8fa20000	lw	r2,0(r29)
 1438  00002048  8fdffff8	lw	r31,-8(r30)
 1439  0000204c  001ee820	add	r29,r0,r30
 1440  00002050  8fdefffc	lw	r30,-4(r30)
 1441  00002054  4be00000	jr	r31
 1442  00002058  54000000	nop
 1443  0000205c          	.endproc _dstrtol
 1444  0000205c          	.align 2
 1445  0000205c          	.proc _bcopy
 1446  0000205c          	.global _bcopy
 1447  0000205c          	_bcopy:
 1448                      ;  Function 'bcopy'; 0 bytes of locals, 2 regs to save.
 1449  0000205c  afbefffc	sw	-4(r29),r30; push fp
 1450  00002060  001df020	add	r30,r0,r29; fp = sp
 1451  00002064  afbffff8	sw	-8(r29),r31; push ret addr
 1452  00002068  2fbd0010	subui	r29,r29,#16; alloc local storage
 1453  0000206c  afa20000	sw	0(r29),r2
 1454  00002070  afa30004	sw	4(r29),r3
 1455  00002074  54000000	nop
 1456  00002078          	L101_LF2:
 1457  00002078  8fc10008	lw	r1,8(r30)
 1458  0000207c  2022ffff	addi	r2,r1,#-1
 1459  00002080  afc20008	sw	8(r30),r2
 1460  00002084  6c210000	sgti	r1,r1,#0
 1461  00002088  1420000c	bnez	r1,L103_LF2
 1462  0000208c  54000000	nop; delay slot nop
 1463  00002090  0800002c	j	L102_LF2
 1464  00002094  54000000	nop; delay slot nop
 1465  00002098          	L103_LF2:
 1466  00002098  8fc10004	lw	r1,4(r30)
 1467  0000209c  20220001	addi	r2,r1,#1
 1468  000020a0  afc20004	sw	4(r30),r2
 1469  000020a4  8fc20000	lw	r2,(r30)
 1470  000020a8  20430001	addi	r3,r2,#1
 1471  000020ac  afc30000	sw	(r30),r3
 1472  000020b0  80420000	lb	r2,(r2)
 1473  000020b4  a0220000	sb	(r1),r2
 1474  000020b8  0bffffbc	j	L101_LF2
 1475  000020bc  54000000	nop; delay slot nop
 1476  000020c0          	L102_LF2:
 1477  000020c0          	L100_LF2:
 1478  000020c0  8fa20000	lw	r2,0(r29)
 1479  000020c4  8fa30004	lw	r3,4(r29)
 1480  000020c8  8fdffff8	lw	r31,-8(r30)
 1481  000020cc  001ee820	add	r29,r0,r30
 1482  000020d0  8fdefffc	lw	r30,-4(r30)
 1483  000020d4  4be00000	jr	r31
 1484  000020d8  54000000	nop
 1485  000020dc          	.endproc _bcopy
 1486  000020dc          	.align 2
 1487  000020dc          	.proc _bzero
 1488  000020dc          	.global _bzero
 1489  000020dc          	_bzero:
 1490                      ;  Function 'bzero'; 0 bytes of locals, 1 regs to save.
 1491  000020dc  afbefffc	sw	-4(r29),r30; push fp
 1492  000020e0  001df020	add	r30,r0,r29; fp = sp
 1493  000020e4  afbffff8	sw	-8(r29),r31; push ret addr
 1494  000020e8  2fbd0010	subui	r29,r29,#16; alloc local storage
 1495  000020ec  afa20000	sw	0(r29),r2
 1496  000020f0  54000000	nop
 1497  000020f4          	L105_LF2:
 1498  000020f4  8fc10004	lw	r1,4(r30)
 1499  000020f8  2022ffff	addi	r2,r1,#-1
 1500  000020fc  afc20004	sw	4(r30),r2
 1501  00002100  6c210000	sgti	r1,r1,#0
 1502  00002104  1420000c	bnez	r1,L107_LF2
 1503  00002108  54000000	nop; delay slot nop
 1504  0000210c  08000020	j	L106_LF2
 1505  00002110  54000000	nop; delay slot nop
 1506  00002114          	L107_LF2:
 1507  00002114  8fc10000	lw	r1,(r30)
 1508  00002118  20220001	addi	r2,r1,#1
 1509  0000211c  afc20000	sw	(r30),r2
 1510  00002120  20020000	addi	r2,r0,(#0x0)&0xff
 1511  00002124  a0220000	sb	(r1),r2
 1512  00002128  0bffffc8	j	L105_LF2
 1513  0000212c  54000000	nop; delay slot nop
 1514  00002130          	L106_LF2:
 1515  00002130          	L104_LF2:
 1516  00002130  8fa20000	lw	r2,0(r29)
 1517  00002134  8fdffff8	lw	r31,-8(r30)
 1518  00002138  001ee820	add	r29,r0,r30
 1519  0000213c  8fdefffc	lw	r30,-4(r30)
 1520  00002140  4be00000	jr	r31
 1521  00002144  54000000	nop
 1522  00002148          	.endproc _bzero
 1523  00002148          	.align 2
 1524  00002148          	.proc _min
 1525  00002148          	.global _min
 1526  00002148          	_min:
 1527                      ;  Function 'min'; 0 bytes of locals, 2 regs to save.
 1528  00002148  afbefffc	sw	-4(r29),r30; push fp
 1529  0000214c  001df020	add	r30,r0,r29; fp = sp
 1530  00002150  afbffff8	sw	-8(r29),r31; push ret addr
 1531  00002154  2fbd0010	subui	r29,r29,#16; alloc local storage
 1532  00002158  afa20000	sw	0(r29),r2
 1533  0000215c  afa30004	sw	4(r29),r3
 1534  00002160  8fc10000	lw	r1,(r30)
 1535  00002164  8fc20004	lw	r2,4(r30)
 1536  00002168  0022182c	sle	r3,r1,r2
 1537  0000216c  14600008	bnez	r3,L109_LF2
 1538  00002170  54000000	nop; delay slot nop
 1539  00002174  8fc10004	lw	r1,4(r30)
 1540  00002178          	L109_LF2:
 1541  00002178  08000004	j	L108_LF2
 1542  0000217c  54000000	nop; delay slot nop
 1543  00002180          	L108_LF2:
 1544  00002180  8fa20000	lw	r2,0(r29)
 1545  00002184  8fa30004	lw	r3,4(r29)
 1546  00002188  8fdffff8	lw	r31,-8(r30)
 1547  0000218c  001ee820	add	r29,r0,r30
 1548  00002190  8fdefffc	lw	r30,-4(r30)
 1549  00002194  4be00000	jr	r31
 1550  00002198  54000000	nop
 1551  0000219c          	.endproc _min
 1552  0000219c          	.align 2
 1553  0000219c          	.proc _max
 1554  0000219c          	.global _max
 1555  0000219c          	_max:
 1556                      ;  Function 'max'; 0 bytes of locals, 2 regs to save.
 1557  0000219c  afbefffc	sw	-4(r29),r30; push fp
 1558  000021a0  001df020	add	r30,r0,r29; fp = sp
 1559  000021a4  afbffff8	sw	-8(r29),r31; push ret addr
 1560  000021a8  2fbd0010	subui	r29,r29,#16; alloc local storage
 1561  000021ac  afa20000	sw	0(r29),r2
 1562  000021b0  afa30004	sw	4(r29),r3
 1563  000021b4  8fc10000	lw	r1,(r30)
 1564  000021b8  8fc20004	lw	r2,4(r30)
 1565  000021bc  0022182d	sge	r3,r1,r2
 1566  000021c0  14600008	bnez	r3,L111_LF2
 1567  000021c4  54000000	nop; delay slot nop
 1568  000021c8  8fc10004	lw	r1,4(r30)
 1569  000021cc          	L111_LF2:
 1570  000021cc  08000004	j	L110_LF2
 1571  000021d0  54000000	nop; delay slot nop
 1572  000021d4          	L110_LF2:
 1573  000021d4  8fa20000	lw	r2,0(r29)
 1574  000021d8  8fa30004	lw	r3,4(r29)
 1575  000021dc  8fdffff8	lw	r31,-8(r30)
 1576  000021e0  001ee820	add	r29,r0,r30
 1577  000021e4  8fdefffc	lw	r30,-4(r30)
 1578  000021e8  4be00000	jr	r31
 1579  000021ec  54000000	nop
 1580  000021f0          	.endproc _max
 1581                      ;;; Ethan L. Miller, 1999.  Released to the public domain
 1582                      ;;;
 1583                      ;;; Most of the traps are called in files from libtraps.
 1586  000021f0          	.align 2
 1587  000021f0          	.proc _exit
 1588  000021f0          	.global _exit
 1589  000021f0          	_exit:
 1590  000021f0  44000300	trap	#0x300
 1591  000021f4  4be00000	jr	r31
 1592  000021f8  54000000	nop
 1593  000021fc          	.endproc _exit
 1595                      ; for the benefit of gcc.
 1596  000021fc          	.proc ___main
 1597  000021fc          	.global ___main
 1598  000021fc          	___main:
 1599  000021fc  4be00000	jr	r31
 1600  00002200  54000000	nop
 1601  00002204          	.endproc ___main
 1602  00002204          	.text
 1603  00002204          	.global _etext
 1604  00002204          	_etext:
 1605  00002204          	.align 3
 1606  00002208          	.data
 1607  0000315e          	.global _edata
 1608  0000315e          	_edata:
