 line   address	contents
    1                      ; Linked by DLX-LD.
    2                      ; MemSize 24576
    3                      ; Data size: 512
    4                      ; Text size: 5196
    5                      ; Stack size: 8192
    6  00000000          	.text 0x1000
    7  00001000          	.data 0x3000
    8                      ; Compiled by GCC
    9  00003000          	.text
   10  00001000          	.align 2
   11  00001000          	.proc _isspace
   12  00001000          	.global _isspace
   13  00001000          	_isspace:
   14                      ;  Function 'isspace'; 0 bytes of locals, 1 regs to save.
   15  00001000  afbefffc	sw	-4(r29),r30; push fp
   16  00001004  001df020	add	r30,r0,r29; fp = sp
   17  00001008  afbffff8	sw	-8(r29),r31; push ret addr
   18  0000100c  2fbd0010	subui	r29,r29,#16; alloc local storage
   19  00001010  afa20000	sw	0(r29),r2
   20  00001014  83c20003	lb	r2,3(r30)
   21  00001018  201f0000	addi	r31,r0,#0
   22  0000101c  304100ff	andi	r1,r2,#0x00ff
   23  00001020  60210020	seqi	r1,r1,#32
   24  00001024  14200018	bnez	r1,L6_LF0
   25  00001028  54000000	nop; not filled.
   26  0000102c  2041fff7	addi	r1,r2,#-9
   27  00001030  302100ff	andi	r1,r1,#0x00ff
   28  00001034  70210001	sleui	r1,r1,#1
   29  00001038  10200008	beqz	r1,L5_LF0
   30  0000103c  54000000	nop; not filled.
   31  00001040          	L6_LF0:
   32  00001040  201f0001	addi	r31,r0,#1
   33  00001044          	L5_LF0:
   34  00001044  001f0820	add	r1,r0,r31
   35  00001048  8fa20000	lw	r2,0(r29)
   36  0000104c  8fdffff8	lw	r31,-8(r30)
   37  00001050  001ee820	add	r29,r0,r30
   38  00001054  8fdefffc	lw	r30,-4(r30)
   39  00001058  4be00000	jr	r31
   40  0000105c  54000000	nop
   41  00001060          	.endproc _isspace
   42  00001060          	.align 2
   43  00001060          	.proc _isxdigit
   44  00001060          	.global _isxdigit
   45  00001060          	_isxdigit:
   46                      ;  Function 'isxdigit'; 0 bytes of locals, 1 regs to save.
   47  00001060  afbefffc	sw	-4(r29),r30; push fp
   48  00001064  001df020	add	r30,r0,r29; fp = sp
   49  00001068  afbffff8	sw	-8(r29),r31; push ret addr
   50  0000106c  2fbd0010	subui	r29,r29,#16; alloc local storage
   51  00001070  afa20000	sw	0(r29),r2
   52  00001074  83df0003	lb	r31,3(r30)
   53  00001078  20020000	addi	r2,r0,#0
   54  0000107c  23e1ffd0	addi	r1,r31,#-48
   55  00001080  302100ff	andi	r1,r1,#0x00ff
   56  00001084  70210009	sleui	r1,r1,#9
   57  00001088  14200028	bnez	r1,L12_LF0
   58  0000108c  54000000	nop; not filled.
   59  00001090  23e1ff9f	addi	r1,r31,#-97
   60  00001094  302100ff	andi	r1,r1,#0x00ff
   61  00001098  70210005	sleui	r1,r1,#5
   62  0000109c  14200014	bnez	r1,L12_LF0
   63  000010a0  54000000	nop; not filled.
   64  000010a4  33e100ff	andi	r1,r31,#0x00ff
   65  000010a8  64210041	snei	r1,r1,#65
   66  000010ac  14200008	bnez	r1,L11_LF0
   67  000010b0  54000000	nop; not filled.
   68  000010b4          	L12_LF0:
   69  000010b4  20020001	addi	r2,r0,#1
   70  000010b8          	L11_LF0:
   71  000010b8  00020820	add	r1,r0,r2
   72  000010bc  8fa20000	lw	r2,0(r29)
   73  000010c0  8fdffff8	lw	r31,-8(r30)
   74  000010c4  001ee820	add	r29,r0,r30
   75  000010c8  8fdefffc	lw	r30,-4(r30)
   76  000010cc  4be00000	jr	r31
   77  000010d0  54000000	nop
   78  000010d4          	.endproc _isxdigit
   79  000010d4          	.data
   80  00003000          	.align 2
   81  00003000          	LC0_LF0:
   82  00003000  55736167	.ascii "Usage: \000"
   82  00003004  653a2000	
   83  00003008          	.align 2
   84  00003008          	LC1_LF0:
   85  00003008  203c6832	.ascii " <h2oInjectionCount> <so4InjectionCount>\n\000"
   85  0000300c  6f496e6a	
   85  00003010  65637469	
   85  00003014  6f6e436f	
   85  00003018  756e743e	
   85  0000301c  203c736f	
   85  00003020  34496e6a	
   85  00003024  65637469	
   85  00003028  6f6e436f	
   85  0000302c  756e743e	
   85  00003030  0a00    	
   86  00003032          	.align 2
   87  00003034          	LC2_LF0:
   88  00003034  43726561	.ascii "Creating %d H20 processes\n\000"
   88  00003038  74696e67	
   88  0000303c  20256420	
   88  00003040  48323020	
   88  00003044  70726f63	
   88  00003048  65737365	
   88  0000304c  730a00  	
   89  0000304f          	.align 2
   90  00003050          	LC3_LF0:
   91  00003050  43726561	.ascii "Creating %d SO4 processes\n\000"
   91  00003054  74696e67	
   91  00003058  20256420	
   91  0000305c  534f3420	
   91  00003060  70726f63	
   91  00003064  65737365	
   91  00003068  730a00  	
   92  0000306b          	.align 2
   93  0000306c          	LC4_LF0:
   94  0000306c  4552524f	.ascii "ERROR: could not allocate shared memory page in \000"
   94  00003070  523a2063	
   94  00003074  6f756c64	
   94  00003078  206e6f74	
   94  0000307c  20616c6c	
   94  00003080  6f636174	
   94  00003084  65207368	
   94  00003088  61726564	
   94  0000308c  206d656d	
   94  00003090  6f727920	
   94  00003094  70616765	
   94  00003098  20696e20	
   94  0000309c  00      	
   95  0000309d          	.align 2
   96  000030a0          	LC5_LF0:
   97  000030a0  2c206578	.ascii ", exiting...\n\000"
   97  000030a4  6974696e	
   97  000030a8  672e2e2e	
   97  000030ac  0a00    	
   98  000030ae          	.align 2
   99  000030b0          	LC6_LF0:
  100  000030b0  436f756c	.ascii "Could not map the shared page to virtual address in \000"
  100  000030b4  64206e6f	
  100  000030b8  74206d61	
  100  000030bc  70207468	
  100  000030c0  65207368	
  100  000030c4  61726564	
  100  000030c8  20706167	
  100  000030cc  6520746f	
  100  000030d0  20766972	
  100  000030d4  7475616c	
  100  000030d8  20616464	
  100  000030dc  72657373	
  100  000030e0  20696e20	
  100  000030e4  00      	
  101  000030e5          	.align 2
  102  000030e8          	LC7_LF0:
  103  000030e8  2c206578	.ascii ", exiting..\n\000"
  103  000030ec  6974696e	
  103  000030f0  672e2e0a	
  103  000030f4  00      	
  104  000030f5          	.align 2
  105  000030f8          	LC8_LF0:
  106  000030f8  42616420	.ascii "Bad cond in \000"
  106  000030fc  636f6e64	
  106  00003100  20696e20	
  106  00003104  00      	
  107  00003105          	.align 2
  108  00003108          	LC9_LF0:
  109  00003108  0a00    	.ascii "\n\000"
  110  0000310a          	.align 2
  111  0000310c          	LC10_LF0:
  112  0000310c  42616420	.ascii "Bad sem_create in \000"
  112  00003110  73656d5f	
  112  00003114  63726561	
  112  00003118  74652069	
  112  0000311c  6e2000  	
  113  0000311f          	.align 2
  114  00003120          	LC11_LF0:
  115  00003120  63726561	.ascii "creating process so4\n\000"
  115  00003124  74696e67	
  115  00003128  2070726f	
  115  0000312c  63657373	
  115  00003130  20736f34	
  115  00003134  0a00    	
  116  00003136          	.align 2
  117  00003138          	LC12_LF0:
  118  00003138  63726561	.ascii "creating process h20\n\000"
  118  0000313c  74696e67	
  118  00003140  2070726f	
  118  00003144  63657373	
  118  00003148  20683230	
  118  0000314c  0a00    	
  119  0000314e          	.align 2
  120  00003150          	LC13_LF0:
  121  00003150  68326f2e	.ascii "h2o.dlx.obj\000"
  121  00003154  646c782e	
  121  00003158  6f626a00	
  122  0000315c          	.align 2
  123  0000315c          	LC14_LF0:
  124  0000315c  63726561	.ascii "creating process h2x\n\000"
  124  00003160  74696e67	
  124  00003164  2070726f	
  124  00003168  63657373	
  124  0000316c  20683278	
  124  00003170  0a00    	
  125  00003172          	.align 2
  126  00003174          	LC15_LF0:
  127  00003174  68327832	.ascii "h2x2_o2.dlx.obj\000"
  127  00003178  5f6f322e	
  127  0000317c  646c782e	
  127  00003180  6f626a00	
  128  00003184          	.align 2
  129  00003184          	LC16_LF0:
  130  00003184  50726f63	.ascii "Process %d created\n\000"
  130  00003188  65737320	
  130  0000318c  25642063	
  130  00003190  72656174	
  130  00003194  65640a00	
  131  00003198          	.align 2
  132  00003198          	LC17_LF0:
  133  00003198  42616420	.ascii "Bad semaphore s_procs_completed (%d) in \000"
  133  0000319c  73656d61	
  133  000031a0  70686f72	
  133  000031a4  6520735f	
  133  000031a8  70726f63	
  133  000031ac  735f636f	
  133  000031b0  6d706c65	
  133  000031b4  74656420	
  133  000031b8  28256429	
  133  000031bc  20696e20	
  133  000031c0  00      	
  134  000031c1          	.align 2
  135  000031c4          	LC18_LF0:
  136  000031c4  416c6c20	.ascii "All processes completed sucessfully, exiting main process.\n\000"
  136  000031c8  70726f63	
  136  000031cc  65737365	
  136  000031d0  7320636f	
  136  000031d4  6d706c65	
  136  000031d8  74656420	
  136  000031dc  73756365	
  136  000031e0  73736675	
  136  000031e4  6c6c792c	
  136  000031e8  20657869	
  136  000031ec  74696e67	
  136  000031f0  206d6169	
  136  000031f4  6e207072	
  136  000031f8  6f636573	
  136  000031fc  732e0a00	
  137  00003200          	.text
  138  000010d4          	.align 2
  139  000010d4          	.proc _main
  140  000010d4          	.global _main
  141  000010d4          	_main:
  142                      ;  Function 'main'; 32 bytes of locals, 0 regs to save.
  143  000010d4  afbefffc	sw	-4(r29),r30; push fp
  144  000010d8  001df020	add	r30,r0,r29; fp = sp
  145  000010dc  afbffff8	sw	-8(r29),r31; push ret addr
  146  000010e0  2fbd0028	subui	r29,r29,#40; alloc local storage
  147  000010e4  8fc20000	lw	r2,(r30)
  148  000010e8  8fc90004	lw	r9,4(r30)
  149  000010ec  0c001354	jal	___main
  150  000010f0  54000000	nop; not filled.
  151  000010f4  20040000	addi	r4,r0,#0
  152  000010f8  20050000	addi	r5,r0,#0
  153  000010fc  64410003	snei	r1,r2,#3
  154  00001100  1020004c	beqz	r1,L14_LF0
  155  00001104  54000000	nop; not filled.
  156  00001108  23bdfff8	addi	r29,r29,#-8
  157  0000110c  3c0b0000	lhi	r11,((LC0_LF0)>>16)&0xffff
  158  00001110  256b3000	addui	r11,r11,(LC0_LF0)&0xffff
  159  00001114  afab0000	sw	(r29),r11
  160  00001118  0c000520	jal	_Printf
  161  0000111c  54000000	nop; not filled.
  162  00001120  8d2b0000	lw	r11,(r9)
  163  00001124  afab0000	sw	(r29),r11
  164  00001128  0c000510	jal	_Printf
  165  0000112c  54000000	nop; not filled.
  166  00001130  3c0b0000	lhi	r11,((LC1_LF0)>>16)&0xffff
  167  00001134  256b3008	addui	r11,r11,(LC1_LF0)&0xffff
  168  00001138  afab0000	sw	(r29),r11
  169  0000113c  0c0004fc	jal	_Printf
  170  00001140  54000000	nop; not filled.
  171  00001144  0c0005a8	jal	_Exit
  172  00001148  54000000	nop; not filled.
  173  0000114c  23bd0008	addi	r29,r29,#8
  174  00001150          	L14_LF0:
  175  00001150  23bdfff0	addi	r29,r29,#-16
  176  00001154  8d2b0004	lw	r11,4(r9)
  177  00001158  afab0000	sw	(r29),r11
  178  0000115c  200b0000	addi	r11,r0,#0
  179  00001160  afab0004	sw	4(r29),r11
  180  00001164  200b000a	addi	r11,r0,#10
  181  00001168  afab0008	sw	8(r29),r11
  182  0000116c  0c000e2c	jal	_dstrtol
  183  00001170  54000000	nop; not filled.
  184  00001174  00013020	add	r6,r0,r1
  185  00001178  3c0b0000	lhi	r11,((LC2_LF0)>>16)&0xffff
  186  0000117c  256b3034	addui	r11,r11,(LC2_LF0)&0xffff
  187  00001180  afab0000	sw	(r29),r11
  188  00001184  afa60004	sw	4(r29),r6
  189  00001188  0c0004b0	jal	_Printf
  190  0000118c  54000000	nop; not filled.
  191  00001190  8d2b0008	lw	r11,8(r9)
  192  00001194  afab0000	sw	(r29),r11
  193  00001198  200b0000	addi	r11,r0,#0
  194  0000119c  afab0004	sw	4(r29),r11
  195  000011a0  200b000a	addi	r11,r0,#10
  196  000011a4  afab0008	sw	8(r29),r11
  197  000011a8  0c000df0	jal	_dstrtol
  198  000011ac  54000000	nop; not filled.
  199  000011b0  00015020	add	r10,r0,r1
  200  000011b4  3c0b0000	lhi	r11,((LC3_LF0)>>16)&0xffff
  201  000011b8  256b3050	addui	r11,r11,(LC3_LF0)&0xffff
  202  000011bc  afab0000	sw	(r29),r11
  203  000011c0  afaa0004	sw	4(r29),r10
  204  000011c4  0c000474	jal	_Printf
  205  000011c8  54000000	nop; not filled.
  206  000011cc  0c000490	jal	_shmget
  207  000011d0  54000000	nop; not filled.
  208  000011d4  00014020	add	r8,r0,r1
  209  000011d8  23bd0010	addi	r29,r29,#16
  210  000011dc  65010000	snei	r1,r8,#0
  211  000011e0  1420004c	bnez	r1,L15_LF0
  212  000011e4  54000000	nop; not filled.
  213  000011e8  23bdfff8	addi	r29,r29,#-8
  214  000011ec  3c0b0000	lhi	r11,((LC4_LF0)>>16)&0xffff
  215  000011f0  256b306c	addui	r11,r11,(LC4_LF0)&0xffff
  216  000011f4  afab0000	sw	(r29),r11
  217  000011f8  0c000440	jal	_Printf
  218  000011fc  54000000	nop; not filled.
  219  00001200  8d2b0000	lw	r11,(r9)
  220  00001204  afab0000	sw	(r29),r11
  221  00001208  0c000430	jal	_Printf
  222  0000120c  54000000	nop; not filled.
  223  00001210  3c0b0000	lhi	r11,((LC5_LF0)>>16)&0xffff
  224  00001214  256b30a0	addui	r11,r11,(LC5_LF0)&0xffff
  225  00001218  afab0000	sw	(r29),r11
  226  0000121c  0c00041c	jal	_Printf
  227  00001220  54000000	nop; not filled.
  228  00001224  0c0004c8	jal	_Exit
  229  00001228  54000000	nop; not filled.
  230  0000122c  23bd0008	addi	r29,r29,#8
  231  00001230          	L15_LF0:
  232  00001230  23bdfff8	addi	r29,r29,#-8
  233  00001234  afa80000	sw	(r29),r8
  234  00001238  0c000430	jal	_shmat
  235  0000123c  54000000	nop; not filled.
  236  00001240  00011020	add	r2,r0,r1
  237  00001244  23bd0008	addi	r29,r29,#8
  238  00001248  64410000	snei	r1,r2,#0
  239  0000124c  1420004c	bnez	r1,L16_LF0
  240  00001250  54000000	nop; not filled.
  241  00001254  23bdfff8	addi	r29,r29,#-8
  242  00001258  3c0b0000	lhi	r11,((LC6_LF0)>>16)&0xffff
  243  0000125c  256b30b0	addui	r11,r11,(LC6_LF0)&0xffff
  244  00001260  afab0000	sw	(r29),r11
  245  00001264  0c0003d4	jal	_Printf
  246  00001268  54000000	nop; not filled.
  247  0000126c  8d2b0000	lw	r11,(r9)
  248  00001270  afab0000	sw	(r29),r11
  249  00001274  0c0003c4	jal	_Printf
  250  00001278  54000000	nop; not filled.
  251  0000127c  3c0b0000	lhi	r11,((LC7_LF0)>>16)&0xffff
  252  00001280  256b30e8	addui	r11,r11,(LC7_LF0)&0xffff
  253  00001284  afab0000	sw	(r29),r11
  254  00001288  0c0003b0	jal	_Printf
  255  0000128c  54000000	nop; not filled.
  256  00001290  0c00045c	jal	_Exit
  257  00001294  54000000	nop; not filled.
  258  00001298  23bd0008	addi	r29,r29,#8
  259  0000129c          	L16_LF0:
  260  0000129c  23bdfff8	addi	r29,r29,#-8
  261  000012a0  200b0000	addi	r11,r0,#0
  262  000012a4  afab0000	sw	(r29),r11
  263  000012a8  0c0003cc	jal	_sem_create
  264  000012ac  54000000	nop; not filled.
  265  000012b0  ac410000	sw	(r2),r1
  266  000012b4  afab0000	sw	(r29),r11
  267  000012b8  0c0003bc	jal	_sem_create
  268  000012bc  54000000	nop; not filled.
  269  000012c0  ac410004	sw	4(r2),r1
  270  000012c4  afab0000	sw	(r29),r11
  271  000012c8  0c0003ac	jal	_sem_create
  272  000012cc  54000000	nop; not filled.
  273  000012d0  ac410008	sw	8(r2),r1
  274  000012d4  afab0000	sw	(r29),r11
  275  000012d8  0c00039c	jal	_sem_create
  276  000012dc  54000000	nop; not filled.
  277  000012e0  ac41000c	sw	12(r2),r1
  278  000012e4  afab0000	sw	(r29),r11
  279  000012e8  0c00038c	jal	_sem_create
  280  000012ec  54000000	nop; not filled.
  281  000012f0  ac410010	sw	16(r2),r1
  282  000012f4  afab0000	sw	(r29),r11
  283  000012f8  0c00037c	jal	_sem_create
  284  000012fc  54000000	nop; not filled.
  285  00001300  00011820	add	r3,r0,r1
  286  00001304  ac430014	sw	20(r2),r3
  287  00001308  8c410000	lw	r1,(r2)
  288  0000130c  23bd0008	addi	r29,r29,#8
  289  00001310  6021ffff	seqi	r1,r1,#-1
  290  00001314  14200050	bnez	r1,L18_LF0
  291  00001318  54000000	nop; not filled.
  292  0000131c  8c410004	lw	r1,4(r2)
  293  00001320  6021ffff	seqi	r1,r1,#-1
  294  00001324  14200040	bnez	r1,L18_LF0
  295  00001328  54000000	nop; not filled.
  296  0000132c  8c410008	lw	r1,8(r2)
  297  00001330  6021ffff	seqi	r1,r1,#-1
  298  00001334  14200030	bnez	r1,L18_LF0
  299  00001338  54000000	nop; not filled.
  300  0000133c  8c41000c	lw	r1,12(r2)
  301  00001340  6021ffff	seqi	r1,r1,#-1
  302  00001344  14200020	bnez	r1,L18_LF0
  303  00001348  54000000	nop; not filled.
  304  0000134c  8c410010	lw	r1,16(r2)
  305  00001350  6021ffff	seqi	r1,r1,#-1
  306  00001354  14200010	bnez	r1,L18_LF0
  307  00001358  54000000	nop; not filled.
  308  0000135c  6061ffff	seqi	r1,r3,#-1
  309  00001360  1020004c	beqz	r1,L17_LF0
  310  00001364  54000000	nop; not filled.
  311  00001368          	L18_LF0:
  312  00001368  23bdfff8	addi	r29,r29,#-8
  313  0000136c  3c0b0000	lhi	r11,((LC8_LF0)>>16)&0xffff
  314  00001370  256b30f8	addui	r11,r11,(LC8_LF0)&0xffff
  315  00001374  afab0000	sw	(r29),r11
  316  00001378  0c0002c0	jal	_Printf
  317  0000137c  54000000	nop; not filled.
  318  00001380  8d2b0000	lw	r11,(r9)
  319  00001384  afab0000	sw	(r29),r11
  320  00001388  0c0002b0	jal	_Printf
  321  0000138c  54000000	nop; not filled.
  322  00001390  3c0b0000	lhi	r11,((LC9_LF0)>>16)&0xffff
  323  00001394  256b3108	addui	r11,r11,(LC9_LF0)&0xffff
  324  00001398  afab0000	sw	(r29),r11
  325  0000139c  0c00029c	jal	_Printf
  326  000013a0  54000000	nop; not filled.
  327  000013a4  0c000348	jal	_Exit
  328  000013a8  54000000	nop; not filled.
  329  000013ac  23bd0008	addi	r29,r29,#8
  330  000013b0          	L17_LF0:
  331  000013b0  23bdfff8	addi	r29,r29,#-8
  332  000013b4  00060822	sub	r1,r0,r6
  333  000013b8  afa10000	sw	(r29),r1
  334  000013bc  0c0002b8	jal	_sem_create
  335  000013c0  54000000	nop; not filled.
  336  000013c4  00013820	add	r7,r0,r1
  337  000013c8  23bd0008	addi	r29,r29,#8
  338  000013cc  60e1ffff	seqi	r1,r7,#-1
  339  000013d0  1020004c	beqz	r1,L19_LF0
  340  000013d4  54000000	nop; not filled.
  341  000013d8  23bdfff8	addi	r29,r29,#-8
  342  000013dc  3c0b0000	lhi	r11,((LC10_LF0)>>16)&0xffff
  343  000013e0  256b310c	addui	r11,r11,(LC10_LF0)&0xffff
  344  000013e4  afab0000	sw	(r29),r11
  345  000013e8  0c000250	jal	_Printf
  346  000013ec  54000000	nop; not filled.
  347  000013f0  8d2b0000	lw	r11,(r9)
  348  000013f4  afab0000	sw	(r29),r11
  349  000013f8  0c000240	jal	_Printf
  350  000013fc  54000000	nop; not filled.
  351  00001400  3c0b0000	lhi	r11,((LC9_LF0)>>16)&0xffff
  352  00001404  256b3108	addui	r11,r11,(LC9_LF0)&0xffff
  353  00001408  afab0000	sw	(r29),r11
  354  0000140c  0c00022c	jal	_Printf
  355  00001410  54000000	nop; not filled.
  356  00001414  0c0002d8	jal	_Exit
  357  00001418  54000000	nop; not filled.
  358  0000141c  23bd0008	addi	r29,r29,#8
  359  00001420          	L19_LF0:
  360  00001420  23bdfff8	addi	r29,r29,#-8
  361  00001424  afa80000	sw	(r29),r8
  362  00001428  23c3ffe8	addi	r3,r30,#-24
  363  0000142c  afa30004	sw	4(r29),r3
  364  00001430  0c0009dc	jal	_ditoa
  365  00001434  54000000	nop; not filled.
  366  00001438  afa70000	sw	(r29),r7
  367  0000143c  23c2ffd8	addi	r2,r30,#-40
  368  00001440  afa20004	sw	4(r29),r2
  369  00001444  0c0009c8	jal	_ditoa
  370  00001448  54000000	nop; not filled.
  371  0000144c  08000104	j	L29_LF0
  372  00001450  54000000	nop; not filled.
  373  00001454          	L27_LF0:
  374  00001454  00aa082a	slt	r1,r5,r10
  375  00001458  10200108	beqz	r1,L21_LF0
  376  0000145c  54000000	nop; not filled.
  377  00001460  10200020	beqz	r1,L24_LF0
  378  00001464  54000000	nop; not filled.
  379  00001468  23bdfff8	addi	r29,r29,#-8
  380  0000146c  3c0b0000	lhi	r11,((LC11_LF0)>>16)&0xffff
  381  00001470  256b3120	addui	r11,r11,(LC11_LF0)&0xffff
  382  00001474  afab0000	sw	(r29),r11
  383  00001478  0c0001c0	jal	_Printf
  384  0000147c  54000000	nop; not filled.
  385  00001480  23bd0008	addi	r29,r29,#8
  386  00001484          	L24_LF0:
  387  00001484  0086082a	slt	r1,r4,r6
  388  00001488  10200048	beqz	r1,L25_LF0
  389  0000148c  54000000	nop; not filled.
  390  00001490  23bdfff8	addi	r29,r29,#-8
  391  00001494  3c0b0000	lhi	r11,((LC12_LF0)>>16)&0xffff
  392  00001498  256b3138	addui	r11,r11,(LC12_LF0)&0xffff
  393  0000149c  afab0000	sw	(r29),r11
  394  000014a0  0c000198	jal	_Printf
  395  000014a4  54000000	nop; not filled.
  396  000014a8  23bdfff8	addi	r29,r29,#-8
  397  000014ac  3c0b0000	lhi	r11,((LC13_LF0)>>16)&0xffff
  398  000014b0  256b3150	addui	r11,r11,(LC13_LF0)&0xffff
  399  000014b4  afab0000	sw	(r29),r11
  400  000014b8  afa30004	sw	4(r29),r3
  401  000014bc  afa20008	sw	8(r29),r2
  402  000014c0  200b0000	addi	r11,r0,#0
  403  000014c4  afab000c	sw	12(r29),r11
  404  000014c8  0c000188	jal	_process_create
  405  000014cc  54000000	nop; not filled.
  406  000014d0  23bd0010	addi	r29,r29,#16
  407  000014d4          	L25_LF0:
  408  000014d4  64810000	snei	r1,r4,#0
  409  000014d8  14200054	bnez	r1,L26_LF0
  410  000014dc  54000000	nop; not filled.
  411  000014e0  64a10000	snei	r1,r5,#0
  412  000014e4  14200048	bnez	r1,L26_LF0
  413  000014e8  54000000	nop; not filled.
  414  000014ec  23bdfff8	addi	r29,r29,#-8
  415  000014f0  3c0b0000	lhi	r11,((LC14_LF0)>>16)&0xffff
  416  000014f4  256b315c	addui	r11,r11,(LC14_LF0)&0xffff
  417  000014f8  afab0000	sw	(r29),r11
  418  000014fc  0c00013c	jal	_Printf
  419  00001500  54000000	nop; not filled.
  420  00001504  23bdfff8	addi	r29,r29,#-8
  421  00001508  3c0b0000	lhi	r11,((LC15_LF0)>>16)&0xffff
  422  0000150c  256b3174	addui	r11,r11,(LC15_LF0)&0xffff
  423  00001510  afab0000	sw	(r29),r11
  424  00001514  afa30004	sw	4(r29),r3
  425  00001518  afa20008	sw	8(r29),r2
  426  0000151c  200b0000	addi	r11,r0,#0
  427  00001520  afab000c	sw	12(r29),r11
  428  00001524  0c00012c	jal	_process_create
  429  00001528  54000000	nop; not filled.
  430  0000152c  23bd0010	addi	r29,r29,#16
  431  00001530          	L26_LF0:
  432  00001530  23bdfff8	addi	r29,r29,#-8
  433  00001534  3c0b0000	lhi	r11,((LC16_LF0)>>16)&0xffff
  434  00001538  256b3184	addui	r11,r11,(LC16_LF0)&0xffff
  435  0000153c  afab0000	sw	(r29),r11
  436  00001540  afa40004	sw	4(r29),r4
  437  00001544  0c0000f4	jal	_Printf
  438  00001548  54000000	nop; not filled.
  439  0000154c  20840001	addi	r4,r4,#1
  440  00001550  20a50001	addi	r5,r5,#1
  441  00001554          	L29_LF0:
  442  00001554  23bd0008	addi	r29,r29,#8
  443  00001558  0086082a	slt	r1,r4,r6
  444  0000155c  1420fef4	bnez	r1,L27_LF0
  445  00001560  54000000	nop; not filled.
  446  00001564          	L21_LF0:
  447  00001564  23bdfff8	addi	r29,r29,#-8
  448  00001568  afa70000	sw	(r29),r7
  449  0000156c  0c000114	jal	_sem_wait
  450  00001570  54000000	nop; not filled.
  451  00001574  23bd0008	addi	r29,r29,#8
  452  00001578  64210001	snei	r1,r1,#1
  453  0000157c  10200050	beqz	r1,L28_LF0
  454  00001580  54000000	nop; not filled.
  455  00001584  23bdfff8	addi	r29,r29,#-8
  456  00001588  3c0b0000	lhi	r11,((LC17_LF0)>>16)&0xffff
  457  0000158c  256b3198	addui	r11,r11,(LC17_LF0)&0xffff
  458  00001590  afab0000	sw	(r29),r11
  459  00001594  afa70004	sw	4(r29),r7
  460  00001598  0c0000a0	jal	_Printf
  461  0000159c  54000000	nop; not filled.
  462  000015a0  8d290000	lw	r9,(r9)
  463  000015a4  afa90000	sw	(r29),r9
  464  000015a8  0c000090	jal	_Printf
  465  000015ac  54000000	nop; not filled.
  466  000015b0  3c0b0000	lhi	r11,((LC9_LF0)>>16)&0xffff
  467  000015b4  256b3108	addui	r11,r11,(LC9_LF0)&0xffff
  468  000015b8  afab0000	sw	(r29),r11
  469  000015bc  0c00007c	jal	_Printf
  470  000015c0  54000000	nop; not filled.
  471  000015c4  0c000128	jal	_Exit
  472  000015c8  54000000	nop; not filled.
  473  000015cc  23bd0008	addi	r29,r29,#8
  474  000015d0          	L28_LF0:
  475  000015d0  23bdfff8	addi	r29,r29,#-8
  476  000015d4  3c0b0000	lhi	r11,((LC18_LF0)>>16)&0xffff
  477  000015d8  256b31c4	addui	r11,r11,(LC18_LF0)&0xffff
  478  000015dc  afab0000	sw	(r29),r11
  479  000015e0  0c000058	jal	_Printf
  480  000015e4  54000000	nop; not filled.
  481  000015e8  23bd0008	addi	r29,r29,#8
  482  000015ec  0c000e48	jal	_exit
  483  000015f0  54000000	nop
  484  000015f4          	.endproc _main
  485                      ;;;
  486                      ;;; Stub functions for DLX traps.
  487                      ;;;
  488                      ;;; Ethan L. Miller, 1999.  Released to the public domain.
  489                      ;;;
  490                      ;;; The traps such as Open and Close
  491                      ;;; (note the capital letters) are for use by user programs.  The traps
  492                      ;;; with names such as open and close (lower case) are for use by the OS.
  493                      ;;;
  496  000015f4          	.align 2
  498                      ;;; The following are the traps to be used by user-level programs
  499                      ;;;
  501  000015f4          	.align 2
  502  000015f4          	.proc _Open
  503  000015f4          	.global _Open
  504  000015f4          	_Open:
  505                      ;;; Note that trap #0x213 actually causes a trap vector in the OS of
  506                      ;;; 0x1213.  The same is true for other user traps.  Thus, a user trap
  507                      ;;; with trap #0x240 will result in a trap vector of 0x1240 in the OS.
  508  000015f4  44000213	trap	#0x213
  509  000015f8  4be00000	jr	r31
  510  000015fc  54000000	nop
  511  00001600          	.endproc _Open
  513  00001600          	.proc _Close
  514  00001600          	.global _Close
  515  00001600          	_Close:
  516  00001600  44000214	trap	#0x214
  517  00001604  4be00000	jr	r31
  518  00001608  54000000	nop
  519  0000160c          	.endproc _Close
  521  0000160c          	.proc _Read
  522  0000160c          	.global _Read
  523  0000160c          	_Read:
  524  0000160c  44000210	trap	#0x210
  525  00001610  4be00000	jr	r31
  526  00001614  54000000	nop
  527  00001618          	.endproc _Read
  529  00001618          	.proc _Write
  530  00001618          	.global _Write
  531  00001618          	_Write:
  532  00001618  44000211	trap	#0x211
  533  0000161c  4be00000	jr	r31
  534  00001620  54000000	nop
  535  00001624          	.endproc _Write
  537  00001624          	.proc _Lseek
  538  00001624          	.global _Lseek
  539  00001624          	_Lseek:
  540  00001624  44000212	trap	#0x212
  541  00001628  4be00000	jr	r31
  542  0000162c  54000000	nop
  543  00001630          	.endproc _Lseek
  545  00001630          	.proc _Putchar
  546  00001630          	.global _Putchar
  547  00001630          	_Putchar:
  548  00001630  44000280	trap	#0x280
  549  00001634  4be00000	jr	r31
  550  00001638  54000000	nop
  551  0000163c          	.endproc _Putchar
  553  0000163c          	.proc _Printf
  554  0000163c          	.global _Printf
  555  0000163c          	_Printf:
  556  0000163c  44000201	trap	#0x201
  557  00001640  4be00000	jr	r31
  558  00001644  54000000	nop
  559  00001648          	.endproc _Printf
  561  00001648          	.proc _getpid
  562  00001648          	.global _getpid
  563  00001648          	_getpid:
  564  00001648  44000431	trap	#0x431
  565  0000164c  4be00000	jr	r31
  566  00001650  54000000	nop
  567  00001654          	.endproc _getpid
  569  00001654          	.proc _process_create
  570  00001654          	.global _process_create
  571  00001654          	_process_create:
  572  00001654  44000432	trap	#0x432
  573  00001658  4be00000	jr	r31
  574  0000165c  54000000	nop
  575  00001660          	.endproc _process_create
  577  00001660          	.proc _shmget
  578  00001660          	.global _shmget
  579  00001660          	_shmget:
  580  00001660  44000440	trap	#0x440
  581  00001664  4be00000	jr	r31
  582  00001668  54000000	nop
  583  0000166c          	.endproc _shmget
  585  0000166c          	.proc _shmat
  586  0000166c          	.global _shmat
  587  0000166c          	_shmat:
  588  0000166c  44000441	trap	#0x441
  589  00001670  4be00000	jr	r31
  590  00001674  54000000	nop
  591  00001678          	.endproc _shmat
  593  00001678          	.proc _sem_create
  594  00001678          	.global _sem_create
  595  00001678          	_sem_create:
  596  00001678  44000450	trap	#0x450
  597  0000167c  4be00000	jr	r31
  598  00001680  54000000	nop
  599  00001684          	.endproc _sem_create
  601  00001684          	.proc _sem_wait
  602  00001684          	.global _sem_wait
  603  00001684          	_sem_wait:
  604  00001684  44000451	trap	#0x451
  605  00001688  4be00000	jr	r31
  606  0000168c  54000000	nop
  607  00001690          	.endproc _sem_wait
  609  00001690          	.proc _sem_signal
  610  00001690          	.global _sem_signal
  611  00001690          	_sem_signal:
  612  00001690  44000452	trap	#0x452
  613  00001694  4be00000	jr	r31
  614  00001698  54000000	nop
  615  0000169c          	.endproc _sem_signal
  617  0000169c          	.proc _lock_create
  618  0000169c          	.global _lock_create
  619  0000169c          	_lock_create:
  620  0000169c  44000453	trap	#0x453
  621  000016a0  4be00000	jr	r31
  622  000016a4  54000000	nop
  623  000016a8          	.endproc _lock_create
  625  000016a8          	.proc _lock_acquire
  626  000016a8          	.global _lock_acquire
  627  000016a8          	_lock_acquire:
  628  000016a8  44000454	trap	#0x454
  629  000016ac  4be00000	jr	r31
  630  000016b0  54000000	nop
  631  000016b4          	.endproc _lock_acquire
  633  000016b4          	.proc _lock_release
  634  000016b4          	.global _lock_release
  635  000016b4          	_lock_release:
  636  000016b4  44000455	trap	#0x455
  637  000016b8  4be00000	jr	r31
  638  000016bc  54000000	nop
  639  000016c0          	.endproc _lock_release
  641  000016c0          	.proc _cond_create
  642  000016c0          	.global _cond_create
  643  000016c0          	_cond_create:
  644  000016c0  44000456	trap	#0x456
  645  000016c4  4be00000	jr	r31
  646  000016c8  54000000	nop
  647  000016cc          	.endproc _cond_create
  649  000016cc          	.proc _cond_wait
  650  000016cc          	.global _cond_wait
  651  000016cc          	_cond_wait:
  652  000016cc  44000457	trap	#0x457
  653  000016d0  4be00000	jr	r31
  654  000016d4  54000000	nop
  655  000016d8          	.endproc _cond_wait
  657  000016d8          	.proc _cond_signal
  658  000016d8          	.global _cond_signal
  659  000016d8          	_cond_signal:
  660  000016d8  44000458	trap	#0x458
  661  000016dc  4be00000	jr	r31
  662  000016e0  54000000	nop
  663  000016e4          	.endproc _cond_signal
  665  000016e4          	.proc _cond_broadcast
  666  000016e4          	.global _cond_broadcast
  667  000016e4          	_cond_broadcast:
  668  000016e4  44000455	trap	#0x455
  669  000016e8  4be00000	jr	r31
  670  000016ec  54000000	nop
  671  000016f0          	.endproc _cond_broadcast
  673  000016f0          	.proc _Exit
  674  000016f0          	.global _Exit
  675  000016f0          	_Exit:
  676  000016f0  44000500	trap	#0x500
  677  000016f4  4be00000	jr	r31
  678  000016f8  54000000	nop
  679  000016fc          	.endproc _Exit
  680                      ; Compiled by GCC
  682  000016fc          	.align 2
  683  000016fc          	.proc _isspace
  684  000016fc          	.global _isspace
  685  000016fc          	_isspace:
  686                      ;  Function 'isspace'; 0 bytes of locals, 3 regs to save.
  687  000016fc  afbefffc	sw	-4(r29),r30; push fp
  688  00001700  001df020	add	r30,r0,r29; fp = sp
  689  00001704  afbffff8	sw	-8(r29),r31; push ret addr
  690  00001708  2fbd0018	subui	r29,r29,#24; alloc local storage
  691  0000170c  afa20000	sw	0(r29),r2
  692  00001710  afa30004	sw	4(r29),r3
  693  00001714  afa40008	sw	8(r29),r4
  694  00001718  83c20003	lb	r2,3(r30)
  695  0000171c  20010000	addi	r1,r0,#0
  696  00001720  304300ff	andi	r3,r2,#0x00ff
  697  00001724  60640020	seqi	r4,r3,#32
  698  00001728  1480002c	bnez	r4,L3_LF2
  699  0000172c  54000000	nop; delay slot nop
  700  00001730  304300ff	andi	r3,r2,#0x00ff
  701  00001734  60640009	seqi	r4,r3,#9
  702  00001738  1480001c	bnez	r4,L3_LF2
  703  0000173c  54000000	nop; delay slot nop
  704  00001740  304300ff	andi	r3,r2,#0x00ff
  705  00001744  6064000a	seqi	r4,r3,#10
  706  00001748  1480000c	bnez	r4,L3_LF2
  707  0000174c  54000000	nop; delay slot nop
  708  00001750  08000008	j	L2_LF2
  709  00001754  54000000	nop; delay slot nop
  710  00001758          	L3_LF2:
  711  00001758  20010001	addi	r1,r0,#1
  712  0000175c          	L2_LF2:
  713  0000175c  08000004	j	L1_LF2
  714  00001760  54000000	nop; delay slot nop
  715  00001764          	L1_LF2:
  716  00001764  8fa20000	lw	r2,0(r29)
  717  00001768  8fa30004	lw	r3,4(r29)
  718  0000176c  8fa40008	lw	r4,8(r29)
  719  00001770  8fdffff8	lw	r31,-8(r30)
  720  00001774  001ee820	add	r29,r0,r30
  721  00001778  8fdefffc	lw	r30,-4(r30)
  722  0000177c  4be00000	jr	r31
  723  00001780  54000000	nop
  724  00001784          	.endproc _isspace
  725  00001784          	.align 2
  726  00001784          	.proc _isxdigit
  727  00001784          	.global _isxdigit
  728  00001784          	_isxdigit:
  729                      ;  Function 'isxdigit'; 0 bytes of locals, 3 regs to save.
  730  00001784  afbefffc	sw	-4(r29),r30; push fp
  731  00001788  001df020	add	r30,r0,r29; fp = sp
  732  0000178c  afbffff8	sw	-8(r29),r31; push ret addr
  733  00001790  2fbd0018	subui	r29,r29,#24; alloc local storage
  734  00001794  afa20000	sw	0(r29),r2
  735  00001798  afa30004	sw	4(r29),r3
  736  0000179c  afa40008	sw	8(r29),r4
  737  000017a0  83c20003	lb	r2,3(r30)
  738  000017a4  20010000	addi	r1,r0,#0
  739  000017a8  304300ff	andi	r3,r2,#0x00ff
  740  000017ac  6c64002f	sgtui	r4,r3,#47
  741  000017b0  1080001c	beqz	r4,L7_LF2
  742  000017b4  54000000	nop; delay slot nop
  743  000017b8  304300ff	andi	r3,r2,#0x00ff
  744  000017bc  70640039	sleui	r4,r3,#57
  745  000017c0  1480005c	bnez	r4,L6_LF2
  746  000017c4  54000000	nop; delay slot nop
  747  000017c8  08000004	j	L7_LF2
  748  000017cc  54000000	nop; delay slot nop
  749  000017d0          	L7_LF2:
  750  000017d0  304300ff	andi	r3,r2,#0x00ff
  751  000017d4  6c640060	sgtui	r4,r3,#96
  752  000017d8  1080001c	beqz	r4,L8_LF2
  753  000017dc  54000000	nop; delay slot nop
  754  000017e0  304300ff	andi	r3,r2,#0x00ff
  755  000017e4  70640066	sleui	r4,r3,#102
  756  000017e8  14800034	bnez	r4,L6_LF2
  757  000017ec  54000000	nop; delay slot nop
  758  000017f0  08000004	j	L8_LF2
  759  000017f4  54000000	nop; delay slot nop
  760  000017f8          	L8_LF2:
  761  000017f8  304300ff	andi	r3,r2,#0x00ff
  762  000017fc  6c640040	sgtui	r4,r3,#64
  763  00001800  10800020	beqz	r4,L5_LF2
  764  00001804  54000000	nop; delay slot nop
  765  00001808  304300ff	andi	r3,r2,#0x00ff
  766  0000180c  70640041	sleui	r4,r3,#65
  767  00001810  1480000c	bnez	r4,L6_LF2
  768  00001814  54000000	nop; delay slot nop
  769  00001818  08000008	j	L5_LF2
  770  0000181c  54000000	nop; delay slot nop
  771  00001820          	L6_LF2:
  772  00001820  20010001	addi	r1,r0,#1
  773  00001824          	L5_LF2:
  774  00001824  08000004	j	L4_LF2
  775  00001828  54000000	nop; delay slot nop
  776  0000182c          	L4_LF2:
  777  0000182c  8fa20000	lw	r2,0(r29)
  778  00001830  8fa30004	lw	r3,4(r29)
  779  00001834  8fa40008	lw	r4,8(r29)
  780  00001838  8fdffff8	lw	r31,-8(r30)
  781  0000183c  001ee820	add	r29,r0,r30
  782  00001840  8fdefffc	lw	r30,-4(r30)
  783  00001844  4be00000	jr	r31
  784  00001848  54000000	nop
  785  0000184c          	.endproc _isxdigit
  786  0000184c          	.align 2
  787  0000184c          	.proc _dstrcpy
  788  0000184c          	.global _dstrcpy
  789  0000184c          	_dstrcpy:
  790                      ;  Function 'dstrcpy'; 8 bytes of locals, 2 regs to save.
  791  0000184c  afbefffc	sw	-4(r29),r30; push fp
  792  00001850  001df020	add	r30,r0,r29; fp = sp
  793  00001854  afbffff8	sw	-8(r29),r31; push ret addr
  794  00001858  2fbd0018	subui	r29,r29,#24; alloc local storage
  795  0000185c  afa20000	sw	0(r29),r2
  796  00001860  afa30004	sw	4(r29),r3
  797  00001864  8fc10000	lw	r1,(r30)
  798  00001868  afc1fff4	sw	-12(r30),r1
  799  0000186c          	L10_LF2:
  800  0000186c  8fc10000	lw	r1,(r30)
  801  00001870  20220001	addi	r2,r1,#1
  802  00001874  afc20000	sw	(r30),r2
  803  00001878  8fc20004	lw	r2,4(r30)
  804  0000187c  20430001	addi	r3,r2,#1
  805  00001880  afc30004	sw	4(r30),r3
  806  00001884  80420000	lb	r2,(r2)
  807  00001888  a0220000	sb	(r1),r2
  808  0000188c  a3c2fff3	sb	-13(r30),r2
  809  00001890          	L12_LF2:
  810  00001890  93c1fff3	lbu	r1,-13(r30)
  811  00001894  64220000	snei	r2,r1,#0
  812  00001898  1440000c	bnez	r2,L13_LF2
  813  0000189c  54000000	nop; delay slot nop
  814  000018a0  0800000c	j	L11_LF2
  815  000018a4  54000000	nop; delay slot nop
  816  000018a8          	L13_LF2:
  817  000018a8  0bffffc0	j	L10_LF2
  818  000018ac  54000000	nop; delay slot nop
  819  000018b0          	L11_LF2:
  820  000018b0  8fc1fff4	lw	r1,-12(r30)
  821  000018b4  08000004	j	L9_LF2
  822  000018b8  54000000	nop; delay slot nop
  823  000018bc          	L9_LF2:
  824  000018bc  8fa20000	lw	r2,0(r29)
  825  000018c0  8fa30004	lw	r3,4(r29)
  826  000018c4  8fdffff8	lw	r31,-8(r30)
  827  000018c8  001ee820	add	r29,r0,r30
  828  000018cc  8fdefffc	lw	r30,-4(r30)
  829  000018d0  4be00000	jr	r31
  830  000018d4  54000000	nop
  831  000018d8          	.endproc _dstrcpy
  832  000018d8          	.align 2
  833  000018d8          	.proc _dstrncpy
  834  000018d8          	.global _dstrncpy
  835  000018d8          	_dstrncpy:
  836                      ;  Function 'dstrncpy'; 8 bytes of locals, 2 regs to save.
  837  000018d8  afbefffc	sw	-4(r29),r30; push fp
  838  000018dc  001df020	add	r30,r0,r29; fp = sp
  839  000018e0  afbffff8	sw	-8(r29),r31; push ret addr
  840  000018e4  2fbd0018	subui	r29,r29,#24; alloc local storage
  841  000018e8  afa20000	sw	0(r29),r2
  842  000018ec  afa30004	sw	4(r29),r3
  843  000018f0  8fc10000	lw	r1,(r30)
  844  000018f4  afc1fff4	sw	-12(r30),r1
  845  000018f8          	L15_LF2:
  846  000018f8  8fc10008	lw	r1,8(r30)
  847  000018fc  2022ffff	addi	r2,r1,#-1
  848  00001900  afc20008	sw	8(r30),r2
  849  00001904  70210000	slei	r1,r1,#0
  850  00001908  1020000c	beqz	r1,L18_LF2
  851  0000190c  54000000	nop; delay slot nop
  852  00001910  08000048	j	L16_LF2
  853  00001914  54000000	nop; delay slot nop
  854  00001918          	L18_LF2:
  855  00001918  8fc10000	lw	r1,(r30)
  856  0000191c  20220001	addi	r2,r1,#1
  857  00001920  afc20000	sw	(r30),r2
  858  00001924  8fc20004	lw	r2,4(r30)
  859  00001928  20430001	addi	r3,r2,#1
  860  0000192c  afc30004	sw	4(r30),r3
  861  00001930  80420000	lb	r2,(r2)
  862  00001934  a0220000	sb	(r1),r2
  863  00001938  a3c2fff3	sb	-13(r30),r2
  864  0000193c          	L17_LF2:
  865  0000193c  93c1fff3	lbu	r1,-13(r30)
  866  00001940  64220000	snei	r2,r1,#0
  867  00001944  1440000c	bnez	r2,L19_LF2
  868  00001948  54000000	nop; delay slot nop
  869  0000194c  0800000c	j	L16_LF2
  870  00001950  54000000	nop; delay slot nop
  871  00001954          	L19_LF2:
  872  00001954  0bffffa0	j	L15_LF2
  873  00001958  54000000	nop; delay slot nop
  874  0000195c          	L16_LF2:
  875  0000195c  8fc1fff4	lw	r1,-12(r30)
  876  00001960  08000004	j	L14_LF2
  877  00001964  54000000	nop; delay slot nop
  878  00001968          	L14_LF2:
  879  00001968  8fa20000	lw	r2,0(r29)
  880  0000196c  8fa30004	lw	r3,4(r29)
  881  00001970  8fdffff8	lw	r31,-8(r30)
  882  00001974  001ee820	add	r29,r0,r30
  883  00001978  8fdefffc	lw	r30,-4(r30)
  884  0000197c  4be00000	jr	r31
  885  00001980  54000000	nop
  886  00001984          	.endproc _dstrncpy
  887  00001984          	.align 2
  888  00001984          	.proc _dstrcat
  889  00001984          	.global _dstrcat
  890  00001984          	_dstrcat:
  891                      ;  Function 'dstrcat'; 8 bytes of locals, 1 regs to save.
  892  00001984  afbefffc	sw	-4(r29),r30; push fp
  893  00001988  001df020	add	r30,r0,r29; fp = sp
  894  0000198c  afbffff8	sw	-8(r29),r31; push ret addr
  895  00001990  2fbd0018	subui	r29,r29,#24; alloc local storage
  896  00001994  afa20000	sw	0(r29),r2
  897  00001998  8fc10000	lw	r1,(r30)
  898  0000199c  afc1fff4	sw	-12(r30),r1
  899  000019a0          	L21_LF2:
  900  000019a0  8fc10000	lw	r1,(r30)
  901  000019a4  90220000	lbu	r2,(r1)
  902  000019a8  64410000	snei	r1,r2,#0
  903  000019ac  1420000c	bnez	r1,L23_LF2
  904  000019b0  54000000	nop; delay slot nop
  905  000019b4  0800001c	j	L22_LF2
  906  000019b8  54000000	nop; delay slot nop
  907  000019bc          	L23_LF2:
  908  000019bc  8fc20000	lw	r2,(r30)
  909  000019c0  20410001	addi	r1,r2,#1
  910  000019c4  00011020	add	r2,r0,r1
  911  000019c8  afc20000	sw	(r30),r2
  912  000019cc  0bffffd0	j	L21_LF2
  913  000019d0  54000000	nop; delay slot nop
  914  000019d4          	L22_LF2:
  915  000019d4  23bdfff8	addi	r29,r29,#-8
  916  000019d8  001d0820	add	r1,r0,r29
  917  000019dc  8fc20000	lw	r2,(r30)
  918  000019e0  ac220000	sw	(r1),r2
  919  000019e4  8fc20004	lw	r2,4(r30)
  920  000019e8  ac220004	sw	4(r1),r2
  921  000019ec  0ffffe5c	jal	_dstrcpy
  922  000019f0  54000000	nop; delay slot nop
  923  000019f4  23bd0008	addi	r29,r29,#8
  924  000019f8  8fc1fff4	lw	r1,-12(r30)
  925  000019fc  08000004	j	L20_LF2
  926  00001a00  54000000	nop; delay slot nop
  927  00001a04          	L20_LF2:
  928  00001a04  8fa20000	lw	r2,0(r29)
  929  00001a08  8fdffff8	lw	r31,-8(r30)
  930  00001a0c  001ee820	add	r29,r0,r30
  931  00001a10  8fdefffc	lw	r30,-4(r30)
  932  00001a14  4be00000	jr	r31
  933  00001a18  54000000	nop
  934  00001a1c          	.endproc _dstrcat
  935  00001a1c          	.align 2
  936  00001a1c          	.proc _dstrncmp
  937  00001a1c          	.global _dstrncmp
  938  00001a1c          	_dstrncmp:
  939                      ;  Function 'dstrncmp'; 8 bytes of locals, 2 regs to save.
  940  00001a1c  afbefffc	sw	-4(r29),r30; push fp
  941  00001a20  001df020	add	r30,r0,r29; fp = sp
  942  00001a24  afbffff8	sw	-8(r29),r31; push ret addr
  943  00001a28  2fbd0018	subui	r29,r29,#24; alloc local storage
  944  00001a2c  afa20000	sw	0(r29),r2
  945  00001a30  afa30004	sw	4(r29),r3
  946  00001a34  54000000	nop
  947  00001a38  20010000	addi	r1,r0,#0
  948  00001a3c  afc1fff4	sw	-12(r30),r1
  949  00001a40          	L25_LF2:
  950  00001a40  8fc1fff4	lw	r1,-12(r30)
  951  00001a44  8fc20008	lw	r2,8(r30)
  952  00001a48  0022082a	slt	r1,r1,r2
  953  00001a4c  1420000c	bnez	r1,L28_LF2
  954  00001a50  54000000	nop; delay slot nop
  955  00001a54  08000088	j	L26_LF2
  956  00001a58  54000000	nop; delay slot nop
  957  00001a5c          	L28_LF2:
  958  00001a5c  8fc10004	lw	r1,4(r30)
  959  00001a60  90220000	lbu	r2,(r1)
  960  00001a64  64410000	snei	r1,r2,#0
  961  00001a68  14200018	bnez	r1,L29_LF2
  962  00001a6c  54000000	nop; delay slot nop
  963  00001a70  20010000	addi	r1,r0,#0
  964  00001a74  080000d8	j	L24_LF2
  965  00001a78  54000000	nop; delay slot nop
  966  00001a7c  08000028	j	L30_LF2
  967  00001a80  54000000	nop; delay slot nop
  968  00001a84          	L29_LF2:
  969  00001a84  8fc10000	lw	r1,(r30)
  970  00001a88  8fc20004	lw	r2,4(r30)
  971  00001a8c  90210000	lbu	r1,(r1)
  972  00001a90  90420000	lbu	r2,(r2)
  973  00001a94  00220829	sne	r1,r1,r2
  974  00001a98  1020000c	beqz	r1,L30_LF2
  975  00001a9c  54000000	nop; delay slot nop
  976  00001aa0  0800003c	j	L26_LF2
  977  00001aa4  54000000	nop; delay slot nop
  978  00001aa8          	L31_LF2:
  979  00001aa8          	L30_LF2:
  980  00001aa8  8fc20000	lw	r2,(r30)
  981  00001aac  20410001	addi	r1,r2,#1
  982  00001ab0  00011020	add	r2,r0,r1
  983  00001ab4  afc20000	sw	(r30),r2
  984  00001ab8  8fc20004	lw	r2,4(r30)
  985  00001abc  20410001	addi	r1,r2,#1
  986  00001ac0  00011020	add	r2,r0,r1
  987  00001ac4  afc20004	sw	4(r30),r2
  988  00001ac8          	L27_LF2:
  989  00001ac8  8fc2fff4	lw	r2,-12(r30)
  990  00001acc  20410001	addi	r1,r2,#1
  991  00001ad0  00011020	add	r2,r0,r1
  992  00001ad4  afc2fff4	sw	-12(r30),r2
  993  00001ad8  0bffff64	j	L25_LF2
  994  00001adc  54000000	nop; delay slot nop
  995  00001ae0          	L26_LF2:
  996  00001ae0  8fc1fff4	lw	r1,-12(r30)
  997  00001ae4  8fc20008	lw	r2,8(r30)
  998  00001ae8  00220828	seq	r1,r1,r2
  999  00001aec  10200018	beqz	r1,L32_LF2
 1000  00001af0  54000000	nop; delay slot nop
 1001  00001af4  20010000	addi	r1,r0,#0
 1002  00001af8  08000054	j	L24_LF2
 1003  00001afc  54000000	nop; delay slot nop
 1004  00001b00  0800004c	j	L33_LF2
 1005  00001b04  54000000	nop; delay slot nop
 1006  00001b08          	L32_LF2:
 1007  00001b08  8fc20000	lw	r2,(r30)
 1008  00001b0c  90410000	lbu	r1,(r2)
 1009  00001b10  8fc20004	lw	r2,4(r30)
 1010  00001b14  90430000	lbu	r3,(r2)
 1011  00001b18  00230822	sub	r1,r1,r3
 1012  00001b1c  74220000	sgei	r2,r1,#0
 1013  00001b20  10400020	beqz	r2,L34_LF2
 1014  00001b24  54000000	nop; delay slot nop
 1015  00001b28  8fc10000	lw	r1,(r30)
 1016  00001b2c  8fc20004	lw	r2,4(r30)
 1017  00001b30  90210000	lbu	r1,(r1)
 1018  00001b34  90420000	lbu	r2,(r2)
 1019  00001b38  00220829	sne	r1,r1,r2
 1020  00001b3c  08000008	j	L35_LF2
 1021  00001b40  54000000	nop; delay slot nop
 1022  00001b44          	L34_LF2:
 1023  00001b44  2001ffff	addi	r1,r0,#-1
 1024  00001b48          	L35_LF2:
 1025  00001b48  08000004	j	L24_LF2
 1026  00001b4c  54000000	nop; delay slot nop
 1027  00001b50          	L33_LF2:
 1028  00001b50          	L24_LF2:
 1029  00001b50  8fa20000	lw	r2,0(r29)
 1030  00001b54  8fa30004	lw	r3,4(r29)
 1031  00001b58  8fdffff8	lw	r31,-8(r30)
 1032  00001b5c  001ee820	add	r29,r0,r30
 1033  00001b60  8fdefffc	lw	r30,-4(r30)
 1034  00001b64  4be00000	jr	r31
 1035  00001b68  54000000	nop
 1036  00001b6c          	.endproc _dstrncmp
 1037  00001b6c          	.align 2
 1038  00001b6c          	.proc _dstrlen
 1039  00001b6c          	.global _dstrlen
 1040  00001b6c          	_dstrlen:
 1041                      ;  Function 'dstrlen'; 8 bytes of locals, 1 regs to save.
 1042  00001b6c  afbefffc	sw	-4(r29),r30; push fp
 1043  00001b70  001df020	add	r30,r0,r29; fp = sp
 1044  00001b74  afbffff8	sw	-8(r29),r31; push ret addr
 1045  00001b78  2fbd0018	subui	r29,r29,#24; alloc local storage
 1046  00001b7c  afa20000	sw	0(r29),r2
 1047  00001b80  20010000	addi	r1,r0,#0
 1048  00001b84  afc1fff4	sw	-12(r30),r1
 1049  00001b88          	L37_LF2:
 1050  00001b88  8fc10000	lw	r1,(r30)
 1051  00001b8c  20220001	addi	r2,r1,#1
 1052  00001b90  afc20000	sw	(r30),r2
 1053  00001b94  90210000	lbu	r1,(r1)
 1054  00001b98  64220000	snei	r2,r1,#0
 1055  00001b9c  1440000c	bnez	r2,L39_LF2
 1056  00001ba0  54000000	nop; delay slot nop
 1057  00001ba4  0800001c	j	L38_LF2
 1058  00001ba8  54000000	nop; delay slot nop
 1059  00001bac          	L39_LF2:
 1060  00001bac  8fc2fff4	lw	r2,-12(r30)
 1061  00001bb0  20410001	addi	r1,r2,#1
 1062  00001bb4  00011020	add	r2,r0,r1
 1063  00001bb8  afc2fff4	sw	-12(r30),r2
 1064  00001bbc  0bffffc8	j	L37_LF2
 1065  00001bc0  54000000	nop; delay slot nop
 1066  00001bc4          	L38_LF2:
 1067  00001bc4  8fc1fff4	lw	r1,-12(r30)
 1068  00001bc8  08000004	j	L36_LF2
 1069  00001bcc  54000000	nop; delay slot nop
 1070  00001bd0          	L36_LF2:
 1071  00001bd0  8fa20000	lw	r2,0(r29)
 1072  00001bd4  8fdffff8	lw	r31,-8(r30)
 1073  00001bd8  001ee820	add	r29,r0,r30
 1074  00001bdc  8fdefffc	lw	r30,-4(r30)
 1075  00001be0  4be00000	jr	r31
 1076  00001be4  54000000	nop
 1077  00001be8          	.endproc _dstrlen
 1078  00001be8          	.align 2
 1079  00001be8          	.proc _dstrstr
 1080  00001be8          	.global _dstrstr
 1081  00001be8          	_dstrstr:
 1082                      ;  Function 'dstrstr'; 8 bytes of locals, 1 regs to save.
 1083  00001be8  afbefffc	sw	-4(r29),r30; push fp
 1084  00001bec  001df020	add	r30,r0,r29; fp = sp
 1085  00001bf0  afbffff8	sw	-8(r29),r31; push ret addr
 1086  00001bf4  2fbd0018	subui	r29,r29,#24; alloc local storage
 1087  00001bf8  afa20000	sw	0(r29),r2
 1088  00001bfc  23bdfff8	addi	r29,r29,#-8
 1089  00001c00  001d0820	add	r1,r0,r29
 1090  00001c04  8fc20004	lw	r2,4(r30)
 1091  00001c08  ac220000	sw	(r1),r2
 1092  00001c0c  0fffff5c	jal	_dstrlen
 1093  00001c10  54000000	nop; delay slot nop
 1094  00001c14  23bd0008	addi	r29,r29,#8
 1095  00001c18  afc1fff4	sw	-12(r30),r1
 1096  00001c1c          	L41_LF2:
 1097  00001c1c  8fc10000	lw	r1,(r30)
 1098  00001c20  90220000	lbu	r2,(r1)
 1099  00001c24  64410000	snei	r1,r2,#0
 1100  00001c28  1420000c	bnez	r1,L43_LF2
 1101  00001c2c  54000000	nop; delay slot nop
 1102  00001c30  08000060	j	L42_LF2
 1103  00001c34  54000000	nop; delay slot nop
 1104  00001c38          	L43_LF2:
 1105  00001c38  23bdfff0	addi	r29,r29,#-16
 1106  00001c3c  001d0820	add	r1,r0,r29
 1107  00001c40  8fc20000	lw	r2,(r30)
 1108  00001c44  ac220000	sw	(r1),r2
 1109  00001c48  8fc20004	lw	r2,4(r30)
 1110  00001c4c  ac220004	sw	4(r1),r2
 1111  00001c50  8fc2fff4	lw	r2,-12(r30)
 1112  00001c54  ac220008	sw	8(r1),r2
 1113  00001c58  0ffffdc0	jal	_dstrncmp
 1114  00001c5c  54000000	nop; delay slot nop
 1115  00001c60  23bd0010	addi	r29,r29,#16
 1116  00001c64  64220000	snei	r2,r1,#0
 1117  00001c68  14400010	bnez	r2,L44_LF2
 1118  00001c6c  54000000	nop; delay slot nop
 1119  00001c70  8fc10000	lw	r1,(r30)
 1120  00001c74  08000028	j	L40_LF2
 1121  00001c78  54000000	nop; delay slot nop
 1122  00001c7c          	L44_LF2:
 1123  00001c7c  8fc20000	lw	r2,(r30)
 1124  00001c80  20410001	addi	r1,r2,#1
 1125  00001c84  00011020	add	r2,r0,r1
 1126  00001c88  afc20000	sw	(r30),r2
 1127  00001c8c  0bffff8c	j	L41_LF2
 1128  00001c90  54000000	nop; delay slot nop
 1129  00001c94          	L42_LF2:
 1130  00001c94  20010000	addi	r1,r0,#0
 1131  00001c98  08000004	j	L40_LF2
 1132  00001c9c  54000000	nop; delay slot nop
 1133  00001ca0          	L40_LF2:
 1134  00001ca0  8fa20000	lw	r2,0(r29)
 1135  00001ca4  8fdffff8	lw	r31,-8(r30)
 1136  00001ca8  001ee820	add	r29,r0,r30
 1137  00001cac  8fdefffc	lw	r30,-4(r30)
 1138  00001cb0  4be00000	jr	r31
 1139  00001cb4  54000000	nop
 1140  00001cb8          	.endproc _dstrstr
 1141  00001cb8          	.align 2
 1142  00001cb8          	.proc _dmindex
 1143  00001cb8          	.global _dmindex
 1144  00001cb8          	_dmindex:
 1145                      ;  Function 'dmindex'; 8 bytes of locals, 1 regs to save.
 1146  00001cb8  afbefffc	sw	-4(r29),r30; push fp
 1147  00001cbc  001df020	add	r30,r0,r29; fp = sp
 1148  00001cc0  afbffff8	sw	-8(r29),r31; push ret addr
 1149  00001cc4  2fbd0018	subui	r29,r29,#24; alloc local storage
 1150  00001cc8  afa20000	sw	0(r29),r2
 1151  00001ccc  54000000	nop
 1152  00001cd0          	L46_LF2:
 1153  00001cd0  8fc10000	lw	r1,(r30)
 1154  00001cd4  90220000	lbu	r2,(r1)
 1155  00001cd8  64410000	snei	r1,r2,#0
 1156  00001cdc  1420000c	bnez	r1,L48_LF2
 1157  00001ce0  54000000	nop; delay slot nop
 1158  00001ce4  08000070	j	L47_LF2
 1159  00001ce8  54000000	nop; delay slot nop
 1160  00001cec          	L48_LF2:
 1161  00001cec  8fc10004	lw	r1,4(r30)
 1162  00001cf0  afc1fff4	sw	-12(r30),r1
 1163  00001cf4          	L49_LF2:
 1164  00001cf4  8fc1fff4	lw	r1,-12(r30)
 1165  00001cf8  90220000	lbu	r2,(r1)
 1166  00001cfc  64410000	snei	r1,r2,#0
 1167  00001d00  1420000c	bnez	r1,L52_LF2
 1168  00001d04  54000000	nop; delay slot nop
 1169  00001d08  08000044	j	L50_LF2
 1170  00001d0c  54000000	nop; delay slot nop
 1171  00001d10          	L52_LF2:
 1172  00001d10  8fc10000	lw	r1,(r30)
 1173  00001d14  8fc2fff4	lw	r2,-12(r30)
 1174  00001d18  90210000	lbu	r1,(r1)
 1175  00001d1c  90420000	lbu	r2,(r2)
 1176  00001d20  00220828	seq	r1,r1,r2
 1177  00001d24  10200010	beqz	r1,L51_LF2
 1178  00001d28  54000000	nop; delay slot nop
 1179  00001d2c  8fc10000	lw	r1,(r30)
 1180  00001d30  08000030	j	L45_LF2
 1181  00001d34  54000000	nop; delay slot nop
 1182  00001d38          	L53_LF2:
 1183  00001d38          	L51_LF2:
 1184  00001d38  8fc2fff4	lw	r2,-12(r30)
 1185  00001d3c  20410001	addi	r1,r2,#1
 1186  00001d40  00011020	add	r2,r0,r1
 1187  00001d44  afc2fff4	sw	-12(r30),r2
 1188  00001d48  0bffffa8	j	L49_LF2
 1189  00001d4c  54000000	nop; delay slot nop
 1190  00001d50          	L50_LF2:
 1191  00001d50  0bffff7c	j	L46_LF2
 1192  00001d54  54000000	nop; delay slot nop
 1193  00001d58          	L47_LF2:
 1194  00001d58  20010000	addi	r1,r0,#0
 1195  00001d5c  08000004	j	L45_LF2
 1196  00001d60  54000000	nop; delay slot nop
 1197  00001d64          	L45_LF2:
 1198  00001d64  8fa20000	lw	r2,0(r29)
 1199  00001d68  8fdffff8	lw	r31,-8(r30)
 1200  00001d6c  001ee820	add	r29,r0,r30
 1201  00001d70  8fdefffc	lw	r30,-4(r30)
 1202  00001d74  4be00000	jr	r31
 1203  00001d78  54000000	nop
 1204  00001d7c          	.endproc _dmindex
 1205  00001d7c          	.align 2
 1206  00001d7c          	.proc _dindex
 1207  00001d7c          	.global _dindex
 1208  00001d7c          	_dindex:
 1209                      ;  Function 'dindex'; 0 bytes of locals, 1 regs to save.
 1210  00001d7c  afbefffc	sw	-4(r29),r30; push fp
 1211  00001d80  001df020	add	r30,r0,r29; fp = sp
 1212  00001d84  afbffff8	sw	-8(r29),r31; push ret addr
 1213  00001d88  2fbd0010	subui	r29,r29,#16; alloc local storage
 1214  00001d8c  afa20000	sw	0(r29),r2
 1215  00001d90  54000000	nop
 1216  00001d94          	L55_LF2:
 1217  00001d94  8fc10000	lw	r1,(r30)
 1218  00001d98  90220000	lbu	r2,(r1)
 1219  00001d9c  64410000	snei	r1,r2,#0
 1220  00001da0  1420000c	bnez	r1,L57_LF2
 1221  00001da4  54000000	nop; delay slot nop
 1222  00001da8  08000040	j	L56_LF2
 1223  00001dac  54000000	nop; delay slot nop
 1224  00001db0          	L57_LF2:
 1225  00001db0  8fc10000	lw	r1,(r30)
 1226  00001db4  90220000	lbu	r2,(r1)
 1227  00001db8  8fc10004	lw	r1,4(r30)
 1228  00001dbc  00411028	seq	r2,r2,r1
 1229  00001dc0  10400010	beqz	r2,L58_LF2
 1230  00001dc4  54000000	nop; delay slot nop
 1231  00001dc8  8fc10000	lw	r1,(r30)
 1232  00001dcc  08000028	j	L54_LF2
 1233  00001dd0  54000000	nop; delay slot nop
 1234  00001dd4          	L58_LF2:
 1235  00001dd4  8fc20000	lw	r2,(r30)
 1236  00001dd8  20410001	addi	r1,r2,#1
 1237  00001ddc  00011020	add	r2,r0,r1
 1238  00001de0  afc20000	sw	(r30),r2
 1239  00001de4  0bffffac	j	L55_LF2
 1240  00001de8  54000000	nop; delay slot nop
 1241  00001dec          	L56_LF2:
 1242  00001dec  20010000	addi	r1,r0,#0
 1243  00001df0  08000004	j	L54_LF2
 1244  00001df4  54000000	nop; delay slot nop
 1245  00001df8          	L54_LF2:
 1246  00001df8  8fa20000	lw	r2,0(r29)
 1247  00001dfc  8fdffff8	lw	r31,-8(r30)
 1248  00001e00  001ee820	add	r29,r0,r30
 1249  00001e04  8fdefffc	lw	r30,-4(r30)
 1250  00001e08  4be00000	jr	r31
 1251  00001e0c  54000000	nop
 1252  00001e10          	.endproc _dindex
 1253  00001e10          	.align 2
 1254  00001e10          	.proc _ditoa
 1255  00001e10          	.global _ditoa
 1256  00001e10          	_ditoa:
 1257                      ;  Function 'ditoa'; 8 bytes of locals, 2 regs to save.
 1258  00001e10  afbefffc	sw	-4(r29),r30; push fp
 1259  00001e14  001df020	add	r30,r0,r29; fp = sp
 1260  00001e18  afbffff8	sw	-8(r29),r31; push ret addr
 1261  00001e1c  2fbd0018	subui	r29,r29,#24; alloc local storage
 1262  00001e20  afa20000	sw	0(r29),r2
 1263  00001e24  afa30004	sw	4(r29),r3
 1264  00001e28  8fc10000	lw	r1,(r30)
 1265  00001e2c  68220000	slti	r2,r1,#0
 1266  00001e30  1040002c	beqz	r2,L60_LF2
 1267  00001e34  54000000	nop; delay slot nop
 1268  00001e38  8fc10004	lw	r1,4(r30)
 1269  00001e3c  20220001	addi	r2,r1,#1
 1270  00001e40  afc20004	sw	4(r30),r2
 1271  00001e44  2002002d	addi	r2,r0,(#0x2d)&0xff
 1272  00001e48  a0220000	sb	(r1),r2
 1273  00001e4c  8fc10000	lw	r1,(r30)
 1274  00001e50  00011022	sub	r2,r0,r1
 1275  00001e54  afc20000	sw	(r30),r2
 1276  00001e58  08000118	j	L61_LF2
 1277  00001e5c  54000000	nop; delay slot nop
 1278  00001e60          	L60_LF2:
 1279  00001e60  8fc10000	lw	r1,(r30)
 1280  00001e64  64220000	snei	r2,r1,#0
 1281  00001e68  14400020	bnez	r2,L62_LF2
 1282  00001e6c  54000000	nop; delay slot nop
 1283  00001e70  8fc10004	lw	r1,4(r30)
 1284  00001e74  20220001	addi	r2,r1,#1
 1285  00001e78  afc20004	sw	4(r30),r2
 1286  00001e7c  20020030	addi	r2,r0,(#0x30)&0xff
 1287  00001e80  a0220000	sb	(r1),r2
 1288  00001e84  080000ec	j	L61_LF2
 1289  00001e88  54000000	nop; delay slot nop
 1290  00001e8c          	L62_LF2:
 1291  00001e8c  20010001	addi	r1,r0,#1
 1292  00001e90  afc1fff4	sw	-12(r30),r1
 1293  00001e94          	L64_LF2:
 1294  00001e94  8fc1fff4	lw	r1,-12(r30)
 1295  00001e98  8fc20000	lw	r2,(r30)
 1296  00001e9c  0022082c	sle	r1,r1,r2
 1297  00001ea0  1420000c	bnez	r1,L66_LF2
 1298  00001ea4  54000000	nop; delay slot nop
 1299  00001ea8  08000024	j	L65_LF2
 1300  00001eac  54000000	nop; delay slot nop
 1301  00001eb0          	L67_LF2:
 1302  00001eb0          	L66_LF2:
 1303  00001eb0  8fc1fff4	lw	r1,-12(r30)
 1304  00001eb4  00011820	add	r3,r0,r1
 1305  00001eb8  50620002	slli	r2,r3,#0x2
 1306  00001ebc  00411020	add	r2,r2,r1
 1307  00001ec0  50410001	slli	r1,r2,#0x1
 1308  00001ec4  afc1fff4	sw	-12(r30),r1
 1309  00001ec8  0bffffc8	j	L64_LF2
 1310  00001ecc  54000000	nop; delay slot nop
 1311  00001ed0          	L65_LF2:
 1312  00001ed0  54000000	nop
 1313  00001ed4          	L68_LF2:
 1314  00001ed4  8fc1fff4	lw	r1,-12(r30)
 1315  00001ed8  2002000a	addi	r2,r0,#10
 1316  00001edc  00200035	movi2fp	f0,r1
 1317  00001ee0  00400835	movi2fp	f1,r2
 1318  00001ee4  0401000f	div	f0,f0,f1
 1319  00001ee8  00000834	movfp2i	r1,f0
 1320  00001eec  afc1fff4	sw	-12(r30),r1
 1321  00001ef0  8fc10004	lw	r1,4(r30)
 1322  00001ef4  20220001	addi	r2,r1,#1
 1323  00001ef8  afc20004	sw	4(r30),r2
 1324  00001efc  8fc20000	lw	r2,(r30)
 1325  00001f00  8fc3fff4	lw	r3,-12(r30)
 1326  00001f04  00400035	movi2fp	f0,r2
 1327  00001f08  00600835	movi2fp	f1,r3
 1328  00001f0c  0401000f	div	f0,f0,f1
 1329  00001f10  00001034	movfp2i	r2,f0
 1330  00001f14  00021820	add	r3,r0,r2
 1331  00001f18  20620030	addi	r2,r3,#48
 1332  00001f1c  a0220000	sb	(r1),r2
 1333  00001f20  8fc10000	lw	r1,(r30)
 1334  00001f24  8fc3fff4	lw	r3,-12(r30)
 1335  00001f28  00200035	movi2fp	f0,r1
 1336  00001f2c  00600835	movi2fp	f1,r3
 1337  00001f30  0401000f	div	f0,f0,f1
 1338  00001f34  00001034	movfp2i	r2,f0
 1339  00001f38  8fc3fff4	lw	r3,-12(r30)
 1340  00001f3c  00400035	movi2fp	f0,r2
 1341  00001f40  00600835	movi2fp	f1,r3
 1342  00001f44  0401000e	mult	f0,f0,f1
 1343  00001f48  00001034	movfp2i	r2,f0
 1344  00001f4c  00220822	sub	r1,r1,r2
 1345  00001f50  afc10000	sw	(r30),r1
 1346  00001f54          	L70_LF2:
 1347  00001f54  8fc1fff4	lw	r1,-12(r30)
 1348  00001f58  6c220001	sgti	r2,r1,#1
 1349  00001f5c  1440000c	bnez	r2,L71_LF2
 1350  00001f60  54000000	nop; delay slot nop
 1351  00001f64  0800000c	j	L61_LF2
 1352  00001f68  54000000	nop; delay slot nop
 1353  00001f6c          	L71_LF2:
 1354  00001f6c  0bffff64	j	L68_LF2
 1355  00001f70  54000000	nop; delay slot nop
 1356  00001f74          	L69_LF2:
 1357  00001f74          	L63_LF2:
 1358  00001f74          	L61_LF2:
 1359  00001f74  8fc10004	lw	r1,4(r30)
 1360  00001f78  20020000	addi	r2,r0,(#0x0)&0xff
 1361  00001f7c  a0220000	sb	(r1),r2
 1362  00001f80          	L59_LF2:
 1363  00001f80  8fa20000	lw	r2,0(r29)
 1364  00001f84  8fa30004	lw	r3,4(r29)
 1365  00001f88  8fdffff8	lw	r31,-8(r30)
 1366  00001f8c  001ee820	add	r29,r0,r30
 1367  00001f90  8fdefffc	lw	r30,-4(r30)
 1368  00001f94  4be00000	jr	r31
 1369  00001f98  54000000	nop
 1370  00001f9c          	.endproc _ditoa
 1371  00001f9c          	.align 2
 1372  00001f9c          	.proc _dstrtol
 1373  00001f9c          	.global _dstrtol
 1374  00001f9c          	_dstrtol:
 1375                      ;  Function 'dstrtol'; 16 bytes of locals, 1 regs to save.
 1376  00001f9c  afbefffc	sw	-4(r29),r30; push fp
 1377  00001fa0  001df020	add	r30,r0,r29; fp = sp
 1378  00001fa4  afbffff8	sw	-8(r29),r31; push ret addr
 1379  00001fa8  2fbd0020	subui	r29,r29,#32; alloc local storage
 1380  00001fac  afa20000	sw	0(r29),r2
 1381  00001fb0  20010000	addi	r1,r0,#0
 1382  00001fb4  afc1fff4	sw	-12(r30),r1
 1383  00001fb8          	L73_LF2:
 1384  00001fb8  8fc10000	lw	r1,(r30)
 1385  00001fbc  90220000	lbu	r2,(r1)
 1386  00001fc0  60410020	seqi	r1,r2,#32
 1387  00001fc4  14200034	bnez	r1,L75_LF2
 1388  00001fc8  54000000	nop; delay slot nop
 1389  00001fcc  8fc10000	lw	r1,(r30)
 1390  00001fd0  90220000	lbu	r2,(r1)
 1391  00001fd4  60410009	seqi	r1,r2,#9
 1392  00001fd8  14200020	bnez	r1,L75_LF2
 1393  00001fdc  54000000	nop; delay slot nop
 1394  00001fe0  8fc10000	lw	r1,(r30)
 1395  00001fe4  90220000	lbu	r2,(r1)
 1396  00001fe8  6041000a	seqi	r1,r2,#10
 1397  00001fec  1420000c	bnez	r1,L75_LF2
 1398  00001ff0  54000000	nop; delay slot nop
 1399  00001ff4  0800001c	j	L74_LF2
 1400  00001ff8  54000000	nop; delay slot nop
 1401  00001ffc          	L75_LF2:
 1402  00001ffc  8fc20000	lw	r2,(r30)
 1403  00002000  20410001	addi	r1,r2,#1
 1404  00002004  00011020	add	r2,r0,r1
 1405  00002008  afc20000	sw	(r30),r2
 1406  0000200c  0bffffa8	j	L73_LF2
 1407  00002010  54000000	nop; delay slot nop
 1408  00002014          	L74_LF2:
 1409  00002014  8fc10004	lw	r1,4(r30)
 1410  00002018  64220000	snei	r2,r1,#0
 1411  0000201c  10400010	beqz	r2,L76_LF2
 1412  00002020  54000000	nop; delay slot nop
 1413  00002024  8fc10004	lw	r1,4(r30)
 1414  00002028  8fc20000	lw	r2,(r30)
 1415  0000202c  ac220000	sw	(r1),r2
 1416  00002030          	L76_LF2:
 1417  00002030  8fc10000	lw	r1,(r30)
 1418  00002034  90220000	lbu	r2,(r1)
 1419  00002038  64410000	snei	r1,r2,#0
 1420  0000203c  14200010	bnez	r1,L77_LF2
 1421  00002040  54000000	nop; delay slot nop
 1422  00002044  8fc1fff4	lw	r1,-12(r30)
 1423  00002048  08000294	j	L72_LF2
 1424  0000204c  54000000	nop; delay slot nop
 1425  00002050          	L77_LF2:
 1426  00002050  8fc10000	lw	r1,(r30)
 1427  00002054  90220000	lbu	r2,(r1)
 1428  00002058  6041002d	seqi	r1,r2,#45
 1429  0000205c  10200024	beqz	r1,L78_LF2
 1430  00002060  54000000	nop; delay slot nop
 1431  00002064  2001ffff	addi	r1,r0,#-1
 1432  00002068  afc1ffec	sw	-20(r30),r1
 1433  0000206c  8fc20000	lw	r2,(r30)
 1434  00002070  20410001	addi	r1,r2,#1
 1435  00002074  00011020	add	r2,r0,r1
 1436  00002078  afc20000	sw	(r30),r2
 1437  0000207c  0800000c	j	L79_LF2
 1438  00002080  54000000	nop; delay slot nop
 1439  00002084          	L78_LF2:
 1440  00002084  20010001	addi	r1,r0,#1
 1441  00002088  afc1ffec	sw	-20(r30),r1
 1442  0000208c          	L79_LF2:
 1443  0000208c  8fc10008	lw	r1,8(r30)
 1444  00002090  64220000	snei	r2,r1,#0
 1445  00002094  14400090	bnez	r2,L80_LF2
 1446  00002098  54000000	nop; delay slot nop
 1447  0000209c  8fc10000	lw	r1,(r30)
 1448  000020a0  90220000	lbu	r2,(r1)
 1449  000020a4  60410030	seqi	r1,r2,#48
 1450  000020a8  10200074	beqz	r1,L81_LF2
 1451  000020ac  54000000	nop; delay slot nop
 1452  000020b0  8fc20000	lw	r2,(r30)
 1453  000020b4  20410001	addi	r1,r2,#1
 1454  000020b8  00011020	add	r2,r0,r1
 1455  000020bc  afc20000	sw	(r30),r2
 1456  000020c0  8fc10000	lw	r1,(r30)
 1457  000020c4  90220000	lbu	r2,(r1)
 1458  000020c8  60410078	seqi	r1,r2,#120
 1459  000020cc  14200020	bnez	r1,L83_LF2
 1460  000020d0  54000000	nop; delay slot nop
 1461  000020d4  8fc10000	lw	r1,(r30)
 1462  000020d8  90220000	lbu	r2,(r1)
 1463  000020dc  60410058	seqi	r1,r2,#88
 1464  000020e0  1420000c	bnez	r1,L83_LF2
 1465  000020e4  54000000	nop; delay slot nop
 1466  000020e8  08000024	j	L82_LF2
 1467  000020ec  54000000	nop; delay slot nop
 1468  000020f0          	L83_LF2:
 1469  000020f0  20010010	addi	r1,r0,#16
 1470  000020f4  afc10008	sw	8(r30),r1
 1471  000020f8  8fc20000	lw	r2,(r30)
 1472  000020fc  20410001	addi	r1,r2,#1
 1473  00002100  00011020	add	r2,r0,r1
 1474  00002104  afc20000	sw	(r30),r2
 1475  00002108  0800000c	j	L84_LF2
 1476  0000210c  54000000	nop; delay slot nop
 1477  00002110          	L82_LF2:
 1478  00002110  20010008	addi	r1,r0,#8
 1479  00002114  afc10008	sw	8(r30),r1
 1480  00002118          	L84_LF2:
 1481  00002118  0800000c	j	L80_LF2
 1482  0000211c  54000000	nop; delay slot nop
 1483  00002120          	L81_LF2:
 1484  00002120  2001000a	addi	r1,r0,#10
 1485  00002124  afc10008	sw	8(r30),r1
 1486  00002128          	L85_LF2:
 1487  00002128          	L80_LF2:
 1488  00002128  8fc10008	lw	r1,8(r30)
 1489  0000212c  70220000	slei	r2,r1,#0
 1490  00002130  1440001c	bnez	r2,L87_LF2
 1491  00002134  54000000	nop; delay slot nop
 1492  00002138  8fc10008	lw	r1,8(r30)
 1493  0000213c  6c220010	sgti	r2,r1,#16
 1494  00002140  1440000c	bnez	r2,L87_LF2
 1495  00002144  54000000	nop; delay slot nop
 1496  00002148  08000010	j	L86_LF2
 1497  0000214c  54000000	nop; delay slot nop
 1498  00002150          	L87_LF2:
 1499  00002150  8fc1fff4	lw	r1,-12(r30)
 1500  00002154  08000188	j	L72_LF2
 1501  00002158  54000000	nop; delay slot nop
 1502  0000215c          	L86_LF2:
 1503  0000215c  54000000	nop
 1504  00002160          	L88_LF2:
 1505  00002160  8fc10000	lw	r1,(r30)
 1506  00002164  90220000	lbu	r2,(r1)
 1507  00002168  6c41002f	sgtui	r1,r2,#47
 1508  0000216c  10200030	beqz	r1,L91_LF2
 1509  00002170  54000000	nop; delay slot nop
 1510  00002174  8fc10000	lw	r1,(r30)
 1511  00002178  90220000	lbu	r2,(r1)
 1512  0000217c  70410039	sleui	r1,r2,#57
 1513  00002180  1020001c	beqz	r1,L91_LF2
 1514  00002184  54000000	nop; delay slot nop
 1515  00002188  8fc10000	lw	r1,(r30)
 1516  0000218c  90220000	lbu	r2,(r1)
 1517  00002190  2041ffd0	addi	r1,r2,#-48
 1518  00002194  afc1fff0	sw	-16(r30),r1
 1519  00002198  0800008c	j	L92_LF2
 1520  0000219c  54000000	nop; delay slot nop
 1521  000021a0          	L91_LF2:
 1522  000021a0  8fc10000	lw	r1,(r30)
 1523  000021a4  90220000	lbu	r2,(r1)
 1524  000021a8  6c410060	sgtui	r1,r2,#96
 1525  000021ac  10200030	beqz	r1,L93_LF2
 1526  000021b0  54000000	nop; delay slot nop
 1527  000021b4  8fc10000	lw	r1,(r30)
 1528  000021b8  90220000	lbu	r2,(r1)
 1529  000021bc  7041007a	sleui	r1,r2,#122
 1530  000021c0  1020001c	beqz	r1,L93_LF2
 1531  000021c4  54000000	nop; delay slot nop
 1532  000021c8  8fc10000	lw	r1,(r30)
 1533  000021cc  90220000	lbu	r2,(r1)
 1534  000021d0  2041ffa9	addi	r1,r2,#-87
 1535  000021d4  afc1fff0	sw	-16(r30),r1
 1536  000021d8  0800004c	j	L92_LF2
 1537  000021dc  54000000	nop; delay slot nop
 1538  000021e0          	L93_LF2:
 1539  000021e0  8fc10000	lw	r1,(r30)
 1540  000021e4  90220000	lbu	r2,(r1)
 1541  000021e8  6c410040	sgtui	r1,r2,#64
 1542  000021ec  10200030	beqz	r1,L95_LF2
 1543  000021f0  54000000	nop; delay slot nop
 1544  000021f4  8fc10000	lw	r1,(r30)
 1545  000021f8  90220000	lbu	r2,(r1)
 1546  000021fc  7041005a	sleui	r1,r2,#90
 1547  00002200  1020001c	beqz	r1,L95_LF2
 1548  00002204  54000000	nop; delay slot nop
 1549  00002208  8fc10000	lw	r1,(r30)
 1550  0000220c  90220000	lbu	r2,(r1)
 1551  00002210  2041ffc9	addi	r1,r2,#-55
 1552  00002214  afc1fff0	sw	-16(r30),r1
 1553  00002218  0800000c	j	L92_LF2
 1554  0000221c  54000000	nop; delay slot nop
 1555  00002220          	L95_LF2:
 1556  00002220  200103e8	addi	r1,r0,#1000
 1557  00002224  afc1fff0	sw	-16(r30),r1
 1558  00002228          	L96_LF2:
 1559  00002228          	L94_LF2:
 1560  00002228          	L92_LF2:
 1561  00002228  8fc1fff0	lw	r1,-16(r30)
 1562  0000222c  8fc20008	lw	r2,8(r30)
 1563  00002230  0022082a	slt	r1,r1,r2
 1564  00002234  10200040	beqz	r1,L90_LF2
 1565  00002238  54000000	nop; delay slot nop
 1566  0000223c  8fc1fff4	lw	r1,-12(r30)
 1567  00002240  8fc20008	lw	r2,8(r30)
 1568  00002244  00200035	movi2fp	f0,r1
 1569  00002248  00400835	movi2fp	f1,r2
 1570  0000224c  0401000e	mult	f0,f0,f1
 1571  00002250  00000834	movfp2i	r1,f0
 1572  00002254  afc1fff4	sw	-12(r30),r1
 1573  00002258  8fc1fff4	lw	r1,-12(r30)
 1574  0000225c  8fc2fff0	lw	r2,-16(r30)
 1575  00002260  00220820	add	r1,r1,r2
 1576  00002264  afc1fff4	sw	-12(r30),r1
 1577  00002268  8fc20000	lw	r2,(r30)
 1578  0000226c  20410001	addi	r1,r2,#1
 1579  00002270  00011020	add	r2,r0,r1
 1580  00002274  afc20000	sw	(r30),r2
 1581  00002278          	L97_LF2:
 1582  00002278          	L90_LF2:
 1583  00002278  8fc1fff0	lw	r1,-16(r30)
 1584  0000227c  8fc20008	lw	r2,8(r30)
 1585  00002280  0022082a	slt	r1,r1,r2
 1586  00002284  1420000c	bnez	r1,L98_LF2
 1587  00002288  54000000	nop; delay slot nop
 1588  0000228c  0800000c	j	L89_LF2
 1589  00002290  54000000	nop; delay slot nop
 1590  00002294          	L98_LF2:
 1591  00002294  0bfffec8	j	L88_LF2
 1592  00002298  54000000	nop; delay slot nop
 1593  0000229c          	L89_LF2:
 1594  0000229c  8fc10004	lw	r1,4(r30)
 1595  000022a0  64220000	snei	r2,r1,#0
 1596  000022a4  10400010	beqz	r2,L99_LF2
 1597  000022a8  54000000	nop; delay slot nop
 1598  000022ac  8fc10004	lw	r1,4(r30)
 1599  000022b0  8fc20000	lw	r2,(r30)
 1600  000022b4  ac220000	sw	(r1),r2
 1601  000022b8          	L99_LF2:
 1602  000022b8  8fc1fff4	lw	r1,-12(r30)
 1603  000022bc  8fc2ffec	lw	r2,-20(r30)
 1604  000022c0  00200035	movi2fp	f0,r1
 1605  000022c4  00400835	movi2fp	f1,r2
 1606  000022c8  0401000e	mult	f0,f0,f1
 1607  000022cc  00000834	movfp2i	r1,f0
 1608  000022d0  afc1fff4	sw	-12(r30),r1
 1609  000022d4  8fc1fff4	lw	r1,-12(r30)
 1610  000022d8  08000004	j	L72_LF2
 1611  000022dc  54000000	nop; delay slot nop
 1612  000022e0          	L72_LF2:
 1613  000022e0  8fa20000	lw	r2,0(r29)
 1614  000022e4  8fdffff8	lw	r31,-8(r30)
 1615  000022e8  001ee820	add	r29,r0,r30
 1616  000022ec  8fdefffc	lw	r30,-4(r30)
 1617  000022f0  4be00000	jr	r31
 1618  000022f4  54000000	nop
 1619  000022f8          	.endproc _dstrtol
 1620  000022f8          	.align 2
 1621  000022f8          	.proc _bcopy
 1622  000022f8          	.global _bcopy
 1623  000022f8          	_bcopy:
 1624                      ;  Function 'bcopy'; 0 bytes of locals, 2 regs to save.
 1625  000022f8  afbefffc	sw	-4(r29),r30; push fp
 1626  000022fc  001df020	add	r30,r0,r29; fp = sp
 1627  00002300  afbffff8	sw	-8(r29),r31; push ret addr
 1628  00002304  2fbd0010	subui	r29,r29,#16; alloc local storage
 1629  00002308  afa20000	sw	0(r29),r2
 1630  0000230c  afa30004	sw	4(r29),r3
 1631  00002310  54000000	nop
 1632  00002314          	L101_LF2:
 1633  00002314  8fc10008	lw	r1,8(r30)
 1634  00002318  2022ffff	addi	r2,r1,#-1
 1635  0000231c  afc20008	sw	8(r30),r2
 1636  00002320  6c210000	sgti	r1,r1,#0
 1637  00002324  1420000c	bnez	r1,L103_LF2
 1638  00002328  54000000	nop; delay slot nop
 1639  0000232c  0800002c	j	L102_LF2
 1640  00002330  54000000	nop; delay slot nop
 1641  00002334          	L103_LF2:
 1642  00002334  8fc10004	lw	r1,4(r30)
 1643  00002338  20220001	addi	r2,r1,#1
 1644  0000233c  afc20004	sw	4(r30),r2
 1645  00002340  8fc20000	lw	r2,(r30)
 1646  00002344  20430001	addi	r3,r2,#1
 1647  00002348  afc30000	sw	(r30),r3
 1648  0000234c  80420000	lb	r2,(r2)
 1649  00002350  a0220000	sb	(r1),r2
 1650  00002354  0bffffbc	j	L101_LF2
 1651  00002358  54000000	nop; delay slot nop
 1652  0000235c          	L102_LF2:
 1653  0000235c          	L100_LF2:
 1654  0000235c  8fa20000	lw	r2,0(r29)
 1655  00002360  8fa30004	lw	r3,4(r29)
 1656  00002364  8fdffff8	lw	r31,-8(r30)
 1657  00002368  001ee820	add	r29,r0,r30
 1658  0000236c  8fdefffc	lw	r30,-4(r30)
 1659  00002370  4be00000	jr	r31
 1660  00002374  54000000	nop
 1661  00002378          	.endproc _bcopy
 1662  00002378          	.align 2
 1663  00002378          	.proc _bzero
 1664  00002378          	.global _bzero
 1665  00002378          	_bzero:
 1666                      ;  Function 'bzero'; 0 bytes of locals, 1 regs to save.
 1667  00002378  afbefffc	sw	-4(r29),r30; push fp
 1668  0000237c  001df020	add	r30,r0,r29; fp = sp
 1669  00002380  afbffff8	sw	-8(r29),r31; push ret addr
 1670  00002384  2fbd0010	subui	r29,r29,#16; alloc local storage
 1671  00002388  afa20000	sw	0(r29),r2
 1672  0000238c  54000000	nop
 1673  00002390          	L105_LF2:
 1674  00002390  8fc10004	lw	r1,4(r30)
 1675  00002394  2022ffff	addi	r2,r1,#-1
 1676  00002398  afc20004	sw	4(r30),r2
 1677  0000239c  6c210000	sgti	r1,r1,#0
 1678  000023a0  1420000c	bnez	r1,L107_LF2
 1679  000023a4  54000000	nop; delay slot nop
 1680  000023a8  08000020	j	L106_LF2
 1681  000023ac  54000000	nop; delay slot nop
 1682  000023b0          	L107_LF2:
 1683  000023b0  8fc10000	lw	r1,(r30)
 1684  000023b4  20220001	addi	r2,r1,#1
 1685  000023b8  afc20000	sw	(r30),r2
 1686  000023bc  20020000	addi	r2,r0,(#0x0)&0xff
 1687  000023c0  a0220000	sb	(r1),r2
 1688  000023c4  0bffffc8	j	L105_LF2
 1689  000023c8  54000000	nop; delay slot nop
 1690  000023cc          	L106_LF2:
 1691  000023cc          	L104_LF2:
 1692  000023cc  8fa20000	lw	r2,0(r29)
 1693  000023d0  8fdffff8	lw	r31,-8(r30)
 1694  000023d4  001ee820	add	r29,r0,r30
 1695  000023d8  8fdefffc	lw	r30,-4(r30)
 1696  000023dc  4be00000	jr	r31
 1697  000023e0  54000000	nop
 1698  000023e4          	.endproc _bzero
 1699  000023e4          	.align 2
 1700  000023e4          	.proc _min
 1701  000023e4          	.global _min
 1702  000023e4          	_min:
 1703                      ;  Function 'min'; 0 bytes of locals, 2 regs to save.
 1704  000023e4  afbefffc	sw	-4(r29),r30; push fp
 1705  000023e8  001df020	add	r30,r0,r29; fp = sp
 1706  000023ec  afbffff8	sw	-8(r29),r31; push ret addr
 1707  000023f0  2fbd0010	subui	r29,r29,#16; alloc local storage
 1708  000023f4  afa20000	sw	0(r29),r2
 1709  000023f8  afa30004	sw	4(r29),r3
 1710  000023fc  8fc10000	lw	r1,(r30)
 1711  00002400  8fc20004	lw	r2,4(r30)
 1712  00002404  0022182c	sle	r3,r1,r2
 1713  00002408  14600008	bnez	r3,L109_LF2
 1714  0000240c  54000000	nop; delay slot nop
 1715  00002410  8fc10004	lw	r1,4(r30)
 1716  00002414          	L109_LF2:
 1717  00002414  08000004	j	L108_LF2
 1718  00002418  54000000	nop; delay slot nop
 1719  0000241c          	L108_LF2:
 1720  0000241c  8fa20000	lw	r2,0(r29)
 1721  00002420  8fa30004	lw	r3,4(r29)
 1722  00002424  8fdffff8	lw	r31,-8(r30)
 1723  00002428  001ee820	add	r29,r0,r30
 1724  0000242c  8fdefffc	lw	r30,-4(r30)
 1725  00002430  4be00000	jr	r31
 1726  00002434  54000000	nop
 1727  00002438          	.endproc _min
 1728                      ;;; Ethan L. Miller, 1999.  Released to the public domain
 1729                      ;;;
 1730                      ;;; Most of the traps are called in files from libtraps.
 1733  00002438          	.align 2
 1734  00002438          	.proc _exit
 1735  00002438          	.global _exit
 1736  00002438          	_exit:
 1737  00002438  44000300	trap	#0x300
 1738  0000243c  4be00000	jr	r31
 1739  00002440  54000000	nop
 1740  00002444          	.endproc _exit
 1742                      ; for the benefit of gcc.
 1743  00002444          	.proc ___main
 1744  00002444          	.global ___main
 1745  00002444          	___main:
 1746  00002444  4be00000	jr	r31
 1747  00002448  54000000	nop
 1748  0000244c          	.endproc ___main
 1749  0000244c          	.text
 1750  0000244c          	.global _etext
 1751  0000244c          	_etext:
 1752  0000244c          	.align 3
 1753  00002450          	.data
 1754  00003200          	.global _edata
 1755  00003200          	_edata:
