 line   address	contents
    1                      ; Linked by DLX-LD.
    2                      ; MemSize 24576
    3                      ; Data size: 358
    4                      ; Text size: 5284
    5                      ; Stack size: 8192
    6  00000000          	.text 0x1000
    7  00001000          	.data 0x3000
    8                      ; Compiled by GCC
    9  00003000          	.text
   10  00001000          	.align 2
   11  00001000          	.proc _isspace
   12  00001000          	.global _isspace
   13  00001000          	_isspace:
   14                      ;  Function 'isspace'; 0 bytes of locals, 1 regs to save.
   15  00001000  afbefffc	sw	-4(r29),r30; push fp
   16  00001004  001df020	add	r30,r0,r29; fp = sp
   17  00001008  afbffff8	sw	-8(r29),r31; push ret addr
   18  0000100c  2fbd0010	subui	r29,r29,#16; alloc local storage
   19  00001010  afa20000	sw	0(r29),r2
   20  00001014  83c20003	lb	r2,3(r30)
   21  00001018  201f0000	addi	r31,r0,#0
   22  0000101c  304100ff	andi	r1,r2,#0x00ff
   23  00001020  60210020	seqi	r1,r1,#32
   24  00001024  14200018	bnez	r1,L6_LF0
   25  00001028  54000000	nop; not filled.
   26  0000102c  2041fff7	addi	r1,r2,#-9
   27  00001030  302100ff	andi	r1,r1,#0x00ff
   28  00001034  70210001	sleui	r1,r1,#1
   29  00001038  10200008	beqz	r1,L5_LF0
   30  0000103c  54000000	nop; not filled.
   31  00001040          	L6_LF0:
   32  00001040  201f0001	addi	r31,r0,#1
   33  00001044          	L5_LF0:
   34  00001044  001f0820	add	r1,r0,r31
   35  00001048  8fa20000	lw	r2,0(r29)
   36  0000104c  8fdffff8	lw	r31,-8(r30)
   37  00001050  001ee820	add	r29,r0,r30
   38  00001054  8fdefffc	lw	r30,-4(r30)
   39  00001058  4be00000	jr	r31
   40  0000105c  54000000	nop
   41  00001060          	.endproc _isspace
   42  00001060          	.align 2
   43  00001060          	.proc _isxdigit
   44  00001060          	.global _isxdigit
   45  00001060          	_isxdigit:
   46                      ;  Function 'isxdigit'; 0 bytes of locals, 1 regs to save.
   47  00001060  afbefffc	sw	-4(r29),r30; push fp
   48  00001064  001df020	add	r30,r0,r29; fp = sp
   49  00001068  afbffff8	sw	-8(r29),r31; push ret addr
   50  0000106c  2fbd0010	subui	r29,r29,#16; alloc local storage
   51  00001070  afa20000	sw	0(r29),r2
   52  00001074  83df0003	lb	r31,3(r30)
   53  00001078  20020000	addi	r2,r0,#0
   54  0000107c  23e1ffd0	addi	r1,r31,#-48
   55  00001080  302100ff	andi	r1,r1,#0x00ff
   56  00001084  70210009	sleui	r1,r1,#9
   57  00001088  14200028	bnez	r1,L12_LF0
   58  0000108c  54000000	nop; not filled.
   59  00001090  23e1ff9f	addi	r1,r31,#-97
   60  00001094  302100ff	andi	r1,r1,#0x00ff
   61  00001098  70210005	sleui	r1,r1,#5
   62  0000109c  14200014	bnez	r1,L12_LF0
   63  000010a0  54000000	nop; not filled.
   64  000010a4  33e100ff	andi	r1,r31,#0x00ff
   65  000010a8  64210041	snei	r1,r1,#65
   66  000010ac  14200008	bnez	r1,L11_LF0
   67  000010b0  54000000	nop; not filled.
   68  000010b4          	L12_LF0:
   69  000010b4  20020001	addi	r2,r0,#1
   70  000010b8          	L11_LF0:
   71  000010b8  00020820	add	r1,r0,r2
   72  000010bc  8fa20000	lw	r2,0(r29)
   73  000010c0  8fdffff8	lw	r31,-8(r30)
   74  000010c4  001ee820	add	r29,r0,r30
   75  000010c8  8fdefffc	lw	r30,-4(r30)
   76  000010cc  4be00000	jr	r31
   77  000010d0  54000000	nop
   78  000010d4          	.endproc _isxdigit
   79  000010d4          	.data
   80  00003000          	.align 2
   81  00003000          	LC0_LF0:
   82  00003000  55736167	.ascii "Usage: %s <handle_to_mailbox 1>  <handle_to_mailbox 2> <handle_to_mail"
   82  00003004  653a2025	
   82  00003008  73203c68	
   82  0000300c  616e646c	
   82  00003010  655f746f	
   82  00003014  5f6d6169	
   82  00003018  6c626f78	
   82  0000301c  20313e20	
   82  00003020  203c6861	
   82  00003024  6e646c65	
   82  00003028  5f746f5f	
   82  0000302c  6d61696c	
   82  00003030  626f7820	
   82  00003034  323e203c	
   82  00003038  68616e64	
   82  0000303c  6c655f74	
   82  00003040  6f5f6d61	
   82  00003044  696c    	
   83  00003046  626f7820	.ascii "box 3> <handle_to_page_mapped_semaphore>\n\000"
   83  0000304a  333e203c	
   83  0000304e  68616e64	
   83  00003052  6c655f74	
   83  00003056  6f5f7061	
   83  0000305a  67655f6d	
   83  0000305e  61707065	
   83  00003062  645f7365	
   83  00003066  6d617068	
   83  0000306a  6f72653e	
   83  0000306e  0a00    	
   84  00003070          	.align 2
   85  00003070          	LC1_LF0:
   86  00003070  636f5f72	.ascii "co_rea (%d): Could not open mailbox %d!\n\000"
   86  00003074  65612028	
   86  00003078  2564293a	
   86  0000307c  20436f75	
   86  00003080  6c64206e	
   86  00003084  6f74206f	
   86  00003088  70656e20	
   86  0000308c  6d61696c	
   86  00003090  626f7820	
   86  00003094  2564210a	
   86  00003098  00      	
   87  00003099          	.align 2
   88  0000309c          	LC2_LF0:
   89  0000309c  636f5f72	.ascii "co_rea (%d): Could not map the virtual address to the memory!\n\000"
   89  000030a0  65612028	
   89  000030a4  2564293a	
   89  000030a8  20436f75	
   89  000030ac  6c64206e	
   89  000030b0  6f74206d	
   89  000030b4  61702074	
   89  000030b8  68652076	
   89  000030bc  69727475	
   89  000030c0  616c2061	
   89  000030c4  64647265	
   89  000030c8  73732074	
   89  000030cc  6f207468	
   89  000030d0  65206d65	
   89  000030d4  6d6f7279	
   89  000030d8  210a00  	
   90  000030db          	.align 2
   91  000030dc          	LC3_LF0:
   92  000030dc  34434f20	.ascii "4CO -> 2C2 + 2O2 reacted, PID: %d\n\000"
   92  000030e0  2d3e2032	
   92  000030e4  4332202b	
   92  000030e8  20324f32	
   92  000030ec  20726561	
   92  000030f0  63746564	
   92  000030f4  2c205049	
   92  000030f8  443a2025	
   92  000030fc  640a00  	
   93  000030ff          	.align 2
   94  00003100          	LC4_LF0:
   95  00003100  636f5f72	.ascii "co_rea (%d): Could not close mailbox %d!\n\000"
   95  00003104  65612028	
   95  00003108  2564293a	
   95  0000310c  20436f75	
   95  00003110  6c64206e	
   95  00003114  6f742063	
   95  00003118  6c6f7365	
   95  0000311c  206d6169	
   95  00003120  6c626f78	
   95  00003124  20256421	
   95  00003128  0a00    	
   96  0000312a          	.align 2
   97  0000312c          	LC5_LF0:
   98  0000312c  42616420	.ascii "Bad semaphore s_procs_completed (%d) in \000"
   98  00003130  73656d61	
   98  00003134  70686f72	
   98  00003138  6520735f	
   98  0000313c  70726f63	
   98  00003140  735f636f	
   98  00003144  6d706c65	
   98  00003148  74656420	
   98  0000314c  28256429	
   98  00003150  20696e20	
   98  00003154  00      	
   99  00003155          	.align 2
  100  00003158          	LC6_LF0:
  101  00003158  2c206578	.ascii ", exiting...\n\000"
  101  0000315c  6974696e	
  101  00003160  672e2e2e	
  101  00003164  0a00    	
  102  00003166          	.text
  103  000010d4          	.align 2
  104  000010d4          	.proc _main
  105  000010d4          	.global _main
  106  000010d4          	_main:
  107                      ;  Function 'main'; 8 bytes of locals, 0 regs to save.
  108  000010d4  afbefffc	sw	-4(r29),r30; push fp
  109  000010d8  001df020	add	r30,r0,r29; fp = sp
  110  000010dc  afbffff8	sw	-8(r29),r31; push ret addr
  111  000010e0  2fbd0010	subui	r29,r29,#16; alloc local storage
  112  000010e4  8fc20000	lw	r2,(r30)
  113  000010e8  8fc70004	lw	r7,4(r30)
  114  000010ec  0c0013ac	jal	___main
  115  000010f0  54000000	nop; not filled.
  116  000010f4  20090000	addi	r9,r0,#0
  117  000010f8  afc9fff4	sw	-12(r30),r9
  118  000010fc  64410005	snei	r1,r2,#5
  119  00001100  10200028	beqz	r1,L14_LF0
  120  00001104  54000000	nop; not filled.
  121  00001108  23bdfff8	addi	r29,r29,#-8
  122  0000110c  3c090000	lhi	r9,((LC0_LF0)>>16)&0xffff
  123  00001110  25293000	addui	r9,r9,(LC0_LF0)&0xffff
  124  00001114  afa90000	sw	(r29),r9
  125  00001118  0c0004d0	jal	_Printf
  126  0000111c  54000000	nop; not filled.
  127  00001120  0c0005d0	jal	_Exit
  128  00001124  54000000	nop; not filled.
  129  00001128  23bd0008	addi	r29,r29,#8
  130  0000112c          	L14_LF0:
  131  0000112c  23bdfff0	addi	r29,r29,#-16
  132  00001130  8ce90004	lw	r9,4(r7)
  133  00001134  afa90000	sw	(r29),r9
  134  00001138  20090000	addi	r9,r0,#0
  135  0000113c  afa90004	sw	4(r29),r9
  136  00001140  2009000a	addi	r9,r0,#10
  137  00001144  afa90008	sw	8(r29),r9
  138  00001148  0c000e54	jal	_dstrtol
  139  0000114c  54000000	nop; not filled.
  140  00001150  00012020	add	r4,r0,r1
  141  00001154  8ce90008	lw	r9,8(r7)
  142  00001158  afa90000	sw	(r29),r9
  143  0000115c  20090000	addi	r9,r0,#0
  144  00001160  afa90004	sw	4(r29),r9
  145  00001164  2009000a	addi	r9,r0,#10
  146  00001168  afa90008	sw	8(r29),r9
  147  0000116c  0c000e30	jal	_dstrtol
  148  00001170  54000000	nop; not filled.
  149  00001174  00012820	add	r5,r0,r1
  150  00001178  8ce9000c	lw	r9,12(r7)
  151  0000117c  afa90000	sw	(r29),r9
  152  00001180  20090000	addi	r9,r0,#0
  153  00001184  afa90004	sw	4(r29),r9
  154  00001188  2009000a	addi	r9,r0,#10
  155  0000118c  afa90008	sw	8(r29),r9
  156  00001190  0c000e0c	jal	_dstrtol
  157  00001194  54000000	nop; not filled.
  158  00001198  00013020	add	r6,r0,r1
  159  0000119c  8ce90010	lw	r9,16(r7)
  160  000011a0  afa90000	sw	(r29),r9
  161  000011a4  20090000	addi	r9,r0,#0
  162  000011a8  afa90004	sw	4(r29),r9
  163  000011ac  2009000a	addi	r9,r0,#10
  164  000011b0  afa90008	sw	8(r29),r9
  165  000011b4  0c000de8	jal	_dstrtol
  166  000011b8  54000000	nop; not filled.
  167  000011bc  00014020	add	r8,r0,r1
  168  000011c0  afa40000	sw	(r29),r4
  169  000011c4  0c0004e4	jal	_mbox_open
  170  000011c8  54000000	nop; not filled.
  171  000011cc  23bd0010	addi	r29,r29,#16
  172  000011d0  6021ffff	seqi	r1,r1,#-1
  173  000011d4  10200038	beqz	r1,L15_LF0
  174  000011d8  54000000	nop; not filled.
  175  000011dc  0c000418	jal	_getpid
  176  000011e0  54000000	nop; not filled.
  177  000011e4  23bdfff0	addi	r29,r29,#-16
  178  000011e8  3c090000	lhi	r9,((LC1_LF0)>>16)&0xffff
  179  000011ec  25293070	addui	r9,r9,(LC1_LF0)&0xffff
  180  000011f0  afa90000	sw	(r29),r9
  181  000011f4  afa10004	sw	4(r29),r1
  182  000011f8  afa40008	sw	8(r29),r4
  183  000011fc  0c0003ec	jal	_Printf
  184  00001200  54000000	nop; not filled.
  185  00001204  0c0004ec	jal	_Exit
  186  00001208  54000000	nop; not filled.
  187  0000120c  23bd0010	addi	r29,r29,#16
  188  00001210          	L15_LF0:
  189  00001210  23bdfff8	addi	r29,r29,#-8
  190  00001214  afa50000	sw	(r29),r5
  191  00001218  0c000490	jal	_mbox_open
  192  0000121c  54000000	nop; not filled.
  193  00001220  23bd0008	addi	r29,r29,#8
  194  00001224  6021ffff	seqi	r1,r1,#-1
  195  00001228  10200038	beqz	r1,L16_LF0
  196  0000122c  54000000	nop; not filled.
  197  00001230  0c0003c4	jal	_getpid
  198  00001234  54000000	nop; not filled.
  199  00001238  23bdfff0	addi	r29,r29,#-16
  200  0000123c  3c090000	lhi	r9,((LC1_LF0)>>16)&0xffff
  201  00001240  25293070	addui	r9,r9,(LC1_LF0)&0xffff
  202  00001244  afa90000	sw	(r29),r9
  203  00001248  afa10004	sw	4(r29),r1
  204  0000124c  afa50008	sw	8(r29),r5
  205  00001250  0c000398	jal	_Printf
  206  00001254  54000000	nop; not filled.
  207  00001258  0c000498	jal	_Exit
  208  0000125c  54000000	nop; not filled.
  209  00001260  23bd0010	addi	r29,r29,#16
  210  00001264          	L16_LF0:
  211  00001264  23bdfff8	addi	r29,r29,#-8
  212  00001268  afa60000	sw	(r29),r6
  213  0000126c  0c00043c	jal	_mbox_open
  214  00001270  54000000	nop; not filled.
  215  00001274  23bd0008	addi	r29,r29,#8
  216  00001278  6021ffff	seqi	r1,r1,#-1
  217  0000127c  10200038	beqz	r1,L17_LF0
  218  00001280  54000000	nop; not filled.
  219  00001284  0c000370	jal	_getpid
  220  00001288  54000000	nop; not filled.
  221  0000128c  23bdfff0	addi	r29,r29,#-16
  222  00001290  3c090000	lhi	r9,((LC1_LF0)>>16)&0xffff
  223  00001294  25293070	addui	r9,r9,(LC1_LF0)&0xffff
  224  00001298  afa90000	sw	(r29),r9
  225  0000129c  afa10004	sw	4(r29),r1
  226  000012a0  afa60008	sw	8(r29),r6
  227  000012a4  0c000344	jal	_Printf
  228  000012a8  54000000	nop; not filled.
  229  000012ac  0c000444	jal	_Exit
  230  000012b0  54000000	nop; not filled.
  231  000012b4  23bd0010	addi	r29,r29,#16
  232  000012b8          	L17_LF0:
  233  000012b8  20020000	addi	r2,r0,#0
  234  000012bc  23c3fff4	addi	r3,r30,#-12
  235  000012c0          	L21_LF0:
  236  000012c0  23bdfff0	addi	r29,r29,#-16
  237  000012c4  afa40000	sw	(r29),r4
  238  000012c8  20090004	addi	r9,r0,#4
  239  000012cc  afa90004	sw	4(r29),r9
  240  000012d0  afa30008	sw	8(r29),r3
  241  000012d4  0c0003f8	jal	_mbox_recv
  242  000012d8  54000000	nop; not filled.
  243  000012dc  23bd0010	addi	r29,r29,#16
  244  000012e0  6021ffff	seqi	r1,r1,#-1
  245  000012e4  10200034	beqz	r1,L20_LF0
  246  000012e8  54000000	nop; not filled.
  247  000012ec  0c000308	jal	_getpid
  248  000012f0  54000000	nop; not filled.
  249  000012f4  23bdfff8	addi	r29,r29,#-8
  250  000012f8  3c090000	lhi	r9,((LC2_LF0)>>16)&0xffff
  251  000012fc  2529309c	addui	r9,r9,(LC2_LF0)&0xffff
  252  00001300  afa90000	sw	(r29),r9
  253  00001304  afa10004	sw	4(r29),r1
  254  00001308  0c0002e0	jal	_Printf
  255  0000130c  54000000	nop; not filled.
  256  00001310  0c0003e0	jal	_Exit
  257  00001314  54000000	nop; not filled.
  258  00001318  23bd0008	addi	r29,r29,#8
  259  0000131c          	L20_LF0:
  260  0000131c  20420001	addi	r2,r2,#1
  261  00001320  70410003	slei	r1,r2,#3
  262  00001324  1420ff98	bnez	r1,L21_LF0
  263  00001328  54000000	nop; not filled.
  264  0000132c  20020000	addi	r2,r0,#0
  265  00001330  23c3fff4	addi	r3,r30,#-12
  266  00001334          	L27_LF0:
  267  00001334  23bdfff0	addi	r29,r29,#-16
  268  00001338  afa50000	sw	(r29),r5
  269  0000133c  20090004	addi	r9,r0,#4
  270  00001340  afa90004	sw	4(r29),r9
  271  00001344  afa30008	sw	8(r29),r3
  272  00001348  0c000378	jal	_mbox_send
  273  0000134c  54000000	nop; not filled.
  274  00001350  23bd0010	addi	r29,r29,#16
  275  00001354  6021ffff	seqi	r1,r1,#-1
  276  00001358  10200034	beqz	r1,L26_LF0
  277  0000135c  54000000	nop; not filled.
  278  00001360  0c000294	jal	_getpid
  279  00001364  54000000	nop; not filled.
  280  00001368  23bdfff8	addi	r29,r29,#-8
  281  0000136c  3c090000	lhi	r9,((LC2_LF0)>>16)&0xffff
  282  00001370  2529309c	addui	r9,r9,(LC2_LF0)&0xffff
  283  00001374  afa90000	sw	(r29),r9
  284  00001378  afa10004	sw	4(r29),r1
  285  0000137c  0c00026c	jal	_Printf
  286  00001380  54000000	nop; not filled.
  287  00001384  0c00036c	jal	_Exit
  288  00001388  54000000	nop; not filled.
  289  0000138c  23bd0008	addi	r29,r29,#8
  290  00001390          	L26_LF0:
  291  00001390  20420001	addi	r2,r2,#1
  292  00001394  70410001	slei	r1,r2,#1
  293  00001398  1420ff98	bnez	r1,L27_LF0
  294  0000139c  54000000	nop; not filled.
  295  000013a0  20020000	addi	r2,r0,#0
  296  000013a4  23c3fff4	addi	r3,r30,#-12
  297  000013a8          	L33_LF0:
  298  000013a8  23bdfff0	addi	r29,r29,#-16
  299  000013ac  afa60000	sw	(r29),r6
  300  000013b0  20090004	addi	r9,r0,#4
  301  000013b4  afa90004	sw	4(r29),r9
  302  000013b8  afa30008	sw	8(r29),r3
  303  000013bc  0c000304	jal	_mbox_send
  304  000013c0  54000000	nop; not filled.
  305  000013c4  23bd0010	addi	r29,r29,#16
  306  000013c8  6021ffff	seqi	r1,r1,#-1
  307  000013cc  10200034	beqz	r1,L32_LF0
  308  000013d0  54000000	nop; not filled.
  309  000013d4  0c000220	jal	_getpid
  310  000013d8  54000000	nop; not filled.
  311  000013dc  23bdfff8	addi	r29,r29,#-8
  312  000013e0  3c090000	lhi	r9,((LC2_LF0)>>16)&0xffff
  313  000013e4  2529309c	addui	r9,r9,(LC2_LF0)&0xffff
  314  000013e8  afa90000	sw	(r29),r9
  315  000013ec  afa10004	sw	4(r29),r1
  316  000013f0  0c0001f8	jal	_Printf
  317  000013f4  54000000	nop; not filled.
  318  000013f8  0c0002f8	jal	_Exit
  319  000013fc  54000000	nop; not filled.
  320  00001400  23bd0008	addi	r29,r29,#8
  321  00001404          	L32_LF0:
  322  00001404  20420001	addi	r2,r2,#1
  323  00001408  70410001	slei	r1,r2,#1
  324  0000140c  1420ff98	bnez	r1,L33_LF0
  325  00001410  54000000	nop; not filled.
  326  00001414  0c0001e0	jal	_getpid
  327  00001418  54000000	nop; not filled.
  328  0000141c  23bdfff8	addi	r29,r29,#-8
  329  00001420  3c090000	lhi	r9,((LC3_LF0)>>16)&0xffff
  330  00001424  252930dc	addui	r9,r9,(LC3_LF0)&0xffff
  331  00001428  afa90000	sw	(r29),r9
  332  0000142c  afa10004	sw	4(r29),r1
  333  00001430  0c0001b8	jal	_Printf
  334  00001434  54000000	nop; not filled.
  335  00001438  afa40000	sw	(r29),r4
  336  0000143c  0c000278	jal	_mbox_close
  337  00001440  54000000	nop; not filled.
  338  00001444  23bd0008	addi	r29,r29,#8
  339  00001448  6021ffff	seqi	r1,r1,#-1
  340  0000144c  10200038	beqz	r1,L36_LF0
  341  00001450  54000000	nop; not filled.
  342  00001454  0c0001a0	jal	_getpid
  343  00001458  54000000	nop; not filled.
  344  0000145c  23bdfff0	addi	r29,r29,#-16
  345  00001460  3c090000	lhi	r9,((LC4_LF0)>>16)&0xffff
  346  00001464  25293100	addui	r9,r9,(LC4_LF0)&0xffff
  347  00001468  afa90000	sw	(r29),r9
  348  0000146c  afa10004	sw	4(r29),r1
  349  00001470  afa40008	sw	8(r29),r4
  350  00001474  0c000174	jal	_Printf
  351  00001478  54000000	nop; not filled.
  352  0000147c  0c000274	jal	_Exit
  353  00001480  54000000	nop; not filled.
  354  00001484  23bd0010	addi	r29,r29,#16
  355  00001488          	L36_LF0:
  356  00001488  23bdfff8	addi	r29,r29,#-8
  357  0000148c  afa50000	sw	(r29),r5
  358  00001490  0c000224	jal	_mbox_close
  359  00001494  54000000	nop; not filled.
  360  00001498  23bd0008	addi	r29,r29,#8
  361  0000149c  6021ffff	seqi	r1,r1,#-1
  362  000014a0  10200038	beqz	r1,L37_LF0
  363  000014a4  54000000	nop; not filled.
  364  000014a8  0c00014c	jal	_getpid
  365  000014ac  54000000	nop; not filled.
  366  000014b0  23bdfff0	addi	r29,r29,#-16
  367  000014b4  3c090000	lhi	r9,((LC4_LF0)>>16)&0xffff
  368  000014b8  25293100	addui	r9,r9,(LC4_LF0)&0xffff
  369  000014bc  afa90000	sw	(r29),r9
  370  000014c0  afa10004	sw	4(r29),r1
  371  000014c4  afa50008	sw	8(r29),r5
  372  000014c8  0c000120	jal	_Printf
  373  000014cc  54000000	nop; not filled.
  374  000014d0  0c000220	jal	_Exit
  375  000014d4  54000000	nop; not filled.
  376  000014d8  23bd0010	addi	r29,r29,#16
  377  000014dc          	L37_LF0:
  378  000014dc  23bdfff8	addi	r29,r29,#-8
  379  000014e0  afa60000	sw	(r29),r6
  380  000014e4  0c0001d0	jal	_mbox_close
  381  000014e8  54000000	nop; not filled.
  382  000014ec  23bd0008	addi	r29,r29,#8
  383  000014f0  6021ffff	seqi	r1,r1,#-1
  384  000014f4  10200038	beqz	r1,L38_LF0
  385  000014f8  54000000	nop; not filled.
  386  000014fc  0c0000f8	jal	_getpid
  387  00001500  54000000	nop; not filled.
  388  00001504  23bdfff0	addi	r29,r29,#-16
  389  00001508  3c090000	lhi	r9,((LC4_LF0)>>16)&0xffff
  390  0000150c  25293100	addui	r9,r9,(LC4_LF0)&0xffff
  391  00001510  afa90000	sw	(r29),r9
  392  00001514  afa10004	sw	4(r29),r1
  393  00001518  afa60008	sw	8(r29),r6
  394  0000151c  0c0000cc	jal	_Printf
  395  00001520  54000000	nop; not filled.
  396  00001524  0c0001cc	jal	_Exit
  397  00001528  54000000	nop; not filled.
  398  0000152c  23bd0010	addi	r29,r29,#16
  399  00001530          	L38_LF0:
  400  00001530  23bdfff8	addi	r29,r29,#-8
  401  00001534  afa80000	sw	(r29),r8
  402  00001538  0c000104	jal	_sem_signal
  403  0000153c  54000000	nop; not filled.
  404  00001540  23bd0008	addi	r29,r29,#8
  405  00001544  64210001	snei	r1,r1,#1
  406  00001548  10200050	beqz	r1,L39_LF0
  407  0000154c  54000000	nop; not filled.
  408  00001550  23bdfff8	addi	r29,r29,#-8
  409  00001554  3c090000	lhi	r9,((LC5_LF0)>>16)&0xffff
  410  00001558  2529312c	addui	r9,r9,(LC5_LF0)&0xffff
  411  0000155c  afa90000	sw	(r29),r9
  412  00001560  afa80004	sw	4(r29),r8
  413  00001564  0c000084	jal	_Printf
  414  00001568  54000000	nop; not filled.
  415  0000156c  8ce70000	lw	r7,(r7)
  416  00001570  afa70000	sw	(r29),r7
  417  00001574  0c000074	jal	_Printf
  418  00001578  54000000	nop; not filled.
  419  0000157c  3c090000	lhi	r9,((LC6_LF0)>>16)&0xffff
  420  00001580  25293158	addui	r9,r9,(LC6_LF0)&0xffff
  421  00001584  afa90000	sw	(r29),r9
  422  00001588  0c000060	jal	_Printf
  423  0000158c  54000000	nop; not filled.
  424  00001590  0c000160	jal	_Exit
  425  00001594  54000000	nop; not filled.
  426  00001598  23bd0008	addi	r29,r29,#8
  427  0000159c          	L39_LF0:
  428  0000159c  0c000ef0	jal	_exit
  429  000015a0  54000000	nop
  430  000015a4          	.endproc _main
  431                      ;;;
  432                      ;;; Stub functions for DLX traps.
  433                      ;;;
  434                      ;;; Ethan L. Miller, 1999.  Released to the public domain.
  435                      ;;;
  436                      ;;; The traps such as Open and Close
  437                      ;;; (note the capital letters) are for use by user programs.  The traps
  438                      ;;; with names such as open and close (lower case) are for use by the OS.
  439                      ;;;
  442  000015a4          	.align 2
  444                      ;;; The following are the traps to be used by user-level programs
  445                      ;;;
  447  000015a4          	.align 2
  448  000015a4          	.proc _Open
  449  000015a4          	.global _Open
  450  000015a4          	_Open:
  451                      ;;; Note that trap #0x213 actually causes a trap vector in the OS of
  452                      ;;; 0x1213.  The same is true for other user traps.  Thus, a user trap
  453                      ;;; with trap #0x240 will result in a trap vector of 0x1240 in the OS.
  454  000015a4  44000213	trap	#0x213
  455  000015a8  4be00000	jr	r31
  456  000015ac  54000000	nop
  457  000015b0          	.endproc _Open
  459  000015b0          	.proc _Close
  460  000015b0          	.global _Close
  461  000015b0          	_Close:
  462  000015b0  44000214	trap	#0x214
  463  000015b4  4be00000	jr	r31
  464  000015b8  54000000	nop
  465  000015bc          	.endproc _Close
  467  000015bc          	.proc _Read
  468  000015bc          	.global _Read
  469  000015bc          	_Read:
  470  000015bc  44000210	trap	#0x210
  471  000015c0  4be00000	jr	r31
  472  000015c4  54000000	nop
  473  000015c8          	.endproc _Read
  475  000015c8          	.proc _Write
  476  000015c8          	.global _Write
  477  000015c8          	_Write:
  478  000015c8  44000211	trap	#0x211
  479  000015cc  4be00000	jr	r31
  480  000015d0  54000000	nop
  481  000015d4          	.endproc _Write
  483  000015d4          	.proc _Lseek
  484  000015d4          	.global _Lseek
  485  000015d4          	_Lseek:
  486  000015d4  44000212	trap	#0x212
  487  000015d8  4be00000	jr	r31
  488  000015dc  54000000	nop
  489  000015e0          	.endproc _Lseek
  491  000015e0          	.proc _Putchar
  492  000015e0          	.global _Putchar
  493  000015e0          	_Putchar:
  494  000015e0  44000280	trap	#0x280
  495  000015e4  4be00000	jr	r31
  496  000015e8  54000000	nop
  497  000015ec          	.endproc _Putchar
  499  000015ec          	.proc _Printf
  500  000015ec          	.global _Printf
  501  000015ec          	_Printf:
  502  000015ec  44000201	trap	#0x201
  503  000015f0  4be00000	jr	r31
  504  000015f4  54000000	nop
  505  000015f8          	.endproc _Printf
  507  000015f8          	.proc _getpid
  508  000015f8          	.global _getpid
  509  000015f8          	_getpid:
  510  000015f8  44000431	trap	#0x431
  511  000015fc  4be00000	jr	r31
  512  00001600  54000000	nop
  513  00001604          	.endproc _getpid
  515  00001604          	.proc _process_create
  516  00001604          	.global _process_create
  517  00001604          	_process_create:
  518  00001604  44000432	trap	#0x432
  519  00001608  4be00000	jr	r31
  520  0000160c  54000000	nop
  521  00001610          	.endproc _process_create
  523  00001610          	.proc _shmget
  524  00001610          	.global _shmget
  525  00001610          	_shmget:
  526  00001610  44000440	trap	#0x440
  527  00001614  4be00000	jr	r31
  528  00001618  54000000	nop
  529  0000161c          	.endproc _shmget
  531  0000161c          	.proc _shmat
  532  0000161c          	.global _shmat
  533  0000161c          	_shmat:
  534  0000161c  44000441	trap	#0x441
  535  00001620  4be00000	jr	r31
  536  00001624  54000000	nop
  537  00001628          	.endproc _shmat
  539  00001628          	.proc _sem_create
  540  00001628          	.global _sem_create
  541  00001628          	_sem_create:
  542  00001628  44000450	trap	#0x450
  543  0000162c  4be00000	jr	r31
  544  00001630  54000000	nop
  545  00001634          	.endproc _sem_create
  547  00001634          	.proc _sem_wait
  548  00001634          	.global _sem_wait
  549  00001634          	_sem_wait:
  550  00001634  44000451	trap	#0x451
  551  00001638  4be00000	jr	r31
  552  0000163c  54000000	nop
  553  00001640          	.endproc _sem_wait
  555  00001640          	.proc _sem_signal
  556  00001640          	.global _sem_signal
  557  00001640          	_sem_signal:
  558  00001640  44000452	trap	#0x452
  559  00001644  4be00000	jr	r31
  560  00001648  54000000	nop
  561  0000164c          	.endproc _sem_signal
  563  0000164c          	.proc _lock_create
  564  0000164c          	.global _lock_create
  565  0000164c          	_lock_create:
  566  0000164c  44000453	trap	#0x453
  567  00001650  4be00000	jr	r31
  568  00001654  54000000	nop
  569  00001658          	.endproc _lock_create
  571  00001658          	.proc _lock_acquire
  572  00001658          	.global _lock_acquire
  573  00001658          	_lock_acquire:
  574  00001658  44000454	trap	#0x454
  575  0000165c  4be00000	jr	r31
  576  00001660  54000000	nop
  577  00001664          	.endproc _lock_acquire
  579  00001664          	.proc _lock_release
  580  00001664          	.global _lock_release
  581  00001664          	_lock_release:
  582  00001664  44000455	trap	#0x455
  583  00001668  4be00000	jr	r31
  584  0000166c  54000000	nop
  585  00001670          	.endproc _lock_release
  587  00001670          	.proc _cond_create
  588  00001670          	.global _cond_create
  589  00001670          	_cond_create:
  590  00001670  44000456	trap	#0x456
  591  00001674  4be00000	jr	r31
  592  00001678  54000000	nop
  593  0000167c          	.endproc _cond_create
  595  0000167c          	.proc _cond_wait
  596  0000167c          	.global _cond_wait
  597  0000167c          	_cond_wait:
  598  0000167c  44000457	trap	#0x457
  599  00001680  4be00000	jr	r31
  600  00001684  54000000	nop
  601  00001688          	.endproc _cond_wait
  603  00001688          	.proc _cond_signal
  604  00001688          	.global _cond_signal
  605  00001688          	_cond_signal:
  606  00001688  44000458	trap	#0x458
  607  0000168c  4be00000	jr	r31
  608  00001690  54000000	nop
  609  00001694          	.endproc _cond_signal
  611  00001694          	.proc _cond_broadcast
  612  00001694          	.global _cond_broadcast
  613  00001694          	_cond_broadcast:
  614  00001694  44000459	trap	#0x459
  615  00001698  4be00000	jr	r31
  616  0000169c  54000000	nop
  617  000016a0          	.endproc _cond_broadcast
  619  000016a0          	.proc _mbox_create
  620  000016a0          	.global _mbox_create
  621  000016a0          	_mbox_create:
  622  000016a0  44000460	trap	#0x460
  623  000016a4  4be00000	jr	r31
  624  000016a8  54000000	nop
  625  000016ac          	.endproc _mbox_create
  627  000016ac          	.proc _mbox_open
  628  000016ac          	.global _mbox_open
  629  000016ac          	_mbox_open:
  630  000016ac  44000461	trap	#0x461
  631  000016b0  4be00000	jr	r31
  632  000016b4  54000000	nop
  633  000016b8          	.endproc _mbox_open
  635  000016b8          	.proc _mbox_close
  636  000016b8          	.global _mbox_close
  637  000016b8          	_mbox_close:
  638  000016b8  44000462	trap	#0x462
  639  000016bc  4be00000	jr	r31
  640  000016c0  54000000	nop
  641  000016c4          	.endproc _mbox_close
  643  000016c4          	.proc _mbox_send
  644  000016c4          	.global _mbox_send
  645  000016c4          	_mbox_send:
  646  000016c4  44000463	trap	#0x463
  647  000016c8  4be00000	jr	r31
  648  000016cc  54000000	nop
  649  000016d0          	.endproc _mbox_send
  651  000016d0          	.proc _mbox_recv
  652  000016d0          	.global _mbox_recv
  653  000016d0          	_mbox_recv:
  654  000016d0  44000464	trap	#0x464
  655  000016d4  4be00000	jr	r31
  656  000016d8  54000000	nop
  657  000016dc          	.endproc _mbox_recv
  659  000016dc          	.proc _sleep
  660  000016dc          	.global _sleep
  661  000016dc          	_sleep:
  662  000016dc  44000465	trap	#0x465
  663  000016e0  4be00000	jr	r31
  664  000016e4  54000000	nop
  665  000016e8          	.endproc _sleep
  667  000016e8          	.proc _yield
  668  000016e8          	.global _yield
  669  000016e8          	_yield:
  670  000016e8  44000466	trap	#0x466
  671  000016ec  4be00000	jr	r31
  672  000016f0  54000000	nop
  673  000016f4          	.endproc _yield
  676  000016f4          	.proc _Exit
  677  000016f4          	.global _Exit
  678  000016f4          	_Exit:
  679  000016f4  44000500	trap	#0x500
  680  000016f8  4be00000	jr	r31
  681  000016fc  54000000	nop
  682  00001700          	.endproc _Exit
  683                      ; Compiled by GCC
  685  00001700          	.align 2
  686  00001700          	.proc _isspace
  687  00001700          	.global _isspace
  688  00001700          	_isspace:
  689                      ;  Function 'isspace'; 0 bytes of locals, 3 regs to save.
  690  00001700  afbefffc	sw	-4(r29),r30; push fp
  691  00001704  001df020	add	r30,r0,r29; fp = sp
  692  00001708  afbffff8	sw	-8(r29),r31; push ret addr
  693  0000170c  2fbd0018	subui	r29,r29,#24; alloc local storage
  694  00001710  afa20000	sw	0(r29),r2
  695  00001714  afa30004	sw	4(r29),r3
  696  00001718  afa40008	sw	8(r29),r4
  697  0000171c  83c20003	lb	r2,3(r30)
  698  00001720  20010000	addi	r1,r0,#0
  699  00001724  304300ff	andi	r3,r2,#0x00ff
  700  00001728  60640020	seqi	r4,r3,#32
  701  0000172c  1480002c	bnez	r4,L3_LF2
  702  00001730  54000000	nop; delay slot nop
  703  00001734  304300ff	andi	r3,r2,#0x00ff
  704  00001738  60640009	seqi	r4,r3,#9
  705  0000173c  1480001c	bnez	r4,L3_LF2
  706  00001740  54000000	nop; delay slot nop
  707  00001744  304300ff	andi	r3,r2,#0x00ff
  708  00001748  6064000a	seqi	r4,r3,#10
  709  0000174c  1480000c	bnez	r4,L3_LF2
  710  00001750  54000000	nop; delay slot nop
  711  00001754  08000008	j	L2_LF2
  712  00001758  54000000	nop; delay slot nop
  713  0000175c          	L3_LF2:
  714  0000175c  20010001	addi	r1,r0,#1
  715  00001760          	L2_LF2:
  716  00001760  08000004	j	L1_LF2
  717  00001764  54000000	nop; delay slot nop
  718  00001768          	L1_LF2:
  719  00001768  8fa20000	lw	r2,0(r29)
  720  0000176c  8fa30004	lw	r3,4(r29)
  721  00001770  8fa40008	lw	r4,8(r29)
  722  00001774  8fdffff8	lw	r31,-8(r30)
  723  00001778  001ee820	add	r29,r0,r30
  724  0000177c  8fdefffc	lw	r30,-4(r30)
  725  00001780  4be00000	jr	r31
  726  00001784  54000000	nop
  727  00001788          	.endproc _isspace
  728  00001788          	.align 2
  729  00001788          	.proc _isxdigit
  730  00001788          	.global _isxdigit
  731  00001788          	_isxdigit:
  732                      ;  Function 'isxdigit'; 0 bytes of locals, 3 regs to save.
  733  00001788  afbefffc	sw	-4(r29),r30; push fp
  734  0000178c  001df020	add	r30,r0,r29; fp = sp
  735  00001790  afbffff8	sw	-8(r29),r31; push ret addr
  736  00001794  2fbd0018	subui	r29,r29,#24; alloc local storage
  737  00001798  afa20000	sw	0(r29),r2
  738  0000179c  afa30004	sw	4(r29),r3
  739  000017a0  afa40008	sw	8(r29),r4
  740  000017a4  83c20003	lb	r2,3(r30)
  741  000017a8  20010000	addi	r1,r0,#0
  742  000017ac  304300ff	andi	r3,r2,#0x00ff
  743  000017b0  6c64002f	sgtui	r4,r3,#47
  744  000017b4  1080001c	beqz	r4,L7_LF2
  745  000017b8  54000000	nop; delay slot nop
  746  000017bc  304300ff	andi	r3,r2,#0x00ff
  747  000017c0  70640039	sleui	r4,r3,#57
  748  000017c4  1480005c	bnez	r4,L6_LF2
  749  000017c8  54000000	nop; delay slot nop
  750  000017cc  08000004	j	L7_LF2
  751  000017d0  54000000	nop; delay slot nop
  752  000017d4          	L7_LF2:
  753  000017d4  304300ff	andi	r3,r2,#0x00ff
  754  000017d8  6c640060	sgtui	r4,r3,#96
  755  000017dc  1080001c	beqz	r4,L8_LF2
  756  000017e0  54000000	nop; delay slot nop
  757  000017e4  304300ff	andi	r3,r2,#0x00ff
  758  000017e8  70640066	sleui	r4,r3,#102
  759  000017ec  14800034	bnez	r4,L6_LF2
  760  000017f0  54000000	nop; delay slot nop
  761  000017f4  08000004	j	L8_LF2
  762  000017f8  54000000	nop; delay slot nop
  763  000017fc          	L8_LF2:
  764  000017fc  304300ff	andi	r3,r2,#0x00ff
  765  00001800  6c640040	sgtui	r4,r3,#64
  766  00001804  10800020	beqz	r4,L5_LF2
  767  00001808  54000000	nop; delay slot nop
  768  0000180c  304300ff	andi	r3,r2,#0x00ff
  769  00001810  70640041	sleui	r4,r3,#65
  770  00001814  1480000c	bnez	r4,L6_LF2
  771  00001818  54000000	nop; delay slot nop
  772  0000181c  08000008	j	L5_LF2
  773  00001820  54000000	nop; delay slot nop
  774  00001824          	L6_LF2:
  775  00001824  20010001	addi	r1,r0,#1
  776  00001828          	L5_LF2:
  777  00001828  08000004	j	L4_LF2
  778  0000182c  54000000	nop; delay slot nop
  779  00001830          	L4_LF2:
  780  00001830  8fa20000	lw	r2,0(r29)
  781  00001834  8fa30004	lw	r3,4(r29)
  782  00001838  8fa40008	lw	r4,8(r29)
  783  0000183c  8fdffff8	lw	r31,-8(r30)
  784  00001840  001ee820	add	r29,r0,r30
  785  00001844  8fdefffc	lw	r30,-4(r30)
  786  00001848  4be00000	jr	r31
  787  0000184c  54000000	nop
  788  00001850          	.endproc _isxdigit
  789  00001850          	.align 2
  790  00001850          	.proc _dstrcpy
  791  00001850          	.global _dstrcpy
  792  00001850          	_dstrcpy:
  793                      ;  Function 'dstrcpy'; 8 bytes of locals, 2 regs to save.
  794  00001850  afbefffc	sw	-4(r29),r30; push fp
  795  00001854  001df020	add	r30,r0,r29; fp = sp
  796  00001858  afbffff8	sw	-8(r29),r31; push ret addr
  797  0000185c  2fbd0018	subui	r29,r29,#24; alloc local storage
  798  00001860  afa20000	sw	0(r29),r2
  799  00001864  afa30004	sw	4(r29),r3
  800  00001868  8fc10000	lw	r1,(r30)
  801  0000186c  afc1fff4	sw	-12(r30),r1
  802  00001870          	L10_LF2:
  803  00001870  8fc10000	lw	r1,(r30)
  804  00001874  20220001	addi	r2,r1,#1
  805  00001878  afc20000	sw	(r30),r2
  806  0000187c  8fc20004	lw	r2,4(r30)
  807  00001880  20430001	addi	r3,r2,#1
  808  00001884  afc30004	sw	4(r30),r3
  809  00001888  80420000	lb	r2,(r2)
  810  0000188c  a0220000	sb	(r1),r2
  811  00001890  a3c2fff3	sb	-13(r30),r2
  812  00001894          	L12_LF2:
  813  00001894  93c1fff3	lbu	r1,-13(r30)
  814  00001898  64220000	snei	r2,r1,#0
  815  0000189c  1440000c	bnez	r2,L13_LF2
  816  000018a0  54000000	nop; delay slot nop
  817  000018a4  0800000c	j	L11_LF2
  818  000018a8  54000000	nop; delay slot nop
  819  000018ac          	L13_LF2:
  820  000018ac  0bffffc0	j	L10_LF2
  821  000018b0  54000000	nop; delay slot nop
  822  000018b4          	L11_LF2:
  823  000018b4  8fc1fff4	lw	r1,-12(r30)
  824  000018b8  08000004	j	L9_LF2
  825  000018bc  54000000	nop; delay slot nop
  826  000018c0          	L9_LF2:
  827  000018c0  8fa20000	lw	r2,0(r29)
  828  000018c4  8fa30004	lw	r3,4(r29)
  829  000018c8  8fdffff8	lw	r31,-8(r30)
  830  000018cc  001ee820	add	r29,r0,r30
  831  000018d0  8fdefffc	lw	r30,-4(r30)
  832  000018d4  4be00000	jr	r31
  833  000018d8  54000000	nop
  834  000018dc          	.endproc _dstrcpy
  835  000018dc          	.align 2
  836  000018dc          	.proc _dstrncpy
  837  000018dc          	.global _dstrncpy
  838  000018dc          	_dstrncpy:
  839                      ;  Function 'dstrncpy'; 8 bytes of locals, 2 regs to save.
  840  000018dc  afbefffc	sw	-4(r29),r30; push fp
  841  000018e0  001df020	add	r30,r0,r29; fp = sp
  842  000018e4  afbffff8	sw	-8(r29),r31; push ret addr
  843  000018e8  2fbd0018	subui	r29,r29,#24; alloc local storage
  844  000018ec  afa20000	sw	0(r29),r2
  845  000018f0  afa30004	sw	4(r29),r3
  846  000018f4  8fc10000	lw	r1,(r30)
  847  000018f8  afc1fff4	sw	-12(r30),r1
  848  000018fc          	L15_LF2:
  849  000018fc  8fc10008	lw	r1,8(r30)
  850  00001900  2022ffff	addi	r2,r1,#-1
  851  00001904  afc20008	sw	8(r30),r2
  852  00001908  70210000	slei	r1,r1,#0
  853  0000190c  1020000c	beqz	r1,L18_LF2
  854  00001910  54000000	nop; delay slot nop
  855  00001914  08000048	j	L16_LF2
  856  00001918  54000000	nop; delay slot nop
  857  0000191c          	L18_LF2:
  858  0000191c  8fc10000	lw	r1,(r30)
  859  00001920  20220001	addi	r2,r1,#1
  860  00001924  afc20000	sw	(r30),r2
  861  00001928  8fc20004	lw	r2,4(r30)
  862  0000192c  20430001	addi	r3,r2,#1
  863  00001930  afc30004	sw	4(r30),r3
  864  00001934  80420000	lb	r2,(r2)
  865  00001938  a0220000	sb	(r1),r2
  866  0000193c  a3c2fff3	sb	-13(r30),r2
  867  00001940          	L17_LF2:
  868  00001940  93c1fff3	lbu	r1,-13(r30)
  869  00001944  64220000	snei	r2,r1,#0
  870  00001948  1440000c	bnez	r2,L19_LF2
  871  0000194c  54000000	nop; delay slot nop
  872  00001950  0800000c	j	L16_LF2
  873  00001954  54000000	nop; delay slot nop
  874  00001958          	L19_LF2:
  875  00001958  0bffffa0	j	L15_LF2
  876  0000195c  54000000	nop; delay slot nop
  877  00001960          	L16_LF2:
  878  00001960  8fc1fff4	lw	r1,-12(r30)
  879  00001964  08000004	j	L14_LF2
  880  00001968  54000000	nop; delay slot nop
  881  0000196c          	L14_LF2:
  882  0000196c  8fa20000	lw	r2,0(r29)
  883  00001970  8fa30004	lw	r3,4(r29)
  884  00001974  8fdffff8	lw	r31,-8(r30)
  885  00001978  001ee820	add	r29,r0,r30
  886  0000197c  8fdefffc	lw	r30,-4(r30)
  887  00001980  4be00000	jr	r31
  888  00001984  54000000	nop
  889  00001988          	.endproc _dstrncpy
  890  00001988          	.align 2
  891  00001988          	.proc _dstrcat
  892  00001988          	.global _dstrcat
  893  00001988          	_dstrcat:
  894                      ;  Function 'dstrcat'; 8 bytes of locals, 1 regs to save.
  895  00001988  afbefffc	sw	-4(r29),r30; push fp
  896  0000198c  001df020	add	r30,r0,r29; fp = sp
  897  00001990  afbffff8	sw	-8(r29),r31; push ret addr
  898  00001994  2fbd0018	subui	r29,r29,#24; alloc local storage
  899  00001998  afa20000	sw	0(r29),r2
  900  0000199c  8fc10000	lw	r1,(r30)
  901  000019a0  afc1fff4	sw	-12(r30),r1
  902  000019a4          	L21_LF2:
  903  000019a4  8fc10000	lw	r1,(r30)
  904  000019a8  90220000	lbu	r2,(r1)
  905  000019ac  64410000	snei	r1,r2,#0
  906  000019b0  1420000c	bnez	r1,L23_LF2
  907  000019b4  54000000	nop; delay slot nop
  908  000019b8  0800001c	j	L22_LF2
  909  000019bc  54000000	nop; delay slot nop
  910  000019c0          	L23_LF2:
  911  000019c0  8fc20000	lw	r2,(r30)
  912  000019c4  20410001	addi	r1,r2,#1
  913  000019c8  00011020	add	r2,r0,r1
  914  000019cc  afc20000	sw	(r30),r2
  915  000019d0  0bffffd0	j	L21_LF2
  916  000019d4  54000000	nop; delay slot nop
  917  000019d8          	L22_LF2:
  918  000019d8  23bdfff8	addi	r29,r29,#-8
  919  000019dc  001d0820	add	r1,r0,r29
  920  000019e0  8fc20000	lw	r2,(r30)
  921  000019e4  ac220000	sw	(r1),r2
  922  000019e8  8fc20004	lw	r2,4(r30)
  923  000019ec  ac220004	sw	4(r1),r2
  924  000019f0  0ffffe5c	jal	_dstrcpy
  925  000019f4  54000000	nop; delay slot nop
  926  000019f8  23bd0008	addi	r29,r29,#8
  927  000019fc  8fc1fff4	lw	r1,-12(r30)
  928  00001a00  08000004	j	L20_LF2
  929  00001a04  54000000	nop; delay slot nop
  930  00001a08          	L20_LF2:
  931  00001a08  8fa20000	lw	r2,0(r29)
  932  00001a0c  8fdffff8	lw	r31,-8(r30)
  933  00001a10  001ee820	add	r29,r0,r30
  934  00001a14  8fdefffc	lw	r30,-4(r30)
  935  00001a18  4be00000	jr	r31
  936  00001a1c  54000000	nop
  937  00001a20          	.endproc _dstrcat
  938  00001a20          	.align 2
  939  00001a20          	.proc _dstrncmp
  940  00001a20          	.global _dstrncmp
  941  00001a20          	_dstrncmp:
  942                      ;  Function 'dstrncmp'; 8 bytes of locals, 2 regs to save.
  943  00001a20  afbefffc	sw	-4(r29),r30; push fp
  944  00001a24  001df020	add	r30,r0,r29; fp = sp
  945  00001a28  afbffff8	sw	-8(r29),r31; push ret addr
  946  00001a2c  2fbd0018	subui	r29,r29,#24; alloc local storage
  947  00001a30  afa20000	sw	0(r29),r2
  948  00001a34  afa30004	sw	4(r29),r3
  949  00001a38  54000000	nop
  950  00001a3c  20010000	addi	r1,r0,#0
  951  00001a40  afc1fff4	sw	-12(r30),r1
  952  00001a44          	L25_LF2:
  953  00001a44  8fc1fff4	lw	r1,-12(r30)
  954  00001a48  8fc20008	lw	r2,8(r30)
  955  00001a4c  0022082a	slt	r1,r1,r2
  956  00001a50  1420000c	bnez	r1,L28_LF2
  957  00001a54  54000000	nop; delay slot nop
  958  00001a58  08000088	j	L26_LF2
  959  00001a5c  54000000	nop; delay slot nop
  960  00001a60          	L28_LF2:
  961  00001a60  8fc10004	lw	r1,4(r30)
  962  00001a64  90220000	lbu	r2,(r1)
  963  00001a68  64410000	snei	r1,r2,#0
  964  00001a6c  14200018	bnez	r1,L29_LF2
  965  00001a70  54000000	nop; delay slot nop
  966  00001a74  20010000	addi	r1,r0,#0
  967  00001a78  080000d8	j	L24_LF2
  968  00001a7c  54000000	nop; delay slot nop
  969  00001a80  08000028	j	L30_LF2
  970  00001a84  54000000	nop; delay slot nop
  971  00001a88          	L29_LF2:
  972  00001a88  8fc10000	lw	r1,(r30)
  973  00001a8c  8fc20004	lw	r2,4(r30)
  974  00001a90  90210000	lbu	r1,(r1)
  975  00001a94  90420000	lbu	r2,(r2)
  976  00001a98  00220829	sne	r1,r1,r2
  977  00001a9c  1020000c	beqz	r1,L30_LF2
  978  00001aa0  54000000	nop; delay slot nop
  979  00001aa4  0800003c	j	L26_LF2
  980  00001aa8  54000000	nop; delay slot nop
  981  00001aac          	L31_LF2:
  982  00001aac          	L30_LF2:
  983  00001aac  8fc20000	lw	r2,(r30)
  984  00001ab0  20410001	addi	r1,r2,#1
  985  00001ab4  00011020	add	r2,r0,r1
  986  00001ab8  afc20000	sw	(r30),r2
  987  00001abc  8fc20004	lw	r2,4(r30)
  988  00001ac0  20410001	addi	r1,r2,#1
  989  00001ac4  00011020	add	r2,r0,r1
  990  00001ac8  afc20004	sw	4(r30),r2
  991  00001acc          	L27_LF2:
  992  00001acc  8fc2fff4	lw	r2,-12(r30)
  993  00001ad0  20410001	addi	r1,r2,#1
  994  00001ad4  00011020	add	r2,r0,r1
  995  00001ad8  afc2fff4	sw	-12(r30),r2
  996  00001adc  0bffff64	j	L25_LF2
  997  00001ae0  54000000	nop; delay slot nop
  998  00001ae4          	L26_LF2:
  999  00001ae4  8fc1fff4	lw	r1,-12(r30)
 1000  00001ae8  8fc20008	lw	r2,8(r30)
 1001  00001aec  00220828	seq	r1,r1,r2
 1002  00001af0  10200018	beqz	r1,L32_LF2
 1003  00001af4  54000000	nop; delay slot nop
 1004  00001af8  20010000	addi	r1,r0,#0
 1005  00001afc  08000054	j	L24_LF2
 1006  00001b00  54000000	nop; delay slot nop
 1007  00001b04  0800004c	j	L33_LF2
 1008  00001b08  54000000	nop; delay slot nop
 1009  00001b0c          	L32_LF2:
 1010  00001b0c  8fc20000	lw	r2,(r30)
 1011  00001b10  90410000	lbu	r1,(r2)
 1012  00001b14  8fc20004	lw	r2,4(r30)
 1013  00001b18  90430000	lbu	r3,(r2)
 1014  00001b1c  00230822	sub	r1,r1,r3
 1015  00001b20  74220000	sgei	r2,r1,#0
 1016  00001b24  10400020	beqz	r2,L34_LF2
 1017  00001b28  54000000	nop; delay slot nop
 1018  00001b2c  8fc10000	lw	r1,(r30)
 1019  00001b30  8fc20004	lw	r2,4(r30)
 1020  00001b34  90210000	lbu	r1,(r1)
 1021  00001b38  90420000	lbu	r2,(r2)
 1022  00001b3c  00220829	sne	r1,r1,r2
 1023  00001b40  08000008	j	L35_LF2
 1024  00001b44  54000000	nop; delay slot nop
 1025  00001b48          	L34_LF2:
 1026  00001b48  2001ffff	addi	r1,r0,#-1
 1027  00001b4c          	L35_LF2:
 1028  00001b4c  08000004	j	L24_LF2
 1029  00001b50  54000000	nop; delay slot nop
 1030  00001b54          	L33_LF2:
 1031  00001b54          	L24_LF2:
 1032  00001b54  8fa20000	lw	r2,0(r29)
 1033  00001b58  8fa30004	lw	r3,4(r29)
 1034  00001b5c  8fdffff8	lw	r31,-8(r30)
 1035  00001b60  001ee820	add	r29,r0,r30
 1036  00001b64  8fdefffc	lw	r30,-4(r30)
 1037  00001b68  4be00000	jr	r31
 1038  00001b6c  54000000	nop
 1039  00001b70          	.endproc _dstrncmp
 1040  00001b70          	.align 2
 1041  00001b70          	.proc _dstrlen
 1042  00001b70          	.global _dstrlen
 1043  00001b70          	_dstrlen:
 1044                      ;  Function 'dstrlen'; 8 bytes of locals, 1 regs to save.
 1045  00001b70  afbefffc	sw	-4(r29),r30; push fp
 1046  00001b74  001df020	add	r30,r0,r29; fp = sp
 1047  00001b78  afbffff8	sw	-8(r29),r31; push ret addr
 1048  00001b7c  2fbd0018	subui	r29,r29,#24; alloc local storage
 1049  00001b80  afa20000	sw	0(r29),r2
 1050  00001b84  20010000	addi	r1,r0,#0
 1051  00001b88  afc1fff4	sw	-12(r30),r1
 1052  00001b8c          	L37_LF2:
 1053  00001b8c  8fc10000	lw	r1,(r30)
 1054  00001b90  20220001	addi	r2,r1,#1
 1055  00001b94  afc20000	sw	(r30),r2
 1056  00001b98  90210000	lbu	r1,(r1)
 1057  00001b9c  64220000	snei	r2,r1,#0
 1058  00001ba0  1440000c	bnez	r2,L39_LF2
 1059  00001ba4  54000000	nop; delay slot nop
 1060  00001ba8  0800001c	j	L38_LF2
 1061  00001bac  54000000	nop; delay slot nop
 1062  00001bb0          	L39_LF2:
 1063  00001bb0  8fc2fff4	lw	r2,-12(r30)
 1064  00001bb4  20410001	addi	r1,r2,#1
 1065  00001bb8  00011020	add	r2,r0,r1
 1066  00001bbc  afc2fff4	sw	-12(r30),r2
 1067  00001bc0  0bffffc8	j	L37_LF2
 1068  00001bc4  54000000	nop; delay slot nop
 1069  00001bc8          	L38_LF2:
 1070  00001bc8  8fc1fff4	lw	r1,-12(r30)
 1071  00001bcc  08000004	j	L36_LF2
 1072  00001bd0  54000000	nop; delay slot nop
 1073  00001bd4          	L36_LF2:
 1074  00001bd4  8fa20000	lw	r2,0(r29)
 1075  00001bd8  8fdffff8	lw	r31,-8(r30)
 1076  00001bdc  001ee820	add	r29,r0,r30
 1077  00001be0  8fdefffc	lw	r30,-4(r30)
 1078  00001be4  4be00000	jr	r31
 1079  00001be8  54000000	nop
 1080  00001bec          	.endproc _dstrlen
 1081  00001bec          	.align 2
 1082  00001bec          	.proc _dstrstr
 1083  00001bec          	.global _dstrstr
 1084  00001bec          	_dstrstr:
 1085                      ;  Function 'dstrstr'; 8 bytes of locals, 1 regs to save.
 1086  00001bec  afbefffc	sw	-4(r29),r30; push fp
 1087  00001bf0  001df020	add	r30,r0,r29; fp = sp
 1088  00001bf4  afbffff8	sw	-8(r29),r31; push ret addr
 1089  00001bf8  2fbd0018	subui	r29,r29,#24; alloc local storage
 1090  00001bfc  afa20000	sw	0(r29),r2
 1091  00001c00  23bdfff8	addi	r29,r29,#-8
 1092  00001c04  001d0820	add	r1,r0,r29
 1093  00001c08  8fc20004	lw	r2,4(r30)
 1094  00001c0c  ac220000	sw	(r1),r2
 1095  00001c10  0fffff5c	jal	_dstrlen
 1096  00001c14  54000000	nop; delay slot nop
 1097  00001c18  23bd0008	addi	r29,r29,#8
 1098  00001c1c  afc1fff4	sw	-12(r30),r1
 1099  00001c20          	L41_LF2:
 1100  00001c20  8fc10000	lw	r1,(r30)
 1101  00001c24  90220000	lbu	r2,(r1)
 1102  00001c28  64410000	snei	r1,r2,#0
 1103  00001c2c  1420000c	bnez	r1,L43_LF2
 1104  00001c30  54000000	nop; delay slot nop
 1105  00001c34  08000060	j	L42_LF2
 1106  00001c38  54000000	nop; delay slot nop
 1107  00001c3c          	L43_LF2:
 1108  00001c3c  23bdfff0	addi	r29,r29,#-16
 1109  00001c40  001d0820	add	r1,r0,r29
 1110  00001c44  8fc20000	lw	r2,(r30)
 1111  00001c48  ac220000	sw	(r1),r2
 1112  00001c4c  8fc20004	lw	r2,4(r30)
 1113  00001c50  ac220004	sw	4(r1),r2
 1114  00001c54  8fc2fff4	lw	r2,-12(r30)
 1115  00001c58  ac220008	sw	8(r1),r2
 1116  00001c5c  0ffffdc0	jal	_dstrncmp
 1117  00001c60  54000000	nop; delay slot nop
 1118  00001c64  23bd0010	addi	r29,r29,#16
 1119  00001c68  64220000	snei	r2,r1,#0
 1120  00001c6c  14400010	bnez	r2,L44_LF2
 1121  00001c70  54000000	nop; delay slot nop
 1122  00001c74  8fc10000	lw	r1,(r30)
 1123  00001c78  08000028	j	L40_LF2
 1124  00001c7c  54000000	nop; delay slot nop
 1125  00001c80          	L44_LF2:
 1126  00001c80  8fc20000	lw	r2,(r30)
 1127  00001c84  20410001	addi	r1,r2,#1
 1128  00001c88  00011020	add	r2,r0,r1
 1129  00001c8c  afc20000	sw	(r30),r2
 1130  00001c90  0bffff8c	j	L41_LF2
 1131  00001c94  54000000	nop; delay slot nop
 1132  00001c98          	L42_LF2:
 1133  00001c98  20010000	addi	r1,r0,#0
 1134  00001c9c  08000004	j	L40_LF2
 1135  00001ca0  54000000	nop; delay slot nop
 1136  00001ca4          	L40_LF2:
 1137  00001ca4  8fa20000	lw	r2,0(r29)
 1138  00001ca8  8fdffff8	lw	r31,-8(r30)
 1139  00001cac  001ee820	add	r29,r0,r30
 1140  00001cb0  8fdefffc	lw	r30,-4(r30)
 1141  00001cb4  4be00000	jr	r31
 1142  00001cb8  54000000	nop
 1143  00001cbc          	.endproc _dstrstr
 1144  00001cbc          	.align 2
 1145  00001cbc          	.proc _dmindex
 1146  00001cbc          	.global _dmindex
 1147  00001cbc          	_dmindex:
 1148                      ;  Function 'dmindex'; 8 bytes of locals, 1 regs to save.
 1149  00001cbc  afbefffc	sw	-4(r29),r30; push fp
 1150  00001cc0  001df020	add	r30,r0,r29; fp = sp
 1151  00001cc4  afbffff8	sw	-8(r29),r31; push ret addr
 1152  00001cc8  2fbd0018	subui	r29,r29,#24; alloc local storage
 1153  00001ccc  afa20000	sw	0(r29),r2
 1154  00001cd0  54000000	nop
 1155  00001cd4          	L46_LF2:
 1156  00001cd4  8fc10000	lw	r1,(r30)
 1157  00001cd8  90220000	lbu	r2,(r1)
 1158  00001cdc  64410000	snei	r1,r2,#0
 1159  00001ce0  1420000c	bnez	r1,L48_LF2
 1160  00001ce4  54000000	nop; delay slot nop
 1161  00001ce8  08000070	j	L47_LF2
 1162  00001cec  54000000	nop; delay slot nop
 1163  00001cf0          	L48_LF2:
 1164  00001cf0  8fc10004	lw	r1,4(r30)
 1165  00001cf4  afc1fff4	sw	-12(r30),r1
 1166  00001cf8          	L49_LF2:
 1167  00001cf8  8fc1fff4	lw	r1,-12(r30)
 1168  00001cfc  90220000	lbu	r2,(r1)
 1169  00001d00  64410000	snei	r1,r2,#0
 1170  00001d04  1420000c	bnez	r1,L52_LF2
 1171  00001d08  54000000	nop; delay slot nop
 1172  00001d0c  08000044	j	L50_LF2
 1173  00001d10  54000000	nop; delay slot nop
 1174  00001d14          	L52_LF2:
 1175  00001d14  8fc10000	lw	r1,(r30)
 1176  00001d18  8fc2fff4	lw	r2,-12(r30)
 1177  00001d1c  90210000	lbu	r1,(r1)
 1178  00001d20  90420000	lbu	r2,(r2)
 1179  00001d24  00220828	seq	r1,r1,r2
 1180  00001d28  10200010	beqz	r1,L51_LF2
 1181  00001d2c  54000000	nop; delay slot nop
 1182  00001d30  8fc10000	lw	r1,(r30)
 1183  00001d34  08000030	j	L45_LF2
 1184  00001d38  54000000	nop; delay slot nop
 1185  00001d3c          	L53_LF2:
 1186  00001d3c          	L51_LF2:
 1187  00001d3c  8fc2fff4	lw	r2,-12(r30)
 1188  00001d40  20410001	addi	r1,r2,#1
 1189  00001d44  00011020	add	r2,r0,r1
 1190  00001d48  afc2fff4	sw	-12(r30),r2
 1191  00001d4c  0bffffa8	j	L49_LF2
 1192  00001d50  54000000	nop; delay slot nop
 1193  00001d54          	L50_LF2:
 1194  00001d54  0bffff7c	j	L46_LF2
 1195  00001d58  54000000	nop; delay slot nop
 1196  00001d5c          	L47_LF2:
 1197  00001d5c  20010000	addi	r1,r0,#0
 1198  00001d60  08000004	j	L45_LF2
 1199  00001d64  54000000	nop; delay slot nop
 1200  00001d68          	L45_LF2:
 1201  00001d68  8fa20000	lw	r2,0(r29)
 1202  00001d6c  8fdffff8	lw	r31,-8(r30)
 1203  00001d70  001ee820	add	r29,r0,r30
 1204  00001d74  8fdefffc	lw	r30,-4(r30)
 1205  00001d78  4be00000	jr	r31
 1206  00001d7c  54000000	nop
 1207  00001d80          	.endproc _dmindex
 1208  00001d80          	.align 2
 1209  00001d80          	.proc _dindex
 1210  00001d80          	.global _dindex
 1211  00001d80          	_dindex:
 1212                      ;  Function 'dindex'; 0 bytes of locals, 1 regs to save.
 1213  00001d80  afbefffc	sw	-4(r29),r30; push fp
 1214  00001d84  001df020	add	r30,r0,r29; fp = sp
 1215  00001d88  afbffff8	sw	-8(r29),r31; push ret addr
 1216  00001d8c  2fbd0010	subui	r29,r29,#16; alloc local storage
 1217  00001d90  afa20000	sw	0(r29),r2
 1218  00001d94  54000000	nop
 1219  00001d98          	L55_LF2:
 1220  00001d98  8fc10000	lw	r1,(r30)
 1221  00001d9c  90220000	lbu	r2,(r1)
 1222  00001da0  64410000	snei	r1,r2,#0
 1223  00001da4  1420000c	bnez	r1,L57_LF2
 1224  00001da8  54000000	nop; delay slot nop
 1225  00001dac  08000040	j	L56_LF2
 1226  00001db0  54000000	nop; delay slot nop
 1227  00001db4          	L57_LF2:
 1228  00001db4  8fc10000	lw	r1,(r30)
 1229  00001db8  90220000	lbu	r2,(r1)
 1230  00001dbc  8fc10004	lw	r1,4(r30)
 1231  00001dc0  00411028	seq	r2,r2,r1
 1232  00001dc4  10400010	beqz	r2,L58_LF2
 1233  00001dc8  54000000	nop; delay slot nop
 1234  00001dcc  8fc10000	lw	r1,(r30)
 1235  00001dd0  08000028	j	L54_LF2
 1236  00001dd4  54000000	nop; delay slot nop
 1237  00001dd8          	L58_LF2:
 1238  00001dd8  8fc20000	lw	r2,(r30)
 1239  00001ddc  20410001	addi	r1,r2,#1
 1240  00001de0  00011020	add	r2,r0,r1
 1241  00001de4  afc20000	sw	(r30),r2
 1242  00001de8  0bffffac	j	L55_LF2
 1243  00001dec  54000000	nop; delay slot nop
 1244  00001df0          	L56_LF2:
 1245  00001df0  20010000	addi	r1,r0,#0
 1246  00001df4  08000004	j	L54_LF2
 1247  00001df8  54000000	nop; delay slot nop
 1248  00001dfc          	L54_LF2:
 1249  00001dfc  8fa20000	lw	r2,0(r29)
 1250  00001e00  8fdffff8	lw	r31,-8(r30)
 1251  00001e04  001ee820	add	r29,r0,r30
 1252  00001e08  8fdefffc	lw	r30,-4(r30)
 1253  00001e0c  4be00000	jr	r31
 1254  00001e10  54000000	nop
 1255  00001e14          	.endproc _dindex
 1256  00001e14          	.align 2
 1257  00001e14          	.proc _ditoa
 1258  00001e14          	.global _ditoa
 1259  00001e14          	_ditoa:
 1260                      ;  Function 'ditoa'; 8 bytes of locals, 2 regs to save.
 1261  00001e14  afbefffc	sw	-4(r29),r30; push fp
 1262  00001e18  001df020	add	r30,r0,r29; fp = sp
 1263  00001e1c  afbffff8	sw	-8(r29),r31; push ret addr
 1264  00001e20  2fbd0018	subui	r29,r29,#24; alloc local storage
 1265  00001e24  afa20000	sw	0(r29),r2
 1266  00001e28  afa30004	sw	4(r29),r3
 1267  00001e2c  8fc10000	lw	r1,(r30)
 1268  00001e30  68220000	slti	r2,r1,#0
 1269  00001e34  1040002c	beqz	r2,L60_LF2
 1270  00001e38  54000000	nop; delay slot nop
 1271  00001e3c  8fc10004	lw	r1,4(r30)
 1272  00001e40  20220001	addi	r2,r1,#1
 1273  00001e44  afc20004	sw	4(r30),r2
 1274  00001e48  2002002d	addi	r2,r0,(#0x2d)&0xff
 1275  00001e4c  a0220000	sb	(r1),r2
 1276  00001e50  8fc10000	lw	r1,(r30)
 1277  00001e54  00011022	sub	r2,r0,r1
 1278  00001e58  afc20000	sw	(r30),r2
 1279  00001e5c  08000118	j	L61_LF2
 1280  00001e60  54000000	nop; delay slot nop
 1281  00001e64          	L60_LF2:
 1282  00001e64  8fc10000	lw	r1,(r30)
 1283  00001e68  64220000	snei	r2,r1,#0
 1284  00001e6c  14400020	bnez	r2,L62_LF2
 1285  00001e70  54000000	nop; delay slot nop
 1286  00001e74  8fc10004	lw	r1,4(r30)
 1287  00001e78  20220001	addi	r2,r1,#1
 1288  00001e7c  afc20004	sw	4(r30),r2
 1289  00001e80  20020030	addi	r2,r0,(#0x30)&0xff
 1290  00001e84  a0220000	sb	(r1),r2
 1291  00001e88  080000ec	j	L61_LF2
 1292  00001e8c  54000000	nop; delay slot nop
 1293  00001e90          	L62_LF2:
 1294  00001e90  20010001	addi	r1,r0,#1
 1295  00001e94  afc1fff4	sw	-12(r30),r1
 1296  00001e98          	L64_LF2:
 1297  00001e98  8fc1fff4	lw	r1,-12(r30)
 1298  00001e9c  8fc20000	lw	r2,(r30)
 1299  00001ea0  0022082c	sle	r1,r1,r2
 1300  00001ea4  1420000c	bnez	r1,L66_LF2
 1301  00001ea8  54000000	nop; delay slot nop
 1302  00001eac  08000024	j	L65_LF2
 1303  00001eb0  54000000	nop; delay slot nop
 1304  00001eb4          	L67_LF2:
 1305  00001eb4          	L66_LF2:
 1306  00001eb4  8fc1fff4	lw	r1,-12(r30)
 1307  00001eb8  00011820	add	r3,r0,r1
 1308  00001ebc  50620002	slli	r2,r3,#0x2
 1309  00001ec0  00411020	add	r2,r2,r1
 1310  00001ec4  50410001	slli	r1,r2,#0x1
 1311  00001ec8  afc1fff4	sw	-12(r30),r1
 1312  00001ecc  0bffffc8	j	L64_LF2
 1313  00001ed0  54000000	nop; delay slot nop
 1314  00001ed4          	L65_LF2:
 1315  00001ed4  54000000	nop
 1316  00001ed8          	L68_LF2:
 1317  00001ed8  8fc1fff4	lw	r1,-12(r30)
 1318  00001edc  2002000a	addi	r2,r0,#10
 1319  00001ee0  00200035	movi2fp	f0,r1
 1320  00001ee4  00400835	movi2fp	f1,r2
 1321  00001ee8  0401000f	div	f0,f0,f1
 1322  00001eec  00000834	movfp2i	r1,f0
 1323  00001ef0  afc1fff4	sw	-12(r30),r1
 1324  00001ef4  8fc10004	lw	r1,4(r30)
 1325  00001ef8  20220001	addi	r2,r1,#1
 1326  00001efc  afc20004	sw	4(r30),r2
 1327  00001f00  8fc20000	lw	r2,(r30)
 1328  00001f04  8fc3fff4	lw	r3,-12(r30)
 1329  00001f08  00400035	movi2fp	f0,r2
 1330  00001f0c  00600835	movi2fp	f1,r3
 1331  00001f10  0401000f	div	f0,f0,f1
 1332  00001f14  00001034	movfp2i	r2,f0
 1333  00001f18  00021820	add	r3,r0,r2
 1334  00001f1c  20620030	addi	r2,r3,#48
 1335  00001f20  a0220000	sb	(r1),r2
 1336  00001f24  8fc10000	lw	r1,(r30)
 1337  00001f28  8fc3fff4	lw	r3,-12(r30)
 1338  00001f2c  00200035	movi2fp	f0,r1
 1339  00001f30  00600835	movi2fp	f1,r3
 1340  00001f34  0401000f	div	f0,f0,f1
 1341  00001f38  00001034	movfp2i	r2,f0
 1342  00001f3c  8fc3fff4	lw	r3,-12(r30)
 1343  00001f40  00400035	movi2fp	f0,r2
 1344  00001f44  00600835	movi2fp	f1,r3
 1345  00001f48  0401000e	mult	f0,f0,f1
 1346  00001f4c  00001034	movfp2i	r2,f0
 1347  00001f50  00220822	sub	r1,r1,r2
 1348  00001f54  afc10000	sw	(r30),r1
 1349  00001f58          	L70_LF2:
 1350  00001f58  8fc1fff4	lw	r1,-12(r30)
 1351  00001f5c  6c220001	sgti	r2,r1,#1
 1352  00001f60  1440000c	bnez	r2,L71_LF2
 1353  00001f64  54000000	nop; delay slot nop
 1354  00001f68  0800000c	j	L61_LF2
 1355  00001f6c  54000000	nop; delay slot nop
 1356  00001f70          	L71_LF2:
 1357  00001f70  0bffff64	j	L68_LF2
 1358  00001f74  54000000	nop; delay slot nop
 1359  00001f78          	L69_LF2:
 1360  00001f78          	L63_LF2:
 1361  00001f78          	L61_LF2:
 1362  00001f78  8fc10004	lw	r1,4(r30)
 1363  00001f7c  20020000	addi	r2,r0,(#0x0)&0xff
 1364  00001f80  a0220000	sb	(r1),r2
 1365  00001f84          	L59_LF2:
 1366  00001f84  8fa20000	lw	r2,0(r29)
 1367  00001f88  8fa30004	lw	r3,4(r29)
 1368  00001f8c  8fdffff8	lw	r31,-8(r30)
 1369  00001f90  001ee820	add	r29,r0,r30
 1370  00001f94  8fdefffc	lw	r30,-4(r30)
 1371  00001f98  4be00000	jr	r31
 1372  00001f9c  54000000	nop
 1373  00001fa0          	.endproc _ditoa
 1374  00001fa0          	.align 2
 1375  00001fa0          	.proc _dstrtol
 1376  00001fa0          	.global _dstrtol
 1377  00001fa0          	_dstrtol:
 1378                      ;  Function 'dstrtol'; 16 bytes of locals, 1 regs to save.
 1379  00001fa0  afbefffc	sw	-4(r29),r30; push fp
 1380  00001fa4  001df020	add	r30,r0,r29; fp = sp
 1381  00001fa8  afbffff8	sw	-8(r29),r31; push ret addr
 1382  00001fac  2fbd0020	subui	r29,r29,#32; alloc local storage
 1383  00001fb0  afa20000	sw	0(r29),r2
 1384  00001fb4  20010000	addi	r1,r0,#0
 1385  00001fb8  afc1fff4	sw	-12(r30),r1
 1386  00001fbc          	L73_LF2:
 1387  00001fbc  8fc10000	lw	r1,(r30)
 1388  00001fc0  90220000	lbu	r2,(r1)
 1389  00001fc4  60410020	seqi	r1,r2,#32
 1390  00001fc8  14200034	bnez	r1,L75_LF2
 1391  00001fcc  54000000	nop; delay slot nop
 1392  00001fd0  8fc10000	lw	r1,(r30)
 1393  00001fd4  90220000	lbu	r2,(r1)
 1394  00001fd8  60410009	seqi	r1,r2,#9
 1395  00001fdc  14200020	bnez	r1,L75_LF2
 1396  00001fe0  54000000	nop; delay slot nop
 1397  00001fe4  8fc10000	lw	r1,(r30)
 1398  00001fe8  90220000	lbu	r2,(r1)
 1399  00001fec  6041000a	seqi	r1,r2,#10
 1400  00001ff0  1420000c	bnez	r1,L75_LF2
 1401  00001ff4  54000000	nop; delay slot nop
 1402  00001ff8  0800001c	j	L74_LF2
 1403  00001ffc  54000000	nop; delay slot nop
 1404  00002000          	L75_LF2:
 1405  00002000  8fc20000	lw	r2,(r30)
 1406  00002004  20410001	addi	r1,r2,#1
 1407  00002008  00011020	add	r2,r0,r1
 1408  0000200c  afc20000	sw	(r30),r2
 1409  00002010  0bffffa8	j	L73_LF2
 1410  00002014  54000000	nop; delay slot nop
 1411  00002018          	L74_LF2:
 1412  00002018  8fc10004	lw	r1,4(r30)
 1413  0000201c  64220000	snei	r2,r1,#0
 1414  00002020  10400010	beqz	r2,L76_LF2
 1415  00002024  54000000	nop; delay slot nop
 1416  00002028  8fc10004	lw	r1,4(r30)
 1417  0000202c  8fc20000	lw	r2,(r30)
 1418  00002030  ac220000	sw	(r1),r2
 1419  00002034          	L76_LF2:
 1420  00002034  8fc10000	lw	r1,(r30)
 1421  00002038  90220000	lbu	r2,(r1)
 1422  0000203c  64410000	snei	r1,r2,#0
 1423  00002040  14200010	bnez	r1,L77_LF2
 1424  00002044  54000000	nop; delay slot nop
 1425  00002048  8fc1fff4	lw	r1,-12(r30)
 1426  0000204c  08000294	j	L72_LF2
 1427  00002050  54000000	nop; delay slot nop
 1428  00002054          	L77_LF2:
 1429  00002054  8fc10000	lw	r1,(r30)
 1430  00002058  90220000	lbu	r2,(r1)
 1431  0000205c  6041002d	seqi	r1,r2,#45
 1432  00002060  10200024	beqz	r1,L78_LF2
 1433  00002064  54000000	nop; delay slot nop
 1434  00002068  2001ffff	addi	r1,r0,#-1
 1435  0000206c  afc1ffec	sw	-20(r30),r1
 1436  00002070  8fc20000	lw	r2,(r30)
 1437  00002074  20410001	addi	r1,r2,#1
 1438  00002078  00011020	add	r2,r0,r1
 1439  0000207c  afc20000	sw	(r30),r2
 1440  00002080  0800000c	j	L79_LF2
 1441  00002084  54000000	nop; delay slot nop
 1442  00002088          	L78_LF2:
 1443  00002088  20010001	addi	r1,r0,#1
 1444  0000208c  afc1ffec	sw	-20(r30),r1
 1445  00002090          	L79_LF2:
 1446  00002090  8fc10008	lw	r1,8(r30)
 1447  00002094  64220000	snei	r2,r1,#0
 1448  00002098  14400090	bnez	r2,L80_LF2
 1449  0000209c  54000000	nop; delay slot nop
 1450  000020a0  8fc10000	lw	r1,(r30)
 1451  000020a4  90220000	lbu	r2,(r1)
 1452  000020a8  60410030	seqi	r1,r2,#48
 1453  000020ac  10200074	beqz	r1,L81_LF2
 1454  000020b0  54000000	nop; delay slot nop
 1455  000020b4  8fc20000	lw	r2,(r30)
 1456  000020b8  20410001	addi	r1,r2,#1
 1457  000020bc  00011020	add	r2,r0,r1
 1458  000020c0  afc20000	sw	(r30),r2
 1459  000020c4  8fc10000	lw	r1,(r30)
 1460  000020c8  90220000	lbu	r2,(r1)
 1461  000020cc  60410078	seqi	r1,r2,#120
 1462  000020d0  14200020	bnez	r1,L83_LF2
 1463  000020d4  54000000	nop; delay slot nop
 1464  000020d8  8fc10000	lw	r1,(r30)
 1465  000020dc  90220000	lbu	r2,(r1)
 1466  000020e0  60410058	seqi	r1,r2,#88
 1467  000020e4  1420000c	bnez	r1,L83_LF2
 1468  000020e8  54000000	nop; delay slot nop
 1469  000020ec  08000024	j	L82_LF2
 1470  000020f0  54000000	nop; delay slot nop
 1471  000020f4          	L83_LF2:
 1472  000020f4  20010010	addi	r1,r0,#16
 1473  000020f8  afc10008	sw	8(r30),r1
 1474  000020fc  8fc20000	lw	r2,(r30)
 1475  00002100  20410001	addi	r1,r2,#1
 1476  00002104  00011020	add	r2,r0,r1
 1477  00002108  afc20000	sw	(r30),r2
 1478  0000210c  0800000c	j	L84_LF2
 1479  00002110  54000000	nop; delay slot nop
 1480  00002114          	L82_LF2:
 1481  00002114  20010008	addi	r1,r0,#8
 1482  00002118  afc10008	sw	8(r30),r1
 1483  0000211c          	L84_LF2:
 1484  0000211c  0800000c	j	L80_LF2
 1485  00002120  54000000	nop; delay slot nop
 1486  00002124          	L81_LF2:
 1487  00002124  2001000a	addi	r1,r0,#10
 1488  00002128  afc10008	sw	8(r30),r1
 1489  0000212c          	L85_LF2:
 1490  0000212c          	L80_LF2:
 1491  0000212c  8fc10008	lw	r1,8(r30)
 1492  00002130  70220000	slei	r2,r1,#0
 1493  00002134  1440001c	bnez	r2,L87_LF2
 1494  00002138  54000000	nop; delay slot nop
 1495  0000213c  8fc10008	lw	r1,8(r30)
 1496  00002140  6c220010	sgti	r2,r1,#16
 1497  00002144  1440000c	bnez	r2,L87_LF2
 1498  00002148  54000000	nop; delay slot nop
 1499  0000214c  08000010	j	L86_LF2
 1500  00002150  54000000	nop; delay slot nop
 1501  00002154          	L87_LF2:
 1502  00002154  8fc1fff4	lw	r1,-12(r30)
 1503  00002158  08000188	j	L72_LF2
 1504  0000215c  54000000	nop; delay slot nop
 1505  00002160          	L86_LF2:
 1506  00002160  54000000	nop
 1507  00002164          	L88_LF2:
 1508  00002164  8fc10000	lw	r1,(r30)
 1509  00002168  90220000	lbu	r2,(r1)
 1510  0000216c  6c41002f	sgtui	r1,r2,#47
 1511  00002170  10200030	beqz	r1,L91_LF2
 1512  00002174  54000000	nop; delay slot nop
 1513  00002178  8fc10000	lw	r1,(r30)
 1514  0000217c  90220000	lbu	r2,(r1)
 1515  00002180  70410039	sleui	r1,r2,#57
 1516  00002184  1020001c	beqz	r1,L91_LF2
 1517  00002188  54000000	nop; delay slot nop
 1518  0000218c  8fc10000	lw	r1,(r30)
 1519  00002190  90220000	lbu	r2,(r1)
 1520  00002194  2041ffd0	addi	r1,r2,#-48
 1521  00002198  afc1fff0	sw	-16(r30),r1
 1522  0000219c  0800008c	j	L92_LF2
 1523  000021a0  54000000	nop; delay slot nop
 1524  000021a4          	L91_LF2:
 1525  000021a4  8fc10000	lw	r1,(r30)
 1526  000021a8  90220000	lbu	r2,(r1)
 1527  000021ac  6c410060	sgtui	r1,r2,#96
 1528  000021b0  10200030	beqz	r1,L93_LF2
 1529  000021b4  54000000	nop; delay slot nop
 1530  000021b8  8fc10000	lw	r1,(r30)
 1531  000021bc  90220000	lbu	r2,(r1)
 1532  000021c0  7041007a	sleui	r1,r2,#122
 1533  000021c4  1020001c	beqz	r1,L93_LF2
 1534  000021c8  54000000	nop; delay slot nop
 1535  000021cc  8fc10000	lw	r1,(r30)
 1536  000021d0  90220000	lbu	r2,(r1)
 1537  000021d4  2041ffa9	addi	r1,r2,#-87
 1538  000021d8  afc1fff0	sw	-16(r30),r1
 1539  000021dc  0800004c	j	L92_LF2
 1540  000021e0  54000000	nop; delay slot nop
 1541  000021e4          	L93_LF2:
 1542  000021e4  8fc10000	lw	r1,(r30)
 1543  000021e8  90220000	lbu	r2,(r1)
 1544  000021ec  6c410040	sgtui	r1,r2,#64
 1545  000021f0  10200030	beqz	r1,L95_LF2
 1546  000021f4  54000000	nop; delay slot nop
 1547  000021f8  8fc10000	lw	r1,(r30)
 1548  000021fc  90220000	lbu	r2,(r1)
 1549  00002200  7041005a	sleui	r1,r2,#90
 1550  00002204  1020001c	beqz	r1,L95_LF2
 1551  00002208  54000000	nop; delay slot nop
 1552  0000220c  8fc10000	lw	r1,(r30)
 1553  00002210  90220000	lbu	r2,(r1)
 1554  00002214  2041ffc9	addi	r1,r2,#-55
 1555  00002218  afc1fff0	sw	-16(r30),r1
 1556  0000221c  0800000c	j	L92_LF2
 1557  00002220  54000000	nop; delay slot nop
 1558  00002224          	L95_LF2:
 1559  00002224  200103e8	addi	r1,r0,#1000
 1560  00002228  afc1fff0	sw	-16(r30),r1
 1561  0000222c          	L96_LF2:
 1562  0000222c          	L94_LF2:
 1563  0000222c          	L92_LF2:
 1564  0000222c  8fc1fff0	lw	r1,-16(r30)
 1565  00002230  8fc20008	lw	r2,8(r30)
 1566  00002234  0022082a	slt	r1,r1,r2
 1567  00002238  10200040	beqz	r1,L90_LF2
 1568  0000223c  54000000	nop; delay slot nop
 1569  00002240  8fc1fff4	lw	r1,-12(r30)
 1570  00002244  8fc20008	lw	r2,8(r30)
 1571  00002248  00200035	movi2fp	f0,r1
 1572  0000224c  00400835	movi2fp	f1,r2
 1573  00002250  0401000e	mult	f0,f0,f1
 1574  00002254  00000834	movfp2i	r1,f0
 1575  00002258  afc1fff4	sw	-12(r30),r1
 1576  0000225c  8fc1fff4	lw	r1,-12(r30)
 1577  00002260  8fc2fff0	lw	r2,-16(r30)
 1578  00002264  00220820	add	r1,r1,r2
 1579  00002268  afc1fff4	sw	-12(r30),r1
 1580  0000226c  8fc20000	lw	r2,(r30)
 1581  00002270  20410001	addi	r1,r2,#1
 1582  00002274  00011020	add	r2,r0,r1
 1583  00002278  afc20000	sw	(r30),r2
 1584  0000227c          	L97_LF2:
 1585  0000227c          	L90_LF2:
 1586  0000227c  8fc1fff0	lw	r1,-16(r30)
 1587  00002280  8fc20008	lw	r2,8(r30)
 1588  00002284  0022082a	slt	r1,r1,r2
 1589  00002288  1420000c	bnez	r1,L98_LF2
 1590  0000228c  54000000	nop; delay slot nop
 1591  00002290  0800000c	j	L89_LF2
 1592  00002294  54000000	nop; delay slot nop
 1593  00002298          	L98_LF2:
 1594  00002298  0bfffec8	j	L88_LF2
 1595  0000229c  54000000	nop; delay slot nop
 1596  000022a0          	L89_LF2:
 1597  000022a0  8fc10004	lw	r1,4(r30)
 1598  000022a4  64220000	snei	r2,r1,#0
 1599  000022a8  10400010	beqz	r2,L99_LF2
 1600  000022ac  54000000	nop; delay slot nop
 1601  000022b0  8fc10004	lw	r1,4(r30)
 1602  000022b4  8fc20000	lw	r2,(r30)
 1603  000022b8  ac220000	sw	(r1),r2
 1604  000022bc          	L99_LF2:
 1605  000022bc  8fc1fff4	lw	r1,-12(r30)
 1606  000022c0  8fc2ffec	lw	r2,-20(r30)
 1607  000022c4  00200035	movi2fp	f0,r1
 1608  000022c8  00400835	movi2fp	f1,r2
 1609  000022cc  0401000e	mult	f0,f0,f1
 1610  000022d0  00000834	movfp2i	r1,f0
 1611  000022d4  afc1fff4	sw	-12(r30),r1
 1612  000022d8  8fc1fff4	lw	r1,-12(r30)
 1613  000022dc  08000004	j	L72_LF2
 1614  000022e0  54000000	nop; delay slot nop
 1615  000022e4          	L72_LF2:
 1616  000022e4  8fa20000	lw	r2,0(r29)
 1617  000022e8  8fdffff8	lw	r31,-8(r30)
 1618  000022ec  001ee820	add	r29,r0,r30
 1619  000022f0  8fdefffc	lw	r30,-4(r30)
 1620  000022f4  4be00000	jr	r31
 1621  000022f8  54000000	nop
 1622  000022fc          	.endproc _dstrtol
 1623  000022fc          	.align 2
 1624  000022fc          	.proc _bcopy
 1625  000022fc          	.global _bcopy
 1626  000022fc          	_bcopy:
 1627                      ;  Function 'bcopy'; 0 bytes of locals, 2 regs to save.
 1628  000022fc  afbefffc	sw	-4(r29),r30; push fp
 1629  00002300  001df020	add	r30,r0,r29; fp = sp
 1630  00002304  afbffff8	sw	-8(r29),r31; push ret addr
 1631  00002308  2fbd0010	subui	r29,r29,#16; alloc local storage
 1632  0000230c  afa20000	sw	0(r29),r2
 1633  00002310  afa30004	sw	4(r29),r3
 1634  00002314  54000000	nop
 1635  00002318          	L101_LF2:
 1636  00002318  8fc10008	lw	r1,8(r30)
 1637  0000231c  2022ffff	addi	r2,r1,#-1
 1638  00002320  afc20008	sw	8(r30),r2
 1639  00002324  6c210000	sgti	r1,r1,#0
 1640  00002328  1420000c	bnez	r1,L103_LF2
 1641  0000232c  54000000	nop; delay slot nop
 1642  00002330  0800002c	j	L102_LF2
 1643  00002334  54000000	nop; delay slot nop
 1644  00002338          	L103_LF2:
 1645  00002338  8fc10004	lw	r1,4(r30)
 1646  0000233c  20220001	addi	r2,r1,#1
 1647  00002340  afc20004	sw	4(r30),r2
 1648  00002344  8fc20000	lw	r2,(r30)
 1649  00002348  20430001	addi	r3,r2,#1
 1650  0000234c  afc30000	sw	(r30),r3
 1651  00002350  80420000	lb	r2,(r2)
 1652  00002354  a0220000	sb	(r1),r2
 1653  00002358  0bffffbc	j	L101_LF2
 1654  0000235c  54000000	nop; delay slot nop
 1655  00002360          	L102_LF2:
 1656  00002360          	L100_LF2:
 1657  00002360  8fa20000	lw	r2,0(r29)
 1658  00002364  8fa30004	lw	r3,4(r29)
 1659  00002368  8fdffff8	lw	r31,-8(r30)
 1660  0000236c  001ee820	add	r29,r0,r30
 1661  00002370  8fdefffc	lw	r30,-4(r30)
 1662  00002374  4be00000	jr	r31
 1663  00002378  54000000	nop
 1664  0000237c          	.endproc _bcopy
 1665  0000237c          	.align 2
 1666  0000237c          	.proc _bzero
 1667  0000237c          	.global _bzero
 1668  0000237c          	_bzero:
 1669                      ;  Function 'bzero'; 0 bytes of locals, 1 regs to save.
 1670  0000237c  afbefffc	sw	-4(r29),r30; push fp
 1671  00002380  001df020	add	r30,r0,r29; fp = sp
 1672  00002384  afbffff8	sw	-8(r29),r31; push ret addr
 1673  00002388  2fbd0010	subui	r29,r29,#16; alloc local storage
 1674  0000238c  afa20000	sw	0(r29),r2
 1675  00002390  54000000	nop
 1676  00002394          	L105_LF2:
 1677  00002394  8fc10004	lw	r1,4(r30)
 1678  00002398  2022ffff	addi	r2,r1,#-1
 1679  0000239c  afc20004	sw	4(r30),r2
 1680  000023a0  6c210000	sgti	r1,r1,#0
 1681  000023a4  1420000c	bnez	r1,L107_LF2
 1682  000023a8  54000000	nop; delay slot nop
 1683  000023ac  08000020	j	L106_LF2
 1684  000023b0  54000000	nop; delay slot nop
 1685  000023b4          	L107_LF2:
 1686  000023b4  8fc10000	lw	r1,(r30)
 1687  000023b8  20220001	addi	r2,r1,#1
 1688  000023bc  afc20000	sw	(r30),r2
 1689  000023c0  20020000	addi	r2,r0,(#0x0)&0xff
 1690  000023c4  a0220000	sb	(r1),r2
 1691  000023c8  0bffffc8	j	L105_LF2
 1692  000023cc  54000000	nop; delay slot nop
 1693  000023d0          	L106_LF2:
 1694  000023d0          	L104_LF2:
 1695  000023d0  8fa20000	lw	r2,0(r29)
 1696  000023d4  8fdffff8	lw	r31,-8(r30)
 1697  000023d8  001ee820	add	r29,r0,r30
 1698  000023dc  8fdefffc	lw	r30,-4(r30)
 1699  000023e0  4be00000	jr	r31
 1700  000023e4  54000000	nop
 1701  000023e8          	.endproc _bzero
 1702  000023e8          	.align 2
 1703  000023e8          	.proc _min
 1704  000023e8          	.global _min
 1705  000023e8          	_min:
 1706                      ;  Function 'min'; 0 bytes of locals, 2 regs to save.
 1707  000023e8  afbefffc	sw	-4(r29),r30; push fp
 1708  000023ec  001df020	add	r30,r0,r29; fp = sp
 1709  000023f0  afbffff8	sw	-8(r29),r31; push ret addr
 1710  000023f4  2fbd0010	subui	r29,r29,#16; alloc local storage
 1711  000023f8  afa20000	sw	0(r29),r2
 1712  000023fc  afa30004	sw	4(r29),r3
 1713  00002400  8fc10000	lw	r1,(r30)
 1714  00002404  8fc20004	lw	r2,4(r30)
 1715  00002408  0022182c	sle	r3,r1,r2
 1716  0000240c  14600008	bnez	r3,L109_LF2
 1717  00002410  54000000	nop; delay slot nop
 1718  00002414  8fc10004	lw	r1,4(r30)
 1719  00002418          	L109_LF2:
 1720  00002418  08000004	j	L108_LF2
 1721  0000241c  54000000	nop; delay slot nop
 1722  00002420          	L108_LF2:
 1723  00002420  8fa20000	lw	r2,0(r29)
 1724  00002424  8fa30004	lw	r3,4(r29)
 1725  00002428  8fdffff8	lw	r31,-8(r30)
 1726  0000242c  001ee820	add	r29,r0,r30
 1727  00002430  8fdefffc	lw	r30,-4(r30)
 1728  00002434  4be00000	jr	r31
 1729  00002438  54000000	nop
 1730  0000243c          	.endproc _min
 1731  0000243c          	.align 2
 1732  0000243c          	.proc _max
 1733  0000243c          	.global _max
 1734  0000243c          	_max:
 1735                      ;  Function 'max'; 0 bytes of locals, 2 regs to save.
 1736  0000243c  afbefffc	sw	-4(r29),r30; push fp
 1737  00002440  001df020	add	r30,r0,r29; fp = sp
 1738  00002444  afbffff8	sw	-8(r29),r31; push ret addr
 1739  00002448  2fbd0010	subui	r29,r29,#16; alloc local storage
 1740  0000244c  afa20000	sw	0(r29),r2
 1741  00002450  afa30004	sw	4(r29),r3
 1742  00002454  8fc10000	lw	r1,(r30)
 1743  00002458  8fc20004	lw	r2,4(r30)
 1744  0000245c  0022182d	sge	r3,r1,r2
 1745  00002460  14600008	bnez	r3,L111_LF2
 1746  00002464  54000000	nop; delay slot nop
 1747  00002468  8fc10004	lw	r1,4(r30)
 1748  0000246c          	L111_LF2:
 1749  0000246c  08000004	j	L110_LF2
 1750  00002470  54000000	nop; delay slot nop
 1751  00002474          	L110_LF2:
 1752  00002474  8fa20000	lw	r2,0(r29)
 1753  00002478  8fa30004	lw	r3,4(r29)
 1754  0000247c  8fdffff8	lw	r31,-8(r30)
 1755  00002480  001ee820	add	r29,r0,r30
 1756  00002484  8fdefffc	lw	r30,-4(r30)
 1757  00002488  4be00000	jr	r31
 1758  0000248c  54000000	nop
 1759  00002490          	.endproc _max
 1760                      ;;; Ethan L. Miller, 1999.  Released to the public domain
 1761                      ;;;
 1762                      ;;; Most of the traps are called in files from libtraps.
 1765  00002490          	.align 2
 1766  00002490          	.proc _exit
 1767  00002490          	.global _exit
 1768  00002490          	_exit:
 1769  00002490  44000300	trap	#0x300
 1770  00002494  4be00000	jr	r31
 1771  00002498  54000000	nop
 1772  0000249c          	.endproc _exit
 1774                      ; for the benefit of gcc.
 1775  0000249c          	.proc ___main
 1776  0000249c          	.global ___main
 1777  0000249c          	___main:
 1778  0000249c  4be00000	jr	r31
 1779  000024a0  54000000	nop
 1780  000024a4          	.endproc ___main
 1781  000024a4          	.text
 1782  000024a4          	.global _etext
 1783  000024a4          	_etext:
 1784  000024a4          	.align 3
 1785  000024a8          	.data
 1786  00003166          	.global _edata
 1787  00003166          	_edata:
