 line   address	contents
    1                      ; Linked by DLX-LD.
    2                      ; MemSize 24576
    3                      ; Data size: 310
    4                      ; Text size: 6172
    5                      ; Stack size: 8192
    6  00000000          	.text 0x1000
    7  00001000          	.data 0x3000
    8                      ; Compiled by GCC
    9  00003000          	.text
   10  00001000          	.align 2
   11  00001000          	.proc _isspace
   12  00001000          	.global _isspace
   13  00001000          	_isspace:
   14                      ;  Function 'isspace'; 0 bytes of locals, 1 regs to save.
   15  00001000  afbefffc	sw	-4(r29),r30; push fp
   16  00001004  001df020	add	r30,r0,r29; fp = sp
   17  00001008  afbffff8	sw	-8(r29),r31; push ret addr
   18  0000100c  2fbd0010	subui	r29,r29,#16; alloc local storage
   19  00001010  afa20000	sw	0(r29),r2
   20  00001014  83c20003	lb	r2,3(r30)
   21  00001018  201f0000	addi	r31,r0,#0
   22  0000101c  304100ff	andi	r1,r2,#0x00ff
   23  00001020  60210020	seqi	r1,r1,#32
   24  00001024  14200018	bnez	r1,L6_LF0
   25  00001028  54000000	nop; not filled.
   26  0000102c  2041fff7	addi	r1,r2,#-9
   27  00001030  302100ff	andi	r1,r1,#0x00ff
   28  00001034  70210001	sleui	r1,r1,#1
   29  00001038  10200008	beqz	r1,L5_LF0
   30  0000103c  54000000	nop; not filled.
   31  00001040          	L6_LF0:
   32  00001040  201f0001	addi	r31,r0,#1
   33  00001044          	L5_LF0:
   34  00001044  001f0820	add	r1,r0,r31
   35  00001048  8fa20000	lw	r2,0(r29)
   36  0000104c  8fdffff8	lw	r31,-8(r30)
   37  00001050  001ee820	add	r29,r0,r30
   38  00001054  8fdefffc	lw	r30,-4(r30)
   39  00001058  4be00000	jr	r31
   40  0000105c  54000000	nop
   41  00001060          	.endproc _isspace
   42  00001060          	.align 2
   43  00001060          	.proc _isxdigit
   44  00001060          	.global _isxdigit
   45  00001060          	_isxdigit:
   46                      ;  Function 'isxdigit'; 0 bytes of locals, 1 regs to save.
   47  00001060  afbefffc	sw	-4(r29),r30; push fp
   48  00001064  001df020	add	r30,r0,r29; fp = sp
   49  00001068  afbffff8	sw	-8(r29),r31; push ret addr
   50  0000106c  2fbd0010	subui	r29,r29,#16; alloc local storage
   51  00001070  afa20000	sw	0(r29),r2
   52  00001074  83df0003	lb	r31,3(r30)
   53  00001078  20020000	addi	r2,r0,#0
   54  0000107c  23e1ffd0	addi	r1,r31,#-48
   55  00001080  302100ff	andi	r1,r1,#0x00ff
   56  00001084  70210009	sleui	r1,r1,#9
   57  00001088  14200028	bnez	r1,L12_LF0
   58  0000108c  54000000	nop; not filled.
   59  00001090  23e1ff9f	addi	r1,r31,#-97
   60  00001094  302100ff	andi	r1,r1,#0x00ff
   61  00001098  70210005	sleui	r1,r1,#5
   62  0000109c  14200014	bnez	r1,L12_LF0
   63  000010a0  54000000	nop; not filled.
   64  000010a4  33e100ff	andi	r1,r31,#0x00ff
   65  000010a8  64210041	snei	r1,r1,#65
   66  000010ac  14200008	bnez	r1,L11_LF0
   67  000010b0  54000000	nop; not filled.
   68  000010b4          	L12_LF0:
   69  000010b4  20020001	addi	r2,r0,#1
   70  000010b8          	L11_LF0:
   71  000010b8  00020820	add	r1,r0,r2
   72  000010bc  8fa20000	lw	r2,0(r29)
   73  000010c0  8fdffff8	lw	r31,-8(r30)
   74  000010c4  001ee820	add	r29,r0,r30
   75  000010c8  8fdefffc	lw	r30,-4(r30)
   76  000010cc  4be00000	jr	r31
   77  000010d0  54000000	nop
   78  000010d4          	.endproc _isxdigit
   79  000010d4          	.data
   80  00003000          	.align 2
   81  00003000          	LC0_LF0:
   82  00003000  6d616b65	.ascii "makeprocs (%d): Bad sem_create\n\000"
   82  00003004  70726f63	
   82  00003008  73202825	
   82  0000300c  64293a20	
   82  00003010  42616420	
   82  00003014  73656d5f	
   82  00003018  63726561	
   82  0000301c  74650a00	
   83  00003020          	.align 2
   84  00003020          	LC1_LF0:
   85  00003020  25640a00	.ascii "%d\n\000"
   86  00003024          	.align 2
   87  00003024          	LC2_LF0:
   88  00003024  42616420	.ascii "Bad semaphore s_procs_completed (%d) in\n\000"
   88  00003028  73656d61	
   88  0000302c  70686f72	
   88  00003030  6520735f	
   88  00003034  70726f63	
   88  00003038  735f636f	
   88  0000303c  6d706c65	
   88  00003040  74656420	
   88  00003044  28256429	
   88  00003048  20696e0a	
   88  0000304c  00      	
   89  0000304d          	.text
   90  000010d4          	.align 2
   91  000010d4          	.proc _run_test
   92  000010d4          	.global _run_test
   93  000010d4          	_run_test:
   94                      ;  Function 'run_test'; 16 bytes of locals, 6 regs to save.
   95  000010d4  afbefffc	sw	-4(r29),r30; push fp
   96  000010d8  001df020	add	r30,r0,r29; fp = sp
   97  000010dc  afbffff8	sw	-8(r29),r31; push ret addr
   98  000010e0  2fbd0030	subui	r29,r29,#48; alloc local storage
   99  000010e4  afa20000	sw	0(r29),r2
  100  000010e8  afa30004	sw	4(r29),r3
  101  000010ec  afa40008	sw	8(r29),r4
  102  000010f0  afa5000c	sw	12(r29),r5
  103  000010f4  afa60010	sw	16(r29),r6
  104  000010f8  afa70014	sw	20(r29),r7
  105  000010fc  8fc60000	lw	r6,(r30)
  106  00001100  8fc50004	lw	r5,4(r30)
  107  00001104  23bdfff8	addi	r29,r29,#-8
  108  00001108  20070000	addi	r7,r0,#0
  109  0000110c  afa70000	sw	(r29),r7
  110  00001110  0c00087c	jal	_sem_create
  111  00001114  54000000	nop; not filled.
  112  00001118  00012020	add	r4,r0,r1
  113  0000111c  23bd0008	addi	r29,r29,#8
  114  00001120  6081ffff	seqi	r1,r4,#-1
  115  00001124  10200034	beqz	r1,L22_LF0
  116  00001128  54000000	nop; not filled.
  117  0000112c  0c000830	jal	_getpid
  118  00001130  54000000	nop; not filled.
  119  00001134  23bdfff8	addi	r29,r29,#-8
  120  00001138  3c070000	lhi	r7,((LC0_LF0)>>16)&0xffff
  121  0000113c  24e73000	addui	r7,r7,(LC0_LF0)&0xffff
  122  00001140  afa70000	sw	(r29),r7
  123  00001144  afa10004	sw	4(r29),r1
  124  00001148  0c000808	jal	_Printf
  125  0000114c  54000000	nop; not filled.
  126  00001150  0c000908	jal	_Exit
  127  00001154  54000000	nop; not filled.
  128  00001158  23bd0008	addi	r29,r29,#8
  129  0000115c          	L22_LF0:
  130  0000115c  23bdfff8	addi	r29,r29,#-8
  131  00001160  afa40000	sw	(r29),r4
  132  00001164  23c3ffe8	addi	r3,r30,#-24
  133  00001168  afa30004	sw	4(r29),r3
  134  0000116c  0c00101c	jal	_ditoa
  135  00001170  54000000	nop; not filled.
  136  00001174  20020000	addi	r2,r0,#0
  137  00001178  23bd0008	addi	r29,r29,#8
  138  0000117c  0045082a	slt	r1,r2,r5
  139  00001180  1020008c	beqz	r1,L24_LF0
  140  00001184  54000000	nop; not filled.
  141  00001188          	L26_LF0:
  142  00001188  23bdfff0	addi	r29,r29,#-16
  143  0000118c  afa60000	sw	(r29),r6
  144  00001190  afa30004	sw	4(r29),r3
  145  00001194  20070000	addi	r7,r0,#0
  146  00001198  afa70008	sw	8(r29),r7
  147  0000119c  0c0007cc	jal	_process_create
  148  000011a0  54000000	nop; not filled.
  149  000011a4  3c070000	lhi	r7,((LC1_LF0)>>16)&0xffff
  150  000011a8  24e73020	addui	r7,r7,(LC1_LF0)&0xffff
  151  000011ac  afa70000	sw	(r29),r7
  152  000011b0  afa20004	sw	4(r29),r2
  153  000011b4  0c00079c	jal	_Printf
  154  000011b8  54000000	nop; not filled.
  155  000011bc  afa40000	sw	(r29),r4
  156  000011c0  0c0007d8	jal	_sem_wait
  157  000011c4  54000000	nop; not filled.
  158  000011c8  23bd0010	addi	r29,r29,#16
  159  000011cc  64210001	snei	r1,r1,#1
  160  000011d0  1020002c	beqz	r1,L25_LF0
  161  000011d4  54000000	nop; not filled.
  162  000011d8  23bdfff8	addi	r29,r29,#-8
  163  000011dc  3c070000	lhi	r7,((LC2_LF0)>>16)&0xffff
  164  000011e0  24e73024	addui	r7,r7,(LC2_LF0)&0xffff
  165  000011e4  afa70000	sw	(r29),r7
  166  000011e8  afa40004	sw	4(r29),r4
  167  000011ec  0c000764	jal	_Printf
  168  000011f0  54000000	nop; not filled.
  169  000011f4  0c000864	jal	_Exit
  170  000011f8  54000000	nop; not filled.
  171  000011fc  23bd0008	addi	r29,r29,#8
  172  00001200          	L25_LF0:
  173  00001200  20420001	addi	r2,r2,#1
  174  00001204  0045082a	slt	r1,r2,r5
  175  00001208  1420ff7c	bnez	r1,L26_LF0
  176  0000120c  54000000	nop; not filled.
  177  00001210          	L24_LF0:
  178  00001210  8fa20000	lw	r2,0(r29)
  179  00001214  8fa30004	lw	r3,4(r29)
  180  00001218  8fa40008	lw	r4,8(r29)
  181  0000121c  8fa5000c	lw	r5,12(r29)
  182  00001220  8fa60010	lw	r6,16(r29)
  183  00001224  8fa70014	lw	r7,20(r29)
  184  00001228  8fdffff8	lw	r31,-8(r30)
  185  0000122c  001ee820	add	r29,r0,r30
  186  00001230  8fdefffc	lw	r30,-4(r30)
  187  00001234  4be00000	jr	r31
  188  00001238  54000000	nop
  189  0000123c          	.endproc _run_test
  190  0000123c          	.data
  191  0000304d          	.align 2
  192  00003050          	LC3_LF0:
  193  00003050  55736167	.ascii "Usage: %s \n\000"
  193  00003054  653a2025	
  193  00003058  73200a00	
  194  0000305c          	.align 2
  195  0000305c          	LC4_LF0:
  196  0000305c  70312e64	.ascii "p1.dlx.obj\000"
  196  00003060  6c782e6f	
  196  00003064  626a00  	
  197  00003067          	.align 2
  198  00003068          	LC5_LF0:
  199  00003068  70322e64	.ascii "p2.dlx.obj\000"
  199  0000306c  6c782e6f	
  199  00003070  626a00  	
  200  00003073          	.align 2
  201  00003074          	LC6_LF0:
  202  00003074  70332e64	.ascii "p3.dlx.obj\000"
  202  00003078  6c782e6f	
  202  0000307c  626a00  	
  203  0000307f          	.align 2
  204  00003080          	LC7_LF0:
  205  00003080  70342e64	.ascii "p4.dlx.obj\000"
  205  00003084  6c782e6f	
  205  00003088  626a00  	
  206  0000308b          	.align 2
  207  0000308c          	LC8_LF0:
  208  0000308c  70362e64	.ascii "p6.dlx.obj\000"
  208  00003090  6c782e6f	
  208  00003094  626a00  	
  209  00003097          	.align 2
  210  00003098          	LC9_LF0:
  211  00003098  2d2d2d2d	.ascii "----------------------------------------------------------------------"
  211  0000309c  2d2d2d2d	
  211  000030a0  2d2d2d2d	
  211  000030a4  2d2d2d2d	
  211  000030a8  2d2d2d2d	
  211  000030ac  2d2d2d2d	
  211  000030b0  2d2d2d2d	
  211  000030b4  2d2d2d2d	
  211  000030b8  2d2d2d2d	
  211  000030bc  2d2d2d2d	
  211  000030c0  2d2d2d2d	
  211  000030c4  2d2d2d2d	
  211  000030c8  2d2d2d2d	
  211  000030cc  2d2d2d2d	
  211  000030d0  2d2d2d2d	
  211  000030d4  2d2d2d2d	
  211  000030d8  2d2d2d2d	
  211  000030dc  2d2d    	
  212  000030de  2d2d2d2d	.ascii "---------------\n\000"
  212  000030e2  2d2d2d2d	
  212  000030e6  2d2d2d2d	
  212  000030ea  2d2d2d0a	
  212  000030ee  00      	
  213  000030ef          	.align 2
  214  000030f0          	LC10_LF0:
  215  000030f0  6d616b65	.ascii "makeprocs (%d): All other processes completed, exiting main process.\n"
  215  000030f4  70726f63	
  215  000030f8  73202825	
  215  000030fc  64293a20	
  215  00003100  416c6c20	
  215  00003104  6f746865	
  215  00003108  72207072	
  215  0000310c  6f636573	
  215  00003110  73657320	
  215  00003114  636f6d70	
  215  00003118  6c657465	
  215  0000311c  642c2065	
  215  00003120  78697469	
  215  00003124  6e67206d	
  215  00003128  61696e20	
  215  0000312c  70726f63	
  215  00003130  6573732e	
  215  00003134  0a      	
  216  00003135  00      	.ascii "\000"
  217  00003136          	.text
  218  0000123c          	.align 2
  219  0000123c          	.proc _main
  220  0000123c          	.global _main
  221  0000123c          	_main:
  222                      ;  Function 'main'; 32 bytes of locals, 0 regs to save.
  223  0000123c  afbefffc	sw	-4(r29),r30; push fp
  224  00001240  001df020	add	r30,r0,r29; fp = sp
  225  00001244  afbffff8	sw	-8(r29),r31; push ret addr
  226  00001248  2fbd0028	subui	r29,r29,#40; alloc local storage
  227  0000124c  8fc20000	lw	r2,(r30)
  228  00001250  8fc30004	lw	r3,4(r30)
  229  00001254  0c0015bc	jal	___main
  230  00001258  54000000	nop; not filled.
  231  0000125c  2005001f	addi	r5,r0,#31
  232  00001260  64410001	snei	r1,r2,#1
  233  00001264  10200030	beqz	r1,L30_LF0
  234  00001268  54000000	nop; not filled.
  235  0000126c  23bdfff8	addi	r29,r29,#-8
  236  00001270  3c060000	lhi	r6,((LC3_LF0)>>16)&0xffff
  237  00001274  24c63050	addui	r6,r6,(LC3_LF0)&0xffff
  238  00001278  afa60000	sw	(r29),r6
  239  0000127c  8c610000	lw	r1,(r3)
  240  00001280  afa10004	sw	4(r29),r1
  241  00001284  0c0006cc	jal	_Printf
  242  00001288  54000000	nop; not filled.
  243  0000128c  0c0007cc	jal	_Exit
  244  00001290  54000000	nop; not filled.
  245  00001294  23bd0008	addi	r29,r29,#8
  246  00001298          	L30_LF0:
  247  00001298  23bdfff8	addi	r29,r29,#-8
  248  0000129c  20060000	addi	r6,r0,#0
  249  000012a0  afa60000	sw	(r29),r6
  250  000012a4  0c0006e8	jal	_sem_create
  251  000012a8  54000000	nop; not filled.
  252  000012ac  00012020	add	r4,r0,r1
  253  000012b0  23bd0008	addi	r29,r29,#8
  254  000012b4  6081ffff	seqi	r1,r4,#-1
  255  000012b8  10200034	beqz	r1,L32_LF0
  256  000012bc  54000000	nop; not filled.
  257  000012c0  0c00069c	jal	_getpid
  258  000012c4  54000000	nop; not filled.
  259  000012c8  23bdfff8	addi	r29,r29,#-8
  260  000012cc  3c060000	lhi	r6,((LC0_LF0)>>16)&0xffff
  261  000012d0  24c63000	addui	r6,r6,(LC0_LF0)&0xffff
  262  000012d4  afa60000	sw	(r29),r6
  263  000012d8  afa10004	sw	4(r29),r1
  264  000012dc  0c000674	jal	_Printf
  265  000012e0  54000000	nop; not filled.
  266  000012e4  0c000774	jal	_Exit
  267  000012e8  54000000	nop; not filled.
  268  000012ec  23bd0008	addi	r29,r29,#8
  269  000012f0          	L32_LF0:
  270  000012f0  23bdfff8	addi	r29,r29,#-8
  271  000012f4  afa40000	sw	(r29),r4
  272  000012f8  23c2ffd8	addi	r2,r30,#-40
  273  000012fc  afa20004	sw	4(r29),r2
  274  00001300  0c000e88	jal	_ditoa
  275  00001304  54000000	nop; not filled.
  276  00001308  20030000	addi	r3,r0,#0
  277  0000130c  23bd0008	addi	r29,r29,#8
  278  00001310          	L36_LF0:
  279  00001310  23bdfff0	addi	r29,r29,#-16
  280  00001314  3c060000	lhi	r6,((LC4_LF0)>>16)&0xffff
  281  00001318  24c6305c	addui	r6,r6,(LC4_LF0)&0xffff
  282  0000131c  afa60000	sw	(r29),r6
  283  00001320  afa20004	sw	4(r29),r2
  284  00001324  20060000	addi	r6,r0,#0
  285  00001328  afa60008	sw	8(r29),r6
  286  0000132c  0c00063c	jal	_process_create
  287  00001330  54000000	nop; not filled.
  288  00001334  3c060000	lhi	r6,((LC1_LF0)>>16)&0xffff
  289  00001338  24c63020	addui	r6,r6,(LC1_LF0)&0xffff
  290  0000133c  afa60000	sw	(r29),r6
  291  00001340  afa30004	sw	4(r29),r3
  292  00001344  0c00060c	jal	_Printf
  293  00001348  54000000	nop; not filled.
  294  0000134c  afa40000	sw	(r29),r4
  295  00001350  0c000648	jal	_sem_wait
  296  00001354  54000000	nop; not filled.
  297  00001358  23bd0010	addi	r29,r29,#16
  298  0000135c  64210001	snei	r1,r1,#1
  299  00001360  1020002c	beqz	r1,L35_LF0
  300  00001364  54000000	nop; not filled.
  301  00001368  23bdfff8	addi	r29,r29,#-8
  302  0000136c  3c060000	lhi	r6,((LC2_LF0)>>16)&0xffff
  303  00001370  24c63024	addui	r6,r6,(LC2_LF0)&0xffff
  304  00001374  afa60000	sw	(r29),r6
  305  00001378  afa40004	sw	4(r29),r4
  306  0000137c  0c0005d4	jal	_Printf
  307  00001380  54000000	nop; not filled.
  308  00001384  0c0006d4	jal	_Exit
  309  00001388  54000000	nop; not filled.
  310  0000138c  23bd0008	addi	r29,r29,#8
  311  00001390          	L35_LF0:
  312  00001390  20630001	addi	r3,r3,#1
  313  00001394  68610001	slti	r1,r3,#1
  314  00001398  1420ff74	bnez	r1,L36_LF0
  315  0000139c  54000000	nop; not filled.
  316  000013a0  23bdfff8	addi	r29,r29,#-8
  317  000013a4  20060000	addi	r6,r0,#0
  318  000013a8  afa60000	sw	(r29),r6
  319  000013ac  0c0005e0	jal	_sem_create
  320  000013b0  54000000	nop; not filled.
  321  000013b4  00012020	add	r4,r0,r1
  322  000013b8  23bd0008	addi	r29,r29,#8
  323  000013bc  6081ffff	seqi	r1,r4,#-1
  324  000013c0  10200034	beqz	r1,L40_LF0
  325  000013c4  54000000	nop; not filled.
  326  000013c8  0c000594	jal	_getpid
  327  000013cc  54000000	nop; not filled.
  328  000013d0  23bdfff8	addi	r29,r29,#-8
  329  000013d4  3c060000	lhi	r6,((LC0_LF0)>>16)&0xffff
  330  000013d8  24c63000	addui	r6,r6,(LC0_LF0)&0xffff
  331  000013dc  afa60000	sw	(r29),r6
  332  000013e0  afa10004	sw	4(r29),r1
  333  000013e4  0c00056c	jal	_Printf
  334  000013e8  54000000	nop; not filled.
  335  000013ec  0c00066c	jal	_Exit
  336  000013f0  54000000	nop; not filled.
  337  000013f4  23bd0008	addi	r29,r29,#8
  338  000013f8          	L40_LF0:
  339  000013f8  23bdfff8	addi	r29,r29,#-8
  340  000013fc  afa40000	sw	(r29),r4
  341  00001400  23c2ffd8	addi	r2,r30,#-40
  342  00001404  afa20004	sw	4(r29),r2
  343  00001408  0c000d80	jal	_ditoa
  344  0000140c  54000000	nop; not filled.
  345  00001410  20030000	addi	r3,r0,#0
  346  00001414  23bd0008	addi	r29,r29,#8
  347  00001418          	L44_LF0:
  348  00001418  23bdfff0	addi	r29,r29,#-16
  349  0000141c  3c060000	lhi	r6,((LC5_LF0)>>16)&0xffff
  350  00001420  24c63068	addui	r6,r6,(LC5_LF0)&0xffff
  351  00001424  afa60000	sw	(r29),r6
  352  00001428  afa20004	sw	4(r29),r2
  353  0000142c  20060000	addi	r6,r0,#0
  354  00001430  afa60008	sw	8(r29),r6
  355  00001434  0c000534	jal	_process_create
  356  00001438  54000000	nop; not filled.
  357  0000143c  3c060000	lhi	r6,((LC1_LF0)>>16)&0xffff
  358  00001440  24c63020	addui	r6,r6,(LC1_LF0)&0xffff
  359  00001444  afa60000	sw	(r29),r6
  360  00001448  afa30004	sw	4(r29),r3
  361  0000144c  0c000504	jal	_Printf
  362  00001450  54000000	nop; not filled.
  363  00001454  afa40000	sw	(r29),r4
  364  00001458  0c000540	jal	_sem_wait
  365  0000145c  54000000	nop; not filled.
  366  00001460  23bd0010	addi	r29,r29,#16
  367  00001464  64210001	snei	r1,r1,#1
  368  00001468  1020002c	beqz	r1,L43_LF0
  369  0000146c  54000000	nop; not filled.
  370  00001470  23bdfff8	addi	r29,r29,#-8
  371  00001474  3c060000	lhi	r6,((LC2_LF0)>>16)&0xffff
  372  00001478  24c63024	addui	r6,r6,(LC2_LF0)&0xffff
  373  0000147c  afa60000	sw	(r29),r6
  374  00001480  afa40004	sw	4(r29),r4
  375  00001484  0c0004cc	jal	_Printf
  376  00001488  54000000	nop; not filled.
  377  0000148c  0c0005cc	jal	_Exit
  378  00001490  54000000	nop; not filled.
  379  00001494  23bd0008	addi	r29,r29,#8
  380  00001498          	L43_LF0:
  381  00001498  20630001	addi	r3,r3,#1
  382  0000149c  68610001	slti	r1,r3,#1
  383  000014a0  1420ff74	bnez	r1,L44_LF0
  384  000014a4  54000000	nop; not filled.
  385  000014a8  23bdfff8	addi	r29,r29,#-8
  386  000014ac  20060000	addi	r6,r0,#0
  387  000014b0  afa60000	sw	(r29),r6
  388  000014b4  0c0004d8	jal	_sem_create
  389  000014b8  54000000	nop; not filled.
  390  000014bc  00012020	add	r4,r0,r1
  391  000014c0  23bd0008	addi	r29,r29,#8
  392  000014c4  6081ffff	seqi	r1,r4,#-1
  393  000014c8  10200034	beqz	r1,L48_LF0
  394  000014cc  54000000	nop; not filled.
  395  000014d0  0c00048c	jal	_getpid
  396  000014d4  54000000	nop; not filled.
  397  000014d8  23bdfff8	addi	r29,r29,#-8
  398  000014dc  3c060000	lhi	r6,((LC0_LF0)>>16)&0xffff
  399  000014e0  24c63000	addui	r6,r6,(LC0_LF0)&0xffff
  400  000014e4  afa60000	sw	(r29),r6
  401  000014e8  afa10004	sw	4(r29),r1
  402  000014ec  0c000464	jal	_Printf
  403  000014f0  54000000	nop; not filled.
  404  000014f4  0c000564	jal	_Exit
  405  000014f8  54000000	nop; not filled.
  406  000014fc  23bd0008	addi	r29,r29,#8
  407  00001500          	L48_LF0:
  408  00001500  23bdfff8	addi	r29,r29,#-8
  409  00001504  afa40000	sw	(r29),r4
  410  00001508  23c2ffd8	addi	r2,r30,#-40
  411  0000150c  afa20004	sw	4(r29),r2
  412  00001510  0c000c78	jal	_ditoa
  413  00001514  54000000	nop; not filled.
  414  00001518  20030000	addi	r3,r0,#0
  415  0000151c  23bd0008	addi	r29,r29,#8
  416  00001520          	L52_LF0:
  417  00001520  23bdfff0	addi	r29,r29,#-16
  418  00001524  3c060000	lhi	r6,((LC6_LF0)>>16)&0xffff
  419  00001528  24c63074	addui	r6,r6,(LC6_LF0)&0xffff
  420  0000152c  afa60000	sw	(r29),r6
  421  00001530  afa20004	sw	4(r29),r2
  422  00001534  20060000	addi	r6,r0,#0
  423  00001538  afa60008	sw	8(r29),r6
  424  0000153c  0c00042c	jal	_process_create
  425  00001540  54000000	nop; not filled.
  426  00001544  3c060000	lhi	r6,((LC1_LF0)>>16)&0xffff
  427  00001548  24c63020	addui	r6,r6,(LC1_LF0)&0xffff
  428  0000154c  afa60000	sw	(r29),r6
  429  00001550  afa30004	sw	4(r29),r3
  430  00001554  0c0003fc	jal	_Printf
  431  00001558  54000000	nop; not filled.
  432  0000155c  afa40000	sw	(r29),r4
  433  00001560  0c000438	jal	_sem_wait
  434  00001564  54000000	nop; not filled.
  435  00001568  23bd0010	addi	r29,r29,#16
  436  0000156c  64210001	snei	r1,r1,#1
  437  00001570  1020002c	beqz	r1,L51_LF0
  438  00001574  54000000	nop; not filled.
  439  00001578  23bdfff8	addi	r29,r29,#-8
  440  0000157c  3c060000	lhi	r6,((LC2_LF0)>>16)&0xffff
  441  00001580  24c63024	addui	r6,r6,(LC2_LF0)&0xffff
  442  00001584  afa60000	sw	(r29),r6
  443  00001588  afa40004	sw	4(r29),r4
  444  0000158c  0c0003c4	jal	_Printf
  445  00001590  54000000	nop; not filled.
  446  00001594  0c0004c4	jal	_Exit
  447  00001598  54000000	nop; not filled.
  448  0000159c  23bd0008	addi	r29,r29,#8
  449  000015a0          	L51_LF0:
  450  000015a0  20630001	addi	r3,r3,#1
  451  000015a4  68610001	slti	r1,r3,#1
  452  000015a8  1420ff74	bnez	r1,L52_LF0
  453  000015ac  54000000	nop; not filled.
  454  000015b0  23bdfff8	addi	r29,r29,#-8
  455  000015b4  20060000	addi	r6,r0,#0
  456  000015b8  afa60000	sw	(r29),r6
  457  000015bc  0c0003d0	jal	_sem_create
  458  000015c0  54000000	nop; not filled.
  459  000015c4  00012020	add	r4,r0,r1
  460  000015c8  23bd0008	addi	r29,r29,#8
  461  000015cc  6081ffff	seqi	r1,r4,#-1
  462  000015d0  10200034	beqz	r1,L56_LF0
  463  000015d4  54000000	nop; not filled.
  464  000015d8  0c000384	jal	_getpid
  465  000015dc  54000000	nop; not filled.
  466  000015e0  23bdfff8	addi	r29,r29,#-8
  467  000015e4  3c060000	lhi	r6,((LC0_LF0)>>16)&0xffff
  468  000015e8  24c63000	addui	r6,r6,(LC0_LF0)&0xffff
  469  000015ec  afa60000	sw	(r29),r6
  470  000015f0  afa10004	sw	4(r29),r1
  471  000015f4  0c00035c	jal	_Printf
  472  000015f8  54000000	nop; not filled.
  473  000015fc  0c00045c	jal	_Exit
  474  00001600  54000000	nop; not filled.
  475  00001604  23bd0008	addi	r29,r29,#8
  476  00001608          	L56_LF0:
  477  00001608  23bdfff8	addi	r29,r29,#-8
  478  0000160c  afa40000	sw	(r29),r4
  479  00001610  23c2ffd8	addi	r2,r30,#-40
  480  00001614  afa20004	sw	4(r29),r2
  481  00001618  0c000b70	jal	_ditoa
  482  0000161c  54000000	nop; not filled.
  483  00001620  20030000	addi	r3,r0,#0
  484  00001624  23bd0008	addi	r29,r29,#8
  485  00001628          	L60_LF0:
  486  00001628  23bdfff0	addi	r29,r29,#-16
  487  0000162c  3c060000	lhi	r6,((LC4_LF0)>>16)&0xffff
  488  00001630  24c6305c	addui	r6,r6,(LC4_LF0)&0xffff
  489  00001634  afa60000	sw	(r29),r6
  490  00001638  afa20004	sw	4(r29),r2
  491  0000163c  20060000	addi	r6,r0,#0
  492  00001640  afa60008	sw	8(r29),r6
  493  00001644  0c000324	jal	_process_create
  494  00001648  54000000	nop; not filled.
  495  0000164c  3c060000	lhi	r6,((LC1_LF0)>>16)&0xffff
  496  00001650  24c63020	addui	r6,r6,(LC1_LF0)&0xffff
  497  00001654  afa60000	sw	(r29),r6
  498  00001658  afa30004	sw	4(r29),r3
  499  0000165c  0c0002f4	jal	_Printf
  500  00001660  54000000	nop; not filled.
  501  00001664  afa40000	sw	(r29),r4
  502  00001668  0c000330	jal	_sem_wait
  503  0000166c  54000000	nop; not filled.
  504  00001670  23bd0010	addi	r29,r29,#16
  505  00001674  64210001	snei	r1,r1,#1
  506  00001678  1020002c	beqz	r1,L59_LF0
  507  0000167c  54000000	nop; not filled.
  508  00001680  23bdfff8	addi	r29,r29,#-8
  509  00001684  3c060000	lhi	r6,((LC2_LF0)>>16)&0xffff
  510  00001688  24c63024	addui	r6,r6,(LC2_LF0)&0xffff
  511  0000168c  afa60000	sw	(r29),r6
  512  00001690  afa40004	sw	4(r29),r4
  513  00001694  0c0002bc	jal	_Printf
  514  00001698  54000000	nop; not filled.
  515  0000169c  0c0003bc	jal	_Exit
  516  000016a0  54000000	nop; not filled.
  517  000016a4  23bd0008	addi	r29,r29,#8
  518  000016a8          	L59_LF0:
  519  000016a8  20630001	addi	r3,r3,#1
  520  000016ac  68610064	slti	r1,r3,#100
  521  000016b0  1420ff74	bnez	r1,L60_LF0
  522  000016b4  54000000	nop; not filled.
  523  000016b8  23bdfff8	addi	r29,r29,#-8
  524  000016bc  20060000	addi	r6,r0,#0
  525  000016c0  afa60000	sw	(r29),r6
  526  000016c4  0c0002c8	jal	_sem_create
  527  000016c8  54000000	nop; not filled.
  528  000016cc  00012020	add	r4,r0,r1
  529  000016d0  23bd0008	addi	r29,r29,#8
  530  000016d4  6081ffff	seqi	r1,r4,#-1
  531  000016d8  10200034	beqz	r1,L64_LF0
  532  000016dc  54000000	nop; not filled.
  533  000016e0  0c00027c	jal	_getpid
  534  000016e4  54000000	nop; not filled.
  535  000016e8  23bdfff8	addi	r29,r29,#-8
  536  000016ec  3c060000	lhi	r6,((LC0_LF0)>>16)&0xffff
  537  000016f0  24c63000	addui	r6,r6,(LC0_LF0)&0xffff
  538  000016f4  afa60000	sw	(r29),r6
  539  000016f8  afa10004	sw	4(r29),r1
  540  000016fc  0c000254	jal	_Printf
  541  00001700  54000000	nop; not filled.
  542  00001704  0c000354	jal	_Exit
  543  00001708  54000000	nop; not filled.
  544  0000170c  23bd0008	addi	r29,r29,#8
  545  00001710          	L64_LF0:
  546  00001710  23bdfff8	addi	r29,r29,#-8
  547  00001714  afa40000	sw	(r29),r4
  548  00001718  23c2ffd8	addi	r2,r30,#-40
  549  0000171c  afa20004	sw	4(r29),r2
  550  00001720  0c000a68	jal	_ditoa
  551  00001724  54000000	nop; not filled.
  552  00001728  20030000	addi	r3,r0,#0
  553  0000172c  23bd0008	addi	r29,r29,#8
  554  00001730          	L68_LF0:
  555  00001730  23bdfff0	addi	r29,r29,#-16
  556  00001734  3c060000	lhi	r6,((LC7_LF0)>>16)&0xffff
  557  00001738  24c63080	addui	r6,r6,(LC7_LF0)&0xffff
  558  0000173c  afa60000	sw	(r29),r6
  559  00001740  afa20004	sw	4(r29),r2
  560  00001744  20060000	addi	r6,r0,#0
  561  00001748  afa60008	sw	8(r29),r6
  562  0000174c  0c00021c	jal	_process_create
  563  00001750  54000000	nop; not filled.
  564  00001754  3c060000	lhi	r6,((LC1_LF0)>>16)&0xffff
  565  00001758  24c63020	addui	r6,r6,(LC1_LF0)&0xffff
  566  0000175c  afa60000	sw	(r29),r6
  567  00001760  afa30004	sw	4(r29),r3
  568  00001764  0c0001ec	jal	_Printf
  569  00001768  54000000	nop; not filled.
  570  0000176c  afa40000	sw	(r29),r4
  571  00001770  0c000228	jal	_sem_wait
  572  00001774  54000000	nop; not filled.
  573  00001778  23bd0010	addi	r29,r29,#16
  574  0000177c  64210001	snei	r1,r1,#1
  575  00001780  1020002c	beqz	r1,L67_LF0
  576  00001784  54000000	nop; not filled.
  577  00001788  23bdfff8	addi	r29,r29,#-8
  578  0000178c  3c060000	lhi	r6,((LC2_LF0)>>16)&0xffff
  579  00001790  24c63024	addui	r6,r6,(LC2_LF0)&0xffff
  580  00001794  afa60000	sw	(r29),r6
  581  00001798  afa40004	sw	4(r29),r4
  582  0000179c  0c0001b4	jal	_Printf
  583  000017a0  54000000	nop; not filled.
  584  000017a4  0c0002b4	jal	_Exit
  585  000017a8  54000000	nop; not filled.
  586  000017ac  23bd0008	addi	r29,r29,#8
  587  000017b0          	L67_LF0:
  588  000017b0  20630001	addi	r3,r3,#1
  589  000017b4  68610001	slti	r1,r3,#1
  590  000017b8  1420ff74	bnez	r1,L68_LF0
  591  000017bc  54000000	nop; not filled.
  592  000017c0  23bdfff8	addi	r29,r29,#-8
  593  000017c4  20010001	addi	r1,r0,#1
  594  000017c8  00250822	sub	r1,r1,r5
  595  000017cc  afa10000	sw	(r29),r1
  596  000017d0  0c0001bc	jal	_sem_create
  597  000017d4  54000000	nop; not filled.
  598  000017d8  00012020	add	r4,r0,r1
  599  000017dc  23bd0008	addi	r29,r29,#8
  600  000017e0  6081ffff	seqi	r1,r4,#-1
  601  000017e4  10200034	beqz	r1,L71_LF0
  602  000017e8  54000000	nop; not filled.
  603  000017ec  0c000170	jal	_getpid
  604  000017f0  54000000	nop; not filled.
  605  000017f4  23bdfff8	addi	r29,r29,#-8
  606  000017f8  3c060000	lhi	r6,((LC0_LF0)>>16)&0xffff
  607  000017fc  24c63000	addui	r6,r6,(LC0_LF0)&0xffff
  608  00001800  afa60000	sw	(r29),r6
  609  00001804  afa10004	sw	4(r29),r1
  610  00001808  0c000148	jal	_Printf
  611  0000180c  54000000	nop; not filled.
  612  00001810  0c000248	jal	_Exit
  613  00001814  54000000	nop; not filled.
  614  00001818  23bd0008	addi	r29,r29,#8
  615  0000181c          	L71_LF0:
  616  0000181c  23bdfff8	addi	r29,r29,#-8
  617  00001820  afa40000	sw	(r29),r4
  618  00001824  23c3ffe8	addi	r3,r30,#-24
  619  00001828  afa30004	sw	4(r29),r3
  620  0000182c  0c00095c	jal	_ditoa
  621  00001830  54000000	nop; not filled.
  622  00001834  20020000	addi	r2,r0,#0
  623  00001838  23bd0008	addi	r29,r29,#8
  624  0000183c  0045082a	slt	r1,r2,r5
  625  00001840  1020003c	beqz	r1,L73_LF0
  626  00001844  54000000	nop; not filled.
  627  00001848          	L75_LF0:
  628  00001848  23bdfff0	addi	r29,r29,#-16
  629  0000184c  3c060000	lhi	r6,((LC8_LF0)>>16)&0xffff
  630  00001850  24c6308c	addui	r6,r6,(LC8_LF0)&0xffff
  631  00001854  afa60000	sw	(r29),r6
  632  00001858  afa30004	sw	4(r29),r3
  633  0000185c  20060000	addi	r6,r0,#0
  634  00001860  afa60008	sw	8(r29),r6
  635  00001864  0c000104	jal	_process_create
  636  00001868  54000000	nop; not filled.
  637  0000186c  23bd0010	addi	r29,r29,#16
  638  00001870  20420001	addi	r2,r2,#1
  639  00001874  0045082a	slt	r1,r2,r5
  640  00001878  1420ffcc	bnez	r1,L75_LF0
  641  0000187c  54000000	nop; not filled.
  642  00001880          	L73_LF0:
  643  00001880  23bdfff8	addi	r29,r29,#-8
  644  00001884  afa40000	sw	(r29),r4
  645  00001888  0c000110	jal	_sem_wait
  646  0000188c  54000000	nop; not filled.
  647  00001890  23bd0008	addi	r29,r29,#8
  648  00001894  64210001	snei	r1,r1,#1
  649  00001898  1020002c	beqz	r1,L77_LF0
  650  0000189c  54000000	nop; not filled.
  651  000018a0  23bdfff8	addi	r29,r29,#-8
  652  000018a4  3c060000	lhi	r6,((LC2_LF0)>>16)&0xffff
  653  000018a8  24c63024	addui	r6,r6,(LC2_LF0)&0xffff
  654  000018ac  afa60000	sw	(r29),r6
  655  000018b0  afa40004	sw	4(r29),r4
  656  000018b4  0c00009c	jal	_Printf
  657  000018b8  54000000	nop; not filled.
  658  000018bc  0c00019c	jal	_Exit
  659  000018c0  54000000	nop; not filled.
  660  000018c4  23bd0008	addi	r29,r29,#8
  661  000018c8          	L77_LF0:
  662  000018c8  23bdfff8	addi	r29,r29,#-8
  663  000018cc  3c060000	lhi	r6,((LC9_LF0)>>16)&0xffff
  664  000018d0  24c63098	addui	r6,r6,(LC9_LF0)&0xffff
  665  000018d4  afa60000	sw	(r29),r6
  666  000018d8  0c000078	jal	_Printf
  667  000018dc  54000000	nop; not filled.
  668  000018e0  0c00007c	jal	_getpid
  669  000018e4  54000000	nop; not filled.
  670  000018e8  3c060000	lhi	r6,((LC10_LF0)>>16)&0xffff
  671  000018ec  24c630f0	addui	r6,r6,(LC10_LF0)&0xffff
  672  000018f0  afa60000	sw	(r29),r6
  673  000018f4  afa10004	sw	4(r29),r1
  674  000018f8  0c000058	jal	_Printf
  675  000018fc  54000000	nop; not filled.
  676  00001900  23bd0008	addi	r29,r29,#8
  677  00001904  0c000f00	jal	_exit
  678  00001908  54000000	nop
  679  0000190c          	.endproc _main
  680                      ;;;
  681                      ;;; Stub functions for DLX traps.
  682                      ;;;
  683                      ;;; Ethan L. Miller, 1999.  Released to the public domain.
  684                      ;;;
  685                      ;;; The traps such as Open and Close
  686                      ;;; (note the capital letters) are for use by user programs.  The traps
  687                      ;;; with names such as open and close (lower case) are for use by the OS.
  688                      ;;;
  691  0000190c          	.align 2
  693                      ;;; The following are the traps to be used by user-level programs
  694                      ;;;
  696  0000190c          	.align 2
  697  0000190c          	.proc _Open
  698  0000190c          	.global _Open
  699  0000190c          	_Open:
  700                      ;;; Note that trap #0x213 actually causes a trap vector in the OS of
  701                      ;;; 0x1213.  The same is true for other user traps.  Thus, a user trap
  702                      ;;; with trap #0x240 will result in a trap vector of 0x1240 in the OS.
  703  0000190c  44000213	trap	#0x213
  704  00001910  4be00000	jr	r31
  705  00001914  54000000	nop
  706  00001918          	.endproc _Open
  708  00001918          	.proc _Close
  709  00001918          	.global _Close
  710  00001918          	_Close:
  711  00001918  44000214	trap	#0x214
  712  0000191c  4be00000	jr	r31
  713  00001920  54000000	nop
  714  00001924          	.endproc _Close
  716  00001924          	.proc _Read
  717  00001924          	.global _Read
  718  00001924          	_Read:
  719  00001924  44000210	trap	#0x210
  720  00001928  4be00000	jr	r31
  721  0000192c  54000000	nop
  722  00001930          	.endproc _Read
  724  00001930          	.proc _Write
  725  00001930          	.global _Write
  726  00001930          	_Write:
  727  00001930  44000211	trap	#0x211
  728  00001934  4be00000	jr	r31
  729  00001938  54000000	nop
  730  0000193c          	.endproc _Write
  732  0000193c          	.proc _Lseek
  733  0000193c          	.global _Lseek
  734  0000193c          	_Lseek:
  735  0000193c  44000212	trap	#0x212
  736  00001940  4be00000	jr	r31
  737  00001944  54000000	nop
  738  00001948          	.endproc _Lseek
  740  00001948          	.proc _Putchar
  741  00001948          	.global _Putchar
  742  00001948          	_Putchar:
  743  00001948  44000280	trap	#0x280
  744  0000194c  4be00000	jr	r31
  745  00001950  54000000	nop
  746  00001954          	.endproc _Putchar
  748  00001954          	.proc _Printf
  749  00001954          	.global _Printf
  750  00001954          	_Printf:
  751  00001954  44000201	trap	#0x201
  752  00001958  4be00000	jr	r31
  753  0000195c  54000000	nop
  754  00001960          	.endproc _Printf
  756  00001960          	.proc _getpid
  757  00001960          	.global _getpid
  758  00001960          	_getpid:
  759  00001960  44000431	trap	#0x431
  760  00001964  4be00000	jr	r31
  761  00001968  54000000	nop
  762  0000196c          	.endproc _getpid
  764  0000196c          	.proc _process_create
  765  0000196c          	.global _process_create
  766  0000196c          	_process_create:
  767  0000196c  44000432	trap	#0x432
  768  00001970  4be00000	jr	r31
  769  00001974  54000000	nop
  770  00001978          	.endproc _process_create
  772  00001978          	.proc _shmget
  773  00001978          	.global _shmget
  774  00001978          	_shmget:
  775  00001978  44000440	trap	#0x440
  776  0000197c  4be00000	jr	r31
  777  00001980  54000000	nop
  778  00001984          	.endproc _shmget
  780  00001984          	.proc _shmat
  781  00001984          	.global _shmat
  782  00001984          	_shmat:
  783  00001984  44000441	trap	#0x441
  784  00001988  4be00000	jr	r31
  785  0000198c  54000000	nop
  786  00001990          	.endproc _shmat
  788  00001990          	.proc _sem_create
  789  00001990          	.global _sem_create
  790  00001990          	_sem_create:
  791  00001990  44000450	trap	#0x450
  792  00001994  4be00000	jr	r31
  793  00001998  54000000	nop
  794  0000199c          	.endproc _sem_create
  796  0000199c          	.proc _sem_wait
  797  0000199c          	.global _sem_wait
  798  0000199c          	_sem_wait:
  799  0000199c  44000451	trap	#0x451
  800  000019a0  4be00000	jr	r31
  801  000019a4  54000000	nop
  802  000019a8          	.endproc _sem_wait
  804  000019a8          	.proc _sem_signal
  805  000019a8          	.global _sem_signal
  806  000019a8          	_sem_signal:
  807  000019a8  44000452	trap	#0x452
  808  000019ac  4be00000	jr	r31
  809  000019b0  54000000	nop
  810  000019b4          	.endproc _sem_signal
  812  000019b4          	.proc _lock_create
  813  000019b4          	.global _lock_create
  814  000019b4          	_lock_create:
  815  000019b4  44000453	trap	#0x453
  816  000019b8  4be00000	jr	r31
  817  000019bc  54000000	nop
  818  000019c0          	.endproc _lock_create
  820  000019c0          	.proc _lock_acquire
  821  000019c0          	.global _lock_acquire
  822  000019c0          	_lock_acquire:
  823  000019c0  44000454	trap	#0x454
  824  000019c4  4be00000	jr	r31
  825  000019c8  54000000	nop
  826  000019cc          	.endproc _lock_acquire
  828  000019cc          	.proc _lock_release
  829  000019cc          	.global _lock_release
  830  000019cc          	_lock_release:
  831  000019cc  44000455	trap	#0x455
  832  000019d0  4be00000	jr	r31
  833  000019d4  54000000	nop
  834  000019d8          	.endproc _lock_release
  836  000019d8          	.proc _cond_create
  837  000019d8          	.global _cond_create
  838  000019d8          	_cond_create:
  839  000019d8  44000456	trap	#0x456
  840  000019dc  4be00000	jr	r31
  841  000019e0  54000000	nop
  842  000019e4          	.endproc _cond_create
  844  000019e4          	.proc _cond_wait
  845  000019e4          	.global _cond_wait
  846  000019e4          	_cond_wait:
  847  000019e4  44000457	trap	#0x457
  848  000019e8  4be00000	jr	r31
  849  000019ec  54000000	nop
  850  000019f0          	.endproc _cond_wait
  852  000019f0          	.proc _cond_signal
  853  000019f0          	.global _cond_signal
  854  000019f0          	_cond_signal:
  855  000019f0  44000458	trap	#0x458
  856  000019f4  4be00000	jr	r31
  857  000019f8  54000000	nop
  858  000019fc          	.endproc _cond_signal
  860  000019fc          	.proc _cond_broadcast
  861  000019fc          	.global _cond_broadcast
  862  000019fc          	_cond_broadcast:
  863  000019fc  44000459	trap	#0x459
  864  00001a00  4be00000	jr	r31
  865  00001a04  54000000	nop
  866  00001a08          	.endproc _cond_broadcast
  868  00001a08          	.proc _mbox_create
  869  00001a08          	.global _mbox_create
  870  00001a08          	_mbox_create:
  871  00001a08  44000460	trap	#0x460
  872  00001a0c  4be00000	jr	r31
  873  00001a10  54000000	nop
  874  00001a14          	.endproc _mbox_create
  876  00001a14          	.proc _mbox_open
  877  00001a14          	.global _mbox_open
  878  00001a14          	_mbox_open:
  879  00001a14  44000461	trap	#0x461
  880  00001a18  4be00000	jr	r31
  881  00001a1c  54000000	nop
  882  00001a20          	.endproc _mbox_open
  884  00001a20          	.proc _mbox_close
  885  00001a20          	.global _mbox_close
  886  00001a20          	_mbox_close:
  887  00001a20  44000462	trap	#0x462
  888  00001a24  4be00000	jr	r31
  889  00001a28  54000000	nop
  890  00001a2c          	.endproc _mbox_close
  892  00001a2c          	.proc _mbox_send
  893  00001a2c          	.global _mbox_send
  894  00001a2c          	_mbox_send:
  895  00001a2c  44000463	trap	#0x463
  896  00001a30  4be00000	jr	r31
  897  00001a34  54000000	nop
  898  00001a38          	.endproc _mbox_send
  900  00001a38          	.proc _mbox_recv
  901  00001a38          	.global _mbox_recv
  902  00001a38          	_mbox_recv:
  903  00001a38  44000464	trap	#0x464
  904  00001a3c  4be00000	jr	r31
  905  00001a40  54000000	nop
  906  00001a44          	.endproc _mbox_recv
  908  00001a44          	.proc _sleep
  909  00001a44          	.global _sleep
  910  00001a44          	_sleep:
  911  00001a44  44000465	trap	#0x465
  912  00001a48  4be00000	jr	r31
  913  00001a4c  54000000	nop
  914  00001a50          	.endproc _sleep
  916  00001a50          	.proc _yield
  917  00001a50          	.global _yield
  918  00001a50          	_yield:
  919  00001a50  44000466	trap	#0x466
  920  00001a54  4be00000	jr	r31
  921  00001a58  54000000	nop
  922  00001a5c          	.endproc _yield
  925  00001a5c          	.proc _Exit
  926  00001a5c          	.global _Exit
  927  00001a5c          	_Exit:
  928  00001a5c  44000500	trap	#0x500
  929  00001a60  4be00000	jr	r31
  930  00001a64  54000000	nop
  931  00001a68          	.endproc _Exit
  934  00001a68          	.proc _malloc
  935  00001a68          	.global _malloc
  936  00001a68          	_malloc:
  937  00001a68  44000467	trap	#0x467
  938  00001a6c  4be00000	jr	r31
  939  00001a70          	.endproc _malloc
  942  00001a70          	.proc _mfree
  943  00001a70          	.global _mfree
  944  00001a70          	_mfree:
  945  00001a70  44000468	trap	#0x468
  946  00001a74  4be00000	jr	r31
  947  00001a78          	.endproc _mfree
  948                      ; Compiled by GCC
  950  00001a78          	.align 2
  951  00001a78          	.proc _isspace
  952  00001a78          	.global _isspace
  953  00001a78          	_isspace:
  954                      ;  Function 'isspace'; 0 bytes of locals, 3 regs to save.
  955  00001a78  afbefffc	sw	-4(r29),r30; push fp
  956  00001a7c  001df020	add	r30,r0,r29; fp = sp
  957  00001a80  afbffff8	sw	-8(r29),r31; push ret addr
  958  00001a84  2fbd0018	subui	r29,r29,#24; alloc local storage
  959  00001a88  afa20000	sw	0(r29),r2
  960  00001a8c  afa30004	sw	4(r29),r3
  961  00001a90  afa40008	sw	8(r29),r4
  962  00001a94  83c20003	lb	r2,3(r30)
  963  00001a98  20010000	addi	r1,r0,#0
  964  00001a9c  304300ff	andi	r3,r2,#0x00ff
  965  00001aa0  60640020	seqi	r4,r3,#32
  966  00001aa4  1480002c	bnez	r4,L3_LF2
  967  00001aa8  54000000	nop; delay slot nop
  968  00001aac  304300ff	andi	r3,r2,#0x00ff
  969  00001ab0  60640009	seqi	r4,r3,#9
  970  00001ab4  1480001c	bnez	r4,L3_LF2
  971  00001ab8  54000000	nop; delay slot nop
  972  00001abc  304300ff	andi	r3,r2,#0x00ff
  973  00001ac0  6064000a	seqi	r4,r3,#10
  974  00001ac4  1480000c	bnez	r4,L3_LF2
  975  00001ac8  54000000	nop; delay slot nop
  976  00001acc  08000008	j	L2_LF2
  977  00001ad0  54000000	nop; delay slot nop
  978  00001ad4          	L3_LF2:
  979  00001ad4  20010001	addi	r1,r0,#1
  980  00001ad8          	L2_LF2:
  981  00001ad8  08000004	j	L1_LF2
  982  00001adc  54000000	nop; delay slot nop
  983  00001ae0          	L1_LF2:
  984  00001ae0  8fa20000	lw	r2,0(r29)
  985  00001ae4  8fa30004	lw	r3,4(r29)
  986  00001ae8  8fa40008	lw	r4,8(r29)
  987  00001aec  8fdffff8	lw	r31,-8(r30)
  988  00001af0  001ee820	add	r29,r0,r30
  989  00001af4  8fdefffc	lw	r30,-4(r30)
  990  00001af8  4be00000	jr	r31
  991  00001afc  54000000	nop
  992  00001b00          	.endproc _isspace
  993  00001b00          	.align 2
  994  00001b00          	.proc _isxdigit
  995  00001b00          	.global _isxdigit
  996  00001b00          	_isxdigit:
  997                      ;  Function 'isxdigit'; 0 bytes of locals, 3 regs to save.
  998  00001b00  afbefffc	sw	-4(r29),r30; push fp
  999  00001b04  001df020	add	r30,r0,r29; fp = sp
 1000  00001b08  afbffff8	sw	-8(r29),r31; push ret addr
 1001  00001b0c  2fbd0018	subui	r29,r29,#24; alloc local storage
 1002  00001b10  afa20000	sw	0(r29),r2
 1003  00001b14  afa30004	sw	4(r29),r3
 1004  00001b18  afa40008	sw	8(r29),r4
 1005  00001b1c  83c20003	lb	r2,3(r30)
 1006  00001b20  20010000	addi	r1,r0,#0
 1007  00001b24  304300ff	andi	r3,r2,#0x00ff
 1008  00001b28  6c64002f	sgtui	r4,r3,#47
 1009  00001b2c  1080001c	beqz	r4,L7_LF2
 1010  00001b30  54000000	nop; delay slot nop
 1011  00001b34  304300ff	andi	r3,r2,#0x00ff
 1012  00001b38  70640039	sleui	r4,r3,#57
 1013  00001b3c  1480005c	bnez	r4,L6_LF2
 1014  00001b40  54000000	nop; delay slot nop
 1015  00001b44  08000004	j	L7_LF2
 1016  00001b48  54000000	nop; delay slot nop
 1017  00001b4c          	L7_LF2:
 1018  00001b4c  304300ff	andi	r3,r2,#0x00ff
 1019  00001b50  6c640060	sgtui	r4,r3,#96
 1020  00001b54  1080001c	beqz	r4,L8_LF2
 1021  00001b58  54000000	nop; delay slot nop
 1022  00001b5c  304300ff	andi	r3,r2,#0x00ff
 1023  00001b60  70640066	sleui	r4,r3,#102
 1024  00001b64  14800034	bnez	r4,L6_LF2
 1025  00001b68  54000000	nop; delay slot nop
 1026  00001b6c  08000004	j	L8_LF2
 1027  00001b70  54000000	nop; delay slot nop
 1028  00001b74          	L8_LF2:
 1029  00001b74  304300ff	andi	r3,r2,#0x00ff
 1030  00001b78  6c640040	sgtui	r4,r3,#64
 1031  00001b7c  10800020	beqz	r4,L5_LF2
 1032  00001b80  54000000	nop; delay slot nop
 1033  00001b84  304300ff	andi	r3,r2,#0x00ff
 1034  00001b88  70640041	sleui	r4,r3,#65
 1035  00001b8c  1480000c	bnez	r4,L6_LF2
 1036  00001b90  54000000	nop; delay slot nop
 1037  00001b94  08000008	j	L5_LF2
 1038  00001b98  54000000	nop; delay slot nop
 1039  00001b9c          	L6_LF2:
 1040  00001b9c  20010001	addi	r1,r0,#1
 1041  00001ba0          	L5_LF2:
 1042  00001ba0  08000004	j	L4_LF2
 1043  00001ba4  54000000	nop; delay slot nop
 1044  00001ba8          	L4_LF2:
 1045  00001ba8  8fa20000	lw	r2,0(r29)
 1046  00001bac  8fa30004	lw	r3,4(r29)
 1047  00001bb0  8fa40008	lw	r4,8(r29)
 1048  00001bb4  8fdffff8	lw	r31,-8(r30)
 1049  00001bb8  001ee820	add	r29,r0,r30
 1050  00001bbc  8fdefffc	lw	r30,-4(r30)
 1051  00001bc0  4be00000	jr	r31
 1052  00001bc4  54000000	nop
 1053  00001bc8          	.endproc _isxdigit
 1054  00001bc8          	.align 2
 1055  00001bc8          	.proc _dstrcpy
 1056  00001bc8          	.global _dstrcpy
 1057  00001bc8          	_dstrcpy:
 1058                      ;  Function 'dstrcpy'; 8 bytes of locals, 2 regs to save.
 1059  00001bc8  afbefffc	sw	-4(r29),r30; push fp
 1060  00001bcc  001df020	add	r30,r0,r29; fp = sp
 1061  00001bd0  afbffff8	sw	-8(r29),r31; push ret addr
 1062  00001bd4  2fbd0018	subui	r29,r29,#24; alloc local storage
 1063  00001bd8  afa20000	sw	0(r29),r2
 1064  00001bdc  afa30004	sw	4(r29),r3
 1065  00001be0  8fc10000	lw	r1,(r30)
 1066  00001be4  afc1fff4	sw	-12(r30),r1
 1067  00001be8          	L10_LF2:
 1068  00001be8  8fc10000	lw	r1,(r30)
 1069  00001bec  20220001	addi	r2,r1,#1
 1070  00001bf0  afc20000	sw	(r30),r2
 1071  00001bf4  8fc20004	lw	r2,4(r30)
 1072  00001bf8  20430001	addi	r3,r2,#1
 1073  00001bfc  afc30004	sw	4(r30),r3
 1074  00001c00  80420000	lb	r2,(r2)
 1075  00001c04  a0220000	sb	(r1),r2
 1076  00001c08  a3c2fff3	sb	-13(r30),r2
 1077  00001c0c          	L12_LF2:
 1078  00001c0c  93c1fff3	lbu	r1,-13(r30)
 1079  00001c10  64220000	snei	r2,r1,#0
 1080  00001c14  1440000c	bnez	r2,L13_LF2
 1081  00001c18  54000000	nop; delay slot nop
 1082  00001c1c  0800000c	j	L11_LF2
 1083  00001c20  54000000	nop; delay slot nop
 1084  00001c24          	L13_LF2:
 1085  00001c24  0bffffc0	j	L10_LF2
 1086  00001c28  54000000	nop; delay slot nop
 1087  00001c2c          	L11_LF2:
 1088  00001c2c  8fc1fff4	lw	r1,-12(r30)
 1089  00001c30  08000004	j	L9_LF2
 1090  00001c34  54000000	nop; delay slot nop
 1091  00001c38          	L9_LF2:
 1092  00001c38  8fa20000	lw	r2,0(r29)
 1093  00001c3c  8fa30004	lw	r3,4(r29)
 1094  00001c40  8fdffff8	lw	r31,-8(r30)
 1095  00001c44  001ee820	add	r29,r0,r30
 1096  00001c48  8fdefffc	lw	r30,-4(r30)
 1097  00001c4c  4be00000	jr	r31
 1098  00001c50  54000000	nop
 1099  00001c54          	.endproc _dstrcpy
 1100  00001c54          	.align 2
 1101  00001c54          	.proc _dstrncpy
 1102  00001c54          	.global _dstrncpy
 1103  00001c54          	_dstrncpy:
 1104                      ;  Function 'dstrncpy'; 8 bytes of locals, 2 regs to save.
 1105  00001c54  afbefffc	sw	-4(r29),r30; push fp
 1106  00001c58  001df020	add	r30,r0,r29; fp = sp
 1107  00001c5c  afbffff8	sw	-8(r29),r31; push ret addr
 1108  00001c60  2fbd0018	subui	r29,r29,#24; alloc local storage
 1109  00001c64  afa20000	sw	0(r29),r2
 1110  00001c68  afa30004	sw	4(r29),r3
 1111  00001c6c  8fc10000	lw	r1,(r30)
 1112  00001c70  afc1fff4	sw	-12(r30),r1
 1113  00001c74          	L15_LF2:
 1114  00001c74  8fc10008	lw	r1,8(r30)
 1115  00001c78  2022ffff	addi	r2,r1,#-1
 1116  00001c7c  afc20008	sw	8(r30),r2
 1117  00001c80  70210000	slei	r1,r1,#0
 1118  00001c84  1020000c	beqz	r1,L18_LF2
 1119  00001c88  54000000	nop; delay slot nop
 1120  00001c8c  08000048	j	L16_LF2
 1121  00001c90  54000000	nop; delay slot nop
 1122  00001c94          	L18_LF2:
 1123  00001c94  8fc10000	lw	r1,(r30)
 1124  00001c98  20220001	addi	r2,r1,#1
 1125  00001c9c  afc20000	sw	(r30),r2
 1126  00001ca0  8fc20004	lw	r2,4(r30)
 1127  00001ca4  20430001	addi	r3,r2,#1
 1128  00001ca8  afc30004	sw	4(r30),r3
 1129  00001cac  80420000	lb	r2,(r2)
 1130  00001cb0  a0220000	sb	(r1),r2
 1131  00001cb4  a3c2fff3	sb	-13(r30),r2
 1132  00001cb8          	L17_LF2:
 1133  00001cb8  93c1fff3	lbu	r1,-13(r30)
 1134  00001cbc  64220000	snei	r2,r1,#0
 1135  00001cc0  1440000c	bnez	r2,L19_LF2
 1136  00001cc4  54000000	nop; delay slot nop
 1137  00001cc8  0800000c	j	L16_LF2
 1138  00001ccc  54000000	nop; delay slot nop
 1139  00001cd0          	L19_LF2:
 1140  00001cd0  0bffffa0	j	L15_LF2
 1141  00001cd4  54000000	nop; delay slot nop
 1142  00001cd8          	L16_LF2:
 1143  00001cd8  8fc1fff4	lw	r1,-12(r30)
 1144  00001cdc  08000004	j	L14_LF2
 1145  00001ce0  54000000	nop; delay slot nop
 1146  00001ce4          	L14_LF2:
 1147  00001ce4  8fa20000	lw	r2,0(r29)
 1148  00001ce8  8fa30004	lw	r3,4(r29)
 1149  00001cec  8fdffff8	lw	r31,-8(r30)
 1150  00001cf0  001ee820	add	r29,r0,r30
 1151  00001cf4  8fdefffc	lw	r30,-4(r30)
 1152  00001cf8  4be00000	jr	r31
 1153  00001cfc  54000000	nop
 1154  00001d00          	.endproc _dstrncpy
 1155  00001d00          	.align 2
 1156  00001d00          	.proc _dstrcat
 1157  00001d00          	.global _dstrcat
 1158  00001d00          	_dstrcat:
 1159                      ;  Function 'dstrcat'; 8 bytes of locals, 1 regs to save.
 1160  00001d00  afbefffc	sw	-4(r29),r30; push fp
 1161  00001d04  001df020	add	r30,r0,r29; fp = sp
 1162  00001d08  afbffff8	sw	-8(r29),r31; push ret addr
 1163  00001d0c  2fbd0018	subui	r29,r29,#24; alloc local storage
 1164  00001d10  afa20000	sw	0(r29),r2
 1165  00001d14  8fc10000	lw	r1,(r30)
 1166  00001d18  afc1fff4	sw	-12(r30),r1
 1167  00001d1c          	L21_LF2:
 1168  00001d1c  8fc10000	lw	r1,(r30)
 1169  00001d20  90220000	lbu	r2,(r1)
 1170  00001d24  64410000	snei	r1,r2,#0
 1171  00001d28  1420000c	bnez	r1,L23_LF2
 1172  00001d2c  54000000	nop; delay slot nop
 1173  00001d30  0800001c	j	L22_LF2
 1174  00001d34  54000000	nop; delay slot nop
 1175  00001d38          	L23_LF2:
 1176  00001d38  8fc20000	lw	r2,(r30)
 1177  00001d3c  20410001	addi	r1,r2,#1
 1178  00001d40  00011020	add	r2,r0,r1
 1179  00001d44  afc20000	sw	(r30),r2
 1180  00001d48  0bffffd0	j	L21_LF2
 1181  00001d4c  54000000	nop; delay slot nop
 1182  00001d50          	L22_LF2:
 1183  00001d50  23bdfff8	addi	r29,r29,#-8
 1184  00001d54  001d0820	add	r1,r0,r29
 1185  00001d58  8fc20000	lw	r2,(r30)
 1186  00001d5c  ac220000	sw	(r1),r2
 1187  00001d60  8fc20004	lw	r2,4(r30)
 1188  00001d64  ac220004	sw	4(r1),r2
 1189  00001d68  0ffffe5c	jal	_dstrcpy
 1190  00001d6c  54000000	nop; delay slot nop
 1191  00001d70  23bd0008	addi	r29,r29,#8
 1192  00001d74  8fc1fff4	lw	r1,-12(r30)
 1193  00001d78  08000004	j	L20_LF2
 1194  00001d7c  54000000	nop; delay slot nop
 1195  00001d80          	L20_LF2:
 1196  00001d80  8fa20000	lw	r2,0(r29)
 1197  00001d84  8fdffff8	lw	r31,-8(r30)
 1198  00001d88  001ee820	add	r29,r0,r30
 1199  00001d8c  8fdefffc	lw	r30,-4(r30)
 1200  00001d90  4be00000	jr	r31
 1201  00001d94  54000000	nop
 1202  00001d98          	.endproc _dstrcat
 1203  00001d98          	.align 2
 1204  00001d98          	.proc _dstrncmp
 1205  00001d98          	.global _dstrncmp
 1206  00001d98          	_dstrncmp:
 1207                      ;  Function 'dstrncmp'; 8 bytes of locals, 2 regs to save.
 1208  00001d98  afbefffc	sw	-4(r29),r30; push fp
 1209  00001d9c  001df020	add	r30,r0,r29; fp = sp
 1210  00001da0  afbffff8	sw	-8(r29),r31; push ret addr
 1211  00001da4  2fbd0018	subui	r29,r29,#24; alloc local storage
 1212  00001da8  afa20000	sw	0(r29),r2
 1213  00001dac  afa30004	sw	4(r29),r3
 1214  00001db0  54000000	nop
 1215  00001db4  20010000	addi	r1,r0,#0
 1216  00001db8  afc1fff4	sw	-12(r30),r1
 1217  00001dbc          	L25_LF2:
 1218  00001dbc  8fc1fff4	lw	r1,-12(r30)
 1219  00001dc0  8fc20008	lw	r2,8(r30)
 1220  00001dc4  0022082a	slt	r1,r1,r2
 1221  00001dc8  1420000c	bnez	r1,L28_LF2
 1222  00001dcc  54000000	nop; delay slot nop
 1223  00001dd0  08000088	j	L26_LF2
 1224  00001dd4  54000000	nop; delay slot nop
 1225  00001dd8          	L28_LF2:
 1226  00001dd8  8fc10004	lw	r1,4(r30)
 1227  00001ddc  90220000	lbu	r2,(r1)
 1228  00001de0  64410000	snei	r1,r2,#0
 1229  00001de4  14200018	bnez	r1,L29_LF2
 1230  00001de8  54000000	nop; delay slot nop
 1231  00001dec  20010000	addi	r1,r0,#0
 1232  00001df0  080000d8	j	L24_LF2
 1233  00001df4  54000000	nop; delay slot nop
 1234  00001df8  08000028	j	L30_LF2
 1235  00001dfc  54000000	nop; delay slot nop
 1236  00001e00          	L29_LF2:
 1237  00001e00  8fc10000	lw	r1,(r30)
 1238  00001e04  8fc20004	lw	r2,4(r30)
 1239  00001e08  90210000	lbu	r1,(r1)
 1240  00001e0c  90420000	lbu	r2,(r2)
 1241  00001e10  00220829	sne	r1,r1,r2
 1242  00001e14  1020000c	beqz	r1,L30_LF2
 1243  00001e18  54000000	nop; delay slot nop
 1244  00001e1c  0800003c	j	L26_LF2
 1245  00001e20  54000000	nop; delay slot nop
 1246  00001e24          	L31_LF2:
 1247  00001e24          	L30_LF2:
 1248  00001e24  8fc20000	lw	r2,(r30)
 1249  00001e28  20410001	addi	r1,r2,#1
 1250  00001e2c  00011020	add	r2,r0,r1
 1251  00001e30  afc20000	sw	(r30),r2
 1252  00001e34  8fc20004	lw	r2,4(r30)
 1253  00001e38  20410001	addi	r1,r2,#1
 1254  00001e3c  00011020	add	r2,r0,r1
 1255  00001e40  afc20004	sw	4(r30),r2
 1256  00001e44          	L27_LF2:
 1257  00001e44  8fc2fff4	lw	r2,-12(r30)
 1258  00001e48  20410001	addi	r1,r2,#1
 1259  00001e4c  00011020	add	r2,r0,r1
 1260  00001e50  afc2fff4	sw	-12(r30),r2
 1261  00001e54  0bffff64	j	L25_LF2
 1262  00001e58  54000000	nop; delay slot nop
 1263  00001e5c          	L26_LF2:
 1264  00001e5c  8fc1fff4	lw	r1,-12(r30)
 1265  00001e60  8fc20008	lw	r2,8(r30)
 1266  00001e64  00220828	seq	r1,r1,r2
 1267  00001e68  10200018	beqz	r1,L32_LF2
 1268  00001e6c  54000000	nop; delay slot nop
 1269  00001e70  20010000	addi	r1,r0,#0
 1270  00001e74  08000054	j	L24_LF2
 1271  00001e78  54000000	nop; delay slot nop
 1272  00001e7c  0800004c	j	L33_LF2
 1273  00001e80  54000000	nop; delay slot nop
 1274  00001e84          	L32_LF2:
 1275  00001e84  8fc20000	lw	r2,(r30)
 1276  00001e88  90410000	lbu	r1,(r2)
 1277  00001e8c  8fc20004	lw	r2,4(r30)
 1278  00001e90  90430000	lbu	r3,(r2)
 1279  00001e94  00230822	sub	r1,r1,r3
 1280  00001e98  74220000	sgei	r2,r1,#0
 1281  00001e9c  10400020	beqz	r2,L34_LF2
 1282  00001ea0  54000000	nop; delay slot nop
 1283  00001ea4  8fc10000	lw	r1,(r30)
 1284  00001ea8  8fc20004	lw	r2,4(r30)
 1285  00001eac  90210000	lbu	r1,(r1)
 1286  00001eb0  90420000	lbu	r2,(r2)
 1287  00001eb4  00220829	sne	r1,r1,r2
 1288  00001eb8  08000008	j	L35_LF2
 1289  00001ebc  54000000	nop; delay slot nop
 1290  00001ec0          	L34_LF2:
 1291  00001ec0  2001ffff	addi	r1,r0,#-1
 1292  00001ec4          	L35_LF2:
 1293  00001ec4  08000004	j	L24_LF2
 1294  00001ec8  54000000	nop; delay slot nop
 1295  00001ecc          	L33_LF2:
 1296  00001ecc          	L24_LF2:
 1297  00001ecc  8fa20000	lw	r2,0(r29)
 1298  00001ed0  8fa30004	lw	r3,4(r29)
 1299  00001ed4  8fdffff8	lw	r31,-8(r30)
 1300  00001ed8  001ee820	add	r29,r0,r30
 1301  00001edc  8fdefffc	lw	r30,-4(r30)
 1302  00001ee0  4be00000	jr	r31
 1303  00001ee4  54000000	nop
 1304  00001ee8          	.endproc _dstrncmp
 1305  00001ee8          	.align 2
 1306  00001ee8          	.proc _dstrlen
 1307  00001ee8          	.global _dstrlen
 1308  00001ee8          	_dstrlen:
 1309                      ;  Function 'dstrlen'; 8 bytes of locals, 1 regs to save.
 1310  00001ee8  afbefffc	sw	-4(r29),r30; push fp
 1311  00001eec  001df020	add	r30,r0,r29; fp = sp
 1312  00001ef0  afbffff8	sw	-8(r29),r31; push ret addr
 1313  00001ef4  2fbd0018	subui	r29,r29,#24; alloc local storage
 1314  00001ef8  afa20000	sw	0(r29),r2
 1315  00001efc  20010000	addi	r1,r0,#0
 1316  00001f00  afc1fff4	sw	-12(r30),r1
 1317  00001f04          	L37_LF2:
 1318  00001f04  8fc10000	lw	r1,(r30)
 1319  00001f08  20220001	addi	r2,r1,#1
 1320  00001f0c  afc20000	sw	(r30),r2
 1321  00001f10  90210000	lbu	r1,(r1)
 1322  00001f14  64220000	snei	r2,r1,#0
 1323  00001f18  1440000c	bnez	r2,L39_LF2
 1324  00001f1c  54000000	nop; delay slot nop
 1325  00001f20  0800001c	j	L38_LF2
 1326  00001f24  54000000	nop; delay slot nop
 1327  00001f28          	L39_LF2:
 1328  00001f28  8fc2fff4	lw	r2,-12(r30)
 1329  00001f2c  20410001	addi	r1,r2,#1
 1330  00001f30  00011020	add	r2,r0,r1
 1331  00001f34  afc2fff4	sw	-12(r30),r2
 1332  00001f38  0bffffc8	j	L37_LF2
 1333  00001f3c  54000000	nop; delay slot nop
 1334  00001f40          	L38_LF2:
 1335  00001f40  8fc1fff4	lw	r1,-12(r30)
 1336  00001f44  08000004	j	L36_LF2
 1337  00001f48  54000000	nop; delay slot nop
 1338  00001f4c          	L36_LF2:
 1339  00001f4c  8fa20000	lw	r2,0(r29)
 1340  00001f50  8fdffff8	lw	r31,-8(r30)
 1341  00001f54  001ee820	add	r29,r0,r30
 1342  00001f58  8fdefffc	lw	r30,-4(r30)
 1343  00001f5c  4be00000	jr	r31
 1344  00001f60  54000000	nop
 1345  00001f64          	.endproc _dstrlen
 1346  00001f64          	.align 2
 1347  00001f64          	.proc _dstrstr
 1348  00001f64          	.global _dstrstr
 1349  00001f64          	_dstrstr:
 1350                      ;  Function 'dstrstr'; 8 bytes of locals, 1 regs to save.
 1351  00001f64  afbefffc	sw	-4(r29),r30; push fp
 1352  00001f68  001df020	add	r30,r0,r29; fp = sp
 1353  00001f6c  afbffff8	sw	-8(r29),r31; push ret addr
 1354  00001f70  2fbd0018	subui	r29,r29,#24; alloc local storage
 1355  00001f74  afa20000	sw	0(r29),r2
 1356  00001f78  23bdfff8	addi	r29,r29,#-8
 1357  00001f7c  001d0820	add	r1,r0,r29
 1358  00001f80  8fc20004	lw	r2,4(r30)
 1359  00001f84  ac220000	sw	(r1),r2
 1360  00001f88  0fffff5c	jal	_dstrlen
 1361  00001f8c  54000000	nop; delay slot nop
 1362  00001f90  23bd0008	addi	r29,r29,#8
 1363  00001f94  afc1fff4	sw	-12(r30),r1
 1364  00001f98          	L41_LF2:
 1365  00001f98  8fc10000	lw	r1,(r30)
 1366  00001f9c  90220000	lbu	r2,(r1)
 1367  00001fa0  64410000	snei	r1,r2,#0
 1368  00001fa4  1420000c	bnez	r1,L43_LF2
 1369  00001fa8  54000000	nop; delay slot nop
 1370  00001fac  08000060	j	L42_LF2
 1371  00001fb0  54000000	nop; delay slot nop
 1372  00001fb4          	L43_LF2:
 1373  00001fb4  23bdfff0	addi	r29,r29,#-16
 1374  00001fb8  001d0820	add	r1,r0,r29
 1375  00001fbc  8fc20000	lw	r2,(r30)
 1376  00001fc0  ac220000	sw	(r1),r2
 1377  00001fc4  8fc20004	lw	r2,4(r30)
 1378  00001fc8  ac220004	sw	4(r1),r2
 1379  00001fcc  8fc2fff4	lw	r2,-12(r30)
 1380  00001fd0  ac220008	sw	8(r1),r2
 1381  00001fd4  0ffffdc0	jal	_dstrncmp
 1382  00001fd8  54000000	nop; delay slot nop
 1383  00001fdc  23bd0010	addi	r29,r29,#16
 1384  00001fe0  64220000	snei	r2,r1,#0
 1385  00001fe4  14400010	bnez	r2,L44_LF2
 1386  00001fe8  54000000	nop; delay slot nop
 1387  00001fec  8fc10000	lw	r1,(r30)
 1388  00001ff0  08000028	j	L40_LF2
 1389  00001ff4  54000000	nop; delay slot nop
 1390  00001ff8          	L44_LF2:
 1391  00001ff8  8fc20000	lw	r2,(r30)
 1392  00001ffc  20410001	addi	r1,r2,#1
 1393  00002000  00011020	add	r2,r0,r1
 1394  00002004  afc20000	sw	(r30),r2
 1395  00002008  0bffff8c	j	L41_LF2
 1396  0000200c  54000000	nop; delay slot nop
 1397  00002010          	L42_LF2:
 1398  00002010  20010000	addi	r1,r0,#0
 1399  00002014  08000004	j	L40_LF2
 1400  00002018  54000000	nop; delay slot nop
 1401  0000201c          	L40_LF2:
 1402  0000201c  8fa20000	lw	r2,0(r29)
 1403  00002020  8fdffff8	lw	r31,-8(r30)
 1404  00002024  001ee820	add	r29,r0,r30
 1405  00002028  8fdefffc	lw	r30,-4(r30)
 1406  0000202c  4be00000	jr	r31
 1407  00002030  54000000	nop
 1408  00002034          	.endproc _dstrstr
 1409  00002034          	.align 2
 1410  00002034          	.proc _dmindex
 1411  00002034          	.global _dmindex
 1412  00002034          	_dmindex:
 1413                      ;  Function 'dmindex'; 8 bytes of locals, 1 regs to save.
 1414  00002034  afbefffc	sw	-4(r29),r30; push fp
 1415  00002038  001df020	add	r30,r0,r29; fp = sp
 1416  0000203c  afbffff8	sw	-8(r29),r31; push ret addr
 1417  00002040  2fbd0018	subui	r29,r29,#24; alloc local storage
 1418  00002044  afa20000	sw	0(r29),r2
 1419  00002048  54000000	nop
 1420  0000204c          	L46_LF2:
 1421  0000204c  8fc10000	lw	r1,(r30)
 1422  00002050  90220000	lbu	r2,(r1)
 1423  00002054  64410000	snei	r1,r2,#0
 1424  00002058  1420000c	bnez	r1,L48_LF2
 1425  0000205c  54000000	nop; delay slot nop
 1426  00002060  08000070	j	L47_LF2
 1427  00002064  54000000	nop; delay slot nop
 1428  00002068          	L48_LF2:
 1429  00002068  8fc10004	lw	r1,4(r30)
 1430  0000206c  afc1fff4	sw	-12(r30),r1
 1431  00002070          	L49_LF2:
 1432  00002070  8fc1fff4	lw	r1,-12(r30)
 1433  00002074  90220000	lbu	r2,(r1)
 1434  00002078  64410000	snei	r1,r2,#0
 1435  0000207c  1420000c	bnez	r1,L52_LF2
 1436  00002080  54000000	nop; delay slot nop
 1437  00002084  08000044	j	L50_LF2
 1438  00002088  54000000	nop; delay slot nop
 1439  0000208c          	L52_LF2:
 1440  0000208c  8fc10000	lw	r1,(r30)
 1441  00002090  8fc2fff4	lw	r2,-12(r30)
 1442  00002094  90210000	lbu	r1,(r1)
 1443  00002098  90420000	lbu	r2,(r2)
 1444  0000209c  00220828	seq	r1,r1,r2
 1445  000020a0  10200010	beqz	r1,L51_LF2
 1446  000020a4  54000000	nop; delay slot nop
 1447  000020a8  8fc10000	lw	r1,(r30)
 1448  000020ac  08000030	j	L45_LF2
 1449  000020b0  54000000	nop; delay slot nop
 1450  000020b4          	L53_LF2:
 1451  000020b4          	L51_LF2:
 1452  000020b4  8fc2fff4	lw	r2,-12(r30)
 1453  000020b8  20410001	addi	r1,r2,#1
 1454  000020bc  00011020	add	r2,r0,r1
 1455  000020c0  afc2fff4	sw	-12(r30),r2
 1456  000020c4  0bffffa8	j	L49_LF2
 1457  000020c8  54000000	nop; delay slot nop
 1458  000020cc          	L50_LF2:
 1459  000020cc  0bffff7c	j	L46_LF2
 1460  000020d0  54000000	nop; delay slot nop
 1461  000020d4          	L47_LF2:
 1462  000020d4  20010000	addi	r1,r0,#0
 1463  000020d8  08000004	j	L45_LF2
 1464  000020dc  54000000	nop; delay slot nop
 1465  000020e0          	L45_LF2:
 1466  000020e0  8fa20000	lw	r2,0(r29)
 1467  000020e4  8fdffff8	lw	r31,-8(r30)
 1468  000020e8  001ee820	add	r29,r0,r30
 1469  000020ec  8fdefffc	lw	r30,-4(r30)
 1470  000020f0  4be00000	jr	r31
 1471  000020f4  54000000	nop
 1472  000020f8          	.endproc _dmindex
 1473  000020f8          	.align 2
 1474  000020f8          	.proc _dindex
 1475  000020f8          	.global _dindex
 1476  000020f8          	_dindex:
 1477                      ;  Function 'dindex'; 0 bytes of locals, 1 regs to save.
 1478  000020f8  afbefffc	sw	-4(r29),r30; push fp
 1479  000020fc  001df020	add	r30,r0,r29; fp = sp
 1480  00002100  afbffff8	sw	-8(r29),r31; push ret addr
 1481  00002104  2fbd0010	subui	r29,r29,#16; alloc local storage
 1482  00002108  afa20000	sw	0(r29),r2
 1483  0000210c  54000000	nop
 1484  00002110          	L55_LF2:
 1485  00002110  8fc10000	lw	r1,(r30)
 1486  00002114  90220000	lbu	r2,(r1)
 1487  00002118  64410000	snei	r1,r2,#0
 1488  0000211c  1420000c	bnez	r1,L57_LF2
 1489  00002120  54000000	nop; delay slot nop
 1490  00002124  08000040	j	L56_LF2
 1491  00002128  54000000	nop; delay slot nop
 1492  0000212c          	L57_LF2:
 1493  0000212c  8fc10000	lw	r1,(r30)
 1494  00002130  90220000	lbu	r2,(r1)
 1495  00002134  8fc10004	lw	r1,4(r30)
 1496  00002138  00411028	seq	r2,r2,r1
 1497  0000213c  10400010	beqz	r2,L58_LF2
 1498  00002140  54000000	nop; delay slot nop
 1499  00002144  8fc10000	lw	r1,(r30)
 1500  00002148  08000028	j	L54_LF2
 1501  0000214c  54000000	nop; delay slot nop
 1502  00002150          	L58_LF2:
 1503  00002150  8fc20000	lw	r2,(r30)
 1504  00002154  20410001	addi	r1,r2,#1
 1505  00002158  00011020	add	r2,r0,r1
 1506  0000215c  afc20000	sw	(r30),r2
 1507  00002160  0bffffac	j	L55_LF2
 1508  00002164  54000000	nop; delay slot nop
 1509  00002168          	L56_LF2:
 1510  00002168  20010000	addi	r1,r0,#0
 1511  0000216c  08000004	j	L54_LF2
 1512  00002170  54000000	nop; delay slot nop
 1513  00002174          	L54_LF2:
 1514  00002174  8fa20000	lw	r2,0(r29)
 1515  00002178  8fdffff8	lw	r31,-8(r30)
 1516  0000217c  001ee820	add	r29,r0,r30
 1517  00002180  8fdefffc	lw	r30,-4(r30)
 1518  00002184  4be00000	jr	r31
 1519  00002188  54000000	nop
 1520  0000218c          	.endproc _dindex
 1521  0000218c          	.align 2
 1522  0000218c          	.proc _ditoa
 1523  0000218c          	.global _ditoa
 1524  0000218c          	_ditoa:
 1525                      ;  Function 'ditoa'; 8 bytes of locals, 2 regs to save.
 1526  0000218c  afbefffc	sw	-4(r29),r30; push fp
 1527  00002190  001df020	add	r30,r0,r29; fp = sp
 1528  00002194  afbffff8	sw	-8(r29),r31; push ret addr
 1529  00002198  2fbd0018	subui	r29,r29,#24; alloc local storage
 1530  0000219c  afa20000	sw	0(r29),r2
 1531  000021a0  afa30004	sw	4(r29),r3
 1532  000021a4  8fc10000	lw	r1,(r30)
 1533  000021a8  68220000	slti	r2,r1,#0
 1534  000021ac  1040002c	beqz	r2,L60_LF2
 1535  000021b0  54000000	nop; delay slot nop
 1536  000021b4  8fc10004	lw	r1,4(r30)
 1537  000021b8  20220001	addi	r2,r1,#1
 1538  000021bc  afc20004	sw	4(r30),r2
 1539  000021c0  2002002d	addi	r2,r0,(#0x2d)&0xff
 1540  000021c4  a0220000	sb	(r1),r2
 1541  000021c8  8fc10000	lw	r1,(r30)
 1542  000021cc  00011022	sub	r2,r0,r1
 1543  000021d0  afc20000	sw	(r30),r2
 1544  000021d4  08000118	j	L61_LF2
 1545  000021d8  54000000	nop; delay slot nop
 1546  000021dc          	L60_LF2:
 1547  000021dc  8fc10000	lw	r1,(r30)
 1548  000021e0  64220000	snei	r2,r1,#0
 1549  000021e4  14400020	bnez	r2,L62_LF2
 1550  000021e8  54000000	nop; delay slot nop
 1551  000021ec  8fc10004	lw	r1,4(r30)
 1552  000021f0  20220001	addi	r2,r1,#1
 1553  000021f4  afc20004	sw	4(r30),r2
 1554  000021f8  20020030	addi	r2,r0,(#0x30)&0xff
 1555  000021fc  a0220000	sb	(r1),r2
 1556  00002200  080000ec	j	L61_LF2
 1557  00002204  54000000	nop; delay slot nop
 1558  00002208          	L62_LF2:
 1559  00002208  20010001	addi	r1,r0,#1
 1560  0000220c  afc1fff4	sw	-12(r30),r1
 1561  00002210          	L64_LF2:
 1562  00002210  8fc1fff4	lw	r1,-12(r30)
 1563  00002214  8fc20000	lw	r2,(r30)
 1564  00002218  0022082c	sle	r1,r1,r2
 1565  0000221c  1420000c	bnez	r1,L66_LF2
 1566  00002220  54000000	nop; delay slot nop
 1567  00002224  08000024	j	L65_LF2
 1568  00002228  54000000	nop; delay slot nop
 1569  0000222c          	L67_LF2:
 1570  0000222c          	L66_LF2:
 1571  0000222c  8fc1fff4	lw	r1,-12(r30)
 1572  00002230  00011820	add	r3,r0,r1
 1573  00002234  50620002	slli	r2,r3,#0x2
 1574  00002238  00411020	add	r2,r2,r1
 1575  0000223c  50410001	slli	r1,r2,#0x1
 1576  00002240  afc1fff4	sw	-12(r30),r1
 1577  00002244  0bffffc8	j	L64_LF2
 1578  00002248  54000000	nop; delay slot nop
 1579  0000224c          	L65_LF2:
 1580  0000224c  54000000	nop
 1581  00002250          	L68_LF2:
 1582  00002250  8fc1fff4	lw	r1,-12(r30)
 1583  00002254  2002000a	addi	r2,r0,#10
 1584  00002258  00200035	movi2fp	f0,r1
 1585  0000225c  00400835	movi2fp	f1,r2
 1586  00002260  0401000f	div	f0,f0,f1
 1587  00002264  00000834	movfp2i	r1,f0
 1588  00002268  afc1fff4	sw	-12(r30),r1
 1589  0000226c  8fc10004	lw	r1,4(r30)
 1590  00002270  20220001	addi	r2,r1,#1
 1591  00002274  afc20004	sw	4(r30),r2
 1592  00002278  8fc20000	lw	r2,(r30)
 1593  0000227c  8fc3fff4	lw	r3,-12(r30)
 1594  00002280  00400035	movi2fp	f0,r2
 1595  00002284  00600835	movi2fp	f1,r3
 1596  00002288  0401000f	div	f0,f0,f1
 1597  0000228c  00001034	movfp2i	r2,f0
 1598  00002290  00021820	add	r3,r0,r2
 1599  00002294  20620030	addi	r2,r3,#48
 1600  00002298  a0220000	sb	(r1),r2
 1601  0000229c  8fc10000	lw	r1,(r30)
 1602  000022a0  8fc3fff4	lw	r3,-12(r30)
 1603  000022a4  00200035	movi2fp	f0,r1
 1604  000022a8  00600835	movi2fp	f1,r3
 1605  000022ac  0401000f	div	f0,f0,f1
 1606  000022b0  00001034	movfp2i	r2,f0
 1607  000022b4  8fc3fff4	lw	r3,-12(r30)
 1608  000022b8  00400035	movi2fp	f0,r2
 1609  000022bc  00600835	movi2fp	f1,r3
 1610  000022c0  0401000e	mult	f0,f0,f1
 1611  000022c4  00001034	movfp2i	r2,f0
 1612  000022c8  00220822	sub	r1,r1,r2
 1613  000022cc  afc10000	sw	(r30),r1
 1614  000022d0          	L70_LF2:
 1615  000022d0  8fc1fff4	lw	r1,-12(r30)
 1616  000022d4  6c220001	sgti	r2,r1,#1
 1617  000022d8  1440000c	bnez	r2,L71_LF2
 1618  000022dc  54000000	nop; delay slot nop
 1619  000022e0  0800000c	j	L61_LF2
 1620  000022e4  54000000	nop; delay slot nop
 1621  000022e8          	L71_LF2:
 1622  000022e8  0bffff64	j	L68_LF2
 1623  000022ec  54000000	nop; delay slot nop
 1624  000022f0          	L69_LF2:
 1625  000022f0          	L63_LF2:
 1626  000022f0          	L61_LF2:
 1627  000022f0  8fc10004	lw	r1,4(r30)
 1628  000022f4  20020000	addi	r2,r0,(#0x0)&0xff
 1629  000022f8  a0220000	sb	(r1),r2
 1630  000022fc          	L59_LF2:
 1631  000022fc  8fa20000	lw	r2,0(r29)
 1632  00002300  8fa30004	lw	r3,4(r29)
 1633  00002304  8fdffff8	lw	r31,-8(r30)
 1634  00002308  001ee820	add	r29,r0,r30
 1635  0000230c  8fdefffc	lw	r30,-4(r30)
 1636  00002310  4be00000	jr	r31
 1637  00002314  54000000	nop
 1638  00002318          	.endproc _ditoa
 1639  00002318          	.align 2
 1640  00002318          	.proc _dstrtol
 1641  00002318          	.global _dstrtol
 1642  00002318          	_dstrtol:
 1643                      ;  Function 'dstrtol'; 16 bytes of locals, 1 regs to save.
 1644  00002318  afbefffc	sw	-4(r29),r30; push fp
 1645  0000231c  001df020	add	r30,r0,r29; fp = sp
 1646  00002320  afbffff8	sw	-8(r29),r31; push ret addr
 1647  00002324  2fbd0020	subui	r29,r29,#32; alloc local storage
 1648  00002328  afa20000	sw	0(r29),r2
 1649  0000232c  20010000	addi	r1,r0,#0
 1650  00002330  afc1fff4	sw	-12(r30),r1
 1651  00002334          	L73_LF2:
 1652  00002334  8fc10000	lw	r1,(r30)
 1653  00002338  90220000	lbu	r2,(r1)
 1654  0000233c  60410020	seqi	r1,r2,#32
 1655  00002340  14200034	bnez	r1,L75_LF2
 1656  00002344  54000000	nop; delay slot nop
 1657  00002348  8fc10000	lw	r1,(r30)
 1658  0000234c  90220000	lbu	r2,(r1)
 1659  00002350  60410009	seqi	r1,r2,#9
 1660  00002354  14200020	bnez	r1,L75_LF2
 1661  00002358  54000000	nop; delay slot nop
 1662  0000235c  8fc10000	lw	r1,(r30)
 1663  00002360  90220000	lbu	r2,(r1)
 1664  00002364  6041000a	seqi	r1,r2,#10
 1665  00002368  1420000c	bnez	r1,L75_LF2
 1666  0000236c  54000000	nop; delay slot nop
 1667  00002370  0800001c	j	L74_LF2
 1668  00002374  54000000	nop; delay slot nop
 1669  00002378          	L75_LF2:
 1670  00002378  8fc20000	lw	r2,(r30)
 1671  0000237c  20410001	addi	r1,r2,#1
 1672  00002380  00011020	add	r2,r0,r1
 1673  00002384  afc20000	sw	(r30),r2
 1674  00002388  0bffffa8	j	L73_LF2
 1675  0000238c  54000000	nop; delay slot nop
 1676  00002390          	L74_LF2:
 1677  00002390  8fc10004	lw	r1,4(r30)
 1678  00002394  64220000	snei	r2,r1,#0
 1679  00002398  10400010	beqz	r2,L76_LF2
 1680  0000239c  54000000	nop; delay slot nop
 1681  000023a0  8fc10004	lw	r1,4(r30)
 1682  000023a4  8fc20000	lw	r2,(r30)
 1683  000023a8  ac220000	sw	(r1),r2
 1684  000023ac          	L76_LF2:
 1685  000023ac  8fc10000	lw	r1,(r30)
 1686  000023b0  90220000	lbu	r2,(r1)
 1687  000023b4  64410000	snei	r1,r2,#0
 1688  000023b8  14200010	bnez	r1,L77_LF2
 1689  000023bc  54000000	nop; delay slot nop
 1690  000023c0  8fc1fff4	lw	r1,-12(r30)
 1691  000023c4  08000294	j	L72_LF2
 1692  000023c8  54000000	nop; delay slot nop
 1693  000023cc          	L77_LF2:
 1694  000023cc  8fc10000	lw	r1,(r30)
 1695  000023d0  90220000	lbu	r2,(r1)
 1696  000023d4  6041002d	seqi	r1,r2,#45
 1697  000023d8  10200024	beqz	r1,L78_LF2
 1698  000023dc  54000000	nop; delay slot nop
 1699  000023e0  2001ffff	addi	r1,r0,#-1
 1700  000023e4  afc1ffec	sw	-20(r30),r1
 1701  000023e8  8fc20000	lw	r2,(r30)
 1702  000023ec  20410001	addi	r1,r2,#1
 1703  000023f0  00011020	add	r2,r0,r1
 1704  000023f4  afc20000	sw	(r30),r2
 1705  000023f8  0800000c	j	L79_LF2
 1706  000023fc  54000000	nop; delay slot nop
 1707  00002400          	L78_LF2:
 1708  00002400  20010001	addi	r1,r0,#1
 1709  00002404  afc1ffec	sw	-20(r30),r1
 1710  00002408          	L79_LF2:
 1711  00002408  8fc10008	lw	r1,8(r30)
 1712  0000240c  64220000	snei	r2,r1,#0
 1713  00002410  14400090	bnez	r2,L80_LF2
 1714  00002414  54000000	nop; delay slot nop
 1715  00002418  8fc10000	lw	r1,(r30)
 1716  0000241c  90220000	lbu	r2,(r1)
 1717  00002420  60410030	seqi	r1,r2,#48
 1718  00002424  10200074	beqz	r1,L81_LF2
 1719  00002428  54000000	nop; delay slot nop
 1720  0000242c  8fc20000	lw	r2,(r30)
 1721  00002430  20410001	addi	r1,r2,#1
 1722  00002434  00011020	add	r2,r0,r1
 1723  00002438  afc20000	sw	(r30),r2
 1724  0000243c  8fc10000	lw	r1,(r30)
 1725  00002440  90220000	lbu	r2,(r1)
 1726  00002444  60410078	seqi	r1,r2,#120
 1727  00002448  14200020	bnez	r1,L83_LF2
 1728  0000244c  54000000	nop; delay slot nop
 1729  00002450  8fc10000	lw	r1,(r30)
 1730  00002454  90220000	lbu	r2,(r1)
 1731  00002458  60410058	seqi	r1,r2,#88
 1732  0000245c  1420000c	bnez	r1,L83_LF2
 1733  00002460  54000000	nop; delay slot nop
 1734  00002464  08000024	j	L82_LF2
 1735  00002468  54000000	nop; delay slot nop
 1736  0000246c          	L83_LF2:
 1737  0000246c  20010010	addi	r1,r0,#16
 1738  00002470  afc10008	sw	8(r30),r1
 1739  00002474  8fc20000	lw	r2,(r30)
 1740  00002478  20410001	addi	r1,r2,#1
 1741  0000247c  00011020	add	r2,r0,r1
 1742  00002480  afc20000	sw	(r30),r2
 1743  00002484  0800000c	j	L84_LF2
 1744  00002488  54000000	nop; delay slot nop
 1745  0000248c          	L82_LF2:
 1746  0000248c  20010008	addi	r1,r0,#8
 1747  00002490  afc10008	sw	8(r30),r1
 1748  00002494          	L84_LF2:
 1749  00002494  0800000c	j	L80_LF2
 1750  00002498  54000000	nop; delay slot nop
 1751  0000249c          	L81_LF2:
 1752  0000249c  2001000a	addi	r1,r0,#10
 1753  000024a0  afc10008	sw	8(r30),r1
 1754  000024a4          	L85_LF2:
 1755  000024a4          	L80_LF2:
 1756  000024a4  8fc10008	lw	r1,8(r30)
 1757  000024a8  70220000	slei	r2,r1,#0
 1758  000024ac  1440001c	bnez	r2,L87_LF2
 1759  000024b0  54000000	nop; delay slot nop
 1760  000024b4  8fc10008	lw	r1,8(r30)
 1761  000024b8  6c220010	sgti	r2,r1,#16
 1762  000024bc  1440000c	bnez	r2,L87_LF2
 1763  000024c0  54000000	nop; delay slot nop
 1764  000024c4  08000010	j	L86_LF2
 1765  000024c8  54000000	nop; delay slot nop
 1766  000024cc          	L87_LF2:
 1767  000024cc  8fc1fff4	lw	r1,-12(r30)
 1768  000024d0  08000188	j	L72_LF2
 1769  000024d4  54000000	nop; delay slot nop
 1770  000024d8          	L86_LF2:
 1771  000024d8  54000000	nop
 1772  000024dc          	L88_LF2:
 1773  000024dc  8fc10000	lw	r1,(r30)
 1774  000024e0  90220000	lbu	r2,(r1)
 1775  000024e4  6c41002f	sgtui	r1,r2,#47
 1776  000024e8  10200030	beqz	r1,L91_LF2
 1777  000024ec  54000000	nop; delay slot nop
 1778  000024f0  8fc10000	lw	r1,(r30)
 1779  000024f4  90220000	lbu	r2,(r1)
 1780  000024f8  70410039	sleui	r1,r2,#57
 1781  000024fc  1020001c	beqz	r1,L91_LF2
 1782  00002500  54000000	nop; delay slot nop
 1783  00002504  8fc10000	lw	r1,(r30)
 1784  00002508  90220000	lbu	r2,(r1)
 1785  0000250c  2041ffd0	addi	r1,r2,#-48
 1786  00002510  afc1fff0	sw	-16(r30),r1
 1787  00002514  0800008c	j	L92_LF2
 1788  00002518  54000000	nop; delay slot nop
 1789  0000251c          	L91_LF2:
 1790  0000251c  8fc10000	lw	r1,(r30)
 1791  00002520  90220000	lbu	r2,(r1)
 1792  00002524  6c410060	sgtui	r1,r2,#96
 1793  00002528  10200030	beqz	r1,L93_LF2
 1794  0000252c  54000000	nop; delay slot nop
 1795  00002530  8fc10000	lw	r1,(r30)
 1796  00002534  90220000	lbu	r2,(r1)
 1797  00002538  7041007a	sleui	r1,r2,#122
 1798  0000253c  1020001c	beqz	r1,L93_LF2
 1799  00002540  54000000	nop; delay slot nop
 1800  00002544  8fc10000	lw	r1,(r30)
 1801  00002548  90220000	lbu	r2,(r1)
 1802  0000254c  2041ffa9	addi	r1,r2,#-87
 1803  00002550  afc1fff0	sw	-16(r30),r1
 1804  00002554  0800004c	j	L92_LF2
 1805  00002558  54000000	nop; delay slot nop
 1806  0000255c          	L93_LF2:
 1807  0000255c  8fc10000	lw	r1,(r30)
 1808  00002560  90220000	lbu	r2,(r1)
 1809  00002564  6c410040	sgtui	r1,r2,#64
 1810  00002568  10200030	beqz	r1,L95_LF2
 1811  0000256c  54000000	nop; delay slot nop
 1812  00002570  8fc10000	lw	r1,(r30)
 1813  00002574  90220000	lbu	r2,(r1)
 1814  00002578  7041005a	sleui	r1,r2,#90
 1815  0000257c  1020001c	beqz	r1,L95_LF2
 1816  00002580  54000000	nop; delay slot nop
 1817  00002584  8fc10000	lw	r1,(r30)
 1818  00002588  90220000	lbu	r2,(r1)
 1819  0000258c  2041ffc9	addi	r1,r2,#-55
 1820  00002590  afc1fff0	sw	-16(r30),r1
 1821  00002594  0800000c	j	L92_LF2
 1822  00002598  54000000	nop; delay slot nop
 1823  0000259c          	L95_LF2:
 1824  0000259c  200103e8	addi	r1,r0,#1000
 1825  000025a0  afc1fff0	sw	-16(r30),r1
 1826  000025a4          	L96_LF2:
 1827  000025a4          	L94_LF2:
 1828  000025a4          	L92_LF2:
 1829  000025a4  8fc1fff0	lw	r1,-16(r30)
 1830  000025a8  8fc20008	lw	r2,8(r30)
 1831  000025ac  0022082a	slt	r1,r1,r2
 1832  000025b0  10200040	beqz	r1,L90_LF2
 1833  000025b4  54000000	nop; delay slot nop
 1834  000025b8  8fc1fff4	lw	r1,-12(r30)
 1835  000025bc  8fc20008	lw	r2,8(r30)
 1836  000025c0  00200035	movi2fp	f0,r1
 1837  000025c4  00400835	movi2fp	f1,r2
 1838  000025c8  0401000e	mult	f0,f0,f1
 1839  000025cc  00000834	movfp2i	r1,f0
 1840  000025d0  afc1fff4	sw	-12(r30),r1
 1841  000025d4  8fc1fff4	lw	r1,-12(r30)
 1842  000025d8  8fc2fff0	lw	r2,-16(r30)
 1843  000025dc  00220820	add	r1,r1,r2
 1844  000025e0  afc1fff4	sw	-12(r30),r1
 1845  000025e4  8fc20000	lw	r2,(r30)
 1846  000025e8  20410001	addi	r1,r2,#1
 1847  000025ec  00011020	add	r2,r0,r1
 1848  000025f0  afc20000	sw	(r30),r2
 1849  000025f4          	L97_LF2:
 1850  000025f4          	L90_LF2:
 1851  000025f4  8fc1fff0	lw	r1,-16(r30)
 1852  000025f8  8fc20008	lw	r2,8(r30)
 1853  000025fc  0022082a	slt	r1,r1,r2
 1854  00002600  1420000c	bnez	r1,L98_LF2
 1855  00002604  54000000	nop; delay slot nop
 1856  00002608  0800000c	j	L89_LF2
 1857  0000260c  54000000	nop; delay slot nop
 1858  00002610          	L98_LF2:
 1859  00002610  0bfffec8	j	L88_LF2
 1860  00002614  54000000	nop; delay slot nop
 1861  00002618          	L89_LF2:
 1862  00002618  8fc10004	lw	r1,4(r30)
 1863  0000261c  64220000	snei	r2,r1,#0
 1864  00002620  10400010	beqz	r2,L99_LF2
 1865  00002624  54000000	nop; delay slot nop
 1866  00002628  8fc10004	lw	r1,4(r30)
 1867  0000262c  8fc20000	lw	r2,(r30)
 1868  00002630  ac220000	sw	(r1),r2
 1869  00002634          	L99_LF2:
 1870  00002634  8fc1fff4	lw	r1,-12(r30)
 1871  00002638  8fc2ffec	lw	r2,-20(r30)
 1872  0000263c  00200035	movi2fp	f0,r1
 1873  00002640  00400835	movi2fp	f1,r2
 1874  00002644  0401000e	mult	f0,f0,f1
 1875  00002648  00000834	movfp2i	r1,f0
 1876  0000264c  afc1fff4	sw	-12(r30),r1
 1877  00002650  8fc1fff4	lw	r1,-12(r30)
 1878  00002654  08000004	j	L72_LF2
 1879  00002658  54000000	nop; delay slot nop
 1880  0000265c          	L72_LF2:
 1881  0000265c  8fa20000	lw	r2,0(r29)
 1882  00002660  8fdffff8	lw	r31,-8(r30)
 1883  00002664  001ee820	add	r29,r0,r30
 1884  00002668  8fdefffc	lw	r30,-4(r30)
 1885  0000266c  4be00000	jr	r31
 1886  00002670  54000000	nop
 1887  00002674          	.endproc _dstrtol
 1888  00002674          	.align 2
 1889  00002674          	.proc _bcopy
 1890  00002674          	.global _bcopy
 1891  00002674          	_bcopy:
 1892                      ;  Function 'bcopy'; 0 bytes of locals, 2 regs to save.
 1893  00002674  afbefffc	sw	-4(r29),r30; push fp
 1894  00002678  001df020	add	r30,r0,r29; fp = sp
 1895  0000267c  afbffff8	sw	-8(r29),r31; push ret addr
 1896  00002680  2fbd0010	subui	r29,r29,#16; alloc local storage
 1897  00002684  afa20000	sw	0(r29),r2
 1898  00002688  afa30004	sw	4(r29),r3
 1899  0000268c  54000000	nop
 1900  00002690          	L101_LF2:
 1901  00002690  8fc10008	lw	r1,8(r30)
 1902  00002694  2022ffff	addi	r2,r1,#-1
 1903  00002698  afc20008	sw	8(r30),r2
 1904  0000269c  6c210000	sgti	r1,r1,#0
 1905  000026a0  1420000c	bnez	r1,L103_LF2
 1906  000026a4  54000000	nop; delay slot nop
 1907  000026a8  0800002c	j	L102_LF2
 1908  000026ac  54000000	nop; delay slot nop
 1909  000026b0          	L103_LF2:
 1910  000026b0  8fc10004	lw	r1,4(r30)
 1911  000026b4  20220001	addi	r2,r1,#1
 1912  000026b8  afc20004	sw	4(r30),r2
 1913  000026bc  8fc20000	lw	r2,(r30)
 1914  000026c0  20430001	addi	r3,r2,#1
 1915  000026c4  afc30000	sw	(r30),r3
 1916  000026c8  80420000	lb	r2,(r2)
 1917  000026cc  a0220000	sb	(r1),r2
 1918  000026d0  0bffffbc	j	L101_LF2
 1919  000026d4  54000000	nop; delay slot nop
 1920  000026d8          	L102_LF2:
 1921  000026d8          	L100_LF2:
 1922  000026d8  8fa20000	lw	r2,0(r29)
 1923  000026dc  8fa30004	lw	r3,4(r29)
 1924  000026e0  8fdffff8	lw	r31,-8(r30)
 1925  000026e4  001ee820	add	r29,r0,r30
 1926  000026e8  8fdefffc	lw	r30,-4(r30)
 1927  000026ec  4be00000	jr	r31
 1928  000026f0  54000000	nop
 1929  000026f4          	.endproc _bcopy
 1930  000026f4          	.align 2
 1931  000026f4          	.proc _bzero
 1932  000026f4          	.global _bzero
 1933  000026f4          	_bzero:
 1934                      ;  Function 'bzero'; 0 bytes of locals, 1 regs to save.
 1935  000026f4  afbefffc	sw	-4(r29),r30; push fp
 1936  000026f8  001df020	add	r30,r0,r29; fp = sp
 1937  000026fc  afbffff8	sw	-8(r29),r31; push ret addr
 1938  00002700  2fbd0010	subui	r29,r29,#16; alloc local storage
 1939  00002704  afa20000	sw	0(r29),r2
 1940  00002708  54000000	nop
 1941  0000270c          	L105_LF2:
 1942  0000270c  8fc10004	lw	r1,4(r30)
 1943  00002710  2022ffff	addi	r2,r1,#-1
 1944  00002714  afc20004	sw	4(r30),r2
 1945  00002718  6c210000	sgti	r1,r1,#0
 1946  0000271c  1420000c	bnez	r1,L107_LF2
 1947  00002720  54000000	nop; delay slot nop
 1948  00002724  08000020	j	L106_LF2
 1949  00002728  54000000	nop; delay slot nop
 1950  0000272c          	L107_LF2:
 1951  0000272c  8fc10000	lw	r1,(r30)
 1952  00002730  20220001	addi	r2,r1,#1
 1953  00002734  afc20000	sw	(r30),r2
 1954  00002738  20020000	addi	r2,r0,(#0x0)&0xff
 1955  0000273c  a0220000	sb	(r1),r2
 1956  00002740  0bffffc8	j	L105_LF2
 1957  00002744  54000000	nop; delay slot nop
 1958  00002748          	L106_LF2:
 1959  00002748          	L104_LF2:
 1960  00002748  8fa20000	lw	r2,0(r29)
 1961  0000274c  8fdffff8	lw	r31,-8(r30)
 1962  00002750  001ee820	add	r29,r0,r30
 1963  00002754  8fdefffc	lw	r30,-4(r30)
 1964  00002758  4be00000	jr	r31
 1965  0000275c  54000000	nop
 1966  00002760          	.endproc _bzero
 1967  00002760          	.align 2
 1968  00002760          	.proc _min
 1969  00002760          	.global _min
 1970  00002760          	_min:
 1971                      ;  Function 'min'; 0 bytes of locals, 2 regs to save.
 1972  00002760  afbefffc	sw	-4(r29),r30; push fp
 1973  00002764  001df020	add	r30,r0,r29; fp = sp
 1974  00002768  afbffff8	sw	-8(r29),r31; push ret addr
 1975  0000276c  2fbd0010	subui	r29,r29,#16; alloc local storage
 1976  00002770  afa20000	sw	0(r29),r2
 1977  00002774  afa30004	sw	4(r29),r3
 1978  00002778  8fc10000	lw	r1,(r30)
 1979  0000277c  8fc20004	lw	r2,4(r30)
 1980  00002780  0022182c	sle	r3,r1,r2
 1981  00002784  14600008	bnez	r3,L109_LF2
 1982  00002788  54000000	nop; delay slot nop
 1983  0000278c  8fc10004	lw	r1,4(r30)
 1984  00002790          	L109_LF2:
 1985  00002790  08000004	j	L108_LF2
 1986  00002794  54000000	nop; delay slot nop
 1987  00002798          	L108_LF2:
 1988  00002798  8fa20000	lw	r2,0(r29)
 1989  0000279c  8fa30004	lw	r3,4(r29)
 1990  000027a0  8fdffff8	lw	r31,-8(r30)
 1991  000027a4  001ee820	add	r29,r0,r30
 1992  000027a8  8fdefffc	lw	r30,-4(r30)
 1993  000027ac  4be00000	jr	r31
 1994  000027b0  54000000	nop
 1995  000027b4          	.endproc _min
 1996  000027b4          	.align 2
 1997  000027b4          	.proc _max
 1998  000027b4          	.global _max
 1999  000027b4          	_max:
 2000                      ;  Function 'max'; 0 bytes of locals, 2 regs to save.
 2001  000027b4  afbefffc	sw	-4(r29),r30; push fp
 2002  000027b8  001df020	add	r30,r0,r29; fp = sp
 2003  000027bc  afbffff8	sw	-8(r29),r31; push ret addr
 2004  000027c0  2fbd0010	subui	r29,r29,#16; alloc local storage
 2005  000027c4  afa20000	sw	0(r29),r2
 2006  000027c8  afa30004	sw	4(r29),r3
 2007  000027cc  8fc10000	lw	r1,(r30)
 2008  000027d0  8fc20004	lw	r2,4(r30)
 2009  000027d4  0022182d	sge	r3,r1,r2
 2010  000027d8  14600008	bnez	r3,L111_LF2
 2011  000027dc  54000000	nop; delay slot nop
 2012  000027e0  8fc10004	lw	r1,4(r30)
 2013  000027e4          	L111_LF2:
 2014  000027e4  08000004	j	L110_LF2
 2015  000027e8  54000000	nop; delay slot nop
 2016  000027ec          	L110_LF2:
 2017  000027ec  8fa20000	lw	r2,0(r29)
 2018  000027f0  8fa30004	lw	r3,4(r29)
 2019  000027f4  8fdffff8	lw	r31,-8(r30)
 2020  000027f8  001ee820	add	r29,r0,r30
 2021  000027fc  8fdefffc	lw	r30,-4(r30)
 2022  00002800  4be00000	jr	r31
 2023  00002804  54000000	nop
 2024  00002808          	.endproc _max
 2025                      ;;; Ethan L. Miller, 1999.  Released to the public domain
 2026                      ;;;
 2027                      ;;; Most of the traps are called in files from libtraps.
 2030  00002808          	.align 2
 2031  00002808          	.proc _exit
 2032  00002808          	.global _exit
 2033  00002808          	_exit:
 2034  00002808  44000300	trap	#0x300
 2035  0000280c  4be00000	jr	r31
 2036  00002810  54000000	nop
 2037  00002814          	.endproc _exit
 2039                      ; for the benefit of gcc.
 2040  00002814          	.proc ___main
 2041  00002814          	.global ___main
 2042  00002814          	___main:
 2043  00002814  4be00000	jr	r31
 2044  00002818  54000000	nop
 2045  0000281c          	.endproc ___main
 2046  0000281c          	.text
 2047  0000281c          	.global _etext
 2048  0000281c          	_etext:
 2049  0000281c          	.align 3
 2050  00002820          	.data
 2051  00003136          	.global _edata
 2052  00003136          	_edata:
