 line   address	contents
    1                      ; Linked by DLX-LD.
    2                      ; MemSize 24576
    3                      ; Data size: 318
    4                      ; Text size: 4636
    5                      ; Stack size: 8192
    6  00000000          	.text 0x1000
    7  00001000          	.data 0x3000
    8                      ; Compiled by GCC
    9  00003000          	.text
   10  00001000          	.align 2
   11  00001000          	.proc _isspace
   12  00001000          	.global _isspace
   13  00001000          	_isspace:
   14                      ;  Function 'isspace'; 0 bytes of locals, 1 regs to save.
   15  00001000  afbefffc	sw	-4(r29),r30; push fp
   16  00001004  001df020	add	r30,r0,r29; fp = sp
   17  00001008  afbffff8	sw	-8(r29),r31; push ret addr
   18  0000100c  2fbd0010	subui	r29,r29,#16; alloc local storage
   19  00001010  afa20000	sw	0(r29),r2
   20  00001014  83c20003	lb	r2,3(r30)
   21  00001018  201f0000	addi	r31,r0,#0
   22  0000101c  304100ff	andi	r1,r2,#0x00ff
   23  00001020  60210020	seqi	r1,r1,#32
   24  00001024  14200018	bnez	r1,L6_LF0
   25  00001028  54000000	nop; not filled.
   26  0000102c  2041fff7	addi	r1,r2,#-9
   27  00001030  302100ff	andi	r1,r1,#0x00ff
   28  00001034  70210001	sleui	r1,r1,#1
   29  00001038  10200008	beqz	r1,L5_LF0
   30  0000103c  54000000	nop; not filled.
   31  00001040          	L6_LF0:
   32  00001040  201f0001	addi	r31,r0,#1
   33  00001044          	L5_LF0:
   34  00001044  001f0820	add	r1,r0,r31
   35  00001048  8fa20000	lw	r2,0(r29)
   36  0000104c  8fdffff8	lw	r31,-8(r30)
   37  00001050  001ee820	add	r29,r0,r30
   38  00001054  8fdefffc	lw	r30,-4(r30)
   39  00001058  4be00000	jr	r31
   40  0000105c  54000000	nop
   41  00001060          	.endproc _isspace
   42  00001060          	.align 2
   43  00001060          	.proc _isxdigit
   44  00001060          	.global _isxdigit
   45  00001060          	_isxdigit:
   46                      ;  Function 'isxdigit'; 0 bytes of locals, 1 regs to save.
   47  00001060  afbefffc	sw	-4(r29),r30; push fp
   48  00001064  001df020	add	r30,r0,r29; fp = sp
   49  00001068  afbffff8	sw	-8(r29),r31; push ret addr
   50  0000106c  2fbd0010	subui	r29,r29,#16; alloc local storage
   51  00001070  afa20000	sw	0(r29),r2
   52  00001074  83df0003	lb	r31,3(r30)
   53  00001078  20020000	addi	r2,r0,#0
   54  0000107c  23e1ffd0	addi	r1,r31,#-48
   55  00001080  302100ff	andi	r1,r1,#0x00ff
   56  00001084  70210009	sleui	r1,r1,#9
   57  00001088  14200028	bnez	r1,L12_LF0
   58  0000108c  54000000	nop; not filled.
   59  00001090  23e1ff9f	addi	r1,r31,#-97
   60  00001094  302100ff	andi	r1,r1,#0x00ff
   61  00001098  70210005	sleui	r1,r1,#5
   62  0000109c  14200014	bnez	r1,L12_LF0
   63  000010a0  54000000	nop; not filled.
   64  000010a4  33e100ff	andi	r1,r31,#0x00ff
   65  000010a8  64210041	snei	r1,r1,#65
   66  000010ac  14200008	bnez	r1,L11_LF0
   67  000010b0  54000000	nop; not filled.
   68  000010b4          	L12_LF0:
   69  000010b4  20020001	addi	r2,r0,#1
   70  000010b8          	L11_LF0:
   71  000010b8  00020820	add	r1,r0,r2
   72  000010bc  8fa20000	lw	r2,0(r29)
   73  000010c0  8fdffff8	lw	r31,-8(r30)
   74  000010c4  001ee820	add	r29,r0,r30
   75  000010c8  8fdefffc	lw	r30,-4(r30)
   76  000010cc  4be00000	jr	r31
   77  000010d0  54000000	nop
   78  000010d4          	.endproc _isxdigit
   79  000010d4          	.data
   80  00003000          	.align 2
   81  00003000          	LC0_LF0:
   82  00003000  55736167	.ascii "Usage: %s <handle_to_mailbox> <handle_to_page_mapped_semaphore>\n\000"
   82  00003004  653a2025	
   82  00003008  73203c68	
   82  0000300c  616e646c	
   82  00003010  655f746f	
   82  00003014  5f6d6169	
   82  00003018  6c626f78	
   82  0000301c  3e203c68	
   82  00003020  616e646c	
   82  00003024  655f746f	
   82  00003028  5f706167	
   82  0000302c  655f6d61	
   82  00003030  70706564	
   82  00003034  5f73656d	
   82  00003038  6170686f	
   82  0000303c  72653e0a	
   82  00003040  00      	
   83  00003041          	.align 2
   84  00003044          	LC1_LF0:
   85  00003044  6d616b65	.ascii "makeprocs (%d): Could not open mailbox %d!\n\000"
   85  00003048  70726f63	
   85  0000304c  73202825	
   85  00003050  64293a20	
   85  00003054  436f756c	
   85  00003058  64206e6f	
   85  0000305c  74206f70	
   85  00003060  656e206d	
   85  00003064  61696c62	
   85  00003068  6f782025	
   85  0000306c  64210a00	
   86  00003070          	.align 2
   87  00003070          	LC2_LF0:
   88  00003070  436f756c	.ascii "Could not send message to mailbox %d in %s (%d)\n\000"
   88  00003074  64206e6f	
   88  00003078  74207365	
   88  0000307c  6e64206d	
   88  00003080  65737361	
   88  00003084  67652074	
   88  00003088  6f206d61	
   88  0000308c  696c626f	
   88  00003090  78202564	
   88  00003094  20696e20	
   88  00003098  25732028	
   88  0000309c  2564290a	
   88  000030a0  00      	
   89  000030a1          	.align 2
   90  000030a4          	LC3_LF0:
   91  000030a4  53322049	.ascii "S2 Injected into Radeon atmosphere, PID: %d\n\000"
   91  000030a8  6e6a6563	
   91  000030ac  74656420	
   91  000030b0  696e746f	
   91  000030b4  20526164	
   91  000030b8  656f6e20	
   91  000030bc  61746d6f	
   91  000030c0  73706865	
   91  000030c4  72652c20	
   91  000030c8  5049443a	
   91  000030cc  2025640a	
   91  000030d0  00      	
   92  000030d1          	.align 2
   93  000030d4          	LC4_LF0:
   94  000030d4  6d616b65	.ascii "makeprocs (%d): Could not close mailbox %d!\n\000"
   94  000030d8  70726f63	
   94  000030dc  73202825	
   94  000030e0  64293a20	
   94  000030e4  436f756c	
   94  000030e8  64206e6f	
   94  000030ec  7420636c	
   94  000030f0  6f736520	
   94  000030f4  6d61696c	
   94  000030f8  626f7820	
   94  000030fc  2564210a	
   94  00003100  00      	
   95  00003101          	.align 2
   96  00003104          	LC5_LF0:
   97  00003104  42616420	.ascii "Bad semaphore s_procs_completed (%d) in \000"
   97  00003108  73656d61	
   97  0000310c  70686f72	
   97  00003110  6520735f	
   97  00003114  70726f63	
   97  00003118  735f636f	
   97  0000311c  6d706c65	
   97  00003120  74656420	
   97  00003124  28256429	
   97  00003128  20696e20	
   97  0000312c  00      	
   98  0000312d          	.align 2
   99  00003130          	LC6_LF0:
  100  00003130  2c206578	.ascii ", exiting...\n\000"
  100  00003134  6974696e	
  100  00003138  672e2e2e	
  100  0000313c  0a00    	
  101  0000313e          	.text
  102  000010d4          	.align 2
  103  000010d4          	.proc _main
  104  000010d4          	.global _main
  105  000010d4          	_main:
  106                      ;  Function 'main'; 8 bytes of locals, 0 regs to save.
  107  000010d4  afbefffc	sw	-4(r29),r30; push fp
  108  000010d8  001df020	add	r30,r0,r29; fp = sp
  109  000010dc  afbffff8	sw	-8(r29),r31; push ret addr
  110  000010e0  2fbd0010	subui	r29,r29,#16; alloc local storage
  111  000010e4  8fc20000	lw	r2,(r30)
  112  000010e8  8fc30004	lw	r3,4(r30)
  113  000010ec  0c001124	jal	___main
  114  000010f0  54000000	nop; not filled.
  115  000010f4  20050000	addi	r5,r0,#0
  116  000010f8  afc5fff4	sw	-12(r30),r5
  117  000010fc  64410003	snei	r1,r2,#3
  118  00001100  10200028	beqz	r1,L14_LF0
  119  00001104  54000000	nop; not filled.
  120  00001108  23bdfff8	addi	r29,r29,#-8
  121  0000110c  3c050000	lhi	r5,((LC0_LF0)>>16)&0xffff
  122  00001110  24a53000	addui	r5,r5,(LC0_LF0)&0xffff
  123  00001114  afa50000	sw	(r29),r5
  124  00001118  0c000248	jal	_Printf
  125  0000111c  54000000	nop; not filled.
  126  00001120  0c000348	jal	_Exit
  127  00001124  54000000	nop; not filled.
  128  00001128  23bd0008	addi	r29,r29,#8
  129  0000112c          	L14_LF0:
  130  0000112c  23bdfff0	addi	r29,r29,#-16
  131  00001130  8c650004	lw	r5,4(r3)
  132  00001134  afa50000	sw	(r29),r5
  133  00001138  20050000	addi	r5,r0,#0
  134  0000113c  afa50004	sw	4(r29),r5
  135  00001140  2005000a	addi	r5,r0,#10
  136  00001144  afa50008	sw	8(r29),r5
  137  00001148  0c000bcc	jal	_dstrtol
  138  0000114c  54000000	nop; not filled.
  139  00001150  00011020	add	r2,r0,r1
  140  00001154  8c650008	lw	r5,8(r3)
  141  00001158  afa50000	sw	(r29),r5
  142  0000115c  20050000	addi	r5,r0,#0
  143  00001160  afa50004	sw	4(r29),r5
  144  00001164  2005000a	addi	r5,r0,#10
  145  00001168  afa50008	sw	8(r29),r5
  146  0000116c  0c000ba8	jal	_dstrtol
  147  00001170  54000000	nop; not filled.
  148  00001174  00012020	add	r4,r0,r1
  149  00001178  afa20000	sw	(r29),r2
  150  0000117c  0c0002a4	jal	_mbox_open
  151  00001180  54000000	nop; not filled.
  152  00001184  23bd0010	addi	r29,r29,#16
  153  00001188  6021ffff	seqi	r1,r1,#-1
  154  0000118c  10200038	beqz	r1,L15_LF0
  155  00001190  54000000	nop; not filled.
  156  00001194  0c0001d8	jal	_getpid
  157  00001198  54000000	nop; not filled.
  158  0000119c  23bdfff0	addi	r29,r29,#-16
  159  000011a0  3c050000	lhi	r5,((LC1_LF0)>>16)&0xffff
  160  000011a4  24a53044	addui	r5,r5,(LC1_LF0)&0xffff
  161  000011a8  afa50000	sw	(r29),r5
  162  000011ac  afa10004	sw	4(r29),r1
  163  000011b0  afa20008	sw	8(r29),r2
  164  000011b4  0c0001ac	jal	_Printf
  165  000011b8  54000000	nop; not filled.
  166  000011bc  0c0002ac	jal	_Exit
  167  000011c0  54000000	nop; not filled.
  168  000011c4  23bd0010	addi	r29,r29,#16
  169  000011c8          	L15_LF0:
  170  000011c8  23bdfff0	addi	r29,r29,#-16
  171  000011cc  afa20000	sw	(r29),r2
  172  000011d0  20050004	addi	r5,r0,#4
  173  000011d4  afa50004	sw	4(r29),r5
  174  000011d8  23c1fff4	addi	r1,r30,#-12
  175  000011dc  afa10008	sw	8(r29),r1
  176  000011e0  0c000258	jal	_mbox_send
  177  000011e4  54000000	nop; not filled.
  178  000011e8  23bd0010	addi	r29,r29,#16
  179  000011ec  6021ffff	seqi	r1,r1,#-1
  180  000011f0  10200040	beqz	r1,L16_LF0
  181  000011f4  54000000	nop; not filled.
  182  000011f8  0c000174	jal	_getpid
  183  000011fc  54000000	nop; not filled.
  184  00001200  23bdfff0	addi	r29,r29,#-16
  185  00001204  3c050000	lhi	r5,((LC2_LF0)>>16)&0xffff
  186  00001208  24a53070	addui	r5,r5,(LC2_LF0)&0xffff
  187  0000120c  afa50000	sw	(r29),r5
  188  00001210  afa20004	sw	4(r29),r2
  189  00001214  8c650000	lw	r5,(r3)
  190  00001218  afa50008	sw	8(r29),r5
  191  0000121c  afa1000c	sw	12(r29),r1
  192  00001220  0c000140	jal	_Printf
  193  00001224  54000000	nop; not filled.
  194  00001228  0c000240	jal	_Exit
  195  0000122c  54000000	nop; not filled.
  196  00001230  23bd0010	addi	r29,r29,#16
  197  00001234          	L16_LF0:
  198  00001234  0c000138	jal	_getpid
  199  00001238  54000000	nop; not filled.
  200  0000123c  23bdfff8	addi	r29,r29,#-8
  201  00001240  3c050000	lhi	r5,((LC3_LF0)>>16)&0xffff
  202  00001244  24a530a4	addui	r5,r5,(LC3_LF0)&0xffff
  203  00001248  afa50000	sw	(r29),r5
  204  0000124c  afa10004	sw	4(r29),r1
  205  00001250  0c000110	jal	_Printf
  206  00001254  54000000	nop; not filled.
  207  00001258  afa20000	sw	(r29),r2
  208  0000125c  0c0001d0	jal	_mbox_close
  209  00001260  54000000	nop; not filled.
  210  00001264  23bd0008	addi	r29,r29,#8
  211  00001268  6021ffff	seqi	r1,r1,#-1
  212  0000126c  10200038	beqz	r1,L17_LF0
  213  00001270  54000000	nop; not filled.
  214  00001274  0c0000f8	jal	_getpid
  215  00001278  54000000	nop; not filled.
  216  0000127c  23bdfff0	addi	r29,r29,#-16
  217  00001280  3c050000	lhi	r5,((LC4_LF0)>>16)&0xffff
  218  00001284  24a530d4	addui	r5,r5,(LC4_LF0)&0xffff
  219  00001288  afa50000	sw	(r29),r5
  220  0000128c  afa10004	sw	4(r29),r1
  221  00001290  afa20008	sw	8(r29),r2
  222  00001294  0c0000cc	jal	_Printf
  223  00001298  54000000	nop; not filled.
  224  0000129c  0c0001cc	jal	_Exit
  225  000012a0  54000000	nop; not filled.
  226  000012a4  23bd0010	addi	r29,r29,#16
  227  000012a8          	L17_LF0:
  228  000012a8  23bdfff8	addi	r29,r29,#-8
  229  000012ac  afa40000	sw	(r29),r4
  230  000012b0  0c000104	jal	_sem_signal
  231  000012b4  54000000	nop; not filled.
  232  000012b8  23bd0008	addi	r29,r29,#8
  233  000012bc  64210001	snei	r1,r1,#1
  234  000012c0  10200050	beqz	r1,L18_LF0
  235  000012c4  54000000	nop; not filled.
  236  000012c8  23bdfff8	addi	r29,r29,#-8
  237  000012cc  3c050000	lhi	r5,((LC5_LF0)>>16)&0xffff
  238  000012d0  24a53104	addui	r5,r5,(LC5_LF0)&0xffff
  239  000012d4  afa50000	sw	(r29),r5
  240  000012d8  afa40004	sw	4(r29),r4
  241  000012dc  0c000084	jal	_Printf
  242  000012e0  54000000	nop; not filled.
  243  000012e4  8c630000	lw	r3,(r3)
  244  000012e8  afa30000	sw	(r29),r3
  245  000012ec  0c000074	jal	_Printf
  246  000012f0  54000000	nop; not filled.
  247  000012f4  3c050000	lhi	r5,((LC6_LF0)>>16)&0xffff
  248  000012f8  24a53130	addui	r5,r5,(LC6_LF0)&0xffff
  249  000012fc  afa50000	sw	(r29),r5
  250  00001300  0c000060	jal	_Printf
  251  00001304  54000000	nop; not filled.
  252  00001308  0c000160	jal	_Exit
  253  0000130c  54000000	nop; not filled.
  254  00001310  23bd0008	addi	r29,r29,#8
  255  00001314          	L18_LF0:
  256  00001314  0c000ef0	jal	_exit
  257  00001318  54000000	nop
  258  0000131c          	.endproc _main
  259                      ;;;
  260                      ;;; Stub functions for DLX traps.
  261                      ;;;
  262                      ;;; Ethan L. Miller, 1999.  Released to the public domain.
  263                      ;;;
  264                      ;;; The traps such as Open and Close
  265                      ;;; (note the capital letters) are for use by user programs.  The traps
  266                      ;;; with names such as open and close (lower case) are for use by the OS.
  267                      ;;;
  270  0000131c          	.align 2
  272                      ;;; The following are the traps to be used by user-level programs
  273                      ;;;
  275  0000131c          	.align 2
  276  0000131c          	.proc _Open
  277  0000131c          	.global _Open
  278  0000131c          	_Open:
  279                      ;;; Note that trap #0x213 actually causes a trap vector in the OS of
  280                      ;;; 0x1213.  The same is true for other user traps.  Thus, a user trap
  281                      ;;; with trap #0x240 will result in a trap vector of 0x1240 in the OS.
  282  0000131c  44000213	trap	#0x213
  283  00001320  4be00000	jr	r31
  284  00001324  54000000	nop
  285  00001328          	.endproc _Open
  287  00001328          	.proc _Close
  288  00001328          	.global _Close
  289  00001328          	_Close:
  290  00001328  44000214	trap	#0x214
  291  0000132c  4be00000	jr	r31
  292  00001330  54000000	nop
  293  00001334          	.endproc _Close
  295  00001334          	.proc _Read
  296  00001334          	.global _Read
  297  00001334          	_Read:
  298  00001334  44000210	trap	#0x210
  299  00001338  4be00000	jr	r31
  300  0000133c  54000000	nop
  301  00001340          	.endproc _Read
  303  00001340          	.proc _Write
  304  00001340          	.global _Write
  305  00001340          	_Write:
  306  00001340  44000211	trap	#0x211
  307  00001344  4be00000	jr	r31
  308  00001348  54000000	nop
  309  0000134c          	.endproc _Write
  311  0000134c          	.proc _Lseek
  312  0000134c          	.global _Lseek
  313  0000134c          	_Lseek:
  314  0000134c  44000212	trap	#0x212
  315  00001350  4be00000	jr	r31
  316  00001354  54000000	nop
  317  00001358          	.endproc _Lseek
  319  00001358          	.proc _Putchar
  320  00001358          	.global _Putchar
  321  00001358          	_Putchar:
  322  00001358  44000280	trap	#0x280
  323  0000135c  4be00000	jr	r31
  324  00001360  54000000	nop
  325  00001364          	.endproc _Putchar
  327  00001364          	.proc _Printf
  328  00001364          	.global _Printf
  329  00001364          	_Printf:
  330  00001364  44000201	trap	#0x201
  331  00001368  4be00000	jr	r31
  332  0000136c  54000000	nop
  333  00001370          	.endproc _Printf
  335  00001370          	.proc _getpid
  336  00001370          	.global _getpid
  337  00001370          	_getpid:
  338  00001370  44000431	trap	#0x431
  339  00001374  4be00000	jr	r31
  340  00001378  54000000	nop
  341  0000137c          	.endproc _getpid
  343  0000137c          	.proc _process_create
  344  0000137c          	.global _process_create
  345  0000137c          	_process_create:
  346  0000137c  44000432	trap	#0x432
  347  00001380  4be00000	jr	r31
  348  00001384  54000000	nop
  349  00001388          	.endproc _process_create
  351  00001388          	.proc _shmget
  352  00001388          	.global _shmget
  353  00001388          	_shmget:
  354  00001388  44000440	trap	#0x440
  355  0000138c  4be00000	jr	r31
  356  00001390  54000000	nop
  357  00001394          	.endproc _shmget
  359  00001394          	.proc _shmat
  360  00001394          	.global _shmat
  361  00001394          	_shmat:
  362  00001394  44000441	trap	#0x441
  363  00001398  4be00000	jr	r31
  364  0000139c  54000000	nop
  365  000013a0          	.endproc _shmat
  367  000013a0          	.proc _sem_create
  368  000013a0          	.global _sem_create
  369  000013a0          	_sem_create:
  370  000013a0  44000450	trap	#0x450
  371  000013a4  4be00000	jr	r31
  372  000013a8  54000000	nop
  373  000013ac          	.endproc _sem_create
  375  000013ac          	.proc _sem_wait
  376  000013ac          	.global _sem_wait
  377  000013ac          	_sem_wait:
  378  000013ac  44000451	trap	#0x451
  379  000013b0  4be00000	jr	r31
  380  000013b4  54000000	nop
  381  000013b8          	.endproc _sem_wait
  383  000013b8          	.proc _sem_signal
  384  000013b8          	.global _sem_signal
  385  000013b8          	_sem_signal:
  386  000013b8  44000452	trap	#0x452
  387  000013bc  4be00000	jr	r31
  388  000013c0  54000000	nop
  389  000013c4          	.endproc _sem_signal
  391  000013c4          	.proc _lock_create
  392  000013c4          	.global _lock_create
  393  000013c4          	_lock_create:
  394  000013c4  44000453	trap	#0x453
  395  000013c8  4be00000	jr	r31
  396  000013cc  54000000	nop
  397  000013d0          	.endproc _lock_create
  399  000013d0          	.proc _lock_acquire
  400  000013d0          	.global _lock_acquire
  401  000013d0          	_lock_acquire:
  402  000013d0  44000454	trap	#0x454
  403  000013d4  4be00000	jr	r31
  404  000013d8  54000000	nop
  405  000013dc          	.endproc _lock_acquire
  407  000013dc          	.proc _lock_release
  408  000013dc          	.global _lock_release
  409  000013dc          	_lock_release:
  410  000013dc  44000455	trap	#0x455
  411  000013e0  4be00000	jr	r31
  412  000013e4  54000000	nop
  413  000013e8          	.endproc _lock_release
  415  000013e8          	.proc _cond_create
  416  000013e8          	.global _cond_create
  417  000013e8          	_cond_create:
  418  000013e8  44000456	trap	#0x456
  419  000013ec  4be00000	jr	r31
  420  000013f0  54000000	nop
  421  000013f4          	.endproc _cond_create
  423  000013f4          	.proc _cond_wait
  424  000013f4          	.global _cond_wait
  425  000013f4          	_cond_wait:
  426  000013f4  44000457	trap	#0x457
  427  000013f8  4be00000	jr	r31
  428  000013fc  54000000	nop
  429  00001400          	.endproc _cond_wait
  431  00001400          	.proc _cond_signal
  432  00001400          	.global _cond_signal
  433  00001400          	_cond_signal:
  434  00001400  44000458	trap	#0x458
  435  00001404  4be00000	jr	r31
  436  00001408  54000000	nop
  437  0000140c          	.endproc _cond_signal
  439  0000140c          	.proc _cond_broadcast
  440  0000140c          	.global _cond_broadcast
  441  0000140c          	_cond_broadcast:
  442  0000140c  44000459	trap	#0x459
  443  00001410  4be00000	jr	r31
  444  00001414  54000000	nop
  445  00001418          	.endproc _cond_broadcast
  447  00001418          	.proc _mbox_create
  448  00001418          	.global _mbox_create
  449  00001418          	_mbox_create:
  450  00001418  44000460	trap	#0x460
  451  0000141c  4be00000	jr	r31
  452  00001420  54000000	nop
  453  00001424          	.endproc _mbox_create
  455  00001424          	.proc _mbox_open
  456  00001424          	.global _mbox_open
  457  00001424          	_mbox_open:
  458  00001424  44000461	trap	#0x461
  459  00001428  4be00000	jr	r31
  460  0000142c  54000000	nop
  461  00001430          	.endproc _mbox_open
  463  00001430          	.proc _mbox_close
  464  00001430          	.global _mbox_close
  465  00001430          	_mbox_close:
  466  00001430  44000462	trap	#0x462
  467  00001434  4be00000	jr	r31
  468  00001438  54000000	nop
  469  0000143c          	.endproc _mbox_close
  471  0000143c          	.proc _mbox_send
  472  0000143c          	.global _mbox_send
  473  0000143c          	_mbox_send:
  474  0000143c  44000463	trap	#0x463
  475  00001440  4be00000	jr	r31
  476  00001444  54000000	nop
  477  00001448          	.endproc _mbox_send
  479  00001448          	.proc _mbox_recv
  480  00001448          	.global _mbox_recv
  481  00001448          	_mbox_recv:
  482  00001448  44000464	trap	#0x464
  483  0000144c  4be00000	jr	r31
  484  00001450  54000000	nop
  485  00001454          	.endproc _mbox_recv
  487  00001454          	.proc _sleep
  488  00001454          	.global _sleep
  489  00001454          	_sleep:
  490  00001454  44000465	trap	#0x465
  491  00001458  4be00000	jr	r31
  492  0000145c  54000000	nop
  493  00001460          	.endproc _sleep
  495  00001460          	.proc _yield
  496  00001460          	.global _yield
  497  00001460          	_yield:
  498  00001460  44000466	trap	#0x466
  499  00001464  4be00000	jr	r31
  500  00001468  54000000	nop
  501  0000146c          	.endproc _yield
  504  0000146c          	.proc _Exit
  505  0000146c          	.global _Exit
  506  0000146c          	_Exit:
  507  0000146c  44000500	trap	#0x500
  508  00001470  4be00000	jr	r31
  509  00001474  54000000	nop
  510  00001478          	.endproc _Exit
  511                      ; Compiled by GCC
  513  00001478          	.align 2
  514  00001478          	.proc _isspace
  515  00001478          	.global _isspace
  516  00001478          	_isspace:
  517                      ;  Function 'isspace'; 0 bytes of locals, 3 regs to save.
  518  00001478  afbefffc	sw	-4(r29),r30; push fp
  519  0000147c  001df020	add	r30,r0,r29; fp = sp
  520  00001480  afbffff8	sw	-8(r29),r31; push ret addr
  521  00001484  2fbd0018	subui	r29,r29,#24; alloc local storage
  522  00001488  afa20000	sw	0(r29),r2
  523  0000148c  afa30004	sw	4(r29),r3
  524  00001490  afa40008	sw	8(r29),r4
  525  00001494  83c20003	lb	r2,3(r30)
  526  00001498  20010000	addi	r1,r0,#0
  527  0000149c  304300ff	andi	r3,r2,#0x00ff
  528  000014a0  60640020	seqi	r4,r3,#32
  529  000014a4  1480002c	bnez	r4,L3_LF2
  530  000014a8  54000000	nop; delay slot nop
  531  000014ac  304300ff	andi	r3,r2,#0x00ff
  532  000014b0  60640009	seqi	r4,r3,#9
  533  000014b4  1480001c	bnez	r4,L3_LF2
  534  000014b8  54000000	nop; delay slot nop
  535  000014bc  304300ff	andi	r3,r2,#0x00ff
  536  000014c0  6064000a	seqi	r4,r3,#10
  537  000014c4  1480000c	bnez	r4,L3_LF2
  538  000014c8  54000000	nop; delay slot nop
  539  000014cc  08000008	j	L2_LF2
  540  000014d0  54000000	nop; delay slot nop
  541  000014d4          	L3_LF2:
  542  000014d4  20010001	addi	r1,r0,#1
  543  000014d8          	L2_LF2:
  544  000014d8  08000004	j	L1_LF2
  545  000014dc  54000000	nop; delay slot nop
  546  000014e0          	L1_LF2:
  547  000014e0  8fa20000	lw	r2,0(r29)
  548  000014e4  8fa30004	lw	r3,4(r29)
  549  000014e8  8fa40008	lw	r4,8(r29)
  550  000014ec  8fdffff8	lw	r31,-8(r30)
  551  000014f0  001ee820	add	r29,r0,r30
  552  000014f4  8fdefffc	lw	r30,-4(r30)
  553  000014f8  4be00000	jr	r31
  554  000014fc  54000000	nop
  555  00001500          	.endproc _isspace
  556  00001500          	.align 2
  557  00001500          	.proc _isxdigit
  558  00001500          	.global _isxdigit
  559  00001500          	_isxdigit:
  560                      ;  Function 'isxdigit'; 0 bytes of locals, 3 regs to save.
  561  00001500  afbefffc	sw	-4(r29),r30; push fp
  562  00001504  001df020	add	r30,r0,r29; fp = sp
  563  00001508  afbffff8	sw	-8(r29),r31; push ret addr
  564  0000150c  2fbd0018	subui	r29,r29,#24; alloc local storage
  565  00001510  afa20000	sw	0(r29),r2
  566  00001514  afa30004	sw	4(r29),r3
  567  00001518  afa40008	sw	8(r29),r4
  568  0000151c  83c20003	lb	r2,3(r30)
  569  00001520  20010000	addi	r1,r0,#0
  570  00001524  304300ff	andi	r3,r2,#0x00ff
  571  00001528  6c64002f	sgtui	r4,r3,#47
  572  0000152c  1080001c	beqz	r4,L7_LF2
  573  00001530  54000000	nop; delay slot nop
  574  00001534  304300ff	andi	r3,r2,#0x00ff
  575  00001538  70640039	sleui	r4,r3,#57
  576  0000153c  1480005c	bnez	r4,L6_LF2
  577  00001540  54000000	nop; delay slot nop
  578  00001544  08000004	j	L7_LF2
  579  00001548  54000000	nop; delay slot nop
  580  0000154c          	L7_LF2:
  581  0000154c  304300ff	andi	r3,r2,#0x00ff
  582  00001550  6c640060	sgtui	r4,r3,#96
  583  00001554  1080001c	beqz	r4,L8_LF2
  584  00001558  54000000	nop; delay slot nop
  585  0000155c  304300ff	andi	r3,r2,#0x00ff
  586  00001560  70640066	sleui	r4,r3,#102
  587  00001564  14800034	bnez	r4,L6_LF2
  588  00001568  54000000	nop; delay slot nop
  589  0000156c  08000004	j	L8_LF2
  590  00001570  54000000	nop; delay slot nop
  591  00001574          	L8_LF2:
  592  00001574  304300ff	andi	r3,r2,#0x00ff
  593  00001578  6c640040	sgtui	r4,r3,#64
  594  0000157c  10800020	beqz	r4,L5_LF2
  595  00001580  54000000	nop; delay slot nop
  596  00001584  304300ff	andi	r3,r2,#0x00ff
  597  00001588  70640041	sleui	r4,r3,#65
  598  0000158c  1480000c	bnez	r4,L6_LF2
  599  00001590  54000000	nop; delay slot nop
  600  00001594  08000008	j	L5_LF2
  601  00001598  54000000	nop; delay slot nop
  602  0000159c          	L6_LF2:
  603  0000159c  20010001	addi	r1,r0,#1
  604  000015a0          	L5_LF2:
  605  000015a0  08000004	j	L4_LF2
  606  000015a4  54000000	nop; delay slot nop
  607  000015a8          	L4_LF2:
  608  000015a8  8fa20000	lw	r2,0(r29)
  609  000015ac  8fa30004	lw	r3,4(r29)
  610  000015b0  8fa40008	lw	r4,8(r29)
  611  000015b4  8fdffff8	lw	r31,-8(r30)
  612  000015b8  001ee820	add	r29,r0,r30
  613  000015bc  8fdefffc	lw	r30,-4(r30)
  614  000015c0  4be00000	jr	r31
  615  000015c4  54000000	nop
  616  000015c8          	.endproc _isxdigit
  617  000015c8          	.align 2
  618  000015c8          	.proc _dstrcpy
  619  000015c8          	.global _dstrcpy
  620  000015c8          	_dstrcpy:
  621                      ;  Function 'dstrcpy'; 8 bytes of locals, 2 regs to save.
  622  000015c8  afbefffc	sw	-4(r29),r30; push fp
  623  000015cc  001df020	add	r30,r0,r29; fp = sp
  624  000015d0  afbffff8	sw	-8(r29),r31; push ret addr
  625  000015d4  2fbd0018	subui	r29,r29,#24; alloc local storage
  626  000015d8  afa20000	sw	0(r29),r2
  627  000015dc  afa30004	sw	4(r29),r3
  628  000015e0  8fc10000	lw	r1,(r30)
  629  000015e4  afc1fff4	sw	-12(r30),r1
  630  000015e8          	L10_LF2:
  631  000015e8  8fc10000	lw	r1,(r30)
  632  000015ec  20220001	addi	r2,r1,#1
  633  000015f0  afc20000	sw	(r30),r2
  634  000015f4  8fc20004	lw	r2,4(r30)
  635  000015f8  20430001	addi	r3,r2,#1
  636  000015fc  afc30004	sw	4(r30),r3
  637  00001600  80420000	lb	r2,(r2)
  638  00001604  a0220000	sb	(r1),r2
  639  00001608  a3c2fff3	sb	-13(r30),r2
  640  0000160c          	L12_LF2:
  641  0000160c  93c1fff3	lbu	r1,-13(r30)
  642  00001610  64220000	snei	r2,r1,#0
  643  00001614  1440000c	bnez	r2,L13_LF2
  644  00001618  54000000	nop; delay slot nop
  645  0000161c  0800000c	j	L11_LF2
  646  00001620  54000000	nop; delay slot nop
  647  00001624          	L13_LF2:
  648  00001624  0bffffc0	j	L10_LF2
  649  00001628  54000000	nop; delay slot nop
  650  0000162c          	L11_LF2:
  651  0000162c  8fc1fff4	lw	r1,-12(r30)
  652  00001630  08000004	j	L9_LF2
  653  00001634  54000000	nop; delay slot nop
  654  00001638          	L9_LF2:
  655  00001638  8fa20000	lw	r2,0(r29)
  656  0000163c  8fa30004	lw	r3,4(r29)
  657  00001640  8fdffff8	lw	r31,-8(r30)
  658  00001644  001ee820	add	r29,r0,r30
  659  00001648  8fdefffc	lw	r30,-4(r30)
  660  0000164c  4be00000	jr	r31
  661  00001650  54000000	nop
  662  00001654          	.endproc _dstrcpy
  663  00001654          	.align 2
  664  00001654          	.proc _dstrncpy
  665  00001654          	.global _dstrncpy
  666  00001654          	_dstrncpy:
  667                      ;  Function 'dstrncpy'; 8 bytes of locals, 2 regs to save.
  668  00001654  afbefffc	sw	-4(r29),r30; push fp
  669  00001658  001df020	add	r30,r0,r29; fp = sp
  670  0000165c  afbffff8	sw	-8(r29),r31; push ret addr
  671  00001660  2fbd0018	subui	r29,r29,#24; alloc local storage
  672  00001664  afa20000	sw	0(r29),r2
  673  00001668  afa30004	sw	4(r29),r3
  674  0000166c  8fc10000	lw	r1,(r30)
  675  00001670  afc1fff4	sw	-12(r30),r1
  676  00001674          	L15_LF2:
  677  00001674  8fc10008	lw	r1,8(r30)
  678  00001678  2022ffff	addi	r2,r1,#-1
  679  0000167c  afc20008	sw	8(r30),r2
  680  00001680  70210000	slei	r1,r1,#0
  681  00001684  1020000c	beqz	r1,L18_LF2
  682  00001688  54000000	nop; delay slot nop
  683  0000168c  08000048	j	L16_LF2
  684  00001690  54000000	nop; delay slot nop
  685  00001694          	L18_LF2:
  686  00001694  8fc10000	lw	r1,(r30)
  687  00001698  20220001	addi	r2,r1,#1
  688  0000169c  afc20000	sw	(r30),r2
  689  000016a0  8fc20004	lw	r2,4(r30)
  690  000016a4  20430001	addi	r3,r2,#1
  691  000016a8  afc30004	sw	4(r30),r3
  692  000016ac  80420000	lb	r2,(r2)
  693  000016b0  a0220000	sb	(r1),r2
  694  000016b4  a3c2fff3	sb	-13(r30),r2
  695  000016b8          	L17_LF2:
  696  000016b8  93c1fff3	lbu	r1,-13(r30)
  697  000016bc  64220000	snei	r2,r1,#0
  698  000016c0  1440000c	bnez	r2,L19_LF2
  699  000016c4  54000000	nop; delay slot nop
  700  000016c8  0800000c	j	L16_LF2
  701  000016cc  54000000	nop; delay slot nop
  702  000016d0          	L19_LF2:
  703  000016d0  0bffffa0	j	L15_LF2
  704  000016d4  54000000	nop; delay slot nop
  705  000016d8          	L16_LF2:
  706  000016d8  8fc1fff4	lw	r1,-12(r30)
  707  000016dc  08000004	j	L14_LF2
  708  000016e0  54000000	nop; delay slot nop
  709  000016e4          	L14_LF2:
  710  000016e4  8fa20000	lw	r2,0(r29)
  711  000016e8  8fa30004	lw	r3,4(r29)
  712  000016ec  8fdffff8	lw	r31,-8(r30)
  713  000016f0  001ee820	add	r29,r0,r30
  714  000016f4  8fdefffc	lw	r30,-4(r30)
  715  000016f8  4be00000	jr	r31
  716  000016fc  54000000	nop
  717  00001700          	.endproc _dstrncpy
  718  00001700          	.align 2
  719  00001700          	.proc _dstrcat
  720  00001700          	.global _dstrcat
  721  00001700          	_dstrcat:
  722                      ;  Function 'dstrcat'; 8 bytes of locals, 1 regs to save.
  723  00001700  afbefffc	sw	-4(r29),r30; push fp
  724  00001704  001df020	add	r30,r0,r29; fp = sp
  725  00001708  afbffff8	sw	-8(r29),r31; push ret addr
  726  0000170c  2fbd0018	subui	r29,r29,#24; alloc local storage
  727  00001710  afa20000	sw	0(r29),r2
  728  00001714  8fc10000	lw	r1,(r30)
  729  00001718  afc1fff4	sw	-12(r30),r1
  730  0000171c          	L21_LF2:
  731  0000171c  8fc10000	lw	r1,(r30)
  732  00001720  90220000	lbu	r2,(r1)
  733  00001724  64410000	snei	r1,r2,#0
  734  00001728  1420000c	bnez	r1,L23_LF2
  735  0000172c  54000000	nop; delay slot nop
  736  00001730  0800001c	j	L22_LF2
  737  00001734  54000000	nop; delay slot nop
  738  00001738          	L23_LF2:
  739  00001738  8fc20000	lw	r2,(r30)
  740  0000173c  20410001	addi	r1,r2,#1
  741  00001740  00011020	add	r2,r0,r1
  742  00001744  afc20000	sw	(r30),r2
  743  00001748  0bffffd0	j	L21_LF2
  744  0000174c  54000000	nop; delay slot nop
  745  00001750          	L22_LF2:
  746  00001750  23bdfff8	addi	r29,r29,#-8
  747  00001754  001d0820	add	r1,r0,r29
  748  00001758  8fc20000	lw	r2,(r30)
  749  0000175c  ac220000	sw	(r1),r2
  750  00001760  8fc20004	lw	r2,4(r30)
  751  00001764  ac220004	sw	4(r1),r2
  752  00001768  0ffffe5c	jal	_dstrcpy
  753  0000176c  54000000	nop; delay slot nop
  754  00001770  23bd0008	addi	r29,r29,#8
  755  00001774  8fc1fff4	lw	r1,-12(r30)
  756  00001778  08000004	j	L20_LF2
  757  0000177c  54000000	nop; delay slot nop
  758  00001780          	L20_LF2:
  759  00001780  8fa20000	lw	r2,0(r29)
  760  00001784  8fdffff8	lw	r31,-8(r30)
  761  00001788  001ee820	add	r29,r0,r30
  762  0000178c  8fdefffc	lw	r30,-4(r30)
  763  00001790  4be00000	jr	r31
  764  00001794  54000000	nop
  765  00001798          	.endproc _dstrcat
  766  00001798          	.align 2
  767  00001798          	.proc _dstrncmp
  768  00001798          	.global _dstrncmp
  769  00001798          	_dstrncmp:
  770                      ;  Function 'dstrncmp'; 8 bytes of locals, 2 regs to save.
  771  00001798  afbefffc	sw	-4(r29),r30; push fp
  772  0000179c  001df020	add	r30,r0,r29; fp = sp
  773  000017a0  afbffff8	sw	-8(r29),r31; push ret addr
  774  000017a4  2fbd0018	subui	r29,r29,#24; alloc local storage
  775  000017a8  afa20000	sw	0(r29),r2
  776  000017ac  afa30004	sw	4(r29),r3
  777  000017b0  54000000	nop
  778  000017b4  20010000	addi	r1,r0,#0
  779  000017b8  afc1fff4	sw	-12(r30),r1
  780  000017bc          	L25_LF2:
  781  000017bc  8fc1fff4	lw	r1,-12(r30)
  782  000017c0  8fc20008	lw	r2,8(r30)
  783  000017c4  0022082a	slt	r1,r1,r2
  784  000017c8  1420000c	bnez	r1,L28_LF2
  785  000017cc  54000000	nop; delay slot nop
  786  000017d0  08000088	j	L26_LF2
  787  000017d4  54000000	nop; delay slot nop
  788  000017d8          	L28_LF2:
  789  000017d8  8fc10004	lw	r1,4(r30)
  790  000017dc  90220000	lbu	r2,(r1)
  791  000017e0  64410000	snei	r1,r2,#0
  792  000017e4  14200018	bnez	r1,L29_LF2
  793  000017e8  54000000	nop; delay slot nop
  794  000017ec  20010000	addi	r1,r0,#0
  795  000017f0  080000d8	j	L24_LF2
  796  000017f4  54000000	nop; delay slot nop
  797  000017f8  08000028	j	L30_LF2
  798  000017fc  54000000	nop; delay slot nop
  799  00001800          	L29_LF2:
  800  00001800  8fc10000	lw	r1,(r30)
  801  00001804  8fc20004	lw	r2,4(r30)
  802  00001808  90210000	lbu	r1,(r1)
  803  0000180c  90420000	lbu	r2,(r2)
  804  00001810  00220829	sne	r1,r1,r2
  805  00001814  1020000c	beqz	r1,L30_LF2
  806  00001818  54000000	nop; delay slot nop
  807  0000181c  0800003c	j	L26_LF2
  808  00001820  54000000	nop; delay slot nop
  809  00001824          	L31_LF2:
  810  00001824          	L30_LF2:
  811  00001824  8fc20000	lw	r2,(r30)
  812  00001828  20410001	addi	r1,r2,#1
  813  0000182c  00011020	add	r2,r0,r1
  814  00001830  afc20000	sw	(r30),r2
  815  00001834  8fc20004	lw	r2,4(r30)
  816  00001838  20410001	addi	r1,r2,#1
  817  0000183c  00011020	add	r2,r0,r1
  818  00001840  afc20004	sw	4(r30),r2
  819  00001844          	L27_LF2:
  820  00001844  8fc2fff4	lw	r2,-12(r30)
  821  00001848  20410001	addi	r1,r2,#1
  822  0000184c  00011020	add	r2,r0,r1
  823  00001850  afc2fff4	sw	-12(r30),r2
  824  00001854  0bffff64	j	L25_LF2
  825  00001858  54000000	nop; delay slot nop
  826  0000185c          	L26_LF2:
  827  0000185c  8fc1fff4	lw	r1,-12(r30)
  828  00001860  8fc20008	lw	r2,8(r30)
  829  00001864  00220828	seq	r1,r1,r2
  830  00001868  10200018	beqz	r1,L32_LF2
  831  0000186c  54000000	nop; delay slot nop
  832  00001870  20010000	addi	r1,r0,#0
  833  00001874  08000054	j	L24_LF2
  834  00001878  54000000	nop; delay slot nop
  835  0000187c  0800004c	j	L33_LF2
  836  00001880  54000000	nop; delay slot nop
  837  00001884          	L32_LF2:
  838  00001884  8fc20000	lw	r2,(r30)
  839  00001888  90410000	lbu	r1,(r2)
  840  0000188c  8fc20004	lw	r2,4(r30)
  841  00001890  90430000	lbu	r3,(r2)
  842  00001894  00230822	sub	r1,r1,r3
  843  00001898  74220000	sgei	r2,r1,#0
  844  0000189c  10400020	beqz	r2,L34_LF2
  845  000018a0  54000000	nop; delay slot nop
  846  000018a4  8fc10000	lw	r1,(r30)
  847  000018a8  8fc20004	lw	r2,4(r30)
  848  000018ac  90210000	lbu	r1,(r1)
  849  000018b0  90420000	lbu	r2,(r2)
  850  000018b4  00220829	sne	r1,r1,r2
  851  000018b8  08000008	j	L35_LF2
  852  000018bc  54000000	nop; delay slot nop
  853  000018c0          	L34_LF2:
  854  000018c0  2001ffff	addi	r1,r0,#-1
  855  000018c4          	L35_LF2:
  856  000018c4  08000004	j	L24_LF2
  857  000018c8  54000000	nop; delay slot nop
  858  000018cc          	L33_LF2:
  859  000018cc          	L24_LF2:
  860  000018cc  8fa20000	lw	r2,0(r29)
  861  000018d0  8fa30004	lw	r3,4(r29)
  862  000018d4  8fdffff8	lw	r31,-8(r30)
  863  000018d8  001ee820	add	r29,r0,r30
  864  000018dc  8fdefffc	lw	r30,-4(r30)
  865  000018e0  4be00000	jr	r31
  866  000018e4  54000000	nop
  867  000018e8          	.endproc _dstrncmp
  868  000018e8          	.align 2
  869  000018e8          	.proc _dstrlen
  870  000018e8          	.global _dstrlen
  871  000018e8          	_dstrlen:
  872                      ;  Function 'dstrlen'; 8 bytes of locals, 1 regs to save.
  873  000018e8  afbefffc	sw	-4(r29),r30; push fp
  874  000018ec  001df020	add	r30,r0,r29; fp = sp
  875  000018f0  afbffff8	sw	-8(r29),r31; push ret addr
  876  000018f4  2fbd0018	subui	r29,r29,#24; alloc local storage
  877  000018f8  afa20000	sw	0(r29),r2
  878  000018fc  20010000	addi	r1,r0,#0
  879  00001900  afc1fff4	sw	-12(r30),r1
  880  00001904          	L37_LF2:
  881  00001904  8fc10000	lw	r1,(r30)
  882  00001908  20220001	addi	r2,r1,#1
  883  0000190c  afc20000	sw	(r30),r2
  884  00001910  90210000	lbu	r1,(r1)
  885  00001914  64220000	snei	r2,r1,#0
  886  00001918  1440000c	bnez	r2,L39_LF2
  887  0000191c  54000000	nop; delay slot nop
  888  00001920  0800001c	j	L38_LF2
  889  00001924  54000000	nop; delay slot nop
  890  00001928          	L39_LF2:
  891  00001928  8fc2fff4	lw	r2,-12(r30)
  892  0000192c  20410001	addi	r1,r2,#1
  893  00001930  00011020	add	r2,r0,r1
  894  00001934  afc2fff4	sw	-12(r30),r2
  895  00001938  0bffffc8	j	L37_LF2
  896  0000193c  54000000	nop; delay slot nop
  897  00001940          	L38_LF2:
  898  00001940  8fc1fff4	lw	r1,-12(r30)
  899  00001944  08000004	j	L36_LF2
  900  00001948  54000000	nop; delay slot nop
  901  0000194c          	L36_LF2:
  902  0000194c  8fa20000	lw	r2,0(r29)
  903  00001950  8fdffff8	lw	r31,-8(r30)
  904  00001954  001ee820	add	r29,r0,r30
  905  00001958  8fdefffc	lw	r30,-4(r30)
  906  0000195c  4be00000	jr	r31
  907  00001960  54000000	nop
  908  00001964          	.endproc _dstrlen
  909  00001964          	.align 2
  910  00001964          	.proc _dstrstr
  911  00001964          	.global _dstrstr
  912  00001964          	_dstrstr:
  913                      ;  Function 'dstrstr'; 8 bytes of locals, 1 regs to save.
  914  00001964  afbefffc	sw	-4(r29),r30; push fp
  915  00001968  001df020	add	r30,r0,r29; fp = sp
  916  0000196c  afbffff8	sw	-8(r29),r31; push ret addr
  917  00001970  2fbd0018	subui	r29,r29,#24; alloc local storage
  918  00001974  afa20000	sw	0(r29),r2
  919  00001978  23bdfff8	addi	r29,r29,#-8
  920  0000197c  001d0820	add	r1,r0,r29
  921  00001980  8fc20004	lw	r2,4(r30)
  922  00001984  ac220000	sw	(r1),r2
  923  00001988  0fffff5c	jal	_dstrlen
  924  0000198c  54000000	nop; delay slot nop
  925  00001990  23bd0008	addi	r29,r29,#8
  926  00001994  afc1fff4	sw	-12(r30),r1
  927  00001998          	L41_LF2:
  928  00001998  8fc10000	lw	r1,(r30)
  929  0000199c  90220000	lbu	r2,(r1)
  930  000019a0  64410000	snei	r1,r2,#0
  931  000019a4  1420000c	bnez	r1,L43_LF2
  932  000019a8  54000000	nop; delay slot nop
  933  000019ac  08000060	j	L42_LF2
  934  000019b0  54000000	nop; delay slot nop
  935  000019b4          	L43_LF2:
  936  000019b4  23bdfff0	addi	r29,r29,#-16
  937  000019b8  001d0820	add	r1,r0,r29
  938  000019bc  8fc20000	lw	r2,(r30)
  939  000019c0  ac220000	sw	(r1),r2
  940  000019c4  8fc20004	lw	r2,4(r30)
  941  000019c8  ac220004	sw	4(r1),r2
  942  000019cc  8fc2fff4	lw	r2,-12(r30)
  943  000019d0  ac220008	sw	8(r1),r2
  944  000019d4  0ffffdc0	jal	_dstrncmp
  945  000019d8  54000000	nop; delay slot nop
  946  000019dc  23bd0010	addi	r29,r29,#16
  947  000019e0  64220000	snei	r2,r1,#0
  948  000019e4  14400010	bnez	r2,L44_LF2
  949  000019e8  54000000	nop; delay slot nop
  950  000019ec  8fc10000	lw	r1,(r30)
  951  000019f0  08000028	j	L40_LF2
  952  000019f4  54000000	nop; delay slot nop
  953  000019f8          	L44_LF2:
  954  000019f8  8fc20000	lw	r2,(r30)
  955  000019fc  20410001	addi	r1,r2,#1
  956  00001a00  00011020	add	r2,r0,r1
  957  00001a04  afc20000	sw	(r30),r2
  958  00001a08  0bffff8c	j	L41_LF2
  959  00001a0c  54000000	nop; delay slot nop
  960  00001a10          	L42_LF2:
  961  00001a10  20010000	addi	r1,r0,#0
  962  00001a14  08000004	j	L40_LF2
  963  00001a18  54000000	nop; delay slot nop
  964  00001a1c          	L40_LF2:
  965  00001a1c  8fa20000	lw	r2,0(r29)
  966  00001a20  8fdffff8	lw	r31,-8(r30)
  967  00001a24  001ee820	add	r29,r0,r30
  968  00001a28  8fdefffc	lw	r30,-4(r30)
  969  00001a2c  4be00000	jr	r31
  970  00001a30  54000000	nop
  971  00001a34          	.endproc _dstrstr
  972  00001a34          	.align 2
  973  00001a34          	.proc _dmindex
  974  00001a34          	.global _dmindex
  975  00001a34          	_dmindex:
  976                      ;  Function 'dmindex'; 8 bytes of locals, 1 regs to save.
  977  00001a34  afbefffc	sw	-4(r29),r30; push fp
  978  00001a38  001df020	add	r30,r0,r29; fp = sp
  979  00001a3c  afbffff8	sw	-8(r29),r31; push ret addr
  980  00001a40  2fbd0018	subui	r29,r29,#24; alloc local storage
  981  00001a44  afa20000	sw	0(r29),r2
  982  00001a48  54000000	nop
  983  00001a4c          	L46_LF2:
  984  00001a4c  8fc10000	lw	r1,(r30)
  985  00001a50  90220000	lbu	r2,(r1)
  986  00001a54  64410000	snei	r1,r2,#0
  987  00001a58  1420000c	bnez	r1,L48_LF2
  988  00001a5c  54000000	nop; delay slot nop
  989  00001a60  08000070	j	L47_LF2
  990  00001a64  54000000	nop; delay slot nop
  991  00001a68          	L48_LF2:
  992  00001a68  8fc10004	lw	r1,4(r30)
  993  00001a6c  afc1fff4	sw	-12(r30),r1
  994  00001a70          	L49_LF2:
  995  00001a70  8fc1fff4	lw	r1,-12(r30)
  996  00001a74  90220000	lbu	r2,(r1)
  997  00001a78  64410000	snei	r1,r2,#0
  998  00001a7c  1420000c	bnez	r1,L52_LF2
  999  00001a80  54000000	nop; delay slot nop
 1000  00001a84  08000044	j	L50_LF2
 1001  00001a88  54000000	nop; delay slot nop
 1002  00001a8c          	L52_LF2:
 1003  00001a8c  8fc10000	lw	r1,(r30)
 1004  00001a90  8fc2fff4	lw	r2,-12(r30)
 1005  00001a94  90210000	lbu	r1,(r1)
 1006  00001a98  90420000	lbu	r2,(r2)
 1007  00001a9c  00220828	seq	r1,r1,r2
 1008  00001aa0  10200010	beqz	r1,L51_LF2
 1009  00001aa4  54000000	nop; delay slot nop
 1010  00001aa8  8fc10000	lw	r1,(r30)
 1011  00001aac  08000030	j	L45_LF2
 1012  00001ab0  54000000	nop; delay slot nop
 1013  00001ab4          	L53_LF2:
 1014  00001ab4          	L51_LF2:
 1015  00001ab4  8fc2fff4	lw	r2,-12(r30)
 1016  00001ab8  20410001	addi	r1,r2,#1
 1017  00001abc  00011020	add	r2,r0,r1
 1018  00001ac0  afc2fff4	sw	-12(r30),r2
 1019  00001ac4  0bffffa8	j	L49_LF2
 1020  00001ac8  54000000	nop; delay slot nop
 1021  00001acc          	L50_LF2:
 1022  00001acc  0bffff7c	j	L46_LF2
 1023  00001ad0  54000000	nop; delay slot nop
 1024  00001ad4          	L47_LF2:
 1025  00001ad4  20010000	addi	r1,r0,#0
 1026  00001ad8  08000004	j	L45_LF2
 1027  00001adc  54000000	nop; delay slot nop
 1028  00001ae0          	L45_LF2:
 1029  00001ae0  8fa20000	lw	r2,0(r29)
 1030  00001ae4  8fdffff8	lw	r31,-8(r30)
 1031  00001ae8  001ee820	add	r29,r0,r30
 1032  00001aec  8fdefffc	lw	r30,-4(r30)
 1033  00001af0  4be00000	jr	r31
 1034  00001af4  54000000	nop
 1035  00001af8          	.endproc _dmindex
 1036  00001af8          	.align 2
 1037  00001af8          	.proc _dindex
 1038  00001af8          	.global _dindex
 1039  00001af8          	_dindex:
 1040                      ;  Function 'dindex'; 0 bytes of locals, 1 regs to save.
 1041  00001af8  afbefffc	sw	-4(r29),r30; push fp
 1042  00001afc  001df020	add	r30,r0,r29; fp = sp
 1043  00001b00  afbffff8	sw	-8(r29),r31; push ret addr
 1044  00001b04  2fbd0010	subui	r29,r29,#16; alloc local storage
 1045  00001b08  afa20000	sw	0(r29),r2
 1046  00001b0c  54000000	nop
 1047  00001b10          	L55_LF2:
 1048  00001b10  8fc10000	lw	r1,(r30)
 1049  00001b14  90220000	lbu	r2,(r1)
 1050  00001b18  64410000	snei	r1,r2,#0
 1051  00001b1c  1420000c	bnez	r1,L57_LF2
 1052  00001b20  54000000	nop; delay slot nop
 1053  00001b24  08000040	j	L56_LF2
 1054  00001b28  54000000	nop; delay slot nop
 1055  00001b2c          	L57_LF2:
 1056  00001b2c  8fc10000	lw	r1,(r30)
 1057  00001b30  90220000	lbu	r2,(r1)
 1058  00001b34  8fc10004	lw	r1,4(r30)
 1059  00001b38  00411028	seq	r2,r2,r1
 1060  00001b3c  10400010	beqz	r2,L58_LF2
 1061  00001b40  54000000	nop; delay slot nop
 1062  00001b44  8fc10000	lw	r1,(r30)
 1063  00001b48  08000028	j	L54_LF2
 1064  00001b4c  54000000	nop; delay slot nop
 1065  00001b50          	L58_LF2:
 1066  00001b50  8fc20000	lw	r2,(r30)
 1067  00001b54  20410001	addi	r1,r2,#1
 1068  00001b58  00011020	add	r2,r0,r1
 1069  00001b5c  afc20000	sw	(r30),r2
 1070  00001b60  0bffffac	j	L55_LF2
 1071  00001b64  54000000	nop; delay slot nop
 1072  00001b68          	L56_LF2:
 1073  00001b68  20010000	addi	r1,r0,#0
 1074  00001b6c  08000004	j	L54_LF2
 1075  00001b70  54000000	nop; delay slot nop
 1076  00001b74          	L54_LF2:
 1077  00001b74  8fa20000	lw	r2,0(r29)
 1078  00001b78  8fdffff8	lw	r31,-8(r30)
 1079  00001b7c  001ee820	add	r29,r0,r30
 1080  00001b80  8fdefffc	lw	r30,-4(r30)
 1081  00001b84  4be00000	jr	r31
 1082  00001b88  54000000	nop
 1083  00001b8c          	.endproc _dindex
 1084  00001b8c          	.align 2
 1085  00001b8c          	.proc _ditoa
 1086  00001b8c          	.global _ditoa
 1087  00001b8c          	_ditoa:
 1088                      ;  Function 'ditoa'; 8 bytes of locals, 2 regs to save.
 1089  00001b8c  afbefffc	sw	-4(r29),r30; push fp
 1090  00001b90  001df020	add	r30,r0,r29; fp = sp
 1091  00001b94  afbffff8	sw	-8(r29),r31; push ret addr
 1092  00001b98  2fbd0018	subui	r29,r29,#24; alloc local storage
 1093  00001b9c  afa20000	sw	0(r29),r2
 1094  00001ba0  afa30004	sw	4(r29),r3
 1095  00001ba4  8fc10000	lw	r1,(r30)
 1096  00001ba8  68220000	slti	r2,r1,#0
 1097  00001bac  1040002c	beqz	r2,L60_LF2
 1098  00001bb0  54000000	nop; delay slot nop
 1099  00001bb4  8fc10004	lw	r1,4(r30)
 1100  00001bb8  20220001	addi	r2,r1,#1
 1101  00001bbc  afc20004	sw	4(r30),r2
 1102  00001bc0  2002002d	addi	r2,r0,(#0x2d)&0xff
 1103  00001bc4  a0220000	sb	(r1),r2
 1104  00001bc8  8fc10000	lw	r1,(r30)
 1105  00001bcc  00011022	sub	r2,r0,r1
 1106  00001bd0  afc20000	sw	(r30),r2
 1107  00001bd4  08000118	j	L61_LF2
 1108  00001bd8  54000000	nop; delay slot nop
 1109  00001bdc          	L60_LF2:
 1110  00001bdc  8fc10000	lw	r1,(r30)
 1111  00001be0  64220000	snei	r2,r1,#0
 1112  00001be4  14400020	bnez	r2,L62_LF2
 1113  00001be8  54000000	nop; delay slot nop
 1114  00001bec  8fc10004	lw	r1,4(r30)
 1115  00001bf0  20220001	addi	r2,r1,#1
 1116  00001bf4  afc20004	sw	4(r30),r2
 1117  00001bf8  20020030	addi	r2,r0,(#0x30)&0xff
 1118  00001bfc  a0220000	sb	(r1),r2
 1119  00001c00  080000ec	j	L61_LF2
 1120  00001c04  54000000	nop; delay slot nop
 1121  00001c08          	L62_LF2:
 1122  00001c08  20010001	addi	r1,r0,#1
 1123  00001c0c  afc1fff4	sw	-12(r30),r1
 1124  00001c10          	L64_LF2:
 1125  00001c10  8fc1fff4	lw	r1,-12(r30)
 1126  00001c14  8fc20000	lw	r2,(r30)
 1127  00001c18  0022082c	sle	r1,r1,r2
 1128  00001c1c  1420000c	bnez	r1,L66_LF2
 1129  00001c20  54000000	nop; delay slot nop
 1130  00001c24  08000024	j	L65_LF2
 1131  00001c28  54000000	nop; delay slot nop
 1132  00001c2c          	L67_LF2:
 1133  00001c2c          	L66_LF2:
 1134  00001c2c  8fc1fff4	lw	r1,-12(r30)
 1135  00001c30  00011820	add	r3,r0,r1
 1136  00001c34  50620002	slli	r2,r3,#0x2
 1137  00001c38  00411020	add	r2,r2,r1
 1138  00001c3c  50410001	slli	r1,r2,#0x1
 1139  00001c40  afc1fff4	sw	-12(r30),r1
 1140  00001c44  0bffffc8	j	L64_LF2
 1141  00001c48  54000000	nop; delay slot nop
 1142  00001c4c          	L65_LF2:
 1143  00001c4c  54000000	nop
 1144  00001c50          	L68_LF2:
 1145  00001c50  8fc1fff4	lw	r1,-12(r30)
 1146  00001c54  2002000a	addi	r2,r0,#10
 1147  00001c58  00200035	movi2fp	f0,r1
 1148  00001c5c  00400835	movi2fp	f1,r2
 1149  00001c60  0401000f	div	f0,f0,f1
 1150  00001c64  00000834	movfp2i	r1,f0
 1151  00001c68  afc1fff4	sw	-12(r30),r1
 1152  00001c6c  8fc10004	lw	r1,4(r30)
 1153  00001c70  20220001	addi	r2,r1,#1
 1154  00001c74  afc20004	sw	4(r30),r2
 1155  00001c78  8fc20000	lw	r2,(r30)
 1156  00001c7c  8fc3fff4	lw	r3,-12(r30)
 1157  00001c80  00400035	movi2fp	f0,r2
 1158  00001c84  00600835	movi2fp	f1,r3
 1159  00001c88  0401000f	div	f0,f0,f1
 1160  00001c8c  00001034	movfp2i	r2,f0
 1161  00001c90  00021820	add	r3,r0,r2
 1162  00001c94  20620030	addi	r2,r3,#48
 1163  00001c98  a0220000	sb	(r1),r2
 1164  00001c9c  8fc10000	lw	r1,(r30)
 1165  00001ca0  8fc3fff4	lw	r3,-12(r30)
 1166  00001ca4  00200035	movi2fp	f0,r1
 1167  00001ca8  00600835	movi2fp	f1,r3
 1168  00001cac  0401000f	div	f0,f0,f1
 1169  00001cb0  00001034	movfp2i	r2,f0
 1170  00001cb4  8fc3fff4	lw	r3,-12(r30)
 1171  00001cb8  00400035	movi2fp	f0,r2
 1172  00001cbc  00600835	movi2fp	f1,r3
 1173  00001cc0  0401000e	mult	f0,f0,f1
 1174  00001cc4  00001034	movfp2i	r2,f0
 1175  00001cc8  00220822	sub	r1,r1,r2
 1176  00001ccc  afc10000	sw	(r30),r1
 1177  00001cd0          	L70_LF2:
 1178  00001cd0  8fc1fff4	lw	r1,-12(r30)
 1179  00001cd4  6c220001	sgti	r2,r1,#1
 1180  00001cd8  1440000c	bnez	r2,L71_LF2
 1181  00001cdc  54000000	nop; delay slot nop
 1182  00001ce0  0800000c	j	L61_LF2
 1183  00001ce4  54000000	nop; delay slot nop
 1184  00001ce8          	L71_LF2:
 1185  00001ce8  0bffff64	j	L68_LF2
 1186  00001cec  54000000	nop; delay slot nop
 1187  00001cf0          	L69_LF2:
 1188  00001cf0          	L63_LF2:
 1189  00001cf0          	L61_LF2:
 1190  00001cf0  8fc10004	lw	r1,4(r30)
 1191  00001cf4  20020000	addi	r2,r0,(#0x0)&0xff
 1192  00001cf8  a0220000	sb	(r1),r2
 1193  00001cfc          	L59_LF2:
 1194  00001cfc  8fa20000	lw	r2,0(r29)
 1195  00001d00  8fa30004	lw	r3,4(r29)
 1196  00001d04  8fdffff8	lw	r31,-8(r30)
 1197  00001d08  001ee820	add	r29,r0,r30
 1198  00001d0c  8fdefffc	lw	r30,-4(r30)
 1199  00001d10  4be00000	jr	r31
 1200  00001d14  54000000	nop
 1201  00001d18          	.endproc _ditoa
 1202  00001d18          	.align 2
 1203  00001d18          	.proc _dstrtol
 1204  00001d18          	.global _dstrtol
 1205  00001d18          	_dstrtol:
 1206                      ;  Function 'dstrtol'; 16 bytes of locals, 1 regs to save.
 1207  00001d18  afbefffc	sw	-4(r29),r30; push fp
 1208  00001d1c  001df020	add	r30,r0,r29; fp = sp
 1209  00001d20  afbffff8	sw	-8(r29),r31; push ret addr
 1210  00001d24  2fbd0020	subui	r29,r29,#32; alloc local storage
 1211  00001d28  afa20000	sw	0(r29),r2
 1212  00001d2c  20010000	addi	r1,r0,#0
 1213  00001d30  afc1fff4	sw	-12(r30),r1
 1214  00001d34          	L73_LF2:
 1215  00001d34  8fc10000	lw	r1,(r30)
 1216  00001d38  90220000	lbu	r2,(r1)
 1217  00001d3c  60410020	seqi	r1,r2,#32
 1218  00001d40  14200034	bnez	r1,L75_LF2
 1219  00001d44  54000000	nop; delay slot nop
 1220  00001d48  8fc10000	lw	r1,(r30)
 1221  00001d4c  90220000	lbu	r2,(r1)
 1222  00001d50  60410009	seqi	r1,r2,#9
 1223  00001d54  14200020	bnez	r1,L75_LF2
 1224  00001d58  54000000	nop; delay slot nop
 1225  00001d5c  8fc10000	lw	r1,(r30)
 1226  00001d60  90220000	lbu	r2,(r1)
 1227  00001d64  6041000a	seqi	r1,r2,#10
 1228  00001d68  1420000c	bnez	r1,L75_LF2
 1229  00001d6c  54000000	nop; delay slot nop
 1230  00001d70  0800001c	j	L74_LF2
 1231  00001d74  54000000	nop; delay slot nop
 1232  00001d78          	L75_LF2:
 1233  00001d78  8fc20000	lw	r2,(r30)
 1234  00001d7c  20410001	addi	r1,r2,#1
 1235  00001d80  00011020	add	r2,r0,r1
 1236  00001d84  afc20000	sw	(r30),r2
 1237  00001d88  0bffffa8	j	L73_LF2
 1238  00001d8c  54000000	nop; delay slot nop
 1239  00001d90          	L74_LF2:
 1240  00001d90  8fc10004	lw	r1,4(r30)
 1241  00001d94  64220000	snei	r2,r1,#0
 1242  00001d98  10400010	beqz	r2,L76_LF2
 1243  00001d9c  54000000	nop; delay slot nop
 1244  00001da0  8fc10004	lw	r1,4(r30)
 1245  00001da4  8fc20000	lw	r2,(r30)
 1246  00001da8  ac220000	sw	(r1),r2
 1247  00001dac          	L76_LF2:
 1248  00001dac  8fc10000	lw	r1,(r30)
 1249  00001db0  90220000	lbu	r2,(r1)
 1250  00001db4  64410000	snei	r1,r2,#0
 1251  00001db8  14200010	bnez	r1,L77_LF2
 1252  00001dbc  54000000	nop; delay slot nop
 1253  00001dc0  8fc1fff4	lw	r1,-12(r30)
 1254  00001dc4  08000294	j	L72_LF2
 1255  00001dc8  54000000	nop; delay slot nop
 1256  00001dcc          	L77_LF2:
 1257  00001dcc  8fc10000	lw	r1,(r30)
 1258  00001dd0  90220000	lbu	r2,(r1)
 1259  00001dd4  6041002d	seqi	r1,r2,#45
 1260  00001dd8  10200024	beqz	r1,L78_LF2
 1261  00001ddc  54000000	nop; delay slot nop
 1262  00001de0  2001ffff	addi	r1,r0,#-1
 1263  00001de4  afc1ffec	sw	-20(r30),r1
 1264  00001de8  8fc20000	lw	r2,(r30)
 1265  00001dec  20410001	addi	r1,r2,#1
 1266  00001df0  00011020	add	r2,r0,r1
 1267  00001df4  afc20000	sw	(r30),r2
 1268  00001df8  0800000c	j	L79_LF2
 1269  00001dfc  54000000	nop; delay slot nop
 1270  00001e00          	L78_LF2:
 1271  00001e00  20010001	addi	r1,r0,#1
 1272  00001e04  afc1ffec	sw	-20(r30),r1
 1273  00001e08          	L79_LF2:
 1274  00001e08  8fc10008	lw	r1,8(r30)
 1275  00001e0c  64220000	snei	r2,r1,#0
 1276  00001e10  14400090	bnez	r2,L80_LF2
 1277  00001e14  54000000	nop; delay slot nop
 1278  00001e18  8fc10000	lw	r1,(r30)
 1279  00001e1c  90220000	lbu	r2,(r1)
 1280  00001e20  60410030	seqi	r1,r2,#48
 1281  00001e24  10200074	beqz	r1,L81_LF2
 1282  00001e28  54000000	nop; delay slot nop
 1283  00001e2c  8fc20000	lw	r2,(r30)
 1284  00001e30  20410001	addi	r1,r2,#1
 1285  00001e34  00011020	add	r2,r0,r1
 1286  00001e38  afc20000	sw	(r30),r2
 1287  00001e3c  8fc10000	lw	r1,(r30)
 1288  00001e40  90220000	lbu	r2,(r1)
 1289  00001e44  60410078	seqi	r1,r2,#120
 1290  00001e48  14200020	bnez	r1,L83_LF2
 1291  00001e4c  54000000	nop; delay slot nop
 1292  00001e50  8fc10000	lw	r1,(r30)
 1293  00001e54  90220000	lbu	r2,(r1)
 1294  00001e58  60410058	seqi	r1,r2,#88
 1295  00001e5c  1420000c	bnez	r1,L83_LF2
 1296  00001e60  54000000	nop; delay slot nop
 1297  00001e64  08000024	j	L82_LF2
 1298  00001e68  54000000	nop; delay slot nop
 1299  00001e6c          	L83_LF2:
 1300  00001e6c  20010010	addi	r1,r0,#16
 1301  00001e70  afc10008	sw	8(r30),r1
 1302  00001e74  8fc20000	lw	r2,(r30)
 1303  00001e78  20410001	addi	r1,r2,#1
 1304  00001e7c  00011020	add	r2,r0,r1
 1305  00001e80  afc20000	sw	(r30),r2
 1306  00001e84  0800000c	j	L84_LF2
 1307  00001e88  54000000	nop; delay slot nop
 1308  00001e8c          	L82_LF2:
 1309  00001e8c  20010008	addi	r1,r0,#8
 1310  00001e90  afc10008	sw	8(r30),r1
 1311  00001e94          	L84_LF2:
 1312  00001e94  0800000c	j	L80_LF2
 1313  00001e98  54000000	nop; delay slot nop
 1314  00001e9c          	L81_LF2:
 1315  00001e9c  2001000a	addi	r1,r0,#10
 1316  00001ea0  afc10008	sw	8(r30),r1
 1317  00001ea4          	L85_LF2:
 1318  00001ea4          	L80_LF2:
 1319  00001ea4  8fc10008	lw	r1,8(r30)
 1320  00001ea8  70220000	slei	r2,r1,#0
 1321  00001eac  1440001c	bnez	r2,L87_LF2
 1322  00001eb0  54000000	nop; delay slot nop
 1323  00001eb4  8fc10008	lw	r1,8(r30)
 1324  00001eb8  6c220010	sgti	r2,r1,#16
 1325  00001ebc  1440000c	bnez	r2,L87_LF2
 1326  00001ec0  54000000	nop; delay slot nop
 1327  00001ec4  08000010	j	L86_LF2
 1328  00001ec8  54000000	nop; delay slot nop
 1329  00001ecc          	L87_LF2:
 1330  00001ecc  8fc1fff4	lw	r1,-12(r30)
 1331  00001ed0  08000188	j	L72_LF2
 1332  00001ed4  54000000	nop; delay slot nop
 1333  00001ed8          	L86_LF2:
 1334  00001ed8  54000000	nop
 1335  00001edc          	L88_LF2:
 1336  00001edc  8fc10000	lw	r1,(r30)
 1337  00001ee0  90220000	lbu	r2,(r1)
 1338  00001ee4  6c41002f	sgtui	r1,r2,#47
 1339  00001ee8  10200030	beqz	r1,L91_LF2
 1340  00001eec  54000000	nop; delay slot nop
 1341  00001ef0  8fc10000	lw	r1,(r30)
 1342  00001ef4  90220000	lbu	r2,(r1)
 1343  00001ef8  70410039	sleui	r1,r2,#57
 1344  00001efc  1020001c	beqz	r1,L91_LF2
 1345  00001f00  54000000	nop; delay slot nop
 1346  00001f04  8fc10000	lw	r1,(r30)
 1347  00001f08  90220000	lbu	r2,(r1)
 1348  00001f0c  2041ffd0	addi	r1,r2,#-48
 1349  00001f10  afc1fff0	sw	-16(r30),r1
 1350  00001f14  0800008c	j	L92_LF2
 1351  00001f18  54000000	nop; delay slot nop
 1352  00001f1c          	L91_LF2:
 1353  00001f1c  8fc10000	lw	r1,(r30)
 1354  00001f20  90220000	lbu	r2,(r1)
 1355  00001f24  6c410060	sgtui	r1,r2,#96
 1356  00001f28  10200030	beqz	r1,L93_LF2
 1357  00001f2c  54000000	nop; delay slot nop
 1358  00001f30  8fc10000	lw	r1,(r30)
 1359  00001f34  90220000	lbu	r2,(r1)
 1360  00001f38  7041007a	sleui	r1,r2,#122
 1361  00001f3c  1020001c	beqz	r1,L93_LF2
 1362  00001f40  54000000	nop; delay slot nop
 1363  00001f44  8fc10000	lw	r1,(r30)
 1364  00001f48  90220000	lbu	r2,(r1)
 1365  00001f4c  2041ffa9	addi	r1,r2,#-87
 1366  00001f50  afc1fff0	sw	-16(r30),r1
 1367  00001f54  0800004c	j	L92_LF2
 1368  00001f58  54000000	nop; delay slot nop
 1369  00001f5c          	L93_LF2:
 1370  00001f5c  8fc10000	lw	r1,(r30)
 1371  00001f60  90220000	lbu	r2,(r1)
 1372  00001f64  6c410040	sgtui	r1,r2,#64
 1373  00001f68  10200030	beqz	r1,L95_LF2
 1374  00001f6c  54000000	nop; delay slot nop
 1375  00001f70  8fc10000	lw	r1,(r30)
 1376  00001f74  90220000	lbu	r2,(r1)
 1377  00001f78  7041005a	sleui	r1,r2,#90
 1378  00001f7c  1020001c	beqz	r1,L95_LF2
 1379  00001f80  54000000	nop; delay slot nop
 1380  00001f84  8fc10000	lw	r1,(r30)
 1381  00001f88  90220000	lbu	r2,(r1)
 1382  00001f8c  2041ffc9	addi	r1,r2,#-55
 1383  00001f90  afc1fff0	sw	-16(r30),r1
 1384  00001f94  0800000c	j	L92_LF2
 1385  00001f98  54000000	nop; delay slot nop
 1386  00001f9c          	L95_LF2:
 1387  00001f9c  200103e8	addi	r1,r0,#1000
 1388  00001fa0  afc1fff0	sw	-16(r30),r1
 1389  00001fa4          	L96_LF2:
 1390  00001fa4          	L94_LF2:
 1391  00001fa4          	L92_LF2:
 1392  00001fa4  8fc1fff0	lw	r1,-16(r30)
 1393  00001fa8  8fc20008	lw	r2,8(r30)
 1394  00001fac  0022082a	slt	r1,r1,r2
 1395  00001fb0  10200040	beqz	r1,L90_LF2
 1396  00001fb4  54000000	nop; delay slot nop
 1397  00001fb8  8fc1fff4	lw	r1,-12(r30)
 1398  00001fbc  8fc20008	lw	r2,8(r30)
 1399  00001fc0  00200035	movi2fp	f0,r1
 1400  00001fc4  00400835	movi2fp	f1,r2
 1401  00001fc8  0401000e	mult	f0,f0,f1
 1402  00001fcc  00000834	movfp2i	r1,f0
 1403  00001fd0  afc1fff4	sw	-12(r30),r1
 1404  00001fd4  8fc1fff4	lw	r1,-12(r30)
 1405  00001fd8  8fc2fff0	lw	r2,-16(r30)
 1406  00001fdc  00220820	add	r1,r1,r2
 1407  00001fe0  afc1fff4	sw	-12(r30),r1
 1408  00001fe4  8fc20000	lw	r2,(r30)
 1409  00001fe8  20410001	addi	r1,r2,#1
 1410  00001fec  00011020	add	r2,r0,r1
 1411  00001ff0  afc20000	sw	(r30),r2
 1412  00001ff4          	L97_LF2:
 1413  00001ff4          	L90_LF2:
 1414  00001ff4  8fc1fff0	lw	r1,-16(r30)
 1415  00001ff8  8fc20008	lw	r2,8(r30)
 1416  00001ffc  0022082a	slt	r1,r1,r2
 1417  00002000  1420000c	bnez	r1,L98_LF2
 1418  00002004  54000000	nop; delay slot nop
 1419  00002008  0800000c	j	L89_LF2
 1420  0000200c  54000000	nop; delay slot nop
 1421  00002010          	L98_LF2:
 1422  00002010  0bfffec8	j	L88_LF2
 1423  00002014  54000000	nop; delay slot nop
 1424  00002018          	L89_LF2:
 1425  00002018  8fc10004	lw	r1,4(r30)
 1426  0000201c  64220000	snei	r2,r1,#0
 1427  00002020  10400010	beqz	r2,L99_LF2
 1428  00002024  54000000	nop; delay slot nop
 1429  00002028  8fc10004	lw	r1,4(r30)
 1430  0000202c  8fc20000	lw	r2,(r30)
 1431  00002030  ac220000	sw	(r1),r2
 1432  00002034          	L99_LF2:
 1433  00002034  8fc1fff4	lw	r1,-12(r30)
 1434  00002038  8fc2ffec	lw	r2,-20(r30)
 1435  0000203c  00200035	movi2fp	f0,r1
 1436  00002040  00400835	movi2fp	f1,r2
 1437  00002044  0401000e	mult	f0,f0,f1
 1438  00002048  00000834	movfp2i	r1,f0
 1439  0000204c  afc1fff4	sw	-12(r30),r1
 1440  00002050  8fc1fff4	lw	r1,-12(r30)
 1441  00002054  08000004	j	L72_LF2
 1442  00002058  54000000	nop; delay slot nop
 1443  0000205c          	L72_LF2:
 1444  0000205c  8fa20000	lw	r2,0(r29)
 1445  00002060  8fdffff8	lw	r31,-8(r30)
 1446  00002064  001ee820	add	r29,r0,r30
 1447  00002068  8fdefffc	lw	r30,-4(r30)
 1448  0000206c  4be00000	jr	r31
 1449  00002070  54000000	nop
 1450  00002074          	.endproc _dstrtol
 1451  00002074          	.align 2
 1452  00002074          	.proc _bcopy
 1453  00002074          	.global _bcopy
 1454  00002074          	_bcopy:
 1455                      ;  Function 'bcopy'; 0 bytes of locals, 2 regs to save.
 1456  00002074  afbefffc	sw	-4(r29),r30; push fp
 1457  00002078  001df020	add	r30,r0,r29; fp = sp
 1458  0000207c  afbffff8	sw	-8(r29),r31; push ret addr
 1459  00002080  2fbd0010	subui	r29,r29,#16; alloc local storage
 1460  00002084  afa20000	sw	0(r29),r2
 1461  00002088  afa30004	sw	4(r29),r3
 1462  0000208c  54000000	nop
 1463  00002090          	L101_LF2:
 1464  00002090  8fc10008	lw	r1,8(r30)
 1465  00002094  2022ffff	addi	r2,r1,#-1
 1466  00002098  afc20008	sw	8(r30),r2
 1467  0000209c  6c210000	sgti	r1,r1,#0
 1468  000020a0  1420000c	bnez	r1,L103_LF2
 1469  000020a4  54000000	nop; delay slot nop
 1470  000020a8  0800002c	j	L102_LF2
 1471  000020ac  54000000	nop; delay slot nop
 1472  000020b0          	L103_LF2:
 1473  000020b0  8fc10004	lw	r1,4(r30)
 1474  000020b4  20220001	addi	r2,r1,#1
 1475  000020b8  afc20004	sw	4(r30),r2
 1476  000020bc  8fc20000	lw	r2,(r30)
 1477  000020c0  20430001	addi	r3,r2,#1
 1478  000020c4  afc30000	sw	(r30),r3
 1479  000020c8  80420000	lb	r2,(r2)
 1480  000020cc  a0220000	sb	(r1),r2
 1481  000020d0  0bffffbc	j	L101_LF2
 1482  000020d4  54000000	nop; delay slot nop
 1483  000020d8          	L102_LF2:
 1484  000020d8          	L100_LF2:
 1485  000020d8  8fa20000	lw	r2,0(r29)
 1486  000020dc  8fa30004	lw	r3,4(r29)
 1487  000020e0  8fdffff8	lw	r31,-8(r30)
 1488  000020e4  001ee820	add	r29,r0,r30
 1489  000020e8  8fdefffc	lw	r30,-4(r30)
 1490  000020ec  4be00000	jr	r31
 1491  000020f0  54000000	nop
 1492  000020f4          	.endproc _bcopy
 1493  000020f4          	.align 2
 1494  000020f4          	.proc _bzero
 1495  000020f4          	.global _bzero
 1496  000020f4          	_bzero:
 1497                      ;  Function 'bzero'; 0 bytes of locals, 1 regs to save.
 1498  000020f4  afbefffc	sw	-4(r29),r30; push fp
 1499  000020f8  001df020	add	r30,r0,r29; fp = sp
 1500  000020fc  afbffff8	sw	-8(r29),r31; push ret addr
 1501  00002100  2fbd0010	subui	r29,r29,#16; alloc local storage
 1502  00002104  afa20000	sw	0(r29),r2
 1503  00002108  54000000	nop
 1504  0000210c          	L105_LF2:
 1505  0000210c  8fc10004	lw	r1,4(r30)
 1506  00002110  2022ffff	addi	r2,r1,#-1
 1507  00002114  afc20004	sw	4(r30),r2
 1508  00002118  6c210000	sgti	r1,r1,#0
 1509  0000211c  1420000c	bnez	r1,L107_LF2
 1510  00002120  54000000	nop; delay slot nop
 1511  00002124  08000020	j	L106_LF2
 1512  00002128  54000000	nop; delay slot nop
 1513  0000212c          	L107_LF2:
 1514  0000212c  8fc10000	lw	r1,(r30)
 1515  00002130  20220001	addi	r2,r1,#1
 1516  00002134  afc20000	sw	(r30),r2
 1517  00002138  20020000	addi	r2,r0,(#0x0)&0xff
 1518  0000213c  a0220000	sb	(r1),r2
 1519  00002140  0bffffc8	j	L105_LF2
 1520  00002144  54000000	nop; delay slot nop
 1521  00002148          	L106_LF2:
 1522  00002148          	L104_LF2:
 1523  00002148  8fa20000	lw	r2,0(r29)
 1524  0000214c  8fdffff8	lw	r31,-8(r30)
 1525  00002150  001ee820	add	r29,r0,r30
 1526  00002154  8fdefffc	lw	r30,-4(r30)
 1527  00002158  4be00000	jr	r31
 1528  0000215c  54000000	nop
 1529  00002160          	.endproc _bzero
 1530  00002160          	.align 2
 1531  00002160          	.proc _min
 1532  00002160          	.global _min
 1533  00002160          	_min:
 1534                      ;  Function 'min'; 0 bytes of locals, 2 regs to save.
 1535  00002160  afbefffc	sw	-4(r29),r30; push fp
 1536  00002164  001df020	add	r30,r0,r29; fp = sp
 1537  00002168  afbffff8	sw	-8(r29),r31; push ret addr
 1538  0000216c  2fbd0010	subui	r29,r29,#16; alloc local storage
 1539  00002170  afa20000	sw	0(r29),r2
 1540  00002174  afa30004	sw	4(r29),r3
 1541  00002178  8fc10000	lw	r1,(r30)
 1542  0000217c  8fc20004	lw	r2,4(r30)
 1543  00002180  0022182c	sle	r3,r1,r2
 1544  00002184  14600008	bnez	r3,L109_LF2
 1545  00002188  54000000	nop; delay slot nop
 1546  0000218c  8fc10004	lw	r1,4(r30)
 1547  00002190          	L109_LF2:
 1548  00002190  08000004	j	L108_LF2
 1549  00002194  54000000	nop; delay slot nop
 1550  00002198          	L108_LF2:
 1551  00002198  8fa20000	lw	r2,0(r29)
 1552  0000219c  8fa30004	lw	r3,4(r29)
 1553  000021a0  8fdffff8	lw	r31,-8(r30)
 1554  000021a4  001ee820	add	r29,r0,r30
 1555  000021a8  8fdefffc	lw	r30,-4(r30)
 1556  000021ac  4be00000	jr	r31
 1557  000021b0  54000000	nop
 1558  000021b4          	.endproc _min
 1559  000021b4          	.align 2
 1560  000021b4          	.proc _max
 1561  000021b4          	.global _max
 1562  000021b4          	_max:
 1563                      ;  Function 'max'; 0 bytes of locals, 2 regs to save.
 1564  000021b4  afbefffc	sw	-4(r29),r30; push fp
 1565  000021b8  001df020	add	r30,r0,r29; fp = sp
 1566  000021bc  afbffff8	sw	-8(r29),r31; push ret addr
 1567  000021c0  2fbd0010	subui	r29,r29,#16; alloc local storage
 1568  000021c4  afa20000	sw	0(r29),r2
 1569  000021c8  afa30004	sw	4(r29),r3
 1570  000021cc  8fc10000	lw	r1,(r30)
 1571  000021d0  8fc20004	lw	r2,4(r30)
 1572  000021d4  0022182d	sge	r3,r1,r2
 1573  000021d8  14600008	bnez	r3,L111_LF2
 1574  000021dc  54000000	nop; delay slot nop
 1575  000021e0  8fc10004	lw	r1,4(r30)
 1576  000021e4          	L111_LF2:
 1577  000021e4  08000004	j	L110_LF2
 1578  000021e8  54000000	nop; delay slot nop
 1579  000021ec          	L110_LF2:
 1580  000021ec  8fa20000	lw	r2,0(r29)
 1581  000021f0  8fa30004	lw	r3,4(r29)
 1582  000021f4  8fdffff8	lw	r31,-8(r30)
 1583  000021f8  001ee820	add	r29,r0,r30
 1584  000021fc  8fdefffc	lw	r30,-4(r30)
 1585  00002200  4be00000	jr	r31
 1586  00002204  54000000	nop
 1587  00002208          	.endproc _max
 1588                      ;;; Ethan L. Miller, 1999.  Released to the public domain
 1589                      ;;;
 1590                      ;;; Most of the traps are called in files from libtraps.
 1593  00002208          	.align 2
 1594  00002208          	.proc _exit
 1595  00002208          	.global _exit
 1596  00002208          	_exit:
 1597  00002208  44000300	trap	#0x300
 1598  0000220c  4be00000	jr	r31
 1599  00002210  54000000	nop
 1600  00002214          	.endproc _exit
 1602                      ; for the benefit of gcc.
 1603  00002214          	.proc ___main
 1604  00002214          	.global ___main
 1605  00002214          	___main:
 1606  00002214  4be00000	jr	r31
 1607  00002218  54000000	nop
 1608  0000221c          	.endproc ___main
 1609  0000221c          	.text
 1610  0000221c          	.global _etext
 1611  0000221c          	_etext:
 1612  0000221c          	.align 3
 1613  00002220          	.data
 1614  0000313e          	.global _edata
 1615  0000313e          	_edata:
