 line   address	contents
    1                      ; Linked by DLX-LD.
    2                      ; MemSize 24576
    3                      ; Data size: 446
    4                      ; Text size: 6000
    5                      ; Stack size: 8192
    6  00000000          	.text 0x1000
    7  00001000          	.data 0x3000
    8                      ; Compiled by GCC
    9  00003000          	.text
   10  00001000          	.align 2
   11  00001000          	.proc _isspace
   12  00001000          	.global _isspace
   13  00001000          	_isspace:
   14                      ;  Function 'isspace'; 0 bytes of locals, 1 regs to save.
   15  00001000  afbefffc	sw	-4(r29),r30; push fp
   16  00001004  001df020	add	r30,r0,r29; fp = sp
   17  00001008  afbffff8	sw	-8(r29),r31; push ret addr
   18  0000100c  2fbd0010	subui	r29,r29,#16; alloc local storage
   19  00001010  afa20000	sw	0(r29),r2
   20  00001014  83c20003	lb	r2,3(r30)
   21  00001018  201f0000	addi	r31,r0,#0
   22  0000101c  304100ff	andi	r1,r2,#0x00ff
   23  00001020  60210020	seqi	r1,r1,#32
   24  00001024  14200018	bnez	r1,L6_LF0
   25  00001028  54000000	nop; not filled.
   26  0000102c  2041fff7	addi	r1,r2,#-9
   27  00001030  302100ff	andi	r1,r1,#0x00ff
   28  00001034  70210001	sleui	r1,r1,#1
   29  00001038  10200008	beqz	r1,L5_LF0
   30  0000103c  54000000	nop; not filled.
   31  00001040          	L6_LF0:
   32  00001040  201f0001	addi	r31,r0,#1
   33  00001044          	L5_LF0:
   34  00001044  001f0820	add	r1,r0,r31
   35  00001048  8fa20000	lw	r2,0(r29)
   36  0000104c  8fdffff8	lw	r31,-8(r30)
   37  00001050  001ee820	add	r29,r0,r30
   38  00001054  8fdefffc	lw	r30,-4(r30)
   39  00001058  4be00000	jr	r31
   40  0000105c  54000000	nop
   41  00001060          	.endproc _isspace
   42  00001060          	.align 2
   43  00001060          	.proc _isxdigit
   44  00001060          	.global _isxdigit
   45  00001060          	_isxdigit:
   46                      ;  Function 'isxdigit'; 0 bytes of locals, 1 regs to save.
   47  00001060  afbefffc	sw	-4(r29),r30; push fp
   48  00001064  001df020	add	r30,r0,r29; fp = sp
   49  00001068  afbffff8	sw	-8(r29),r31; push ret addr
   50  0000106c  2fbd0010	subui	r29,r29,#16; alloc local storage
   51  00001070  afa20000	sw	0(r29),r2
   52  00001074  83df0003	lb	r31,3(r30)
   53  00001078  20020000	addi	r2,r0,#0
   54  0000107c  23e1ffd0	addi	r1,r31,#-48
   55  00001080  302100ff	andi	r1,r1,#0x00ff
   56  00001084  70210009	sleui	r1,r1,#9
   57  00001088  14200028	bnez	r1,L12_LF0
   58  0000108c  54000000	nop; not filled.
   59  00001090  23e1ff9f	addi	r1,r31,#-97
   60  00001094  302100ff	andi	r1,r1,#0x00ff
   61  00001098  70210005	sleui	r1,r1,#5
   62  0000109c  14200014	bnez	r1,L12_LF0
   63  000010a0  54000000	nop; not filled.
   64  000010a4  33e100ff	andi	r1,r31,#0x00ff
   65  000010a8  64210041	snei	r1,r1,#65
   66  000010ac  14200008	bnez	r1,L11_LF0
   67  000010b0  54000000	nop; not filled.
   68  000010b4          	L12_LF0:
   69  000010b4  20020001	addi	r2,r0,#1
   70  000010b8          	L11_LF0:
   71  000010b8  00020820	add	r1,r0,r2
   72  000010bc  8fa20000	lw	r2,0(r29)
   73  000010c0  8fdffff8	lw	r31,-8(r30)
   74  000010c4  001ee820	add	r29,r0,r30
   75  000010c8  8fdefffc	lw	r30,-4(r30)
   76  000010cc  4be00000	jr	r31
   77  000010d0  54000000	nop
   78  000010d4          	.endproc _isxdigit
   79  000010d4          	.data
   80  00003000          	.align 2
   81  00003000          	LC0_LF0:
   82  00003000  55736167	.ascii "Usage: \000"
   82  00003004  653a2000	
   83  00003008          	.align 2
   84  00003008          	LC1_LF0:
   85  00003008  203c6e75	.ascii " <number of h2o injections> <number of so4 injections>\n\000"
   85  0000300c  6d626572	
   85  00003010  206f6620	
   85  00003014  68326f20	
   85  00003018  696e6a65	
   85  0000301c  6374696f	
   85  00003020  6e733e20	
   85  00003024  3c6e756d	
   85  00003028  62657220	
   85  0000302c  6f662073	
   85  00003030  6f342069	
   85  00003034  6e6a6563	
   85  00003038  74696f6e	
   85  0000303c  733e0a00	
   86  00003040          	.align 2
   87  00003040          	LC2_LF0:
   88  00003040  25640925	.ascii "%d\t%d\t%d\t%d\t%d\t%d\n\000"
   88  00003044  64092564	
   88  00003048  09256409	
   88  0000304c  25640925	
   88  00003050  640a00  	
   89  00003053          	.align 2
   90  00003054          	LC3_LF0:
   91  00003054  6d616b65	.ascii "makeprocs (%d) molecule (%d): ERROR: could not allocate mailbox!\000"
   91  00003058  70726f63	
   91  0000305c  73202825	
   91  00003060  6429206d	
   91  00003064  6f6c6563	
   91  00003068  756c6520	
   91  0000306c  28256429	
   91  00003070  3a204552	
   91  00003074  524f523a	
   91  00003078  20636f75	
   91  0000307c  6c64206e	
   91  00003080  6f742061	
   91  00003084  6c6c6f63	
   91  00003088  61746520	
   91  0000308c  6d61696c	
   91  00003090  626f7821	
   91  00003094  00      	
   92  00003095          	.align 2
   93  00003098          	LC4_LF0:
   94  00003098  6d616b65	.ascii "makeprocs (%d) molecule (%d): Could not open mailbox %d!\n\000"
   94  0000309c  70726f63	
   94  000030a0  73202825	
   94  000030a4  6429206d	
   94  000030a8  6f6c6563	
   94  000030ac  756c6520	
   94  000030b0  28256429	
   94  000030b4  3a20436f	
   94  000030b8  756c6420	
   94  000030bc  6e6f7420	
   94  000030c0  6f70656e	
   94  000030c4  206d6169	
   94  000030c8  6c626f78	
   94  000030cc  20256421	
   94  000030d0  0a00    	
   95  000030d2          	.align 2
   96  000030d4          	LC5_LF0:
   97  000030d4  6d616b65	.ascii "makeprocs (%d): Bad sem_create\n\000"
   97  000030d8  70726f63	
   97  000030dc  73202825	
   97  000030e0  64293a20	
   97  000030e4  42616420	
   97  000030e8  73656d5f	
   97  000030ec  63726561	
   97  000030f0  74650a00	
   98  000030f4          	.align 2
   99  000030f4          	LC6_LF0:
  100  000030f4  73325f69	.ascii "s2_inj.dlx.obj\000"
  100  000030f8  6e6a2e64	
  100  000030fc  6c782e6f	
  100  00003100  626a00  	
  101  00003103          	.align 2
  102  00003104          	LC7_LF0:
  103  00003104  636f5f69	.ascii "co_inj.dlx.obj\000"
  103  00003108  6e6a2e64	
  103  0000310c  6c782e6f	
  103  00003110  626a00  	
  104  00003113          	.align 2
  105  00003114          	LC8_LF0:
  106  00003114  636f5f72	.ascii "co_rea.dlx.obj\000"
  106  00003118  65612e64	
  106  0000311c  6c782e6f	
  106  00003120  626a00  	
  107  00003123          	.align 2
  108  00003124          	LC9_LF0:
  109  00003124  00      	.ascii "\000"
  110  00003125          	.align 2
  111  00003128          	LC10_LF0:
  112  00003128  735f7265	.ascii "s_rea.dlx.obj\000"
  112  0000312c  612e646c	
  112  00003130  782e6f62	
  112  00003134  6a00    	
  113  00003136          	.align 2
  114  00003138          	LC11_LF0:
  115  00003138  736f345f	.ascii "so4_rea.dlx.obj\000"
  115  0000313c  7265612e	
  115  00003140  646c782e	
  115  00003144  6f626a00	
  116  00003148          	.align 2
  117  00003148          	LC12_LF0:
  118  00003148  42616420	.ascii "Bad semaphore s_procs_completed (%d) in \000"
  118  0000314c  73656d61	
  118  00003150  70686f72	
  118  00003154  6520735f	
  118  00003158  70726f63	
  118  0000315c  735f636f	
  118  00003160  6d706c65	
  118  00003164  74656420	
  118  00003168  28256429	
  118  0000316c  20696e20	
  118  00003170  00      	
  119  00003171          	.align 2
  120  00003174          	LC13_LF0:
  121  00003174  0a00    	.ascii "\n\000"
  122  00003176          	.align 2
  123  00003178          	LC14_LF0:
  124  00003178  6d616b65	.ascii "makeprocs (%d): All other processes completed, exiting main process.\n"
  124  0000317c  70726f63	
  124  00003180  73202825	
  124  00003184  64293a20	
  124  00003188  416c6c20	
  124  0000318c  6f746865	
  124  00003190  72207072	
  124  00003194  6f636573	
  124  00003198  73657320	
  124  0000319c  636f6d70	
  124  000031a0  6c657465	
  124  000031a4  642c2065	
  124  000031a8  78697469	
  124  000031ac  6e67206d	
  124  000031b0  61696e20	
  124  000031b4  70726f63	
  124  000031b8  6573732e	
  124  000031bc  0a      	
  125  000031bd  00      	.ascii "\000"
  126  000031be          	.text
  127  000010d4          	.align 2
  128  000010d4          	.proc _main
  129  000010d4          	.global _main
  130  000010d4          	_main:
  131                      ;  Function 'main'; 168 bytes of locals, 0 regs to save.
  132  000010d4  afbefffc	sw	-4(r29),r30; push fp
  133  000010d8  001df020	add	r30,r0,r29; fp = sp
  134  000010dc  afbffff8	sw	-8(r29),r31; push ret addr
  135  000010e0  2fbd00b0	subui	r29,r29,#176; alloc local storage
  136  000010e4  8fc70000	lw	r7,(r30)
  137  000010e8  8fca0004	lw	r10,4(r30)
  138  000010ec  0c001678	jal	___main
  139  000010f0  54000000	nop; not filled.
  140  000010f4  23c6ffb0	addi	r6,r30,#-80
  141  000010f8  afc6ff58	sw	-168(r30),r6
  142  000010fc  23c5ffa8	addi	r5,r30,#-88
  143  00001100  afc5ff5c	sw	-164(r30),r5
  144  00001104  23c4ffa0	addi	r4,r30,#-96
  145  00001108  afc4ff60	sw	-160(r30),r4
  146  0000110c  23c3ff98	addi	r3,r30,#-104
  147  00001110  afc3ff64	sw	-156(r30),r3
  148  00001114  23c2ff90	addi	r2,r30,#-112
  149  00001118  afc2ff68	sw	-152(r30),r2
  150  0000111c  23c1ff88	addi	r1,r30,#-120
  151  00001120  afc1ff6c	sw	-148(r30),r1
  152  00001124  afc6ff70	sw	-144(r30),r6
  153  00001128  afc5ff74	sw	-140(r30),r5
  154  0000112c  afc4ff78	sw	-136(r30),r4
  155  00001130  afc3ff7c	sw	-132(r30),r3
  156  00001134  afc2ff80	sw	-128(r30),r2
  157  00001138  afc1ff84	sw	-124(r30),r1
  158  0000113c  64e10003	snei	r1,r7,#3
  159  00001140  1020004c	beqz	r1,L14_LF0
  160  00001144  54000000	nop; not filled.
  161  00001148  23bdfff8	addi	r29,r29,#-8
  162  0000114c  3c0b0000	lhi	r11,((LC0_LF0)>>16)&0xffff
  163  00001150  256b3000	addui	r11,r11,(LC0_LF0)&0xffff
  164  00001154  afab0000	sw	(r29),r11
  165  00001158  0c00075c	jal	_Printf
  166  0000115c  54000000	nop; not filled.
  167  00001160  8d4b0000	lw	r11,(r10)
  168  00001164  afab0000	sw	(r29),r11
  169  00001168  0c00074c	jal	_Printf
  170  0000116c  54000000	nop; not filled.
  171  00001170  3c0b0000	lhi	r11,((LC1_LF0)>>16)&0xffff
  172  00001174  256b3008	addui	r11,r11,(LC1_LF0)&0xffff
  173  00001178  afab0000	sw	(r29),r11
  174  0000117c  0c000738	jal	_Printf
  175  00001180  54000000	nop; not filled.
  176  00001184  0c000838	jal	_Exit
  177  00001188  54000000	nop; not filled.
  178  0000118c  23bd0008	addi	r29,r29,#8
  179  00001190          	L14_LF0:
  180  00001190  23bdfff0	addi	r29,r29,#-16
  181  00001194  8d4b0004	lw	r11,4(r10)
  182  00001198  afab0000	sw	(r29),r11
  183  0000119c  200b0000	addi	r11,r0,#0
  184  000011a0  afab0004	sw	4(r29),r11
  185  000011a4  200b000a	addi	r11,r0,#10
  186  000011a8  afab0008	sw	8(r29),r11
  187  000011ac  0c0010bc	jal	_dstrtol
  188  000011b0  54000000	nop; not filled.
  189  000011b4  afc1ffb0	sw	-80(r30),r1
  190  000011b8  8d4b0008	lw	r11,8(r10)
  191  000011bc  afab0000	sw	(r29),r11
  192  000011c0  200b0000	addi	r11,r0,#0
  193  000011c4  afab0004	sw	4(r29),r11
  194  000011c8  200b000a	addi	r11,r0,#10
  195  000011cc  afab0008	sw	8(r29),r11
  196  000011d0  0c001098	jal	_dstrtol
  197  000011d4  54000000	nop; not filled.
  198  000011d8  afc1ffa8	sw	-88(r30),r1
  199  000011dc  8fc2ffb0	lw	r2,-80(r30)
  200  000011e0  50420001	slli	r2,r2,#0x1
  201  000011e4  afc2ffa0	sw	-96(r30),r2
  202  000011e8  00011820	add	r3,r0,r1
  203  000011ec  74610000	sgei	r1,r3,#0
  204  000011f0  14200008	bnez	r1,L15_LF0
  205  000011f4  54000000	nop; not filled.
  206  000011f8  20630003	addi	r3,r3,#3
  207  000011fc          	L15_LF0:
  208  000011fc  5c610002	srai	r1,r3,#0x2
  209  00001200  50210001	slli	r1,r1,#0x1
  210  00001204  afc1ff98	sw	-104(r30),r1
  211  00001208  afc1ff90	sw	-112(r30),r1
  212  0000120c  5c230001	srai	r3,r1,#0x1
  213  00001210  23bd0010	addi	r29,r29,#16
  214  00001214  0043082b	sgt	r1,r2,r3
  215  00001218  10200010	beqz	r1,L17_LF0
  216  0000121c  54000000	nop; not filled.
  217  00001220  afc3ff88	sw	-120(r30),r3
  218  00001224  08000008	j	L18_LF0
  219  00001228  54000000	nop; not filled.
  220  0000122c          	L17_LF0:
  221  0000122c  afc2ff88	sw	-120(r30),r2
  222  00001230          	L18_LF0:
  223  00001230  23bdffe0	addi	r29,r29,#-32
  224  00001234  3c0b0000	lhi	r11,((LC2_LF0)>>16)&0xffff
  225  00001238  256b3040	addui	r11,r11,(LC2_LF0)&0xffff
  226  0000123c  afab0000	sw	(r29),r11
  227  00001240  8fc1ffb0	lw	r1,-80(r30)
  228  00001244  afa10004	sw	4(r29),r1
  229  00001248  8fcbffa8	lw	r11,-88(r30)
  230  0000124c  afab0008	sw	8(r29),r11
  231  00001250  8fcbffa0	lw	r11,-96(r30)
  232  00001254  afab000c	sw	12(r29),r11
  233  00001258  8fcbff98	lw	r11,-104(r30)
  234  0000125c  afab0010	sw	16(r29),r11
  235  00001260  8fcbff90	lw	r11,-112(r30)
  236  00001264  afab0014	sw	20(r29),r11
  237  00001268  8fcbff88	lw	r11,-120(r30)
  238  0000126c  afab0018	sw	24(r29),r11
  239  00001270  0c000644	jal	_Printf
  240  00001274  54000000	nop; not filled.
  241  00001278  8fc2ffb0	lw	r2,-80(r30)
  242  0000127c  8fc3ffa8	lw	r3,-88(r30)
  243  00001280  00430820	add	r1,r2,r3
  244  00001284  00221020	add	r2,r1,r2
  245  00001288  74610000	sgei	r1,r3,#0
  246  0000128c  14200008	bnez	r1,L19_LF0
  247  00001290  54000000	nop; not filled.
  248  00001294  20630003	addi	r3,r3,#3
  249  00001298          	L19_LF0:
  250  00001298  5c610002	srai	r1,r3,#0x2
  251  0000129c  00411020	add	r2,r2,r1
  252  000012a0  8fc1ff88	lw	r1,-120(r30)
  253  000012a4  00411020	add	r2,r2,r1
  254  000012a8  20060000	addi	r6,r0,#0
  255  000012ac  23bd0020	addi	r29,r29,#32
  256  000012b0  23c3fff8	addi	r3,r30,#-8
  257  000012b4          	L23_LF0:
  258  000012b4  0c0006b4	jal	_mbox_create
  259  000012b8  54000000	nop; not filled.
  260  000012bc  00014020	add	r8,r0,r1
  261  000012c0  6101ffff	seqi	r1,r8,#-1
  262  000012c4  10200038	beqz	r1,L24_LF0
  263  000012c8  54000000	nop; not filled.
  264  000012cc  0c0005f4	jal	_getpid
  265  000012d0  54000000	nop; not filled.
  266  000012d4  23bdfff0	addi	r29,r29,#-16
  267  000012d8  3c0b0000	lhi	r11,((LC3_LF0)>>16)&0xffff
  268  000012dc  256b3054	addui	r11,r11,(LC3_LF0)&0xffff
  269  000012e0  afab0000	sw	(r29),r11
  270  000012e4  afa10004	sw	4(r29),r1
  271  000012e8  afa60008	sw	8(r29),r6
  272  000012ec  0c0005c8	jal	_Printf
  273  000012f0  54000000	nop; not filled.
  274  000012f4  0c0006c8	jal	_Exit
  275  000012f8  54000000	nop; not filled.
  276  000012fc  23bd0010	addi	r29,r29,#16
  277  00001300          	L24_LF0:
  278  00001300  23bdfff8	addi	r29,r29,#-8
  279  00001304  afa80000	sw	(r29),r8
  280  00001308  0c00066c	jal	_mbox_open
  281  0000130c  54000000	nop; not filled.
  282  00001310  23bd0008	addi	r29,r29,#8
  283  00001314  6021ffff	seqi	r1,r1,#-1
  284  00001318  1020003c	beqz	r1,L25_LF0
  285  0000131c  54000000	nop; not filled.
  286  00001320  0c0005a0	jal	_getpid
  287  00001324  54000000	nop; not filled.
  288  00001328  23bdfff0	addi	r29,r29,#-16
  289  0000132c  3c0b0000	lhi	r11,((LC4_LF0)>>16)&0xffff
  290  00001330  256b3098	addui	r11,r11,(LC4_LF0)&0xffff
  291  00001334  afab0000	sw	(r29),r11
  292  00001338  afa10004	sw	4(r29),r1
  293  0000133c  afa60008	sw	8(r29),r6
  294  00001340  afa8000c	sw	12(r29),r8
  295  00001344  0c000570	jal	_Printf
  296  00001348  54000000	nop; not filled.
  297  0000134c  0c000670	jal	_Exit
  298  00001350  54000000	nop; not filled.
  299  00001354  23bd0010	addi	r29,r29,#16
  300  00001358          	L25_LF0:
  301  00001358  8c61ff78	lw	r1,-136(r3)
  302  0000135c  ac280004	sw	4(r1),r8
  303  00001360  20630004	addi	r3,r3,#4
  304  00001364  20c60001	addi	r6,r6,#1
  305  00001368  70c10005	slei	r1,r6,#5
  306  0000136c  1420ff44	bnez	r1,L23_LF0
  307  00001370  54000000	nop; not filled.
  308  00001374  23bdfff8	addi	r29,r29,#-8
  309  00001378  20010001	addi	r1,r0,#1
  310  0000137c  00220822	sub	r1,r1,r2
  311  00001380  afa10000	sw	(r29),r1
  312  00001384  0c00056c	jal	_sem_create
  313  00001388  54000000	nop; not filled.
  314  0000138c  00014820	add	r9,r0,r1
  315  00001390  23bd0008	addi	r29,r29,#8
  316  00001394  6121ffff	seqi	r1,r9,#-1
  317  00001398  10200034	beqz	r1,L27_LF0
  318  0000139c  54000000	nop; not filled.
  319  000013a0  0c000520	jal	_getpid
  320  000013a4  54000000	nop; not filled.
  321  000013a8  23bdfff8	addi	r29,r29,#-8
  322  000013ac  3c0b0000	lhi	r11,((LC5_LF0)>>16)&0xffff
  323  000013b0  256b30d4	addui	r11,r11,(LC5_LF0)&0xffff
  324  000013b4  afab0000	sw	(r29),r11
  325  000013b8  afa10004	sw	4(r29),r1
  326  000013bc  0c0004f8	jal	_Printf
  327  000013c0  54000000	nop; not filled.
  328  000013c4  0c0005f8	jal	_Exit
  329  000013c8  54000000	nop; not filled.
  330  000013cc  23bd0008	addi	r29,r29,#8
  331  000013d0          	L27_LF0:
  332  000013d0  23bdfff8	addi	r29,r29,#-8
  333  000013d4  afa90000	sw	(r29),r9
  334  000013d8  23c3ffb8	addi	r3,r30,#-72
  335  000013dc  afa30004	sw	4(r29),r3
  336  000013e0  0c000cfc	jal	_ditoa
  337  000013e4  54000000	nop; not filled.
  338  000013e8  8fcbffb4	lw	r11,-76(r30)
  339  000013ec  afab0000	sw	(r29),r11
  340  000013f0  23c2ffc8	addi	r2,r30,#-56
  341  000013f4  afa20004	sw	4(r29),r2
  342  000013f8  0c000ce4	jal	_ditoa
  343  000013fc  54000000	nop; not filled.
  344  00001400  20060000	addi	r6,r0,#0
  345  00001404  23bd0008	addi	r29,r29,#8
  346  00001408  8fc1ffb0	lw	r1,-80(r30)
  347  0000140c  00c1082a	slt	r1,r6,r1
  348  00001410  10200054	beqz	r1,L29_LF0
  349  00001414  54000000	nop; not filled.
  350  00001418  00022020	add	r4,r0,r2
  351  0000141c  00031020	add	r2,r0,r3
  352  00001420          	L31_LF0:
  353  00001420  23bdffe8	addi	r29,r29,#-24
  354  00001424  3c0b0000	lhi	r11,((LC6_LF0)>>16)&0xffff
  355  00001428  256b30f4	addui	r11,r11,(LC6_LF0)&0xffff
  356  0000142c  afab0000	sw	(r29),r11
  357  00001430  200b0000	addi	r11,r0,#0
  358  00001434  afab0004	sw	4(r29),r11
  359  00001438  afab0008	sw	8(r29),r11
  360  0000143c  afa4000c	sw	12(r29),r4
  361  00001440  afa20010	sw	16(r29),r2
  362  00001444  afab0014	sw	20(r29),r11
  363  00001448  0c000484	jal	_process_create
  364  0000144c  54000000	nop; not filled.
  365  00001450  23bd0018	addi	r29,r29,#24
  366  00001454  20c60001	addi	r6,r6,#1
  367  00001458  8fc1ffb0	lw	r1,-80(r30)
  368  0000145c  00c1082a	slt	r1,r6,r1
  369  00001460  1420ffbc	bnez	r1,L31_LF0
  370  00001464  54000000	nop; not filled.
  371  00001468          	L29_LF0:
  372  00001468  23bdfff8	addi	r29,r29,#-8
  373  0000146c  8fcbffac	lw	r11,-84(r30)
  374  00001470  afab0000	sw	(r29),r11
  375  00001474  23c2ffc8	addi	r2,r30,#-56
  376  00001478  afa20004	sw	4(r29),r2
  377  0000147c  0c000c60	jal	_ditoa
  378  00001480  54000000	nop; not filled.
  379  00001484  20060000	addi	r6,r0,#0
  380  00001488  23bd0008	addi	r29,r29,#8
  381  0000148c  8fc1ffa8	lw	r1,-88(r30)
  382  00001490  00c1082a	slt	r1,r6,r1
  383  00001494  10200054	beqz	r1,L34_LF0
  384  00001498  54000000	nop; not filled.
  385  0000149c  00021820	add	r3,r0,r2
  386  000014a0  23c2ffb8	addi	r2,r30,#-72
  387  000014a4          	L36_LF0:
  388  000014a4  23bdffe8	addi	r29,r29,#-24
  389  000014a8  3c0b0000	lhi	r11,((LC7_LF0)>>16)&0xffff
  390  000014ac  256b3104	addui	r11,r11,(LC7_LF0)&0xffff
  391  000014b0  afab0000	sw	(r29),r11
  392  000014b4  200b0000	addi	r11,r0,#0
  393  000014b8  afab0004	sw	4(r29),r11
  394  000014bc  afab0008	sw	8(r29),r11
  395  000014c0  afa3000c	sw	12(r29),r3
  396  000014c4  afa20010	sw	16(r29),r2
  397  000014c8  afab0014	sw	20(r29),r11
  398  000014cc  0c000400	jal	_process_create
  399  000014d0  54000000	nop; not filled.
  400  000014d4  23bd0018	addi	r29,r29,#24
  401  000014d8  20c60001	addi	r6,r6,#1
  402  000014dc  8fc1ffa8	lw	r1,-88(r30)
  403  000014e0  00c1082a	slt	r1,r6,r1
  404  000014e4  1420ffbc	bnez	r1,L36_LF0
  405  000014e8  54000000	nop; not filled.
  406  000014ec          	L34_LF0:
  407  000014ec  23bdfff8	addi	r29,r29,#-8
  408  000014f0  8fcbffac	lw	r11,-84(r30)
  409  000014f4  afab0000	sw	(r29),r11
  410  000014f8  23c4ffc8	addi	r4,r30,#-56
  411  000014fc  afa40004	sw	4(r29),r4
  412  00001500  0c000bdc	jal	_ditoa
  413  00001504  54000000	nop; not filled.
  414  00001508  8fcbff94	lw	r11,-108(r30)
  415  0000150c  afab0000	sw	(r29),r11
  416  00001510  23c3ffe8	addi	r3,r30,#-24
  417  00001514  afa30004	sw	4(r29),r3
  418  00001518  0c000bc4	jal	_ditoa
  419  0000151c  54000000	nop; not filled.
  420  00001520  8fcbff9c	lw	r11,-100(r30)
  421  00001524  afab0000	sw	(r29),r11
  422  00001528  23c2ffd8	addi	r2,r30,#-40
  423  0000152c  afa20004	sw	4(r29),r2
  424  00001530  0c000bac	jal	_ditoa
  425  00001534  54000000	nop; not filled.
  426  00001538  20060000	addi	r6,r0,#0
  427  0000153c  23bd0008	addi	r29,r29,#8
  428  00001540  23c7ffb8	addi	r7,r30,#-72
  429  00001544          	L38_LF0:
  430  00001544  8fc5ffa8	lw	r5,-88(r30)
  431  00001548  74a10000	sgei	r1,r5,#0
  432  0000154c  14200008	bnez	r1,L42_LF0
  433  00001550  54000000	nop; not filled.
  434  00001554  20a50003	addi	r5,r5,#3
  435  00001558          	L42_LF0:
  436  00001558  5ca10002	srai	r1,r5,#0x2
  437  0000155c  00c1082a	slt	r1,r6,r1
  438  00001560  10200054	beqz	r1,L39_LF0
  439  00001564  54000000	nop; not filled.
  440  00001568  23bdffe0	addi	r29,r29,#-32
  441  0000156c  3c0b0000	lhi	r11,((LC8_LF0)>>16)&0xffff
  442  00001570  256b3114	addui	r11,r11,(LC8_LF0)&0xffff
  443  00001574  afab0000	sw	(r29),r11
  444  00001578  200b0000	addi	r11,r0,#0
  445  0000157c  afab0004	sw	4(r29),r11
  446  00001580  200b0001	addi	r11,r0,#1
  447  00001584  afab0008	sw	8(r29),r11
  448  00001588  afa4000c	sw	12(r29),r4
  449  0000158c  afa30010	sw	16(r29),r3
  450  00001590  afa20014	sw	20(r29),r2
  451  00001594  afa70018	sw	24(r29),r7
  452  00001598  200b0000	addi	r11,r0,#0
  453  0000159c  afab001c	sw	28(r29),r11
  454  000015a0  0c00032c	jal	_process_create
  455  000015a4  54000000	nop; not filled.
  456  000015a8  23bd0020	addi	r29,r29,#32
  457  000015ac  20c60001	addi	r6,r6,#1
  458  000015b0  0bffff90	j	L38_LF0
  459  000015b4  54000000	nop; not filled.
  460  000015b8          	L39_LF0:
  461  000015b8  23bdfff8	addi	r29,r29,#-8
  462  000015bc  3c0b0000	lhi	r11,((LC9_LF0)>>16)&0xffff
  463  000015c0  256b3124	addui	r11,r11,(LC9_LF0)&0xffff
  464  000015c4  afab0000	sw	(r29),r11
  465  000015c8  0c0002ec	jal	_Printf
  466  000015cc  54000000	nop; not filled.
  467  000015d0  8fcbffb4	lw	r11,-76(r30)
  468  000015d4  afab0000	sw	(r29),r11
  469  000015d8  23c3ffc8	addi	r3,r30,#-56
  470  000015dc  afa30004	sw	4(r29),r3
  471  000015e0  0c000afc	jal	_ditoa
  472  000015e4  54000000	nop; not filled.
  473  000015e8  8fcbffa4	lw	r11,-92(r30)
  474  000015ec  afab0000	sw	(r29),r11
  475  000015f0  23c2ffe8	addi	r2,r30,#-24
  476  000015f4  afa20004	sw	4(r29),r2
  477  000015f8  0c000ae4	jal	_ditoa
  478  000015fc  54000000	nop; not filled.
  479  00001600  20060000	addi	r6,r0,#0
  480  00001604  23bd0008	addi	r29,r29,#8
  481  00001608  8fc1ffb0	lw	r1,-80(r30)
  482  0000160c  00c1082a	slt	r1,r6,r1
  483  00001610  10200064	beqz	r1,L44_LF0
  484  00001614  54000000	nop; not filled.
  485  00001618  00032020	add	r4,r0,r3
  486  0000161c  00021820	add	r3,r0,r2
  487  00001620  23c2ffb8	addi	r2,r30,#-72
  488  00001624          	L46_LF0:
  489  00001624  23bdffe0	addi	r29,r29,#-32
  490  00001628  3c0b0000	lhi	r11,((LC10_LF0)>>16)&0xffff
  491  0000162c  256b3128	addui	r11,r11,(LC10_LF0)&0xffff
  492  00001630  afab0000	sw	(r29),r11
  493  00001634  200b0000	addi	r11,r0,#0
  494  00001638  afab0004	sw	4(r29),r11
  495  0000163c  200b0001	addi	r11,r0,#1
  496  00001640  afab0008	sw	8(r29),r11
  497  00001644  afa4000c	sw	12(r29),r4
  498  00001648  afa30010	sw	16(r29),r3
  499  0000164c  afa20014	sw	20(r29),r2
  500  00001650  200b0000	addi	r11,r0,#0
  501  00001654  afab0018	sw	24(r29),r11
  502  00001658  0c000274	jal	_process_create
  503  0000165c  54000000	nop; not filled.
  504  00001660  23bd0020	addi	r29,r29,#32
  505  00001664  20c60001	addi	r6,r6,#1
  506  00001668  8fc1ffb0	lw	r1,-80(r30)
  507  0000166c  00c1082a	slt	r1,r6,r1
  508  00001670  1420ffb0	bnez	r1,L46_LF0
  509  00001674  54000000	nop; not filled.
  510  00001678          	L44_LF0:
  511  00001678  23bdfff8	addi	r29,r29,#-8
  512  0000167c  3c0b0000	lhi	r11,((LC9_LF0)>>16)&0xffff
  513  00001680  256b3124	addui	r11,r11,(LC9_LF0)&0xffff
  514  00001684  afab0000	sw	(r29),r11
  515  00001688  0c00022c	jal	_Printf
  516  0000168c  54000000	nop; not filled.
  517  00001690  8fcbffa4	lw	r11,-92(r30)
  518  00001694  afab0000	sw	(r29),r11
  519  00001698  23c4ffc8	addi	r4,r30,#-56
  520  0000169c  afa40004	sw	4(r29),r4
  521  000016a0  0c000a3c	jal	_ditoa
  522  000016a4  54000000	nop; not filled.
  523  000016a8  8fcbff9c	lw	r11,-100(r30)
  524  000016ac  afab0000	sw	(r29),r11
  525  000016b0  23c3ffe8	addi	r3,r30,#-24
  526  000016b4  afa30004	sw	4(r29),r3
  527  000016b8  0c000a24	jal	_ditoa
  528  000016bc  54000000	nop; not filled.
  529  000016c0  8fcbff8c	lw	r11,-116(r30)
  530  000016c4  afab0000	sw	(r29),r11
  531  000016c8  23c2ffd8	addi	r2,r30,#-40
  532  000016cc  afa20004	sw	4(r29),r2
  533  000016d0  0c000a0c	jal	_ditoa
  534  000016d4  54000000	nop; not filled.
  535  000016d8  20060000	addi	r6,r0,#0
  536  000016dc  23bd0008	addi	r29,r29,#8
  537  000016e0  8fc1ff88	lw	r1,-120(r30)
  538  000016e4  00c1082a	slt	r1,r6,r1
  539  000016e8  1020006c	beqz	r1,L49_LF0
  540  000016ec  54000000	nop; not filled.
  541  000016f0  00042820	add	r5,r0,r4
  542  000016f4  00032020	add	r4,r0,r3
  543  000016f8  00021820	add	r3,r0,r2
  544  000016fc  23c2ffb8	addi	r2,r30,#-72
  545  00001700          	L51_LF0:
  546  00001700  23bdffe0	addi	r29,r29,#-32
  547  00001704  3c0b0000	lhi	r11,((LC11_LF0)>>16)&0xffff
  548  00001708  256b3138	addui	r11,r11,(LC11_LF0)&0xffff
  549  0000170c  afab0000	sw	(r29),r11
  550  00001710  200b0000	addi	r11,r0,#0
  551  00001714  afab0004	sw	4(r29),r11
  552  00001718  200b0001	addi	r11,r0,#1
  553  0000171c  afab0008	sw	8(r29),r11
  554  00001720  afa5000c	sw	12(r29),r5
  555  00001724  afa40010	sw	16(r29),r4
  556  00001728  afa30014	sw	20(r29),r3
  557  0000172c  afa20018	sw	24(r29),r2
  558  00001730  200b0000	addi	r11,r0,#0
  559  00001734  afab001c	sw	28(r29),r11
  560  00001738  0c000194	jal	_process_create
  561  0000173c  54000000	nop; not filled.
  562  00001740  23bd0020	addi	r29,r29,#32
  563  00001744  20c60001	addi	r6,r6,#1
  564  00001748  8fc1ff88	lw	r1,-120(r30)
  565  0000174c  00c1082a	slt	r1,r6,r1
  566  00001750  1420ffac	bnez	r1,L51_LF0
  567  00001754  54000000	nop; not filled.
  568  00001758          	L49_LF0:
  569  00001758  23bdfff8	addi	r29,r29,#-8
  570  0000175c  afa90000	sw	(r29),r9
  571  00001760  0c00019c	jal	_sem_wait
  572  00001764  54000000	nop; not filled.
  573  00001768  23bd0008	addi	r29,r29,#8
  574  0000176c  64210001	snei	r1,r1,#1
  575  00001770  10200050	beqz	r1,L53_LF0
  576  00001774  54000000	nop; not filled.
  577  00001778  23bdfff8	addi	r29,r29,#-8
  578  0000177c  3c0b0000	lhi	r11,((LC12_LF0)>>16)&0xffff
  579  00001780  256b3148	addui	r11,r11,(LC12_LF0)&0xffff
  580  00001784  afab0000	sw	(r29),r11
  581  00001788  afa90004	sw	4(r29),r9
  582  0000178c  0c000128	jal	_Printf
  583  00001790  54000000	nop; not filled.
  584  00001794  8d4a0000	lw	r10,(r10)
  585  00001798  afaa0000	sw	(r29),r10
  586  0000179c  0c000118	jal	_Printf
  587  000017a0  54000000	nop; not filled.
  588  000017a4  3c0b0000	lhi	r11,((LC13_LF0)>>16)&0xffff
  589  000017a8  256b3174	addui	r11,r11,(LC13_LF0)&0xffff
  590  000017ac  afab0000	sw	(r29),r11
  591  000017b0  0c000104	jal	_Printf
  592  000017b4  54000000	nop; not filled.
  593  000017b8  0c000204	jal	_Exit
  594  000017bc  54000000	nop; not filled.
  595  000017c0  23bd0008	addi	r29,r29,#8
  596  000017c4          	L53_LF0:
  597  000017c4  20060000	addi	r6,r0,#0
  598  000017c8  23c2fff8	addi	r2,r30,#-8
  599  000017cc          	L57_LF0:
  600  000017cc  23bdfff8	addi	r29,r29,#-8
  601  000017d0  8c41ff78	lw	r1,-136(r2)
  602  000017d4  8c210004	lw	r1,4(r1)
  603  000017d8  afa10000	sw	(r29),r1
  604  000017dc  0c0001a4	jal	_mbox_close
  605  000017e0  54000000	nop; not filled.
  606  000017e4  23bd0008	addi	r29,r29,#8
  607  000017e8  6021ffff	seqi	r1,r1,#-1
  608  000017ec  1020003c	beqz	r1,L56_LF0
  609  000017f0  54000000	nop; not filled.
  610  000017f4  0c0000cc	jal	_getpid
  611  000017f8  54000000	nop; not filled.
  612  000017fc  23bdfff0	addi	r29,r29,#-16
  613  00001800  3c0b0000	lhi	r11,((LC4_LF0)>>16)&0xffff
  614  00001804  256b3098	addui	r11,r11,(LC4_LF0)&0xffff
  615  00001808  afab0000	sw	(r29),r11
  616  0000180c  afa10004	sw	4(r29),r1
  617  00001810  afa60008	sw	8(r29),r6
  618  00001814  afa8000c	sw	12(r29),r8
  619  00001818  0c00009c	jal	_Printf
  620  0000181c  54000000	nop; not filled.
  621  00001820  0c00019c	jal	_Exit
  622  00001824  54000000	nop; not filled.
  623  00001828  23bd0010	addi	r29,r29,#16
  624  0000182c          	L56_LF0:
  625  0000182c  20420004	addi	r2,r2,#4
  626  00001830  20c60001	addi	r6,r6,#1
  627  00001834  70c10005	slei	r1,r6,#5
  628  00001838  1420ff90	bnez	r1,L57_LF0
  629  0000183c  54000000	nop; not filled.
  630  00001840  0c000080	jal	_getpid
  631  00001844  54000000	nop; not filled.
  632  00001848  23bdfff8	addi	r29,r29,#-8
  633  0000184c  3c0b0000	lhi	r11,((LC14_LF0)>>16)&0xffff
  634  00001850  256b3178	addui	r11,r11,(LC14_LF0)&0xffff
  635  00001854  afab0000	sw	(r29),r11
  636  00001858  afa10004	sw	4(r29),r1
  637  0000185c  0c000058	jal	_Printf
  638  00001860  54000000	nop; not filled.
  639  00001864  23bd0008	addi	r29,r29,#8
  640  00001868  0c000ef0	jal	_exit
  641  0000186c  54000000	nop
  642  00001870          	.endproc _main
  643                      ;;;
  644                      ;;; Stub functions for DLX traps.
  645                      ;;;
  646                      ;;; Ethan L. Miller, 1999.  Released to the public domain.
  647                      ;;;
  648                      ;;; The traps such as Open and Close
  649                      ;;; (note the capital letters) are for use by user programs.  The traps
  650                      ;;; with names such as open and close (lower case) are for use by the OS.
  651                      ;;;
  654  00001870          	.align 2
  656                      ;;; The following are the traps to be used by user-level programs
  657                      ;;;
  659  00001870          	.align 2
  660  00001870          	.proc _Open
  661  00001870          	.global _Open
  662  00001870          	_Open:
  663                      ;;; Note that trap #0x213 actually causes a trap vector in the OS of
  664                      ;;; 0x1213.  The same is true for other user traps.  Thus, a user trap
  665                      ;;; with trap #0x240 will result in a trap vector of 0x1240 in the OS.
  666  00001870  44000213	trap	#0x213
  667  00001874  4be00000	jr	r31
  668  00001878  54000000	nop
  669  0000187c          	.endproc _Open
  671  0000187c          	.proc _Close
  672  0000187c          	.global _Close
  673  0000187c          	_Close:
  674  0000187c  44000214	trap	#0x214
  675  00001880  4be00000	jr	r31
  676  00001884  54000000	nop
  677  00001888          	.endproc _Close
  679  00001888          	.proc _Read
  680  00001888          	.global _Read
  681  00001888          	_Read:
  682  00001888  44000210	trap	#0x210
  683  0000188c  4be00000	jr	r31
  684  00001890  54000000	nop
  685  00001894          	.endproc _Read
  687  00001894          	.proc _Write
  688  00001894          	.global _Write
  689  00001894          	_Write:
  690  00001894  44000211	trap	#0x211
  691  00001898  4be00000	jr	r31
  692  0000189c  54000000	nop
  693  000018a0          	.endproc _Write
  695  000018a0          	.proc _Lseek
  696  000018a0          	.global _Lseek
  697  000018a0          	_Lseek:
  698  000018a0  44000212	trap	#0x212
  699  000018a4  4be00000	jr	r31
  700  000018a8  54000000	nop
  701  000018ac          	.endproc _Lseek
  703  000018ac          	.proc _Putchar
  704  000018ac          	.global _Putchar
  705  000018ac          	_Putchar:
  706  000018ac  44000280	trap	#0x280
  707  000018b0  4be00000	jr	r31
  708  000018b4  54000000	nop
  709  000018b8          	.endproc _Putchar
  711  000018b8          	.proc _Printf
  712  000018b8          	.global _Printf
  713  000018b8          	_Printf:
  714  000018b8  44000201	trap	#0x201
  715  000018bc  4be00000	jr	r31
  716  000018c0  54000000	nop
  717  000018c4          	.endproc _Printf
  719  000018c4          	.proc _getpid
  720  000018c4          	.global _getpid
  721  000018c4          	_getpid:
  722  000018c4  44000431	trap	#0x431
  723  000018c8  4be00000	jr	r31
  724  000018cc  54000000	nop
  725  000018d0          	.endproc _getpid
  727  000018d0          	.proc _process_create
  728  000018d0          	.global _process_create
  729  000018d0          	_process_create:
  730  000018d0  44000432	trap	#0x432
  731  000018d4  4be00000	jr	r31
  732  000018d8  54000000	nop
  733  000018dc          	.endproc _process_create
  735  000018dc          	.proc _shmget
  736  000018dc          	.global _shmget
  737  000018dc          	_shmget:
  738  000018dc  44000440	trap	#0x440
  739  000018e0  4be00000	jr	r31
  740  000018e4  54000000	nop
  741  000018e8          	.endproc _shmget
  743  000018e8          	.proc _shmat
  744  000018e8          	.global _shmat
  745  000018e8          	_shmat:
  746  000018e8  44000441	trap	#0x441
  747  000018ec  4be00000	jr	r31
  748  000018f0  54000000	nop
  749  000018f4          	.endproc _shmat
  751  000018f4          	.proc _sem_create
  752  000018f4          	.global _sem_create
  753  000018f4          	_sem_create:
  754  000018f4  44000450	trap	#0x450
  755  000018f8  4be00000	jr	r31
  756  000018fc  54000000	nop
  757  00001900          	.endproc _sem_create
  759  00001900          	.proc _sem_wait
  760  00001900          	.global _sem_wait
  761  00001900          	_sem_wait:
  762  00001900  44000451	trap	#0x451
  763  00001904  4be00000	jr	r31
  764  00001908  54000000	nop
  765  0000190c          	.endproc _sem_wait
  767  0000190c          	.proc _sem_signal
  768  0000190c          	.global _sem_signal
  769  0000190c          	_sem_signal:
  770  0000190c  44000452	trap	#0x452
  771  00001910  4be00000	jr	r31
  772  00001914  54000000	nop
  773  00001918          	.endproc _sem_signal
  775  00001918          	.proc _lock_create
  776  00001918          	.global _lock_create
  777  00001918          	_lock_create:
  778  00001918  44000453	trap	#0x453
  779  0000191c  4be00000	jr	r31
  780  00001920  54000000	nop
  781  00001924          	.endproc _lock_create
  783  00001924          	.proc _lock_acquire
  784  00001924          	.global _lock_acquire
  785  00001924          	_lock_acquire:
  786  00001924  44000454	trap	#0x454
  787  00001928  4be00000	jr	r31
  788  0000192c  54000000	nop
  789  00001930          	.endproc _lock_acquire
  791  00001930          	.proc _lock_release
  792  00001930          	.global _lock_release
  793  00001930          	_lock_release:
  794  00001930  44000455	trap	#0x455
  795  00001934  4be00000	jr	r31
  796  00001938  54000000	nop
  797  0000193c          	.endproc _lock_release
  799  0000193c          	.proc _cond_create
  800  0000193c          	.global _cond_create
  801  0000193c          	_cond_create:
  802  0000193c  44000456	trap	#0x456
  803  00001940  4be00000	jr	r31
  804  00001944  54000000	nop
  805  00001948          	.endproc _cond_create
  807  00001948          	.proc _cond_wait
  808  00001948          	.global _cond_wait
  809  00001948          	_cond_wait:
  810  00001948  44000457	trap	#0x457
  811  0000194c  4be00000	jr	r31
  812  00001950  54000000	nop
  813  00001954          	.endproc _cond_wait
  815  00001954          	.proc _cond_signal
  816  00001954          	.global _cond_signal
  817  00001954          	_cond_signal:
  818  00001954  44000458	trap	#0x458
  819  00001958  4be00000	jr	r31
  820  0000195c  54000000	nop
  821  00001960          	.endproc _cond_signal
  823  00001960          	.proc _cond_broadcast
  824  00001960          	.global _cond_broadcast
  825  00001960          	_cond_broadcast:
  826  00001960  44000459	trap	#0x459
  827  00001964  4be00000	jr	r31
  828  00001968  54000000	nop
  829  0000196c          	.endproc _cond_broadcast
  831  0000196c          	.proc _mbox_create
  832  0000196c          	.global _mbox_create
  833  0000196c          	_mbox_create:
  834  0000196c  44000460	trap	#0x460
  835  00001970  4be00000	jr	r31
  836  00001974  54000000	nop
  837  00001978          	.endproc _mbox_create
  839  00001978          	.proc _mbox_open
  840  00001978          	.global _mbox_open
  841  00001978          	_mbox_open:
  842  00001978  44000461	trap	#0x461
  843  0000197c  4be00000	jr	r31
  844  00001980  54000000	nop
  845  00001984          	.endproc _mbox_open
  847  00001984          	.proc _mbox_close
  848  00001984          	.global _mbox_close
  849  00001984          	_mbox_close:
  850  00001984  44000462	trap	#0x462
  851  00001988  4be00000	jr	r31
  852  0000198c  54000000	nop
  853  00001990          	.endproc _mbox_close
  855  00001990          	.proc _mbox_send
  856  00001990          	.global _mbox_send
  857  00001990          	_mbox_send:
  858  00001990  44000463	trap	#0x463
  859  00001994  4be00000	jr	r31
  860  00001998  54000000	nop
  861  0000199c          	.endproc _mbox_send
  863  0000199c          	.proc _mbox_recv
  864  0000199c          	.global _mbox_recv
  865  0000199c          	_mbox_recv:
  866  0000199c  44000464	trap	#0x464
  867  000019a0  4be00000	jr	r31
  868  000019a4  54000000	nop
  869  000019a8          	.endproc _mbox_recv
  871  000019a8          	.proc _sleep
  872  000019a8          	.global _sleep
  873  000019a8          	_sleep:
  874  000019a8  44000465	trap	#0x465
  875  000019ac  4be00000	jr	r31
  876  000019b0  54000000	nop
  877  000019b4          	.endproc _sleep
  879  000019b4          	.proc _yield
  880  000019b4          	.global _yield
  881  000019b4          	_yield:
  882  000019b4  44000466	trap	#0x466
  883  000019b8  4be00000	jr	r31
  884  000019bc  54000000	nop
  885  000019c0          	.endproc _yield
  888  000019c0          	.proc _Exit
  889  000019c0          	.global _Exit
  890  000019c0          	_Exit:
  891  000019c0  44000500	trap	#0x500
  892  000019c4  4be00000	jr	r31
  893  000019c8  54000000	nop
  894  000019cc          	.endproc _Exit
  895                      ; Compiled by GCC
  897  000019cc          	.align 2
  898  000019cc          	.proc _isspace
  899  000019cc          	.global _isspace
  900  000019cc          	_isspace:
  901                      ;  Function 'isspace'; 0 bytes of locals, 3 regs to save.
  902  000019cc  afbefffc	sw	-4(r29),r30; push fp
  903  000019d0  001df020	add	r30,r0,r29; fp = sp
  904  000019d4  afbffff8	sw	-8(r29),r31; push ret addr
  905  000019d8  2fbd0018	subui	r29,r29,#24; alloc local storage
  906  000019dc  afa20000	sw	0(r29),r2
  907  000019e0  afa30004	sw	4(r29),r3
  908  000019e4  afa40008	sw	8(r29),r4
  909  000019e8  83c20003	lb	r2,3(r30)
  910  000019ec  20010000	addi	r1,r0,#0
  911  000019f0  304300ff	andi	r3,r2,#0x00ff
  912  000019f4  60640020	seqi	r4,r3,#32
  913  000019f8  1480002c	bnez	r4,L3_LF2
  914  000019fc  54000000	nop; delay slot nop
  915  00001a00  304300ff	andi	r3,r2,#0x00ff
  916  00001a04  60640009	seqi	r4,r3,#9
  917  00001a08  1480001c	bnez	r4,L3_LF2
  918  00001a0c  54000000	nop; delay slot nop
  919  00001a10  304300ff	andi	r3,r2,#0x00ff
  920  00001a14  6064000a	seqi	r4,r3,#10
  921  00001a18  1480000c	bnez	r4,L3_LF2
  922  00001a1c  54000000	nop; delay slot nop
  923  00001a20  08000008	j	L2_LF2
  924  00001a24  54000000	nop; delay slot nop
  925  00001a28          	L3_LF2:
  926  00001a28  20010001	addi	r1,r0,#1
  927  00001a2c          	L2_LF2:
  928  00001a2c  08000004	j	L1_LF2
  929  00001a30  54000000	nop; delay slot nop
  930  00001a34          	L1_LF2:
  931  00001a34  8fa20000	lw	r2,0(r29)
  932  00001a38  8fa30004	lw	r3,4(r29)
  933  00001a3c  8fa40008	lw	r4,8(r29)
  934  00001a40  8fdffff8	lw	r31,-8(r30)
  935  00001a44  001ee820	add	r29,r0,r30
  936  00001a48  8fdefffc	lw	r30,-4(r30)
  937  00001a4c  4be00000	jr	r31
  938  00001a50  54000000	nop
  939  00001a54          	.endproc _isspace
  940  00001a54          	.align 2
  941  00001a54          	.proc _isxdigit
  942  00001a54          	.global _isxdigit
  943  00001a54          	_isxdigit:
  944                      ;  Function 'isxdigit'; 0 bytes of locals, 3 regs to save.
  945  00001a54  afbefffc	sw	-4(r29),r30; push fp
  946  00001a58  001df020	add	r30,r0,r29; fp = sp
  947  00001a5c  afbffff8	sw	-8(r29),r31; push ret addr
  948  00001a60  2fbd0018	subui	r29,r29,#24; alloc local storage
  949  00001a64  afa20000	sw	0(r29),r2
  950  00001a68  afa30004	sw	4(r29),r3
  951  00001a6c  afa40008	sw	8(r29),r4
  952  00001a70  83c20003	lb	r2,3(r30)
  953  00001a74  20010000	addi	r1,r0,#0
  954  00001a78  304300ff	andi	r3,r2,#0x00ff
  955  00001a7c  6c64002f	sgtui	r4,r3,#47
  956  00001a80  1080001c	beqz	r4,L7_LF2
  957  00001a84  54000000	nop; delay slot nop
  958  00001a88  304300ff	andi	r3,r2,#0x00ff
  959  00001a8c  70640039	sleui	r4,r3,#57
  960  00001a90  1480005c	bnez	r4,L6_LF2
  961  00001a94  54000000	nop; delay slot nop
  962  00001a98  08000004	j	L7_LF2
  963  00001a9c  54000000	nop; delay slot nop
  964  00001aa0          	L7_LF2:
  965  00001aa0  304300ff	andi	r3,r2,#0x00ff
  966  00001aa4  6c640060	sgtui	r4,r3,#96
  967  00001aa8  1080001c	beqz	r4,L8_LF2
  968  00001aac  54000000	nop; delay slot nop
  969  00001ab0  304300ff	andi	r3,r2,#0x00ff
  970  00001ab4  70640066	sleui	r4,r3,#102
  971  00001ab8  14800034	bnez	r4,L6_LF2
  972  00001abc  54000000	nop; delay slot nop
  973  00001ac0  08000004	j	L8_LF2
  974  00001ac4  54000000	nop; delay slot nop
  975  00001ac8          	L8_LF2:
  976  00001ac8  304300ff	andi	r3,r2,#0x00ff
  977  00001acc  6c640040	sgtui	r4,r3,#64
  978  00001ad0  10800020	beqz	r4,L5_LF2
  979  00001ad4  54000000	nop; delay slot nop
  980  00001ad8  304300ff	andi	r3,r2,#0x00ff
  981  00001adc  70640041	sleui	r4,r3,#65
  982  00001ae0  1480000c	bnez	r4,L6_LF2
  983  00001ae4  54000000	nop; delay slot nop
  984  00001ae8  08000008	j	L5_LF2
  985  00001aec  54000000	nop; delay slot nop
  986  00001af0          	L6_LF2:
  987  00001af0  20010001	addi	r1,r0,#1
  988  00001af4          	L5_LF2:
  989  00001af4  08000004	j	L4_LF2
  990  00001af8  54000000	nop; delay slot nop
  991  00001afc          	L4_LF2:
  992  00001afc  8fa20000	lw	r2,0(r29)
  993  00001b00  8fa30004	lw	r3,4(r29)
  994  00001b04  8fa40008	lw	r4,8(r29)
  995  00001b08  8fdffff8	lw	r31,-8(r30)
  996  00001b0c  001ee820	add	r29,r0,r30
  997  00001b10  8fdefffc	lw	r30,-4(r30)
  998  00001b14  4be00000	jr	r31
  999  00001b18  54000000	nop
 1000  00001b1c          	.endproc _isxdigit
 1001  00001b1c          	.align 2
 1002  00001b1c          	.proc _dstrcpy
 1003  00001b1c          	.global _dstrcpy
 1004  00001b1c          	_dstrcpy:
 1005                      ;  Function 'dstrcpy'; 8 bytes of locals, 2 regs to save.
 1006  00001b1c  afbefffc	sw	-4(r29),r30; push fp
 1007  00001b20  001df020	add	r30,r0,r29; fp = sp
 1008  00001b24  afbffff8	sw	-8(r29),r31; push ret addr
 1009  00001b28  2fbd0018	subui	r29,r29,#24; alloc local storage
 1010  00001b2c  afa20000	sw	0(r29),r2
 1011  00001b30  afa30004	sw	4(r29),r3
 1012  00001b34  8fc10000	lw	r1,(r30)
 1013  00001b38  afc1fff4	sw	-12(r30),r1
 1014  00001b3c          	L10_LF2:
 1015  00001b3c  8fc10000	lw	r1,(r30)
 1016  00001b40  20220001	addi	r2,r1,#1
 1017  00001b44  afc20000	sw	(r30),r2
 1018  00001b48  8fc20004	lw	r2,4(r30)
 1019  00001b4c  20430001	addi	r3,r2,#1
 1020  00001b50  afc30004	sw	4(r30),r3
 1021  00001b54  80420000	lb	r2,(r2)
 1022  00001b58  a0220000	sb	(r1),r2
 1023  00001b5c  a3c2fff3	sb	-13(r30),r2
 1024  00001b60          	L12_LF2:
 1025  00001b60  93c1fff3	lbu	r1,-13(r30)
 1026  00001b64  64220000	snei	r2,r1,#0
 1027  00001b68  1440000c	bnez	r2,L13_LF2
 1028  00001b6c  54000000	nop; delay slot nop
 1029  00001b70  0800000c	j	L11_LF2
 1030  00001b74  54000000	nop; delay slot nop
 1031  00001b78          	L13_LF2:
 1032  00001b78  0bffffc0	j	L10_LF2
 1033  00001b7c  54000000	nop; delay slot nop
 1034  00001b80          	L11_LF2:
 1035  00001b80  8fc1fff4	lw	r1,-12(r30)
 1036  00001b84  08000004	j	L9_LF2
 1037  00001b88  54000000	nop; delay slot nop
 1038  00001b8c          	L9_LF2:
 1039  00001b8c  8fa20000	lw	r2,0(r29)
 1040  00001b90  8fa30004	lw	r3,4(r29)
 1041  00001b94  8fdffff8	lw	r31,-8(r30)
 1042  00001b98  001ee820	add	r29,r0,r30
 1043  00001b9c  8fdefffc	lw	r30,-4(r30)
 1044  00001ba0  4be00000	jr	r31
 1045  00001ba4  54000000	nop
 1046  00001ba8          	.endproc _dstrcpy
 1047  00001ba8          	.align 2
 1048  00001ba8          	.proc _dstrncpy
 1049  00001ba8          	.global _dstrncpy
 1050  00001ba8          	_dstrncpy:
 1051                      ;  Function 'dstrncpy'; 8 bytes of locals, 2 regs to save.
 1052  00001ba8  afbefffc	sw	-4(r29),r30; push fp
 1053  00001bac  001df020	add	r30,r0,r29; fp = sp
 1054  00001bb0  afbffff8	sw	-8(r29),r31; push ret addr
 1055  00001bb4  2fbd0018	subui	r29,r29,#24; alloc local storage
 1056  00001bb8  afa20000	sw	0(r29),r2
 1057  00001bbc  afa30004	sw	4(r29),r3
 1058  00001bc0  8fc10000	lw	r1,(r30)
 1059  00001bc4  afc1fff4	sw	-12(r30),r1
 1060  00001bc8          	L15_LF2:
 1061  00001bc8  8fc10008	lw	r1,8(r30)
 1062  00001bcc  2022ffff	addi	r2,r1,#-1
 1063  00001bd0  afc20008	sw	8(r30),r2
 1064  00001bd4  70210000	slei	r1,r1,#0
 1065  00001bd8  1020000c	beqz	r1,L18_LF2
 1066  00001bdc  54000000	nop; delay slot nop
 1067  00001be0  08000048	j	L16_LF2
 1068  00001be4  54000000	nop; delay slot nop
 1069  00001be8          	L18_LF2:
 1070  00001be8  8fc10000	lw	r1,(r30)
 1071  00001bec  20220001	addi	r2,r1,#1
 1072  00001bf0  afc20000	sw	(r30),r2
 1073  00001bf4  8fc20004	lw	r2,4(r30)
 1074  00001bf8  20430001	addi	r3,r2,#1
 1075  00001bfc  afc30004	sw	4(r30),r3
 1076  00001c00  80420000	lb	r2,(r2)
 1077  00001c04  a0220000	sb	(r1),r2
 1078  00001c08  a3c2fff3	sb	-13(r30),r2
 1079  00001c0c          	L17_LF2:
 1080  00001c0c  93c1fff3	lbu	r1,-13(r30)
 1081  00001c10  64220000	snei	r2,r1,#0
 1082  00001c14  1440000c	bnez	r2,L19_LF2
 1083  00001c18  54000000	nop; delay slot nop
 1084  00001c1c  0800000c	j	L16_LF2
 1085  00001c20  54000000	nop; delay slot nop
 1086  00001c24          	L19_LF2:
 1087  00001c24  0bffffa0	j	L15_LF2
 1088  00001c28  54000000	nop; delay slot nop
 1089  00001c2c          	L16_LF2:
 1090  00001c2c  8fc1fff4	lw	r1,-12(r30)
 1091  00001c30  08000004	j	L14_LF2
 1092  00001c34  54000000	nop; delay slot nop
 1093  00001c38          	L14_LF2:
 1094  00001c38  8fa20000	lw	r2,0(r29)
 1095  00001c3c  8fa30004	lw	r3,4(r29)
 1096  00001c40  8fdffff8	lw	r31,-8(r30)
 1097  00001c44  001ee820	add	r29,r0,r30
 1098  00001c48  8fdefffc	lw	r30,-4(r30)
 1099  00001c4c  4be00000	jr	r31
 1100  00001c50  54000000	nop
 1101  00001c54          	.endproc _dstrncpy
 1102  00001c54          	.align 2
 1103  00001c54          	.proc _dstrcat
 1104  00001c54          	.global _dstrcat
 1105  00001c54          	_dstrcat:
 1106                      ;  Function 'dstrcat'; 8 bytes of locals, 1 regs to save.
 1107  00001c54  afbefffc	sw	-4(r29),r30; push fp
 1108  00001c58  001df020	add	r30,r0,r29; fp = sp
 1109  00001c5c  afbffff8	sw	-8(r29),r31; push ret addr
 1110  00001c60  2fbd0018	subui	r29,r29,#24; alloc local storage
 1111  00001c64  afa20000	sw	0(r29),r2
 1112  00001c68  8fc10000	lw	r1,(r30)
 1113  00001c6c  afc1fff4	sw	-12(r30),r1
 1114  00001c70          	L21_LF2:
 1115  00001c70  8fc10000	lw	r1,(r30)
 1116  00001c74  90220000	lbu	r2,(r1)
 1117  00001c78  64410000	snei	r1,r2,#0
 1118  00001c7c  1420000c	bnez	r1,L23_LF2
 1119  00001c80  54000000	nop; delay slot nop
 1120  00001c84  0800001c	j	L22_LF2
 1121  00001c88  54000000	nop; delay slot nop
 1122  00001c8c          	L23_LF2:
 1123  00001c8c  8fc20000	lw	r2,(r30)
 1124  00001c90  20410001	addi	r1,r2,#1
 1125  00001c94  00011020	add	r2,r0,r1
 1126  00001c98  afc20000	sw	(r30),r2
 1127  00001c9c  0bffffd0	j	L21_LF2
 1128  00001ca0  54000000	nop; delay slot nop
 1129  00001ca4          	L22_LF2:
 1130  00001ca4  23bdfff8	addi	r29,r29,#-8
 1131  00001ca8  001d0820	add	r1,r0,r29
 1132  00001cac  8fc20000	lw	r2,(r30)
 1133  00001cb0  ac220000	sw	(r1),r2
 1134  00001cb4  8fc20004	lw	r2,4(r30)
 1135  00001cb8  ac220004	sw	4(r1),r2
 1136  00001cbc  0ffffe5c	jal	_dstrcpy
 1137  00001cc0  54000000	nop; delay slot nop
 1138  00001cc4  23bd0008	addi	r29,r29,#8
 1139  00001cc8  8fc1fff4	lw	r1,-12(r30)
 1140  00001ccc  08000004	j	L20_LF2
 1141  00001cd0  54000000	nop; delay slot nop
 1142  00001cd4          	L20_LF2:
 1143  00001cd4  8fa20000	lw	r2,0(r29)
 1144  00001cd8  8fdffff8	lw	r31,-8(r30)
 1145  00001cdc  001ee820	add	r29,r0,r30
 1146  00001ce0  8fdefffc	lw	r30,-4(r30)
 1147  00001ce4  4be00000	jr	r31
 1148  00001ce8  54000000	nop
 1149  00001cec          	.endproc _dstrcat
 1150  00001cec          	.align 2
 1151  00001cec          	.proc _dstrncmp
 1152  00001cec          	.global _dstrncmp
 1153  00001cec          	_dstrncmp:
 1154                      ;  Function 'dstrncmp'; 8 bytes of locals, 2 regs to save.
 1155  00001cec  afbefffc	sw	-4(r29),r30; push fp
 1156  00001cf0  001df020	add	r30,r0,r29; fp = sp
 1157  00001cf4  afbffff8	sw	-8(r29),r31; push ret addr
 1158  00001cf8  2fbd0018	subui	r29,r29,#24; alloc local storage
 1159  00001cfc  afa20000	sw	0(r29),r2
 1160  00001d00  afa30004	sw	4(r29),r3
 1161  00001d04  54000000	nop
 1162  00001d08  20010000	addi	r1,r0,#0
 1163  00001d0c  afc1fff4	sw	-12(r30),r1
 1164  00001d10          	L25_LF2:
 1165  00001d10  8fc1fff4	lw	r1,-12(r30)
 1166  00001d14  8fc20008	lw	r2,8(r30)
 1167  00001d18  0022082a	slt	r1,r1,r2
 1168  00001d1c  1420000c	bnez	r1,L28_LF2
 1169  00001d20  54000000	nop; delay slot nop
 1170  00001d24  08000088	j	L26_LF2
 1171  00001d28  54000000	nop; delay slot nop
 1172  00001d2c          	L28_LF2:
 1173  00001d2c  8fc10004	lw	r1,4(r30)
 1174  00001d30  90220000	lbu	r2,(r1)
 1175  00001d34  64410000	snei	r1,r2,#0
 1176  00001d38  14200018	bnez	r1,L29_LF2
 1177  00001d3c  54000000	nop; delay slot nop
 1178  00001d40  20010000	addi	r1,r0,#0
 1179  00001d44  080000d8	j	L24_LF2
 1180  00001d48  54000000	nop; delay slot nop
 1181  00001d4c  08000028	j	L30_LF2
 1182  00001d50  54000000	nop; delay slot nop
 1183  00001d54          	L29_LF2:
 1184  00001d54  8fc10000	lw	r1,(r30)
 1185  00001d58  8fc20004	lw	r2,4(r30)
 1186  00001d5c  90210000	lbu	r1,(r1)
 1187  00001d60  90420000	lbu	r2,(r2)
 1188  00001d64  00220829	sne	r1,r1,r2
 1189  00001d68  1020000c	beqz	r1,L30_LF2
 1190  00001d6c  54000000	nop; delay slot nop
 1191  00001d70  0800003c	j	L26_LF2
 1192  00001d74  54000000	nop; delay slot nop
 1193  00001d78          	L31_LF2:
 1194  00001d78          	L30_LF2:
 1195  00001d78  8fc20000	lw	r2,(r30)
 1196  00001d7c  20410001	addi	r1,r2,#1
 1197  00001d80  00011020	add	r2,r0,r1
 1198  00001d84  afc20000	sw	(r30),r2
 1199  00001d88  8fc20004	lw	r2,4(r30)
 1200  00001d8c  20410001	addi	r1,r2,#1
 1201  00001d90  00011020	add	r2,r0,r1
 1202  00001d94  afc20004	sw	4(r30),r2
 1203  00001d98          	L27_LF2:
 1204  00001d98  8fc2fff4	lw	r2,-12(r30)
 1205  00001d9c  20410001	addi	r1,r2,#1
 1206  00001da0  00011020	add	r2,r0,r1
 1207  00001da4  afc2fff4	sw	-12(r30),r2
 1208  00001da8  0bffff64	j	L25_LF2
 1209  00001dac  54000000	nop; delay slot nop
 1210  00001db0          	L26_LF2:
 1211  00001db0  8fc1fff4	lw	r1,-12(r30)
 1212  00001db4  8fc20008	lw	r2,8(r30)
 1213  00001db8  00220828	seq	r1,r1,r2
 1214  00001dbc  10200018	beqz	r1,L32_LF2
 1215  00001dc0  54000000	nop; delay slot nop
 1216  00001dc4  20010000	addi	r1,r0,#0
 1217  00001dc8  08000054	j	L24_LF2
 1218  00001dcc  54000000	nop; delay slot nop
 1219  00001dd0  0800004c	j	L33_LF2
 1220  00001dd4  54000000	nop; delay slot nop
 1221  00001dd8          	L32_LF2:
 1222  00001dd8  8fc20000	lw	r2,(r30)
 1223  00001ddc  90410000	lbu	r1,(r2)
 1224  00001de0  8fc20004	lw	r2,4(r30)
 1225  00001de4  90430000	lbu	r3,(r2)
 1226  00001de8  00230822	sub	r1,r1,r3
 1227  00001dec  74220000	sgei	r2,r1,#0
 1228  00001df0  10400020	beqz	r2,L34_LF2
 1229  00001df4  54000000	nop; delay slot nop
 1230  00001df8  8fc10000	lw	r1,(r30)
 1231  00001dfc  8fc20004	lw	r2,4(r30)
 1232  00001e00  90210000	lbu	r1,(r1)
 1233  00001e04  90420000	lbu	r2,(r2)
 1234  00001e08  00220829	sne	r1,r1,r2
 1235  00001e0c  08000008	j	L35_LF2
 1236  00001e10  54000000	nop; delay slot nop
 1237  00001e14          	L34_LF2:
 1238  00001e14  2001ffff	addi	r1,r0,#-1
 1239  00001e18          	L35_LF2:
 1240  00001e18  08000004	j	L24_LF2
 1241  00001e1c  54000000	nop; delay slot nop
 1242  00001e20          	L33_LF2:
 1243  00001e20          	L24_LF2:
 1244  00001e20  8fa20000	lw	r2,0(r29)
 1245  00001e24  8fa30004	lw	r3,4(r29)
 1246  00001e28  8fdffff8	lw	r31,-8(r30)
 1247  00001e2c  001ee820	add	r29,r0,r30
 1248  00001e30  8fdefffc	lw	r30,-4(r30)
 1249  00001e34  4be00000	jr	r31
 1250  00001e38  54000000	nop
 1251  00001e3c          	.endproc _dstrncmp
 1252  00001e3c          	.align 2
 1253  00001e3c          	.proc _dstrlen
 1254  00001e3c          	.global _dstrlen
 1255  00001e3c          	_dstrlen:
 1256                      ;  Function 'dstrlen'; 8 bytes of locals, 1 regs to save.
 1257  00001e3c  afbefffc	sw	-4(r29),r30; push fp
 1258  00001e40  001df020	add	r30,r0,r29; fp = sp
 1259  00001e44  afbffff8	sw	-8(r29),r31; push ret addr
 1260  00001e48  2fbd0018	subui	r29,r29,#24; alloc local storage
 1261  00001e4c  afa20000	sw	0(r29),r2
 1262  00001e50  20010000	addi	r1,r0,#0
 1263  00001e54  afc1fff4	sw	-12(r30),r1
 1264  00001e58          	L37_LF2:
 1265  00001e58  8fc10000	lw	r1,(r30)
 1266  00001e5c  20220001	addi	r2,r1,#1
 1267  00001e60  afc20000	sw	(r30),r2
 1268  00001e64  90210000	lbu	r1,(r1)
 1269  00001e68  64220000	snei	r2,r1,#0
 1270  00001e6c  1440000c	bnez	r2,L39_LF2
 1271  00001e70  54000000	nop; delay slot nop
 1272  00001e74  0800001c	j	L38_LF2
 1273  00001e78  54000000	nop; delay slot nop
 1274  00001e7c          	L39_LF2:
 1275  00001e7c  8fc2fff4	lw	r2,-12(r30)
 1276  00001e80  20410001	addi	r1,r2,#1
 1277  00001e84  00011020	add	r2,r0,r1
 1278  00001e88  afc2fff4	sw	-12(r30),r2
 1279  00001e8c  0bffffc8	j	L37_LF2
 1280  00001e90  54000000	nop; delay slot nop
 1281  00001e94          	L38_LF2:
 1282  00001e94  8fc1fff4	lw	r1,-12(r30)
 1283  00001e98  08000004	j	L36_LF2
 1284  00001e9c  54000000	nop; delay slot nop
 1285  00001ea0          	L36_LF2:
 1286  00001ea0  8fa20000	lw	r2,0(r29)
 1287  00001ea4  8fdffff8	lw	r31,-8(r30)
 1288  00001ea8  001ee820	add	r29,r0,r30
 1289  00001eac  8fdefffc	lw	r30,-4(r30)
 1290  00001eb0  4be00000	jr	r31
 1291  00001eb4  54000000	nop
 1292  00001eb8          	.endproc _dstrlen
 1293  00001eb8          	.align 2
 1294  00001eb8          	.proc _dstrstr
 1295  00001eb8          	.global _dstrstr
 1296  00001eb8          	_dstrstr:
 1297                      ;  Function 'dstrstr'; 8 bytes of locals, 1 regs to save.
 1298  00001eb8  afbefffc	sw	-4(r29),r30; push fp
 1299  00001ebc  001df020	add	r30,r0,r29; fp = sp
 1300  00001ec0  afbffff8	sw	-8(r29),r31; push ret addr
 1301  00001ec4  2fbd0018	subui	r29,r29,#24; alloc local storage
 1302  00001ec8  afa20000	sw	0(r29),r2
 1303  00001ecc  23bdfff8	addi	r29,r29,#-8
 1304  00001ed0  001d0820	add	r1,r0,r29
 1305  00001ed4  8fc20004	lw	r2,4(r30)
 1306  00001ed8  ac220000	sw	(r1),r2
 1307  00001edc  0fffff5c	jal	_dstrlen
 1308  00001ee0  54000000	nop; delay slot nop
 1309  00001ee4  23bd0008	addi	r29,r29,#8
 1310  00001ee8  afc1fff4	sw	-12(r30),r1
 1311  00001eec          	L41_LF2:
 1312  00001eec  8fc10000	lw	r1,(r30)
 1313  00001ef0  90220000	lbu	r2,(r1)
 1314  00001ef4  64410000	snei	r1,r2,#0
 1315  00001ef8  1420000c	bnez	r1,L43_LF2
 1316  00001efc  54000000	nop; delay slot nop
 1317  00001f00  08000060	j	L42_LF2
 1318  00001f04  54000000	nop; delay slot nop
 1319  00001f08          	L43_LF2:
 1320  00001f08  23bdfff0	addi	r29,r29,#-16
 1321  00001f0c  001d0820	add	r1,r0,r29
 1322  00001f10  8fc20000	lw	r2,(r30)
 1323  00001f14  ac220000	sw	(r1),r2
 1324  00001f18  8fc20004	lw	r2,4(r30)
 1325  00001f1c  ac220004	sw	4(r1),r2
 1326  00001f20  8fc2fff4	lw	r2,-12(r30)
 1327  00001f24  ac220008	sw	8(r1),r2
 1328  00001f28  0ffffdc0	jal	_dstrncmp
 1329  00001f2c  54000000	nop; delay slot nop
 1330  00001f30  23bd0010	addi	r29,r29,#16
 1331  00001f34  64220000	snei	r2,r1,#0
 1332  00001f38  14400010	bnez	r2,L44_LF2
 1333  00001f3c  54000000	nop; delay slot nop
 1334  00001f40  8fc10000	lw	r1,(r30)
 1335  00001f44  08000028	j	L40_LF2
 1336  00001f48  54000000	nop; delay slot nop
 1337  00001f4c          	L44_LF2:
 1338  00001f4c  8fc20000	lw	r2,(r30)
 1339  00001f50  20410001	addi	r1,r2,#1
 1340  00001f54  00011020	add	r2,r0,r1
 1341  00001f58  afc20000	sw	(r30),r2
 1342  00001f5c  0bffff8c	j	L41_LF2
 1343  00001f60  54000000	nop; delay slot nop
 1344  00001f64          	L42_LF2:
 1345  00001f64  20010000	addi	r1,r0,#0
 1346  00001f68  08000004	j	L40_LF2
 1347  00001f6c  54000000	nop; delay slot nop
 1348  00001f70          	L40_LF2:
 1349  00001f70  8fa20000	lw	r2,0(r29)
 1350  00001f74  8fdffff8	lw	r31,-8(r30)
 1351  00001f78  001ee820	add	r29,r0,r30
 1352  00001f7c  8fdefffc	lw	r30,-4(r30)
 1353  00001f80  4be00000	jr	r31
 1354  00001f84  54000000	nop
 1355  00001f88          	.endproc _dstrstr
 1356  00001f88          	.align 2
 1357  00001f88          	.proc _dmindex
 1358  00001f88          	.global _dmindex
 1359  00001f88          	_dmindex:
 1360                      ;  Function 'dmindex'; 8 bytes of locals, 1 regs to save.
 1361  00001f88  afbefffc	sw	-4(r29),r30; push fp
 1362  00001f8c  001df020	add	r30,r0,r29; fp = sp
 1363  00001f90  afbffff8	sw	-8(r29),r31; push ret addr
 1364  00001f94  2fbd0018	subui	r29,r29,#24; alloc local storage
 1365  00001f98  afa20000	sw	0(r29),r2
 1366  00001f9c  54000000	nop
 1367  00001fa0          	L46_LF2:
 1368  00001fa0  8fc10000	lw	r1,(r30)
 1369  00001fa4  90220000	lbu	r2,(r1)
 1370  00001fa8  64410000	snei	r1,r2,#0
 1371  00001fac  1420000c	bnez	r1,L48_LF2
 1372  00001fb0  54000000	nop; delay slot nop
 1373  00001fb4  08000070	j	L47_LF2
 1374  00001fb8  54000000	nop; delay slot nop
 1375  00001fbc          	L48_LF2:
 1376  00001fbc  8fc10004	lw	r1,4(r30)
 1377  00001fc0  afc1fff4	sw	-12(r30),r1
 1378  00001fc4          	L49_LF2:
 1379  00001fc4  8fc1fff4	lw	r1,-12(r30)
 1380  00001fc8  90220000	lbu	r2,(r1)
 1381  00001fcc  64410000	snei	r1,r2,#0
 1382  00001fd0  1420000c	bnez	r1,L52_LF2
 1383  00001fd4  54000000	nop; delay slot nop
 1384  00001fd8  08000044	j	L50_LF2
 1385  00001fdc  54000000	nop; delay slot nop
 1386  00001fe0          	L52_LF2:
 1387  00001fe0  8fc10000	lw	r1,(r30)
 1388  00001fe4  8fc2fff4	lw	r2,-12(r30)
 1389  00001fe8  90210000	lbu	r1,(r1)
 1390  00001fec  90420000	lbu	r2,(r2)
 1391  00001ff0  00220828	seq	r1,r1,r2
 1392  00001ff4  10200010	beqz	r1,L51_LF2
 1393  00001ff8  54000000	nop; delay slot nop
 1394  00001ffc  8fc10000	lw	r1,(r30)
 1395  00002000  08000030	j	L45_LF2
 1396  00002004  54000000	nop; delay slot nop
 1397  00002008          	L53_LF2:
 1398  00002008          	L51_LF2:
 1399  00002008  8fc2fff4	lw	r2,-12(r30)
 1400  0000200c  20410001	addi	r1,r2,#1
 1401  00002010  00011020	add	r2,r0,r1
 1402  00002014  afc2fff4	sw	-12(r30),r2
 1403  00002018  0bffffa8	j	L49_LF2
 1404  0000201c  54000000	nop; delay slot nop
 1405  00002020          	L50_LF2:
 1406  00002020  0bffff7c	j	L46_LF2
 1407  00002024  54000000	nop; delay slot nop
 1408  00002028          	L47_LF2:
 1409  00002028  20010000	addi	r1,r0,#0
 1410  0000202c  08000004	j	L45_LF2
 1411  00002030  54000000	nop; delay slot nop
 1412  00002034          	L45_LF2:
 1413  00002034  8fa20000	lw	r2,0(r29)
 1414  00002038  8fdffff8	lw	r31,-8(r30)
 1415  0000203c  001ee820	add	r29,r0,r30
 1416  00002040  8fdefffc	lw	r30,-4(r30)
 1417  00002044  4be00000	jr	r31
 1418  00002048  54000000	nop
 1419  0000204c          	.endproc _dmindex
 1420  0000204c          	.align 2
 1421  0000204c          	.proc _dindex
 1422  0000204c          	.global _dindex
 1423  0000204c          	_dindex:
 1424                      ;  Function 'dindex'; 0 bytes of locals, 1 regs to save.
 1425  0000204c  afbefffc	sw	-4(r29),r30; push fp
 1426  00002050  001df020	add	r30,r0,r29; fp = sp
 1427  00002054  afbffff8	sw	-8(r29),r31; push ret addr
 1428  00002058  2fbd0010	subui	r29,r29,#16; alloc local storage
 1429  0000205c  afa20000	sw	0(r29),r2
 1430  00002060  54000000	nop
 1431  00002064          	L55_LF2:
 1432  00002064  8fc10000	lw	r1,(r30)
 1433  00002068  90220000	lbu	r2,(r1)
 1434  0000206c  64410000	snei	r1,r2,#0
 1435  00002070  1420000c	bnez	r1,L57_LF2
 1436  00002074  54000000	nop; delay slot nop
 1437  00002078  08000040	j	L56_LF2
 1438  0000207c  54000000	nop; delay slot nop
 1439  00002080          	L57_LF2:
 1440  00002080  8fc10000	lw	r1,(r30)
 1441  00002084  90220000	lbu	r2,(r1)
 1442  00002088  8fc10004	lw	r1,4(r30)
 1443  0000208c  00411028	seq	r2,r2,r1
 1444  00002090  10400010	beqz	r2,L58_LF2
 1445  00002094  54000000	nop; delay slot nop
 1446  00002098  8fc10000	lw	r1,(r30)
 1447  0000209c  08000028	j	L54_LF2
 1448  000020a0  54000000	nop; delay slot nop
 1449  000020a4          	L58_LF2:
 1450  000020a4  8fc20000	lw	r2,(r30)
 1451  000020a8  20410001	addi	r1,r2,#1
 1452  000020ac  00011020	add	r2,r0,r1
 1453  000020b0  afc20000	sw	(r30),r2
 1454  000020b4  0bffffac	j	L55_LF2
 1455  000020b8  54000000	nop; delay slot nop
 1456  000020bc          	L56_LF2:
 1457  000020bc  20010000	addi	r1,r0,#0
 1458  000020c0  08000004	j	L54_LF2
 1459  000020c4  54000000	nop; delay slot nop
 1460  000020c8          	L54_LF2:
 1461  000020c8  8fa20000	lw	r2,0(r29)
 1462  000020cc  8fdffff8	lw	r31,-8(r30)
 1463  000020d0  001ee820	add	r29,r0,r30
 1464  000020d4  8fdefffc	lw	r30,-4(r30)
 1465  000020d8  4be00000	jr	r31
 1466  000020dc  54000000	nop
 1467  000020e0          	.endproc _dindex
 1468  000020e0          	.align 2
 1469  000020e0          	.proc _ditoa
 1470  000020e0          	.global _ditoa
 1471  000020e0          	_ditoa:
 1472                      ;  Function 'ditoa'; 8 bytes of locals, 2 regs to save.
 1473  000020e0  afbefffc	sw	-4(r29),r30; push fp
 1474  000020e4  001df020	add	r30,r0,r29; fp = sp
 1475  000020e8  afbffff8	sw	-8(r29),r31; push ret addr
 1476  000020ec  2fbd0018	subui	r29,r29,#24; alloc local storage
 1477  000020f0  afa20000	sw	0(r29),r2
 1478  000020f4  afa30004	sw	4(r29),r3
 1479  000020f8  8fc10000	lw	r1,(r30)
 1480  000020fc  68220000	slti	r2,r1,#0
 1481  00002100  1040002c	beqz	r2,L60_LF2
 1482  00002104  54000000	nop; delay slot nop
 1483  00002108  8fc10004	lw	r1,4(r30)
 1484  0000210c  20220001	addi	r2,r1,#1
 1485  00002110  afc20004	sw	4(r30),r2
 1486  00002114  2002002d	addi	r2,r0,(#0x2d)&0xff
 1487  00002118  a0220000	sb	(r1),r2
 1488  0000211c  8fc10000	lw	r1,(r30)
 1489  00002120  00011022	sub	r2,r0,r1
 1490  00002124  afc20000	sw	(r30),r2
 1491  00002128  08000118	j	L61_LF2
 1492  0000212c  54000000	nop; delay slot nop
 1493  00002130          	L60_LF2:
 1494  00002130  8fc10000	lw	r1,(r30)
 1495  00002134  64220000	snei	r2,r1,#0
 1496  00002138  14400020	bnez	r2,L62_LF2
 1497  0000213c  54000000	nop; delay slot nop
 1498  00002140  8fc10004	lw	r1,4(r30)
 1499  00002144  20220001	addi	r2,r1,#1
 1500  00002148  afc20004	sw	4(r30),r2
 1501  0000214c  20020030	addi	r2,r0,(#0x30)&0xff
 1502  00002150  a0220000	sb	(r1),r2
 1503  00002154  080000ec	j	L61_LF2
 1504  00002158  54000000	nop; delay slot nop
 1505  0000215c          	L62_LF2:
 1506  0000215c  20010001	addi	r1,r0,#1
 1507  00002160  afc1fff4	sw	-12(r30),r1
 1508  00002164          	L64_LF2:
 1509  00002164  8fc1fff4	lw	r1,-12(r30)
 1510  00002168  8fc20000	lw	r2,(r30)
 1511  0000216c  0022082c	sle	r1,r1,r2
 1512  00002170  1420000c	bnez	r1,L66_LF2
 1513  00002174  54000000	nop; delay slot nop
 1514  00002178  08000024	j	L65_LF2
 1515  0000217c  54000000	nop; delay slot nop
 1516  00002180          	L67_LF2:
 1517  00002180          	L66_LF2:
 1518  00002180  8fc1fff4	lw	r1,-12(r30)
 1519  00002184  00011820	add	r3,r0,r1
 1520  00002188  50620002	slli	r2,r3,#0x2
 1521  0000218c  00411020	add	r2,r2,r1
 1522  00002190  50410001	slli	r1,r2,#0x1
 1523  00002194  afc1fff4	sw	-12(r30),r1
 1524  00002198  0bffffc8	j	L64_LF2
 1525  0000219c  54000000	nop; delay slot nop
 1526  000021a0          	L65_LF2:
 1527  000021a0  54000000	nop
 1528  000021a4          	L68_LF2:
 1529  000021a4  8fc1fff4	lw	r1,-12(r30)
 1530  000021a8  2002000a	addi	r2,r0,#10
 1531  000021ac  00200035	movi2fp	f0,r1
 1532  000021b0  00400835	movi2fp	f1,r2
 1533  000021b4  0401000f	div	f0,f0,f1
 1534  000021b8  00000834	movfp2i	r1,f0
 1535  000021bc  afc1fff4	sw	-12(r30),r1
 1536  000021c0  8fc10004	lw	r1,4(r30)
 1537  000021c4  20220001	addi	r2,r1,#1
 1538  000021c8  afc20004	sw	4(r30),r2
 1539  000021cc  8fc20000	lw	r2,(r30)
 1540  000021d0  8fc3fff4	lw	r3,-12(r30)
 1541  000021d4  00400035	movi2fp	f0,r2
 1542  000021d8  00600835	movi2fp	f1,r3
 1543  000021dc  0401000f	div	f0,f0,f1
 1544  000021e0  00001034	movfp2i	r2,f0
 1545  000021e4  00021820	add	r3,r0,r2
 1546  000021e8  20620030	addi	r2,r3,#48
 1547  000021ec  a0220000	sb	(r1),r2
 1548  000021f0  8fc10000	lw	r1,(r30)
 1549  000021f4  8fc3fff4	lw	r3,-12(r30)
 1550  000021f8  00200035	movi2fp	f0,r1
 1551  000021fc  00600835	movi2fp	f1,r3
 1552  00002200  0401000f	div	f0,f0,f1
 1553  00002204  00001034	movfp2i	r2,f0
 1554  00002208  8fc3fff4	lw	r3,-12(r30)
 1555  0000220c  00400035	movi2fp	f0,r2
 1556  00002210  00600835	movi2fp	f1,r3
 1557  00002214  0401000e	mult	f0,f0,f1
 1558  00002218  00001034	movfp2i	r2,f0
 1559  0000221c  00220822	sub	r1,r1,r2
 1560  00002220  afc10000	sw	(r30),r1
 1561  00002224          	L70_LF2:
 1562  00002224  8fc1fff4	lw	r1,-12(r30)
 1563  00002228  6c220001	sgti	r2,r1,#1
 1564  0000222c  1440000c	bnez	r2,L71_LF2
 1565  00002230  54000000	nop; delay slot nop
 1566  00002234  0800000c	j	L61_LF2
 1567  00002238  54000000	nop; delay slot nop
 1568  0000223c          	L71_LF2:
 1569  0000223c  0bffff64	j	L68_LF2
 1570  00002240  54000000	nop; delay slot nop
 1571  00002244          	L69_LF2:
 1572  00002244          	L63_LF2:
 1573  00002244          	L61_LF2:
 1574  00002244  8fc10004	lw	r1,4(r30)
 1575  00002248  20020000	addi	r2,r0,(#0x0)&0xff
 1576  0000224c  a0220000	sb	(r1),r2
 1577  00002250          	L59_LF2:
 1578  00002250  8fa20000	lw	r2,0(r29)
 1579  00002254  8fa30004	lw	r3,4(r29)
 1580  00002258  8fdffff8	lw	r31,-8(r30)
 1581  0000225c  001ee820	add	r29,r0,r30
 1582  00002260  8fdefffc	lw	r30,-4(r30)
 1583  00002264  4be00000	jr	r31
 1584  00002268  54000000	nop
 1585  0000226c          	.endproc _ditoa
 1586  0000226c          	.align 2
 1587  0000226c          	.proc _dstrtol
 1588  0000226c          	.global _dstrtol
 1589  0000226c          	_dstrtol:
 1590                      ;  Function 'dstrtol'; 16 bytes of locals, 1 regs to save.
 1591  0000226c  afbefffc	sw	-4(r29),r30; push fp
 1592  00002270  001df020	add	r30,r0,r29; fp = sp
 1593  00002274  afbffff8	sw	-8(r29),r31; push ret addr
 1594  00002278  2fbd0020	subui	r29,r29,#32; alloc local storage
 1595  0000227c  afa20000	sw	0(r29),r2
 1596  00002280  20010000	addi	r1,r0,#0
 1597  00002284  afc1fff4	sw	-12(r30),r1
 1598  00002288          	L73_LF2:
 1599  00002288  8fc10000	lw	r1,(r30)
 1600  0000228c  90220000	lbu	r2,(r1)
 1601  00002290  60410020	seqi	r1,r2,#32
 1602  00002294  14200034	bnez	r1,L75_LF2
 1603  00002298  54000000	nop; delay slot nop
 1604  0000229c  8fc10000	lw	r1,(r30)
 1605  000022a0  90220000	lbu	r2,(r1)
 1606  000022a4  60410009	seqi	r1,r2,#9
 1607  000022a8  14200020	bnez	r1,L75_LF2
 1608  000022ac  54000000	nop; delay slot nop
 1609  000022b0  8fc10000	lw	r1,(r30)
 1610  000022b4  90220000	lbu	r2,(r1)
 1611  000022b8  6041000a	seqi	r1,r2,#10
 1612  000022bc  1420000c	bnez	r1,L75_LF2
 1613  000022c0  54000000	nop; delay slot nop
 1614  000022c4  0800001c	j	L74_LF2
 1615  000022c8  54000000	nop; delay slot nop
 1616  000022cc          	L75_LF2:
 1617  000022cc  8fc20000	lw	r2,(r30)
 1618  000022d0  20410001	addi	r1,r2,#1
 1619  000022d4  00011020	add	r2,r0,r1
 1620  000022d8  afc20000	sw	(r30),r2
 1621  000022dc  0bffffa8	j	L73_LF2
 1622  000022e0  54000000	nop; delay slot nop
 1623  000022e4          	L74_LF2:
 1624  000022e4  8fc10004	lw	r1,4(r30)
 1625  000022e8  64220000	snei	r2,r1,#0
 1626  000022ec  10400010	beqz	r2,L76_LF2
 1627  000022f0  54000000	nop; delay slot nop
 1628  000022f4  8fc10004	lw	r1,4(r30)
 1629  000022f8  8fc20000	lw	r2,(r30)
 1630  000022fc  ac220000	sw	(r1),r2
 1631  00002300          	L76_LF2:
 1632  00002300  8fc10000	lw	r1,(r30)
 1633  00002304  90220000	lbu	r2,(r1)
 1634  00002308  64410000	snei	r1,r2,#0
 1635  0000230c  14200010	bnez	r1,L77_LF2
 1636  00002310  54000000	nop; delay slot nop
 1637  00002314  8fc1fff4	lw	r1,-12(r30)
 1638  00002318  08000294	j	L72_LF2
 1639  0000231c  54000000	nop; delay slot nop
 1640  00002320          	L77_LF2:
 1641  00002320  8fc10000	lw	r1,(r30)
 1642  00002324  90220000	lbu	r2,(r1)
 1643  00002328  6041002d	seqi	r1,r2,#45
 1644  0000232c  10200024	beqz	r1,L78_LF2
 1645  00002330  54000000	nop; delay slot nop
 1646  00002334  2001ffff	addi	r1,r0,#-1
 1647  00002338  afc1ffec	sw	-20(r30),r1
 1648  0000233c  8fc20000	lw	r2,(r30)
 1649  00002340  20410001	addi	r1,r2,#1
 1650  00002344  00011020	add	r2,r0,r1
 1651  00002348  afc20000	sw	(r30),r2
 1652  0000234c  0800000c	j	L79_LF2
 1653  00002350  54000000	nop; delay slot nop
 1654  00002354          	L78_LF2:
 1655  00002354  20010001	addi	r1,r0,#1
 1656  00002358  afc1ffec	sw	-20(r30),r1
 1657  0000235c          	L79_LF2:
 1658  0000235c  8fc10008	lw	r1,8(r30)
 1659  00002360  64220000	snei	r2,r1,#0
 1660  00002364  14400090	bnez	r2,L80_LF2
 1661  00002368  54000000	nop; delay slot nop
 1662  0000236c  8fc10000	lw	r1,(r30)
 1663  00002370  90220000	lbu	r2,(r1)
 1664  00002374  60410030	seqi	r1,r2,#48
 1665  00002378  10200074	beqz	r1,L81_LF2
 1666  0000237c  54000000	nop; delay slot nop
 1667  00002380  8fc20000	lw	r2,(r30)
 1668  00002384  20410001	addi	r1,r2,#1
 1669  00002388  00011020	add	r2,r0,r1
 1670  0000238c  afc20000	sw	(r30),r2
 1671  00002390  8fc10000	lw	r1,(r30)
 1672  00002394  90220000	lbu	r2,(r1)
 1673  00002398  60410078	seqi	r1,r2,#120
 1674  0000239c  14200020	bnez	r1,L83_LF2
 1675  000023a0  54000000	nop; delay slot nop
 1676  000023a4  8fc10000	lw	r1,(r30)
 1677  000023a8  90220000	lbu	r2,(r1)
 1678  000023ac  60410058	seqi	r1,r2,#88
 1679  000023b0  1420000c	bnez	r1,L83_LF2
 1680  000023b4  54000000	nop; delay slot nop
 1681  000023b8  08000024	j	L82_LF2
 1682  000023bc  54000000	nop; delay slot nop
 1683  000023c0          	L83_LF2:
 1684  000023c0  20010010	addi	r1,r0,#16
 1685  000023c4  afc10008	sw	8(r30),r1
 1686  000023c8  8fc20000	lw	r2,(r30)
 1687  000023cc  20410001	addi	r1,r2,#1
 1688  000023d0  00011020	add	r2,r0,r1
 1689  000023d4  afc20000	sw	(r30),r2
 1690  000023d8  0800000c	j	L84_LF2
 1691  000023dc  54000000	nop; delay slot nop
 1692  000023e0          	L82_LF2:
 1693  000023e0  20010008	addi	r1,r0,#8
 1694  000023e4  afc10008	sw	8(r30),r1
 1695  000023e8          	L84_LF2:
 1696  000023e8  0800000c	j	L80_LF2
 1697  000023ec  54000000	nop; delay slot nop
 1698  000023f0          	L81_LF2:
 1699  000023f0  2001000a	addi	r1,r0,#10
 1700  000023f4  afc10008	sw	8(r30),r1
 1701  000023f8          	L85_LF2:
 1702  000023f8          	L80_LF2:
 1703  000023f8  8fc10008	lw	r1,8(r30)
 1704  000023fc  70220000	slei	r2,r1,#0
 1705  00002400  1440001c	bnez	r2,L87_LF2
 1706  00002404  54000000	nop; delay slot nop
 1707  00002408  8fc10008	lw	r1,8(r30)
 1708  0000240c  6c220010	sgti	r2,r1,#16
 1709  00002410  1440000c	bnez	r2,L87_LF2
 1710  00002414  54000000	nop; delay slot nop
 1711  00002418  08000010	j	L86_LF2
 1712  0000241c  54000000	nop; delay slot nop
 1713  00002420          	L87_LF2:
 1714  00002420  8fc1fff4	lw	r1,-12(r30)
 1715  00002424  08000188	j	L72_LF2
 1716  00002428  54000000	nop; delay slot nop
 1717  0000242c          	L86_LF2:
 1718  0000242c  54000000	nop
 1719  00002430          	L88_LF2:
 1720  00002430  8fc10000	lw	r1,(r30)
 1721  00002434  90220000	lbu	r2,(r1)
 1722  00002438  6c41002f	sgtui	r1,r2,#47
 1723  0000243c  10200030	beqz	r1,L91_LF2
 1724  00002440  54000000	nop; delay slot nop
 1725  00002444  8fc10000	lw	r1,(r30)
 1726  00002448  90220000	lbu	r2,(r1)
 1727  0000244c  70410039	sleui	r1,r2,#57
 1728  00002450  1020001c	beqz	r1,L91_LF2
 1729  00002454  54000000	nop; delay slot nop
 1730  00002458  8fc10000	lw	r1,(r30)
 1731  0000245c  90220000	lbu	r2,(r1)
 1732  00002460  2041ffd0	addi	r1,r2,#-48
 1733  00002464  afc1fff0	sw	-16(r30),r1
 1734  00002468  0800008c	j	L92_LF2
 1735  0000246c  54000000	nop; delay slot nop
 1736  00002470          	L91_LF2:
 1737  00002470  8fc10000	lw	r1,(r30)
 1738  00002474  90220000	lbu	r2,(r1)
 1739  00002478  6c410060	sgtui	r1,r2,#96
 1740  0000247c  10200030	beqz	r1,L93_LF2
 1741  00002480  54000000	nop; delay slot nop
 1742  00002484  8fc10000	lw	r1,(r30)
 1743  00002488  90220000	lbu	r2,(r1)
 1744  0000248c  7041007a	sleui	r1,r2,#122
 1745  00002490  1020001c	beqz	r1,L93_LF2
 1746  00002494  54000000	nop; delay slot nop
 1747  00002498  8fc10000	lw	r1,(r30)
 1748  0000249c  90220000	lbu	r2,(r1)
 1749  000024a0  2041ffa9	addi	r1,r2,#-87
 1750  000024a4  afc1fff0	sw	-16(r30),r1
 1751  000024a8  0800004c	j	L92_LF2
 1752  000024ac  54000000	nop; delay slot nop
 1753  000024b0          	L93_LF2:
 1754  000024b0  8fc10000	lw	r1,(r30)
 1755  000024b4  90220000	lbu	r2,(r1)
 1756  000024b8  6c410040	sgtui	r1,r2,#64
 1757  000024bc  10200030	beqz	r1,L95_LF2
 1758  000024c0  54000000	nop; delay slot nop
 1759  000024c4  8fc10000	lw	r1,(r30)
 1760  000024c8  90220000	lbu	r2,(r1)
 1761  000024cc  7041005a	sleui	r1,r2,#90
 1762  000024d0  1020001c	beqz	r1,L95_LF2
 1763  000024d4  54000000	nop; delay slot nop
 1764  000024d8  8fc10000	lw	r1,(r30)
 1765  000024dc  90220000	lbu	r2,(r1)
 1766  000024e0  2041ffc9	addi	r1,r2,#-55
 1767  000024e4  afc1fff0	sw	-16(r30),r1
 1768  000024e8  0800000c	j	L92_LF2
 1769  000024ec  54000000	nop; delay slot nop
 1770  000024f0          	L95_LF2:
 1771  000024f0  200103e8	addi	r1,r0,#1000
 1772  000024f4  afc1fff0	sw	-16(r30),r1
 1773  000024f8          	L96_LF2:
 1774  000024f8          	L94_LF2:
 1775  000024f8          	L92_LF2:
 1776  000024f8  8fc1fff0	lw	r1,-16(r30)
 1777  000024fc  8fc20008	lw	r2,8(r30)
 1778  00002500  0022082a	slt	r1,r1,r2
 1779  00002504  10200040	beqz	r1,L90_LF2
 1780  00002508  54000000	nop; delay slot nop
 1781  0000250c  8fc1fff4	lw	r1,-12(r30)
 1782  00002510  8fc20008	lw	r2,8(r30)
 1783  00002514  00200035	movi2fp	f0,r1
 1784  00002518  00400835	movi2fp	f1,r2
 1785  0000251c  0401000e	mult	f0,f0,f1
 1786  00002520  00000834	movfp2i	r1,f0
 1787  00002524  afc1fff4	sw	-12(r30),r1
 1788  00002528  8fc1fff4	lw	r1,-12(r30)
 1789  0000252c  8fc2fff0	lw	r2,-16(r30)
 1790  00002530  00220820	add	r1,r1,r2
 1791  00002534  afc1fff4	sw	-12(r30),r1
 1792  00002538  8fc20000	lw	r2,(r30)
 1793  0000253c  20410001	addi	r1,r2,#1
 1794  00002540  00011020	add	r2,r0,r1
 1795  00002544  afc20000	sw	(r30),r2
 1796  00002548          	L97_LF2:
 1797  00002548          	L90_LF2:
 1798  00002548  8fc1fff0	lw	r1,-16(r30)
 1799  0000254c  8fc20008	lw	r2,8(r30)
 1800  00002550  0022082a	slt	r1,r1,r2
 1801  00002554  1420000c	bnez	r1,L98_LF2
 1802  00002558  54000000	nop; delay slot nop
 1803  0000255c  0800000c	j	L89_LF2
 1804  00002560  54000000	nop; delay slot nop
 1805  00002564          	L98_LF2:
 1806  00002564  0bfffec8	j	L88_LF2
 1807  00002568  54000000	nop; delay slot nop
 1808  0000256c          	L89_LF2:
 1809  0000256c  8fc10004	lw	r1,4(r30)
 1810  00002570  64220000	snei	r2,r1,#0
 1811  00002574  10400010	beqz	r2,L99_LF2
 1812  00002578  54000000	nop; delay slot nop
 1813  0000257c  8fc10004	lw	r1,4(r30)
 1814  00002580  8fc20000	lw	r2,(r30)
 1815  00002584  ac220000	sw	(r1),r2
 1816  00002588          	L99_LF2:
 1817  00002588  8fc1fff4	lw	r1,-12(r30)
 1818  0000258c  8fc2ffec	lw	r2,-20(r30)
 1819  00002590  00200035	movi2fp	f0,r1
 1820  00002594  00400835	movi2fp	f1,r2
 1821  00002598  0401000e	mult	f0,f0,f1
 1822  0000259c  00000834	movfp2i	r1,f0
 1823  000025a0  afc1fff4	sw	-12(r30),r1
 1824  000025a4  8fc1fff4	lw	r1,-12(r30)
 1825  000025a8  08000004	j	L72_LF2
 1826  000025ac  54000000	nop; delay slot nop
 1827  000025b0          	L72_LF2:
 1828  000025b0  8fa20000	lw	r2,0(r29)
 1829  000025b4  8fdffff8	lw	r31,-8(r30)
 1830  000025b8  001ee820	add	r29,r0,r30
 1831  000025bc  8fdefffc	lw	r30,-4(r30)
 1832  000025c0  4be00000	jr	r31
 1833  000025c4  54000000	nop
 1834  000025c8          	.endproc _dstrtol
 1835  000025c8          	.align 2
 1836  000025c8          	.proc _bcopy
 1837  000025c8          	.global _bcopy
 1838  000025c8          	_bcopy:
 1839                      ;  Function 'bcopy'; 0 bytes of locals, 2 regs to save.
 1840  000025c8  afbefffc	sw	-4(r29),r30; push fp
 1841  000025cc  001df020	add	r30,r0,r29; fp = sp
 1842  000025d0  afbffff8	sw	-8(r29),r31; push ret addr
 1843  000025d4  2fbd0010	subui	r29,r29,#16; alloc local storage
 1844  000025d8  afa20000	sw	0(r29),r2
 1845  000025dc  afa30004	sw	4(r29),r3
 1846  000025e0  54000000	nop
 1847  000025e4          	L101_LF2:
 1848  000025e4  8fc10008	lw	r1,8(r30)
 1849  000025e8  2022ffff	addi	r2,r1,#-1
 1850  000025ec  afc20008	sw	8(r30),r2
 1851  000025f0  6c210000	sgti	r1,r1,#0
 1852  000025f4  1420000c	bnez	r1,L103_LF2
 1853  000025f8  54000000	nop; delay slot nop
 1854  000025fc  0800002c	j	L102_LF2
 1855  00002600  54000000	nop; delay slot nop
 1856  00002604          	L103_LF2:
 1857  00002604  8fc10004	lw	r1,4(r30)
 1858  00002608  20220001	addi	r2,r1,#1
 1859  0000260c  afc20004	sw	4(r30),r2
 1860  00002610  8fc20000	lw	r2,(r30)
 1861  00002614  20430001	addi	r3,r2,#1
 1862  00002618  afc30000	sw	(r30),r3
 1863  0000261c  80420000	lb	r2,(r2)
 1864  00002620  a0220000	sb	(r1),r2
 1865  00002624  0bffffbc	j	L101_LF2
 1866  00002628  54000000	nop; delay slot nop
 1867  0000262c          	L102_LF2:
 1868  0000262c          	L100_LF2:
 1869  0000262c  8fa20000	lw	r2,0(r29)
 1870  00002630  8fa30004	lw	r3,4(r29)
 1871  00002634  8fdffff8	lw	r31,-8(r30)
 1872  00002638  001ee820	add	r29,r0,r30
 1873  0000263c  8fdefffc	lw	r30,-4(r30)
 1874  00002640  4be00000	jr	r31
 1875  00002644  54000000	nop
 1876  00002648          	.endproc _bcopy
 1877  00002648          	.align 2
 1878  00002648          	.proc _bzero
 1879  00002648          	.global _bzero
 1880  00002648          	_bzero:
 1881                      ;  Function 'bzero'; 0 bytes of locals, 1 regs to save.
 1882  00002648  afbefffc	sw	-4(r29),r30; push fp
 1883  0000264c  001df020	add	r30,r0,r29; fp = sp
 1884  00002650  afbffff8	sw	-8(r29),r31; push ret addr
 1885  00002654  2fbd0010	subui	r29,r29,#16; alloc local storage
 1886  00002658  afa20000	sw	0(r29),r2
 1887  0000265c  54000000	nop
 1888  00002660          	L105_LF2:
 1889  00002660  8fc10004	lw	r1,4(r30)
 1890  00002664  2022ffff	addi	r2,r1,#-1
 1891  00002668  afc20004	sw	4(r30),r2
 1892  0000266c  6c210000	sgti	r1,r1,#0
 1893  00002670  1420000c	bnez	r1,L107_LF2
 1894  00002674  54000000	nop; delay slot nop
 1895  00002678  08000020	j	L106_LF2
 1896  0000267c  54000000	nop; delay slot nop
 1897  00002680          	L107_LF2:
 1898  00002680  8fc10000	lw	r1,(r30)
 1899  00002684  20220001	addi	r2,r1,#1
 1900  00002688  afc20000	sw	(r30),r2
 1901  0000268c  20020000	addi	r2,r0,(#0x0)&0xff
 1902  00002690  a0220000	sb	(r1),r2
 1903  00002694  0bffffc8	j	L105_LF2
 1904  00002698  54000000	nop; delay slot nop
 1905  0000269c          	L106_LF2:
 1906  0000269c          	L104_LF2:
 1907  0000269c  8fa20000	lw	r2,0(r29)
 1908  000026a0  8fdffff8	lw	r31,-8(r30)
 1909  000026a4  001ee820	add	r29,r0,r30
 1910  000026a8  8fdefffc	lw	r30,-4(r30)
 1911  000026ac  4be00000	jr	r31
 1912  000026b0  54000000	nop
 1913  000026b4          	.endproc _bzero
 1914  000026b4          	.align 2
 1915  000026b4          	.proc _min
 1916  000026b4          	.global _min
 1917  000026b4          	_min:
 1918                      ;  Function 'min'; 0 bytes of locals, 2 regs to save.
 1919  000026b4  afbefffc	sw	-4(r29),r30; push fp
 1920  000026b8  001df020	add	r30,r0,r29; fp = sp
 1921  000026bc  afbffff8	sw	-8(r29),r31; push ret addr
 1922  000026c0  2fbd0010	subui	r29,r29,#16; alloc local storage
 1923  000026c4  afa20000	sw	0(r29),r2
 1924  000026c8  afa30004	sw	4(r29),r3
 1925  000026cc  8fc10000	lw	r1,(r30)
 1926  000026d0  8fc20004	lw	r2,4(r30)
 1927  000026d4  0022182c	sle	r3,r1,r2
 1928  000026d8  14600008	bnez	r3,L109_LF2
 1929  000026dc  54000000	nop; delay slot nop
 1930  000026e0  8fc10004	lw	r1,4(r30)
 1931  000026e4          	L109_LF2:
 1932  000026e4  08000004	j	L108_LF2
 1933  000026e8  54000000	nop; delay slot nop
 1934  000026ec          	L108_LF2:
 1935  000026ec  8fa20000	lw	r2,0(r29)
 1936  000026f0  8fa30004	lw	r3,4(r29)
 1937  000026f4  8fdffff8	lw	r31,-8(r30)
 1938  000026f8  001ee820	add	r29,r0,r30
 1939  000026fc  8fdefffc	lw	r30,-4(r30)
 1940  00002700  4be00000	jr	r31
 1941  00002704  54000000	nop
 1942  00002708          	.endproc _min
 1943  00002708          	.align 2
 1944  00002708          	.proc _max
 1945  00002708          	.global _max
 1946  00002708          	_max:
 1947                      ;  Function 'max'; 0 bytes of locals, 2 regs to save.
 1948  00002708  afbefffc	sw	-4(r29),r30; push fp
 1949  0000270c  001df020	add	r30,r0,r29; fp = sp
 1950  00002710  afbffff8	sw	-8(r29),r31; push ret addr
 1951  00002714  2fbd0010	subui	r29,r29,#16; alloc local storage
 1952  00002718  afa20000	sw	0(r29),r2
 1953  0000271c  afa30004	sw	4(r29),r3
 1954  00002720  8fc10000	lw	r1,(r30)
 1955  00002724  8fc20004	lw	r2,4(r30)
 1956  00002728  0022182d	sge	r3,r1,r2
 1957  0000272c  14600008	bnez	r3,L111_LF2
 1958  00002730  54000000	nop; delay slot nop
 1959  00002734  8fc10004	lw	r1,4(r30)
 1960  00002738          	L111_LF2:
 1961  00002738  08000004	j	L110_LF2
 1962  0000273c  54000000	nop; delay slot nop
 1963  00002740          	L110_LF2:
 1964  00002740  8fa20000	lw	r2,0(r29)
 1965  00002744  8fa30004	lw	r3,4(r29)
 1966  00002748  8fdffff8	lw	r31,-8(r30)
 1967  0000274c  001ee820	add	r29,r0,r30
 1968  00002750  8fdefffc	lw	r30,-4(r30)
 1969  00002754  4be00000	jr	r31
 1970  00002758  54000000	nop
 1971  0000275c          	.endproc _max
 1972                      ;;; Ethan L. Miller, 1999.  Released to the public domain
 1973                      ;;;
 1974                      ;;; Most of the traps are called in files from libtraps.
 1977  0000275c          	.align 2
 1978  0000275c          	.proc _exit
 1979  0000275c          	.global _exit
 1980  0000275c          	_exit:
 1981  0000275c  44000300	trap	#0x300
 1982  00002760  4be00000	jr	r31
 1983  00002764  54000000	nop
 1984  00002768          	.endproc _exit
 1986                      ; for the benefit of gcc.
 1987  00002768          	.proc ___main
 1988  00002768          	.global ___main
 1989  00002768          	___main:
 1990  00002768  4be00000	jr	r31
 1991  0000276c  54000000	nop
 1992  00002770          	.endproc ___main
 1993  00002770          	.text
 1994  00002770          	.global _etext
 1995  00002770          	_etext:
 1996  00002770          	.align 3
 1997  00002770          	.data
 1998  000031be          	.global _edata
 1999  000031be          	_edata:
