 line   address	contents
    1                      ; Linked by DLX-LD.
    2                      ; MemSize 24576
    3                      ; Data size: 428
    4                      ; Text size: 5052
    5                      ; Stack size: 8192
    6  00000000          	.text 0x1000
    7  00001000          	.data 0x3000
    8                      ; Compiled by GCC
    9  00003000          	.text
   10  00001000          	.align 2
   11  00001000          	.proc _isspace
   12  00001000          	.global _isspace
   13  00001000          	_isspace:
   14                      ;  Function 'isspace'; 0 bytes of locals, 1 regs to save.
   15  00001000  afbefffc	sw	-4(r29),r30; push fp
   16  00001004  001df020	add	r30,r0,r29; fp = sp
   17  00001008  afbffff8	sw	-8(r29),r31; push ret addr
   18  0000100c  2fbd0010	subui	r29,r29,#16; alloc local storage
   19  00001010  afa20000	sw	0(r29),r2
   20  00001014  83c20003	lb	r2,3(r30)
   21  00001018  201f0000	addi	r31,r0,#0
   22  0000101c  304100ff	andi	r1,r2,#0x00ff
   23  00001020  60210020	seqi	r1,r1,#32
   24  00001024  14200018	bnez	r1,L6_LF0
   25  00001028  54000000	nop; not filled.
   26  0000102c  2041fff7	addi	r1,r2,#-9
   27  00001030  302100ff	andi	r1,r1,#0x00ff
   28  00001034  70210001	sleui	r1,r1,#1
   29  00001038  10200008	beqz	r1,L5_LF0
   30  0000103c  54000000	nop; not filled.
   31  00001040          	L6_LF0:
   32  00001040  201f0001	addi	r31,r0,#1
   33  00001044          	L5_LF0:
   34  00001044  001f0820	add	r1,r0,r31
   35  00001048  8fa20000	lw	r2,0(r29)
   36  0000104c  8fdffff8	lw	r31,-8(r30)
   37  00001050  001ee820	add	r29,r0,r30
   38  00001054  8fdefffc	lw	r30,-4(r30)
   39  00001058  4be00000	jr	r31
   40  0000105c  54000000	nop
   41  00001060          	.endproc _isspace
   42  00001060          	.align 2
   43  00001060          	.proc _isxdigit
   44  00001060          	.global _isxdigit
   45  00001060          	_isxdigit:
   46                      ;  Function 'isxdigit'; 0 bytes of locals, 1 regs to save.
   47  00001060  afbefffc	sw	-4(r29),r30; push fp
   48  00001064  001df020	add	r30,r0,r29; fp = sp
   49  00001068  afbffff8	sw	-8(r29),r31; push ret addr
   50  0000106c  2fbd0010	subui	r29,r29,#16; alloc local storage
   51  00001070  afa20000	sw	0(r29),r2
   52  00001074  83df0003	lb	r31,3(r30)
   53  00001078  20020000	addi	r2,r0,#0
   54  0000107c  23e1ffd0	addi	r1,r31,#-48
   55  00001080  302100ff	andi	r1,r1,#0x00ff
   56  00001084  70210009	sleui	r1,r1,#9
   57  00001088  14200028	bnez	r1,L12_LF0
   58  0000108c  54000000	nop; not filled.
   59  00001090  23e1ff9f	addi	r1,r31,#-97
   60  00001094  302100ff	andi	r1,r1,#0x00ff
   61  00001098  70210005	sleui	r1,r1,#5
   62  0000109c  14200014	bnez	r1,L12_LF0
   63  000010a0  54000000	nop; not filled.
   64  000010a4  33e100ff	andi	r1,r31,#0x00ff
   65  000010a8  64210041	snei	r1,r1,#65
   66  000010ac  14200008	bnez	r1,L11_LF0
   67  000010b0  54000000	nop; not filled.
   68  000010b4          	L12_LF0:
   69  000010b4  20020001	addi	r2,r0,#1
   70  000010b8          	L11_LF0:
   71  000010b8  00020820	add	r1,r0,r2
   72  000010bc  8fa20000	lw	r2,0(r29)
   73  000010c0  8fdffff8	lw	r31,-8(r30)
   74  000010c4  001ee820	add	r29,r0,r30
   75  000010c8  8fdefffc	lw	r30,-4(r30)
   76  000010cc  4be00000	jr	r31
   77  000010d0  54000000	nop
   78  000010d4          	.endproc _isxdigit
   79  000010d4          	.data
   80  00003000          	.align 2
   81  00003000          	LC0_LF0:
   82  00003000  55736167	.ascii "Usage: \000"
   82  00003004  653a2000	
   83  00003008          	.align 2
   84  00003008          	LC1_LF0:
   85  00003008  203c6e75	.ascii " <number of processes to create>\n\000"
   85  0000300c  6d626572	
   85  00003010  206f6620	
   85  00003014  70726f63	
   85  00003018  65737365	
   85  0000301c  7320746f	
   85  00003020  20637265	
   85  00003024  6174653e	
   85  00003028  0a00    	
   86  0000302a          	.align 2
   87  0000302c          	LC2_LF0:
   88  0000302c  43726561	.ascii "Creating %d processes\n\000"
   88  00003030  74696e67	
   88  00003034  20256420	
   88  00003038  70726f63	
   88  0000303c  65737365	
   88  00003040  730a00  	
   89  00003043          	.align 2
   90  00003044          	LC3_LF0:
   91  00003044  4552524f	.ascii "ERROR: could not allocate shared memory page in \000"
   91  00003048  523a2063	
   91  0000304c  6f756c64	
   91  00003050  206e6f74	
   91  00003054  20616c6c	
   91  00003058  6f636174	
   91  0000305c  65207368	
   91  00003060  61726564	
   91  00003064  206d656d	
   91  00003068  6f727920	
   91  0000306c  70616765	
   91  00003070  20696e20	
   91  00003074  00      	
   92  00003075          	.align 2
   93  00003078          	LC4_LF0:
   94  00003078  2c206578	.ascii ", exiting...\n\000"
   94  0000307c  6974696e	
   94  00003080  672e2e2e	
   94  00003084  0a00    	
   95  00003086          	.align 2
   96  00003088          	LC5_LF0:
   97  00003088  436f756c	.ascii "Could not map the shared page to virtual address in \000"
   97  0000308c  64206e6f	
   97  00003090  74206d61	
   97  00003094  70207468	
   97  00003098  65207368	
   97  0000309c  61726564	
   97  000030a0  20706167	
   97  000030a4  6520746f	
   97  000030a8  20766972	
   97  000030ac  7475616c	
   97  000030b0  20616464	
   97  000030b4  72657373	
   97  000030b8  20696e20	
   97  000030bc  00      	
   98  000030bd          	.align 2
   99  000030c0          	LC6_LF0:
  100  000030c0  2c206578	.ascii ", exiting..\n\000"
  100  000030c4  6974696e	
  100  000030c8  672e2e0a	
  100  000030cc  00      	
  101  000030cd          	.align 2
  102  000030d0          	LC7_LF0:
  103  000030d0  42616420	.ascii "Bad lock in \000"
  103  000030d4  6c6f636b	
  103  000030d8  20696e20	
  103  000030dc  00      	
  104  000030dd          	.align 2
  105  000030e0          	LC8_LF0:
  106  000030e0  0a00    	.ascii "\n\000"
  107  000030e2          	.align 2
  108  000030e4          	LC9_LF0:
  109  000030e4  42616420	.ascii "Bad cond in \000"
  109  000030e8  636f6e64	
  109  000030ec  20696e20	
  109  000030f0  00      	
  110  000030f1          	.align 2
  111  000030f4          	LC10_LF0:
  112  000030f4  42616420	.ascii "Bad sem_create in \000"
  112  000030f8  73656d5f	
  112  000030fc  63726561	
  112  00003100  74652069	
  112  00003104  6e2000  	
  113  00003107          	.align 2
  114  00003108          	LC11_LF0:
  115  00003108  636f6e73	.ascii "consumer.dlx.obj\000"
  115  0000310c  756d6572	
  115  00003110  2e646c78	
  115  00003114  2e6f626a	
  115  00003118  00      	
  116  00003119          	.align 2
  117  0000311c          	LC12_LF0:
  118  0000311c  70726f64	.ascii "producer.dlx.obj\000"
  118  00003120  75636572	
  118  00003124  2e646c78	
  118  00003128  2e6f626a	
  118  0000312c  00      	
  119  0000312d          	.align 2
  120  00003130          	LC13_LF0:
  121  00003130  50726f63	.ascii "Process %d created\n\000"
  121  00003134  65737320	
  121  00003138  25642063	
  121  0000313c  72656174	
  121  00003140  65640a00	
  122  00003144          	.align 2
  123  00003144          	LC14_LF0:
  124  00003144  42616420	.ascii "Bad semaphore s_procs_completed (%d) in \000"
  124  00003148  73656d61	
  124  0000314c  70686f72	
  124  00003150  6520735f	
  124  00003154  70726f63	
  124  00003158  735f636f	
  124  0000315c  6d706c65	
  124  00003160  74656420	
  124  00003164  28256429	
  124  00003168  20696e20	
  124  0000316c  00      	
  125  0000316d          	.align 2
  126  00003170          	LC15_LF0:
  127  00003170  416c6c20	.ascii "All processes completed sucessfully, exiting main process.\n\000"
  127  00003174  70726f63	
  127  00003178  65737365	
  127  0000317c  7320636f	
  127  00003180  6d706c65	
  127  00003184  74656420	
  127  00003188  73756365	
  127  0000318c  73736675	
  127  00003190  6c6c792c	
  127  00003194  20657869	
  127  00003198  74696e67	
  127  0000319c  206d6169	
  127  000031a0  6e207072	
  127  000031a4  6f636573	
  127  000031a8  732e0a00	
  128  000031ac          	.text
  129  000010d4          	.align 2
  130  000010d4          	.proc _main
  131  000010d4          	.global _main
  132  000010d4          	_main:
  133                      ;  Function 'main'; 32 bytes of locals, 0 regs to save.
  134  000010d4  afbefffc	sw	-4(r29),r30; push fp
  135  000010d8  001df020	add	r30,r0,r29; fp = sp
  136  000010dc  afbffff8	sw	-8(r29),r31; push ret addr
  137  000010e0  2fbd0028	subui	r29,r29,#40; alloc local storage
  138  000010e4  8fc20000	lw	r2,(r30)
  139  000010e8  8fc70004	lw	r7,4(r30)
  140  000010ec  0c0012c4	jal	___main
  141  000010f0  54000000	nop; not filled.
  142  000010f4  64410002	snei	r1,r2,#2
  143  000010f8  1020004c	beqz	r1,L14_LF0
  144  000010fc  54000000	nop; not filled.
  145  00001100  23bdfff8	addi	r29,r29,#-8
  146  00001104  3c080000	lhi	r8,((LC0_LF0)>>16)&0xffff
  147  00001108  25083000	addui	r8,r8,(LC0_LF0)&0xffff
  148  0000110c  afa80000	sw	(r29),r8
  149  00001110  0c000498	jal	_Printf
  150  00001114  54000000	nop; not filled.
  151  00001118  8ce80000	lw	r8,(r7)
  152  0000111c  afa80000	sw	(r29),r8
  153  00001120  0c000488	jal	_Printf
  154  00001124  54000000	nop; not filled.
  155  00001128  3c080000	lhi	r8,((LC1_LF0)>>16)&0xffff
  156  0000112c  25083008	addui	r8,r8,(LC1_LF0)&0xffff
  157  00001130  afa80000	sw	(r29),r8
  158  00001134  0c000474	jal	_Printf
  159  00001138  54000000	nop; not filled.
  160  0000113c  0c000520	jal	_Exit
  161  00001140  54000000	nop; not filled.
  162  00001144  23bd0008	addi	r29,r29,#8
  163  00001148          	L14_LF0:
  164  00001148  23bdfff0	addi	r29,r29,#-16
  165  0000114c  8ce80004	lw	r8,4(r7)
  166  00001150  afa80000	sw	(r29),r8
  167  00001154  20080000	addi	r8,r0,#0
  168  00001158  afa80004	sw	4(r29),r8
  169  0000115c  2008000a	addi	r8,r0,#10
  170  00001160  afa80008	sw	8(r29),r8
  171  00001164  0c000da4	jal	_dstrtol
  172  00001168  54000000	nop; not filled.
  173  0000116c  00013020	add	r6,r0,r1
  174  00001170  3c080000	lhi	r8,((LC2_LF0)>>16)&0xffff
  175  00001174  2508302c	addui	r8,r8,(LC2_LF0)&0xffff
  176  00001178  afa80000	sw	(r29),r8
  177  0000117c  afa60004	sw	4(r29),r6
  178  00001180  0c000428	jal	_Printf
  179  00001184  54000000	nop; not filled.
  180  00001188  0c000444	jal	_shmget
  181  0000118c  54000000	nop; not filled.
  182  00001190  00011820	add	r3,r0,r1
  183  00001194  23bd0010	addi	r29,r29,#16
  184  00001198  64610000	snei	r1,r3,#0
  185  0000119c  1420004c	bnez	r1,L15_LF0
  186  000011a0  54000000	nop; not filled.
  187  000011a4  23bdfff8	addi	r29,r29,#-8
  188  000011a8  3c080000	lhi	r8,((LC3_LF0)>>16)&0xffff
  189  000011ac  25083044	addui	r8,r8,(LC3_LF0)&0xffff
  190  000011b0  afa80000	sw	(r29),r8
  191  000011b4  0c0003f4	jal	_Printf
  192  000011b8  54000000	nop; not filled.
  193  000011bc  8ce80000	lw	r8,(r7)
  194  000011c0  afa80000	sw	(r29),r8
  195  000011c4  0c0003e4	jal	_Printf
  196  000011c8  54000000	nop; not filled.
  197  000011cc  3c080000	lhi	r8,((LC4_LF0)>>16)&0xffff
  198  000011d0  25083078	addui	r8,r8,(LC4_LF0)&0xffff
  199  000011d4  afa80000	sw	(r29),r8
  200  000011d8  0c0003d0	jal	_Printf
  201  000011dc  54000000	nop; not filled.
  202  000011e0  0c00047c	jal	_Exit
  203  000011e4  54000000	nop; not filled.
  204  000011e8  23bd0008	addi	r29,r29,#8
  205  000011ec          	L15_LF0:
  206  000011ec  23bdfff8	addi	r29,r29,#-8
  207  000011f0  afa30000	sw	(r29),r3
  208  000011f4  0c0003e4	jal	_shmat
  209  000011f8  54000000	nop; not filled.
  210  000011fc  00011020	add	r2,r0,r1
  211  00001200  23bd0008	addi	r29,r29,#8
  212  00001204  64410000	snei	r1,r2,#0
  213  00001208  1420004c	bnez	r1,L16_LF0
  214  0000120c  54000000	nop; not filled.
  215  00001210  23bdfff8	addi	r29,r29,#-8
  216  00001214  3c080000	lhi	r8,((LC5_LF0)>>16)&0xffff
  217  00001218  25083088	addui	r8,r8,(LC5_LF0)&0xffff
  218  0000121c  afa80000	sw	(r29),r8
  219  00001220  0c000388	jal	_Printf
  220  00001224  54000000	nop; not filled.
  221  00001228  8ce80000	lw	r8,(r7)
  222  0000122c  afa80000	sw	(r29),r8
  223  00001230  0c000378	jal	_Printf
  224  00001234  54000000	nop; not filled.
  225  00001238  3c080000	lhi	r8,((LC6_LF0)>>16)&0xffff
  226  0000123c  250830c0	addui	r8,r8,(LC6_LF0)&0xffff
  227  00001240  afa80000	sw	(r29),r8
  228  00001244  0c000364	jal	_Printf
  229  00001248  54000000	nop; not filled.
  230  0000124c  0c000410	jal	_Exit
  231  00001250  54000000	nop; not filled.
  232  00001254  23bd0008	addi	r29,r29,#8
  233  00001258          	L16_LF0:
  234  00001258  ac460000	sw	(r2),r6
  235  0000125c  20080000	addi	r8,r0,#0
  236  00001260  ac480004	sw	4(r2),r8
  237  00001264  ac480008	sw	8(r2),r8
  238  00001268  0c0003a0	jal	_lock_create
  239  0000126c  54000000	nop; not filled.
  240  00001270  ac41000c	sw	12(r2),r1
  241  00001274  23bdfff8	addi	r29,r29,#-8
  242  00001278  afa10000	sw	(r29),r1
  243  0000127c  0c0003b0	jal	_cond_create
  244  00001280  54000000	nop; not filled.
  245  00001284  ac410010	sw	16(r2),r1
  246  00001288  8c48000c	lw	r8,12(r2)
  247  0000128c  afa80000	sw	(r29),r8
  248  00001290  0c00039c	jal	_cond_create
  249  00001294  54000000	nop; not filled.
  250  00001298  ac410014	sw	20(r2),r1
  251  0000129c  8c41000c	lw	r1,12(r2)
  252  000012a0  23bd0008	addi	r29,r29,#8
  253  000012a4  6021ffff	seqi	r1,r1,#-1
  254  000012a8  1020004c	beqz	r1,L17_LF0
  255  000012ac  54000000	nop; not filled.
  256  000012b0  23bdfff8	addi	r29,r29,#-8
  257  000012b4  3c080000	lhi	r8,((LC7_LF0)>>16)&0xffff
  258  000012b8  250830d0	addui	r8,r8,(LC7_LF0)&0xffff
  259  000012bc  afa80000	sw	(r29),r8
  260  000012c0  0c0002e8	jal	_Printf
  261  000012c4  54000000	nop; not filled.
  262  000012c8  8ce80000	lw	r8,(r7)
  263  000012cc  afa80000	sw	(r29),r8
  264  000012d0  0c0002d8	jal	_Printf
  265  000012d4  54000000	nop; not filled.
  266  000012d8  3c080000	lhi	r8,((LC8_LF0)>>16)&0xffff
  267  000012dc  250830e0	addui	r8,r8,(LC8_LF0)&0xffff
  268  000012e0  afa80000	sw	(r29),r8
  269  000012e4  0c0002c4	jal	_Printf
  270  000012e8  54000000	nop; not filled.
  271  000012ec  0c000370	jal	_Exit
  272  000012f0  54000000	nop; not filled.
  273  000012f4  23bd0008	addi	r29,r29,#8
  274  000012f8          	L17_LF0:
  275  000012f8  8c410010	lw	r1,16(r2)
  276  000012fc  6021ffff	seqi	r1,r1,#-1
  277  00001300  1020004c	beqz	r1,L18_LF0
  278  00001304  54000000	nop; not filled.
  279  00001308  23bdfff8	addi	r29,r29,#-8
  280  0000130c  3c080000	lhi	r8,((LC9_LF0)>>16)&0xffff
  281  00001310  250830e4	addui	r8,r8,(LC9_LF0)&0xffff
  282  00001314  afa80000	sw	(r29),r8
  283  00001318  0c000290	jal	_Printf
  284  0000131c  54000000	nop; not filled.
  285  00001320  8ce80000	lw	r8,(r7)
  286  00001324  afa80000	sw	(r29),r8
  287  00001328  0c000280	jal	_Printf
  288  0000132c  54000000	nop; not filled.
  289  00001330  3c080000	lhi	r8,((LC8_LF0)>>16)&0xffff
  290  00001334  250830e0	addui	r8,r8,(LC8_LF0)&0xffff
  291  00001338  afa80000	sw	(r29),r8
  292  0000133c  0c00026c	jal	_Printf
  293  00001340  54000000	nop; not filled.
  294  00001344  0c000318	jal	_Exit
  295  00001348  54000000	nop; not filled.
  296  0000134c  23bd0008	addi	r29,r29,#8
  297  00001350          	L18_LF0:
  298  00001350  8c410014	lw	r1,20(r2)
  299  00001354  6021ffff	seqi	r1,r1,#-1
  300  00001358  1020004c	beqz	r1,L19_LF0
  301  0000135c  54000000	nop; not filled.
  302  00001360  23bdfff8	addi	r29,r29,#-8
  303  00001364  3c080000	lhi	r8,((LC9_LF0)>>16)&0xffff
  304  00001368  250830e4	addui	r8,r8,(LC9_LF0)&0xffff
  305  0000136c  afa80000	sw	(r29),r8
  306  00001370  0c000238	jal	_Printf
  307  00001374  54000000	nop; not filled.
  308  00001378  8ce80000	lw	r8,(r7)
  309  0000137c  afa80000	sw	(r29),r8
  310  00001380  0c000228	jal	_Printf
  311  00001384  54000000	nop; not filled.
  312  00001388  3c080000	lhi	r8,((LC8_LF0)>>16)&0xffff
  313  0000138c  250830e0	addui	r8,r8,(LC8_LF0)&0xffff
  314  00001390  afa80000	sw	(r29),r8
  315  00001394  0c000214	jal	_Printf
  316  00001398  54000000	nop; not filled.
  317  0000139c  0c0002c0	jal	_Exit
  318  000013a0  54000000	nop; not filled.
  319  000013a4  23bd0008	addi	r29,r29,#8
  320  000013a8          	L19_LF0:
  321  000013a8  23bdfff8	addi	r29,r29,#-8
  322  000013ac  20010001	addi	r1,r0,#1
  323  000013b0  00260822	sub	r1,r1,r6
  324  000013b4  afa10000	sw	(r29),r1
  325  000013b8  0c00022c	jal	_sem_create
  326  000013bc  54000000	nop; not filled.
  327  000013c0  00012820	add	r5,r0,r1
  328  000013c4  23bd0008	addi	r29,r29,#8
  329  000013c8  60a1ffff	seqi	r1,r5,#-1
  330  000013cc  1020004c	beqz	r1,L20_LF0
  331  000013d0  54000000	nop; not filled.
  332  000013d4  23bdfff8	addi	r29,r29,#-8
  333  000013d8  3c080000	lhi	r8,((LC10_LF0)>>16)&0xffff
  334  000013dc  250830f4	addui	r8,r8,(LC10_LF0)&0xffff
  335  000013e0  afa80000	sw	(r29),r8
  336  000013e4  0c0001c4	jal	_Printf
  337  000013e8  54000000	nop; not filled.
  338  000013ec  8ce80000	lw	r8,(r7)
  339  000013f0  afa80000	sw	(r29),r8
  340  000013f4  0c0001b4	jal	_Printf
  341  000013f8  54000000	nop; not filled.
  342  000013fc  3c080000	lhi	r8,((LC8_LF0)>>16)&0xffff
  343  00001400  250830e0	addui	r8,r8,(LC8_LF0)&0xffff
  344  00001404  afa80000	sw	(r29),r8
  345  00001408  0c0001a0	jal	_Printf
  346  0000140c  54000000	nop; not filled.
  347  00001410  0c00024c	jal	_Exit
  348  00001414  54000000	nop; not filled.
  349  00001418  23bd0008	addi	r29,r29,#8
  350  0000141c          	L20_LF0:
  351  0000141c  23bdfff8	addi	r29,r29,#-8
  352  00001420  afa30000	sw	(r29),r3
  353  00001424  23c4ffe8	addi	r4,r30,#-24
  354  00001428  afa40004	sw	4(r29),r4
  355  0000142c  0c000950	jal	_ditoa
  356  00001430  54000000	nop; not filled.
  357  00001434  afa50000	sw	(r29),r5
  358  00001438  23c3ffd8	addi	r3,r30,#-40
  359  0000143c  afa30004	sw	4(r29),r3
  360  00001440  0c00093c	jal	_ditoa
  361  00001444  54000000	nop; not filled.
  362  00001448  20020000	addi	r2,r0,#0
  363  0000144c  23bd0008	addi	r29,r29,#8
  364  00001450  0046082a	slt	r1,r2,r6
  365  00001454  1020007c	beqz	r1,L22_LF0
  366  00001458  54000000	nop; not filled.
  367  0000145c          	L24_LF0:
  368  0000145c  23bdfff0	addi	r29,r29,#-16
  369  00001460  3c080000	lhi	r8,((LC11_LF0)>>16)&0xffff
  370  00001464  25083108	addui	r8,r8,(LC11_LF0)&0xffff
  371  00001468  afa80000	sw	(r29),r8
  372  0000146c  afa40004	sw	4(r29),r4
  373  00001470  afa30008	sw	8(r29),r3
  374  00001474  20080000	addi	r8,r0,#0
  375  00001478  afa8000c	sw	12(r29),r8
  376  0000147c  0c000144	jal	_process_create
  377  00001480  54000000	nop; not filled.
  378  00001484  3c080000	lhi	r8,((LC12_LF0)>>16)&0xffff
  379  00001488  2508311c	addui	r8,r8,(LC12_LF0)&0xffff
  380  0000148c  afa80000	sw	(r29),r8
  381  00001490  afa40004	sw	4(r29),r4
  382  00001494  afa30008	sw	8(r29),r3
  383  00001498  20080000	addi	r8,r0,#0
  384  0000149c  afa8000c	sw	12(r29),r8
  385  000014a0  0c000120	jal	_process_create
  386  000014a4  54000000	nop; not filled.
  387  000014a8  3c080000	lhi	r8,((LC13_LF0)>>16)&0xffff
  388  000014ac  25083130	addui	r8,r8,(LC13_LF0)&0xffff
  389  000014b0  afa80000	sw	(r29),r8
  390  000014b4  afa20004	sw	4(r29),r2
  391  000014b8  0c0000f0	jal	_Printf
  392  000014bc  54000000	nop; not filled.
  393  000014c0  23bd0010	addi	r29,r29,#16
  394  000014c4  20420001	addi	r2,r2,#1
  395  000014c8  0046082a	slt	r1,r2,r6
  396  000014cc  1420ff8c	bnez	r1,L24_LF0
  397  000014d0  54000000	nop; not filled.
  398  000014d4          	L22_LF0:
  399  000014d4  23bdfff8	addi	r29,r29,#-8
  400  000014d8  afa50000	sw	(r29),r5
  401  000014dc  0c000114	jal	_sem_wait
  402  000014e0  54000000	nop; not filled.
  403  000014e4  23bd0008	addi	r29,r29,#8
  404  000014e8  64210001	snei	r1,r1,#1
  405  000014ec  10200050	beqz	r1,L26_LF0
  406  000014f0  54000000	nop; not filled.
  407  000014f4  23bdfff8	addi	r29,r29,#-8
  408  000014f8  3c080000	lhi	r8,((LC14_LF0)>>16)&0xffff
  409  000014fc  25083144	addui	r8,r8,(LC14_LF0)&0xffff
  410  00001500  afa80000	sw	(r29),r8
  411  00001504  afa50004	sw	4(r29),r5
  412  00001508  0c0000a0	jal	_Printf
  413  0000150c  54000000	nop; not filled.
  414  00001510  8ce70000	lw	r7,(r7)
  415  00001514  afa70000	sw	(r29),r7
  416  00001518  0c000090	jal	_Printf
  417  0000151c  54000000	nop; not filled.
  418  00001520  3c080000	lhi	r8,((LC8_LF0)>>16)&0xffff
  419  00001524  250830e0	addui	r8,r8,(LC8_LF0)&0xffff
  420  00001528  afa80000	sw	(r29),r8
  421  0000152c  0c00007c	jal	_Printf
  422  00001530  54000000	nop; not filled.
  423  00001534  0c000128	jal	_Exit
  424  00001538  54000000	nop; not filled.
  425  0000153c  23bd0008	addi	r29,r29,#8
  426  00001540          	L26_LF0:
  427  00001540  23bdfff8	addi	r29,r29,#-8
  428  00001544  3c080000	lhi	r8,((LC15_LF0)>>16)&0xffff
  429  00001548  25083170	addui	r8,r8,(LC15_LF0)&0xffff
  430  0000154c  afa80000	sw	(r29),r8
  431  00001550  0c000058	jal	_Printf
  432  00001554  54000000	nop; not filled.
  433  00001558  23bd0008	addi	r29,r29,#8
  434  0000155c  0c000e48	jal	_exit
  435  00001560  54000000	nop
  436  00001564          	.endproc _main
  437                      ;;;
  438                      ;;; Stub functions for DLX traps.
  439                      ;;;
  440                      ;;; Ethan L. Miller, 1999.  Released to the public domain.
  441                      ;;;
  442                      ;;; The traps such as Open and Close
  443                      ;;; (note the capital letters) are for use by user programs.  The traps
  444                      ;;; with names such as open and close (lower case) are for use by the OS.
  445                      ;;;
  448  00001564          	.align 2
  450                      ;;; The following are the traps to be used by user-level programs
  451                      ;;;
  453  00001564          	.align 2
  454  00001564          	.proc _Open
  455  00001564          	.global _Open
  456  00001564          	_Open:
  457                      ;;; Note that trap #0x213 actually causes a trap vector in the OS of
  458                      ;;; 0x1213.  The same is true for other user traps.  Thus, a user trap
  459                      ;;; with trap #0x240 will result in a trap vector of 0x1240 in the OS.
  460  00001564  44000213	trap	#0x213
  461  00001568  4be00000	jr	r31
  462  0000156c  54000000	nop
  463  00001570          	.endproc _Open
  465  00001570          	.proc _Close
  466  00001570          	.global _Close
  467  00001570          	_Close:
  468  00001570  44000214	trap	#0x214
  469  00001574  4be00000	jr	r31
  470  00001578  54000000	nop
  471  0000157c          	.endproc _Close
  473  0000157c          	.proc _Read
  474  0000157c          	.global _Read
  475  0000157c          	_Read:
  476  0000157c  44000210	trap	#0x210
  477  00001580  4be00000	jr	r31
  478  00001584  54000000	nop
  479  00001588          	.endproc _Read
  481  00001588          	.proc _Write
  482  00001588          	.global _Write
  483  00001588          	_Write:
  484  00001588  44000211	trap	#0x211
  485  0000158c  4be00000	jr	r31
  486  00001590  54000000	nop
  487  00001594          	.endproc _Write
  489  00001594          	.proc _Lseek
  490  00001594          	.global _Lseek
  491  00001594          	_Lseek:
  492  00001594  44000212	trap	#0x212
  493  00001598  4be00000	jr	r31
  494  0000159c  54000000	nop
  495  000015a0          	.endproc _Lseek
  497  000015a0          	.proc _Putchar
  498  000015a0          	.global _Putchar
  499  000015a0          	_Putchar:
  500  000015a0  44000280	trap	#0x280
  501  000015a4  4be00000	jr	r31
  502  000015a8  54000000	nop
  503  000015ac          	.endproc _Putchar
  505  000015ac          	.proc _Printf
  506  000015ac          	.global _Printf
  507  000015ac          	_Printf:
  508  000015ac  44000201	trap	#0x201
  509  000015b0  4be00000	jr	r31
  510  000015b4  54000000	nop
  511  000015b8          	.endproc _Printf
  513  000015b8          	.proc _getpid
  514  000015b8          	.global _getpid
  515  000015b8          	_getpid:
  516  000015b8  44000431	trap	#0x431
  517  000015bc  4be00000	jr	r31
  518  000015c0  54000000	nop
  519  000015c4          	.endproc _getpid
  521  000015c4          	.proc _process_create
  522  000015c4          	.global _process_create
  523  000015c4          	_process_create:
  524  000015c4  44000432	trap	#0x432
  525  000015c8  4be00000	jr	r31
  526  000015cc  54000000	nop
  527  000015d0          	.endproc _process_create
  529  000015d0          	.proc _shmget
  530  000015d0          	.global _shmget
  531  000015d0          	_shmget:
  532  000015d0  44000440	trap	#0x440
  533  000015d4  4be00000	jr	r31
  534  000015d8  54000000	nop
  535  000015dc          	.endproc _shmget
  537  000015dc          	.proc _shmat
  538  000015dc          	.global _shmat
  539  000015dc          	_shmat:
  540  000015dc  44000441	trap	#0x441
  541  000015e0  4be00000	jr	r31
  542  000015e4  54000000	nop
  543  000015e8          	.endproc _shmat
  545  000015e8          	.proc _sem_create
  546  000015e8          	.global _sem_create
  547  000015e8          	_sem_create:
  548  000015e8  44000450	trap	#0x450
  549  000015ec  4be00000	jr	r31
  550  000015f0  54000000	nop
  551  000015f4          	.endproc _sem_create
  553  000015f4          	.proc _sem_wait
  554  000015f4          	.global _sem_wait
  555  000015f4          	_sem_wait:
  556  000015f4  44000451	trap	#0x451
  557  000015f8  4be00000	jr	r31
  558  000015fc  54000000	nop
  559  00001600          	.endproc _sem_wait
  561  00001600          	.proc _sem_signal
  562  00001600          	.global _sem_signal
  563  00001600          	_sem_signal:
  564  00001600  44000452	trap	#0x452
  565  00001604  4be00000	jr	r31
  566  00001608  54000000	nop
  567  0000160c          	.endproc _sem_signal
  569  0000160c          	.proc _lock_create
  570  0000160c          	.global _lock_create
  571  0000160c          	_lock_create:
  572  0000160c  44000453	trap	#0x453
  573  00001610  4be00000	jr	r31
  574  00001614  54000000	nop
  575  00001618          	.endproc _lock_create
  577  00001618          	.proc _lock_acquire
  578  00001618          	.global _lock_acquire
  579  00001618          	_lock_acquire:
  580  00001618  44000454	trap	#0x454
  581  0000161c  4be00000	jr	r31
  582  00001620  54000000	nop
  583  00001624          	.endproc _lock_acquire
  585  00001624          	.proc _lock_release
  586  00001624          	.global _lock_release
  587  00001624          	_lock_release:
  588  00001624  44000455	trap	#0x455
  589  00001628  4be00000	jr	r31
  590  0000162c  54000000	nop
  591  00001630          	.endproc _lock_release
  593  00001630          	.proc _cond_create
  594  00001630          	.global _cond_create
  595  00001630          	_cond_create:
  596  00001630  44000456	trap	#0x456
  597  00001634  4be00000	jr	r31
  598  00001638  54000000	nop
  599  0000163c          	.endproc _cond_create
  601  0000163c          	.proc _cond_wait
  602  0000163c          	.global _cond_wait
  603  0000163c          	_cond_wait:
  604  0000163c  44000457	trap	#0x457
  605  00001640  4be00000	jr	r31
  606  00001644  54000000	nop
  607  00001648          	.endproc _cond_wait
  609  00001648          	.proc _cond_signal
  610  00001648          	.global _cond_signal
  611  00001648          	_cond_signal:
  612  00001648  44000458	trap	#0x458
  613  0000164c  4be00000	jr	r31
  614  00001650  54000000	nop
  615  00001654          	.endproc _cond_signal
  617  00001654          	.proc _cond_broadcast
  618  00001654          	.global _cond_broadcast
  619  00001654          	_cond_broadcast:
  620  00001654  44000455	trap	#0x455
  621  00001658  4be00000	jr	r31
  622  0000165c  54000000	nop
  623  00001660          	.endproc _cond_broadcast
  625  00001660          	.proc _Exit
  626  00001660          	.global _Exit
  627  00001660          	_Exit:
  628  00001660  44000500	trap	#0x500
  629  00001664  4be00000	jr	r31
  630  00001668  54000000	nop
  631  0000166c          	.endproc _Exit
  632                      ; Compiled by GCC
  634  0000166c          	.align 2
  635  0000166c          	.proc _isspace
  636  0000166c          	.global _isspace
  637  0000166c          	_isspace:
  638                      ;  Function 'isspace'; 0 bytes of locals, 3 regs to save.
  639  0000166c  afbefffc	sw	-4(r29),r30; push fp
  640  00001670  001df020	add	r30,r0,r29; fp = sp
  641  00001674  afbffff8	sw	-8(r29),r31; push ret addr
  642  00001678  2fbd0018	subui	r29,r29,#24; alloc local storage
  643  0000167c  afa20000	sw	0(r29),r2
  644  00001680  afa30004	sw	4(r29),r3
  645  00001684  afa40008	sw	8(r29),r4
  646  00001688  83c20003	lb	r2,3(r30)
  647  0000168c  20010000	addi	r1,r0,#0
  648  00001690  304300ff	andi	r3,r2,#0x00ff
  649  00001694  60640020	seqi	r4,r3,#32
  650  00001698  1480002c	bnez	r4,L3_LF2
  651  0000169c  54000000	nop; delay slot nop
  652  000016a0  304300ff	andi	r3,r2,#0x00ff
  653  000016a4  60640009	seqi	r4,r3,#9
  654  000016a8  1480001c	bnez	r4,L3_LF2
  655  000016ac  54000000	nop; delay slot nop
  656  000016b0  304300ff	andi	r3,r2,#0x00ff
  657  000016b4  6064000a	seqi	r4,r3,#10
  658  000016b8  1480000c	bnez	r4,L3_LF2
  659  000016bc  54000000	nop; delay slot nop
  660  000016c0  08000008	j	L2_LF2
  661  000016c4  54000000	nop; delay slot nop
  662  000016c8          	L3_LF2:
  663  000016c8  20010001	addi	r1,r0,#1
  664  000016cc          	L2_LF2:
  665  000016cc  08000004	j	L1_LF2
  666  000016d0  54000000	nop; delay slot nop
  667  000016d4          	L1_LF2:
  668  000016d4  8fa20000	lw	r2,0(r29)
  669  000016d8  8fa30004	lw	r3,4(r29)
  670  000016dc  8fa40008	lw	r4,8(r29)
  671  000016e0  8fdffff8	lw	r31,-8(r30)
  672  000016e4  001ee820	add	r29,r0,r30
  673  000016e8  8fdefffc	lw	r30,-4(r30)
  674  000016ec  4be00000	jr	r31
  675  000016f0  54000000	nop
  676  000016f4          	.endproc _isspace
  677  000016f4          	.align 2
  678  000016f4          	.proc _isxdigit
  679  000016f4          	.global _isxdigit
  680  000016f4          	_isxdigit:
  681                      ;  Function 'isxdigit'; 0 bytes of locals, 3 regs to save.
  682  000016f4  afbefffc	sw	-4(r29),r30; push fp
  683  000016f8  001df020	add	r30,r0,r29; fp = sp
  684  000016fc  afbffff8	sw	-8(r29),r31; push ret addr
  685  00001700  2fbd0018	subui	r29,r29,#24; alloc local storage
  686  00001704  afa20000	sw	0(r29),r2
  687  00001708  afa30004	sw	4(r29),r3
  688  0000170c  afa40008	sw	8(r29),r4
  689  00001710  83c20003	lb	r2,3(r30)
  690  00001714  20010000	addi	r1,r0,#0
  691  00001718  304300ff	andi	r3,r2,#0x00ff
  692  0000171c  6c64002f	sgtui	r4,r3,#47
  693  00001720  1080001c	beqz	r4,L7_LF2
  694  00001724  54000000	nop; delay slot nop
  695  00001728  304300ff	andi	r3,r2,#0x00ff
  696  0000172c  70640039	sleui	r4,r3,#57
  697  00001730  1480005c	bnez	r4,L6_LF2
  698  00001734  54000000	nop; delay slot nop
  699  00001738  08000004	j	L7_LF2
  700  0000173c  54000000	nop; delay slot nop
  701  00001740          	L7_LF2:
  702  00001740  304300ff	andi	r3,r2,#0x00ff
  703  00001744  6c640060	sgtui	r4,r3,#96
  704  00001748  1080001c	beqz	r4,L8_LF2
  705  0000174c  54000000	nop; delay slot nop
  706  00001750  304300ff	andi	r3,r2,#0x00ff
  707  00001754  70640066	sleui	r4,r3,#102
  708  00001758  14800034	bnez	r4,L6_LF2
  709  0000175c  54000000	nop; delay slot nop
  710  00001760  08000004	j	L8_LF2
  711  00001764  54000000	nop; delay slot nop
  712  00001768          	L8_LF2:
  713  00001768  304300ff	andi	r3,r2,#0x00ff
  714  0000176c  6c640040	sgtui	r4,r3,#64
  715  00001770  10800020	beqz	r4,L5_LF2
  716  00001774  54000000	nop; delay slot nop
  717  00001778  304300ff	andi	r3,r2,#0x00ff
  718  0000177c  70640041	sleui	r4,r3,#65
  719  00001780  1480000c	bnez	r4,L6_LF2
  720  00001784  54000000	nop; delay slot nop
  721  00001788  08000008	j	L5_LF2
  722  0000178c  54000000	nop; delay slot nop
  723  00001790          	L6_LF2:
  724  00001790  20010001	addi	r1,r0,#1
  725  00001794          	L5_LF2:
  726  00001794  08000004	j	L4_LF2
  727  00001798  54000000	nop; delay slot nop
  728  0000179c          	L4_LF2:
  729  0000179c  8fa20000	lw	r2,0(r29)
  730  000017a0  8fa30004	lw	r3,4(r29)
  731  000017a4  8fa40008	lw	r4,8(r29)
  732  000017a8  8fdffff8	lw	r31,-8(r30)
  733  000017ac  001ee820	add	r29,r0,r30
  734  000017b0  8fdefffc	lw	r30,-4(r30)
  735  000017b4  4be00000	jr	r31
  736  000017b8  54000000	nop
  737  000017bc          	.endproc _isxdigit
  738  000017bc          	.align 2
  739  000017bc          	.proc _dstrcpy
  740  000017bc          	.global _dstrcpy
  741  000017bc          	_dstrcpy:
  742                      ;  Function 'dstrcpy'; 8 bytes of locals, 2 regs to save.
  743  000017bc  afbefffc	sw	-4(r29),r30; push fp
  744  000017c0  001df020	add	r30,r0,r29; fp = sp
  745  000017c4  afbffff8	sw	-8(r29),r31; push ret addr
  746  000017c8  2fbd0018	subui	r29,r29,#24; alloc local storage
  747  000017cc  afa20000	sw	0(r29),r2
  748  000017d0  afa30004	sw	4(r29),r3
  749  000017d4  8fc10000	lw	r1,(r30)
  750  000017d8  afc1fff4	sw	-12(r30),r1
  751  000017dc          	L10_LF2:
  752  000017dc  8fc10000	lw	r1,(r30)
  753  000017e0  20220001	addi	r2,r1,#1
  754  000017e4  afc20000	sw	(r30),r2
  755  000017e8  8fc20004	lw	r2,4(r30)
  756  000017ec  20430001	addi	r3,r2,#1
  757  000017f0  afc30004	sw	4(r30),r3
  758  000017f4  80420000	lb	r2,(r2)
  759  000017f8  a0220000	sb	(r1),r2
  760  000017fc  a3c2fff3	sb	-13(r30),r2
  761  00001800          	L12_LF2:
  762  00001800  93c1fff3	lbu	r1,-13(r30)
  763  00001804  64220000	snei	r2,r1,#0
  764  00001808  1440000c	bnez	r2,L13_LF2
  765  0000180c  54000000	nop; delay slot nop
  766  00001810  0800000c	j	L11_LF2
  767  00001814  54000000	nop; delay slot nop
  768  00001818          	L13_LF2:
  769  00001818  0bffffc0	j	L10_LF2
  770  0000181c  54000000	nop; delay slot nop
  771  00001820          	L11_LF2:
  772  00001820  8fc1fff4	lw	r1,-12(r30)
  773  00001824  08000004	j	L9_LF2
  774  00001828  54000000	nop; delay slot nop
  775  0000182c          	L9_LF2:
  776  0000182c  8fa20000	lw	r2,0(r29)
  777  00001830  8fa30004	lw	r3,4(r29)
  778  00001834  8fdffff8	lw	r31,-8(r30)
  779  00001838  001ee820	add	r29,r0,r30
  780  0000183c  8fdefffc	lw	r30,-4(r30)
  781  00001840  4be00000	jr	r31
  782  00001844  54000000	nop
  783  00001848          	.endproc _dstrcpy
  784  00001848          	.align 2
  785  00001848          	.proc _dstrncpy
  786  00001848          	.global _dstrncpy
  787  00001848          	_dstrncpy:
  788                      ;  Function 'dstrncpy'; 8 bytes of locals, 2 regs to save.
  789  00001848  afbefffc	sw	-4(r29),r30; push fp
  790  0000184c  001df020	add	r30,r0,r29; fp = sp
  791  00001850  afbffff8	sw	-8(r29),r31; push ret addr
  792  00001854  2fbd0018	subui	r29,r29,#24; alloc local storage
  793  00001858  afa20000	sw	0(r29),r2
  794  0000185c  afa30004	sw	4(r29),r3
  795  00001860  8fc10000	lw	r1,(r30)
  796  00001864  afc1fff4	sw	-12(r30),r1
  797  00001868          	L15_LF2:
  798  00001868  8fc10008	lw	r1,8(r30)
  799  0000186c  2022ffff	addi	r2,r1,#-1
  800  00001870  afc20008	sw	8(r30),r2
  801  00001874  70210000	slei	r1,r1,#0
  802  00001878  1020000c	beqz	r1,L18_LF2
  803  0000187c  54000000	nop; delay slot nop
  804  00001880  08000048	j	L16_LF2
  805  00001884  54000000	nop; delay slot nop
  806  00001888          	L18_LF2:
  807  00001888  8fc10000	lw	r1,(r30)
  808  0000188c  20220001	addi	r2,r1,#1
  809  00001890  afc20000	sw	(r30),r2
  810  00001894  8fc20004	lw	r2,4(r30)
  811  00001898  20430001	addi	r3,r2,#1
  812  0000189c  afc30004	sw	4(r30),r3
  813  000018a0  80420000	lb	r2,(r2)
  814  000018a4  a0220000	sb	(r1),r2
  815  000018a8  a3c2fff3	sb	-13(r30),r2
  816  000018ac          	L17_LF2:
  817  000018ac  93c1fff3	lbu	r1,-13(r30)
  818  000018b0  64220000	snei	r2,r1,#0
  819  000018b4  1440000c	bnez	r2,L19_LF2
  820  000018b8  54000000	nop; delay slot nop
  821  000018bc  0800000c	j	L16_LF2
  822  000018c0  54000000	nop; delay slot nop
  823  000018c4          	L19_LF2:
  824  000018c4  0bffffa0	j	L15_LF2
  825  000018c8  54000000	nop; delay slot nop
  826  000018cc          	L16_LF2:
  827  000018cc  8fc1fff4	lw	r1,-12(r30)
  828  000018d0  08000004	j	L14_LF2
  829  000018d4  54000000	nop; delay slot nop
  830  000018d8          	L14_LF2:
  831  000018d8  8fa20000	lw	r2,0(r29)
  832  000018dc  8fa30004	lw	r3,4(r29)
  833  000018e0  8fdffff8	lw	r31,-8(r30)
  834  000018e4  001ee820	add	r29,r0,r30
  835  000018e8  8fdefffc	lw	r30,-4(r30)
  836  000018ec  4be00000	jr	r31
  837  000018f0  54000000	nop
  838  000018f4          	.endproc _dstrncpy
  839  000018f4          	.align 2
  840  000018f4          	.proc _dstrcat
  841  000018f4          	.global _dstrcat
  842  000018f4          	_dstrcat:
  843                      ;  Function 'dstrcat'; 8 bytes of locals, 1 regs to save.
  844  000018f4  afbefffc	sw	-4(r29),r30; push fp
  845  000018f8  001df020	add	r30,r0,r29; fp = sp
  846  000018fc  afbffff8	sw	-8(r29),r31; push ret addr
  847  00001900  2fbd0018	subui	r29,r29,#24; alloc local storage
  848  00001904  afa20000	sw	0(r29),r2
  849  00001908  8fc10000	lw	r1,(r30)
  850  0000190c  afc1fff4	sw	-12(r30),r1
  851  00001910          	L21_LF2:
  852  00001910  8fc10000	lw	r1,(r30)
  853  00001914  90220000	lbu	r2,(r1)
  854  00001918  64410000	snei	r1,r2,#0
  855  0000191c  1420000c	bnez	r1,L23_LF2
  856  00001920  54000000	nop; delay slot nop
  857  00001924  0800001c	j	L22_LF2
  858  00001928  54000000	nop; delay slot nop
  859  0000192c          	L23_LF2:
  860  0000192c  8fc20000	lw	r2,(r30)
  861  00001930  20410001	addi	r1,r2,#1
  862  00001934  00011020	add	r2,r0,r1
  863  00001938  afc20000	sw	(r30),r2
  864  0000193c  0bffffd0	j	L21_LF2
  865  00001940  54000000	nop; delay slot nop
  866  00001944          	L22_LF2:
  867  00001944  23bdfff8	addi	r29,r29,#-8
  868  00001948  001d0820	add	r1,r0,r29
  869  0000194c  8fc20000	lw	r2,(r30)
  870  00001950  ac220000	sw	(r1),r2
  871  00001954  8fc20004	lw	r2,4(r30)
  872  00001958  ac220004	sw	4(r1),r2
  873  0000195c  0ffffe5c	jal	_dstrcpy
  874  00001960  54000000	nop; delay slot nop
  875  00001964  23bd0008	addi	r29,r29,#8
  876  00001968  8fc1fff4	lw	r1,-12(r30)
  877  0000196c  08000004	j	L20_LF2
  878  00001970  54000000	nop; delay slot nop
  879  00001974          	L20_LF2:
  880  00001974  8fa20000	lw	r2,0(r29)
  881  00001978  8fdffff8	lw	r31,-8(r30)
  882  0000197c  001ee820	add	r29,r0,r30
  883  00001980  8fdefffc	lw	r30,-4(r30)
  884  00001984  4be00000	jr	r31
  885  00001988  54000000	nop
  886  0000198c          	.endproc _dstrcat
  887  0000198c          	.align 2
  888  0000198c          	.proc _dstrncmp
  889  0000198c          	.global _dstrncmp
  890  0000198c          	_dstrncmp:
  891                      ;  Function 'dstrncmp'; 8 bytes of locals, 2 regs to save.
  892  0000198c  afbefffc	sw	-4(r29),r30; push fp
  893  00001990  001df020	add	r30,r0,r29; fp = sp
  894  00001994  afbffff8	sw	-8(r29),r31; push ret addr
  895  00001998  2fbd0018	subui	r29,r29,#24; alloc local storage
  896  0000199c  afa20000	sw	0(r29),r2
  897  000019a0  afa30004	sw	4(r29),r3
  898  000019a4  54000000	nop
  899  000019a8  20010000	addi	r1,r0,#0
  900  000019ac  afc1fff4	sw	-12(r30),r1
  901  000019b0          	L25_LF2:
  902  000019b0  8fc1fff4	lw	r1,-12(r30)
  903  000019b4  8fc20008	lw	r2,8(r30)
  904  000019b8  0022082a	slt	r1,r1,r2
  905  000019bc  1420000c	bnez	r1,L28_LF2
  906  000019c0  54000000	nop; delay slot nop
  907  000019c4  08000088	j	L26_LF2
  908  000019c8  54000000	nop; delay slot nop
  909  000019cc          	L28_LF2:
  910  000019cc  8fc10004	lw	r1,4(r30)
  911  000019d0  90220000	lbu	r2,(r1)
  912  000019d4  64410000	snei	r1,r2,#0
  913  000019d8  14200018	bnez	r1,L29_LF2
  914  000019dc  54000000	nop; delay slot nop
  915  000019e0  20010000	addi	r1,r0,#0
  916  000019e4  080000d8	j	L24_LF2
  917  000019e8  54000000	nop; delay slot nop
  918  000019ec  08000028	j	L30_LF2
  919  000019f0  54000000	nop; delay slot nop
  920  000019f4          	L29_LF2:
  921  000019f4  8fc10000	lw	r1,(r30)
  922  000019f8  8fc20004	lw	r2,4(r30)
  923  000019fc  90210000	lbu	r1,(r1)
  924  00001a00  90420000	lbu	r2,(r2)
  925  00001a04  00220829	sne	r1,r1,r2
  926  00001a08  1020000c	beqz	r1,L30_LF2
  927  00001a0c  54000000	nop; delay slot nop
  928  00001a10  0800003c	j	L26_LF2
  929  00001a14  54000000	nop; delay slot nop
  930  00001a18          	L31_LF2:
  931  00001a18          	L30_LF2:
  932  00001a18  8fc20000	lw	r2,(r30)
  933  00001a1c  20410001	addi	r1,r2,#1
  934  00001a20  00011020	add	r2,r0,r1
  935  00001a24  afc20000	sw	(r30),r2
  936  00001a28  8fc20004	lw	r2,4(r30)
  937  00001a2c  20410001	addi	r1,r2,#1
  938  00001a30  00011020	add	r2,r0,r1
  939  00001a34  afc20004	sw	4(r30),r2
  940  00001a38          	L27_LF2:
  941  00001a38  8fc2fff4	lw	r2,-12(r30)
  942  00001a3c  20410001	addi	r1,r2,#1
  943  00001a40  00011020	add	r2,r0,r1
  944  00001a44  afc2fff4	sw	-12(r30),r2
  945  00001a48  0bffff64	j	L25_LF2
  946  00001a4c  54000000	nop; delay slot nop
  947  00001a50          	L26_LF2:
  948  00001a50  8fc1fff4	lw	r1,-12(r30)
  949  00001a54  8fc20008	lw	r2,8(r30)
  950  00001a58  00220828	seq	r1,r1,r2
  951  00001a5c  10200018	beqz	r1,L32_LF2
  952  00001a60  54000000	nop; delay slot nop
  953  00001a64  20010000	addi	r1,r0,#0
  954  00001a68  08000054	j	L24_LF2
  955  00001a6c  54000000	nop; delay slot nop
  956  00001a70  0800004c	j	L33_LF2
  957  00001a74  54000000	nop; delay slot nop
  958  00001a78          	L32_LF2:
  959  00001a78  8fc20000	lw	r2,(r30)
  960  00001a7c  90410000	lbu	r1,(r2)
  961  00001a80  8fc20004	lw	r2,4(r30)
  962  00001a84  90430000	lbu	r3,(r2)
  963  00001a88  00230822	sub	r1,r1,r3
  964  00001a8c  74220000	sgei	r2,r1,#0
  965  00001a90  10400020	beqz	r2,L34_LF2
  966  00001a94  54000000	nop; delay slot nop
  967  00001a98  8fc10000	lw	r1,(r30)
  968  00001a9c  8fc20004	lw	r2,4(r30)
  969  00001aa0  90210000	lbu	r1,(r1)
  970  00001aa4  90420000	lbu	r2,(r2)
  971  00001aa8  00220829	sne	r1,r1,r2
  972  00001aac  08000008	j	L35_LF2
  973  00001ab0  54000000	nop; delay slot nop
  974  00001ab4          	L34_LF2:
  975  00001ab4  2001ffff	addi	r1,r0,#-1
  976  00001ab8          	L35_LF2:
  977  00001ab8  08000004	j	L24_LF2
  978  00001abc  54000000	nop; delay slot nop
  979  00001ac0          	L33_LF2:
  980  00001ac0          	L24_LF2:
  981  00001ac0  8fa20000	lw	r2,0(r29)
  982  00001ac4  8fa30004	lw	r3,4(r29)
  983  00001ac8  8fdffff8	lw	r31,-8(r30)
  984  00001acc  001ee820	add	r29,r0,r30
  985  00001ad0  8fdefffc	lw	r30,-4(r30)
  986  00001ad4  4be00000	jr	r31
  987  00001ad8  54000000	nop
  988  00001adc          	.endproc _dstrncmp
  989  00001adc          	.align 2
  990  00001adc          	.proc _dstrlen
  991  00001adc          	.global _dstrlen
  992  00001adc          	_dstrlen:
  993                      ;  Function 'dstrlen'; 8 bytes of locals, 1 regs to save.
  994  00001adc  afbefffc	sw	-4(r29),r30; push fp
  995  00001ae0  001df020	add	r30,r0,r29; fp = sp
  996  00001ae4  afbffff8	sw	-8(r29),r31; push ret addr
  997  00001ae8  2fbd0018	subui	r29,r29,#24; alloc local storage
  998  00001aec  afa20000	sw	0(r29),r2
  999  00001af0  20010000	addi	r1,r0,#0
 1000  00001af4  afc1fff4	sw	-12(r30),r1
 1001  00001af8          	L37_LF2:
 1002  00001af8  8fc10000	lw	r1,(r30)
 1003  00001afc  20220001	addi	r2,r1,#1
 1004  00001b00  afc20000	sw	(r30),r2
 1005  00001b04  90210000	lbu	r1,(r1)
 1006  00001b08  64220000	snei	r2,r1,#0
 1007  00001b0c  1440000c	bnez	r2,L39_LF2
 1008  00001b10  54000000	nop; delay slot nop
 1009  00001b14  0800001c	j	L38_LF2
 1010  00001b18  54000000	nop; delay slot nop
 1011  00001b1c          	L39_LF2:
 1012  00001b1c  8fc2fff4	lw	r2,-12(r30)
 1013  00001b20  20410001	addi	r1,r2,#1
 1014  00001b24  00011020	add	r2,r0,r1
 1015  00001b28  afc2fff4	sw	-12(r30),r2
 1016  00001b2c  0bffffc8	j	L37_LF2
 1017  00001b30  54000000	nop; delay slot nop
 1018  00001b34          	L38_LF2:
 1019  00001b34  8fc1fff4	lw	r1,-12(r30)
 1020  00001b38  08000004	j	L36_LF2
 1021  00001b3c  54000000	nop; delay slot nop
 1022  00001b40          	L36_LF2:
 1023  00001b40  8fa20000	lw	r2,0(r29)
 1024  00001b44  8fdffff8	lw	r31,-8(r30)
 1025  00001b48  001ee820	add	r29,r0,r30
 1026  00001b4c  8fdefffc	lw	r30,-4(r30)
 1027  00001b50  4be00000	jr	r31
 1028  00001b54  54000000	nop
 1029  00001b58          	.endproc _dstrlen
 1030  00001b58          	.align 2
 1031  00001b58          	.proc _dstrstr
 1032  00001b58          	.global _dstrstr
 1033  00001b58          	_dstrstr:
 1034                      ;  Function 'dstrstr'; 8 bytes of locals, 1 regs to save.
 1035  00001b58  afbefffc	sw	-4(r29),r30; push fp
 1036  00001b5c  001df020	add	r30,r0,r29; fp = sp
 1037  00001b60  afbffff8	sw	-8(r29),r31; push ret addr
 1038  00001b64  2fbd0018	subui	r29,r29,#24; alloc local storage
 1039  00001b68  afa20000	sw	0(r29),r2
 1040  00001b6c  23bdfff8	addi	r29,r29,#-8
 1041  00001b70  001d0820	add	r1,r0,r29
 1042  00001b74  8fc20004	lw	r2,4(r30)
 1043  00001b78  ac220000	sw	(r1),r2
 1044  00001b7c  0fffff5c	jal	_dstrlen
 1045  00001b80  54000000	nop; delay slot nop
 1046  00001b84  23bd0008	addi	r29,r29,#8
 1047  00001b88  afc1fff4	sw	-12(r30),r1
 1048  00001b8c          	L41_LF2:
 1049  00001b8c  8fc10000	lw	r1,(r30)
 1050  00001b90  90220000	lbu	r2,(r1)
 1051  00001b94  64410000	snei	r1,r2,#0
 1052  00001b98  1420000c	bnez	r1,L43_LF2
 1053  00001b9c  54000000	nop; delay slot nop
 1054  00001ba0  08000060	j	L42_LF2
 1055  00001ba4  54000000	nop; delay slot nop
 1056  00001ba8          	L43_LF2:
 1057  00001ba8  23bdfff0	addi	r29,r29,#-16
 1058  00001bac  001d0820	add	r1,r0,r29
 1059  00001bb0  8fc20000	lw	r2,(r30)
 1060  00001bb4  ac220000	sw	(r1),r2
 1061  00001bb8  8fc20004	lw	r2,4(r30)
 1062  00001bbc  ac220004	sw	4(r1),r2
 1063  00001bc0  8fc2fff4	lw	r2,-12(r30)
 1064  00001bc4  ac220008	sw	8(r1),r2
 1065  00001bc8  0ffffdc0	jal	_dstrncmp
 1066  00001bcc  54000000	nop; delay slot nop
 1067  00001bd0  23bd0010	addi	r29,r29,#16
 1068  00001bd4  64220000	snei	r2,r1,#0
 1069  00001bd8  14400010	bnez	r2,L44_LF2
 1070  00001bdc  54000000	nop; delay slot nop
 1071  00001be0  8fc10000	lw	r1,(r30)
 1072  00001be4  08000028	j	L40_LF2
 1073  00001be8  54000000	nop; delay slot nop
 1074  00001bec          	L44_LF2:
 1075  00001bec  8fc20000	lw	r2,(r30)
 1076  00001bf0  20410001	addi	r1,r2,#1
 1077  00001bf4  00011020	add	r2,r0,r1
 1078  00001bf8  afc20000	sw	(r30),r2
 1079  00001bfc  0bffff8c	j	L41_LF2
 1080  00001c00  54000000	nop; delay slot nop
 1081  00001c04          	L42_LF2:
 1082  00001c04  20010000	addi	r1,r0,#0
 1083  00001c08  08000004	j	L40_LF2
 1084  00001c0c  54000000	nop; delay slot nop
 1085  00001c10          	L40_LF2:
 1086  00001c10  8fa20000	lw	r2,0(r29)
 1087  00001c14  8fdffff8	lw	r31,-8(r30)
 1088  00001c18  001ee820	add	r29,r0,r30
 1089  00001c1c  8fdefffc	lw	r30,-4(r30)
 1090  00001c20  4be00000	jr	r31
 1091  00001c24  54000000	nop
 1092  00001c28          	.endproc _dstrstr
 1093  00001c28          	.align 2
 1094  00001c28          	.proc _dmindex
 1095  00001c28          	.global _dmindex
 1096  00001c28          	_dmindex:
 1097                      ;  Function 'dmindex'; 8 bytes of locals, 1 regs to save.
 1098  00001c28  afbefffc	sw	-4(r29),r30; push fp
 1099  00001c2c  001df020	add	r30,r0,r29; fp = sp
 1100  00001c30  afbffff8	sw	-8(r29),r31; push ret addr
 1101  00001c34  2fbd0018	subui	r29,r29,#24; alloc local storage
 1102  00001c38  afa20000	sw	0(r29),r2
 1103  00001c3c  54000000	nop
 1104  00001c40          	L46_LF2:
 1105  00001c40  8fc10000	lw	r1,(r30)
 1106  00001c44  90220000	lbu	r2,(r1)
 1107  00001c48  64410000	snei	r1,r2,#0
 1108  00001c4c  1420000c	bnez	r1,L48_LF2
 1109  00001c50  54000000	nop; delay slot nop
 1110  00001c54  08000070	j	L47_LF2
 1111  00001c58  54000000	nop; delay slot nop
 1112  00001c5c          	L48_LF2:
 1113  00001c5c  8fc10004	lw	r1,4(r30)
 1114  00001c60  afc1fff4	sw	-12(r30),r1
 1115  00001c64          	L49_LF2:
 1116  00001c64  8fc1fff4	lw	r1,-12(r30)
 1117  00001c68  90220000	lbu	r2,(r1)
 1118  00001c6c  64410000	snei	r1,r2,#0
 1119  00001c70  1420000c	bnez	r1,L52_LF2
 1120  00001c74  54000000	nop; delay slot nop
 1121  00001c78  08000044	j	L50_LF2
 1122  00001c7c  54000000	nop; delay slot nop
 1123  00001c80          	L52_LF2:
 1124  00001c80  8fc10000	lw	r1,(r30)
 1125  00001c84  8fc2fff4	lw	r2,-12(r30)
 1126  00001c88  90210000	lbu	r1,(r1)
 1127  00001c8c  90420000	lbu	r2,(r2)
 1128  00001c90  00220828	seq	r1,r1,r2
 1129  00001c94  10200010	beqz	r1,L51_LF2
 1130  00001c98  54000000	nop; delay slot nop
 1131  00001c9c  8fc10000	lw	r1,(r30)
 1132  00001ca0  08000030	j	L45_LF2
 1133  00001ca4  54000000	nop; delay slot nop
 1134  00001ca8          	L53_LF2:
 1135  00001ca8          	L51_LF2:
 1136  00001ca8  8fc2fff4	lw	r2,-12(r30)
 1137  00001cac  20410001	addi	r1,r2,#1
 1138  00001cb0  00011020	add	r2,r0,r1
 1139  00001cb4  afc2fff4	sw	-12(r30),r2
 1140  00001cb8  0bffffa8	j	L49_LF2
 1141  00001cbc  54000000	nop; delay slot nop
 1142  00001cc0          	L50_LF2:
 1143  00001cc0  0bffff7c	j	L46_LF2
 1144  00001cc4  54000000	nop; delay slot nop
 1145  00001cc8          	L47_LF2:
 1146  00001cc8  20010000	addi	r1,r0,#0
 1147  00001ccc  08000004	j	L45_LF2
 1148  00001cd0  54000000	nop; delay slot nop
 1149  00001cd4          	L45_LF2:
 1150  00001cd4  8fa20000	lw	r2,0(r29)
 1151  00001cd8  8fdffff8	lw	r31,-8(r30)
 1152  00001cdc  001ee820	add	r29,r0,r30
 1153  00001ce0  8fdefffc	lw	r30,-4(r30)
 1154  00001ce4  4be00000	jr	r31
 1155  00001ce8  54000000	nop
 1156  00001cec          	.endproc _dmindex
 1157  00001cec          	.align 2
 1158  00001cec          	.proc _dindex
 1159  00001cec          	.global _dindex
 1160  00001cec          	_dindex:
 1161                      ;  Function 'dindex'; 0 bytes of locals, 1 regs to save.
 1162  00001cec  afbefffc	sw	-4(r29),r30; push fp
 1163  00001cf0  001df020	add	r30,r0,r29; fp = sp
 1164  00001cf4  afbffff8	sw	-8(r29),r31; push ret addr
 1165  00001cf8  2fbd0010	subui	r29,r29,#16; alloc local storage
 1166  00001cfc  afa20000	sw	0(r29),r2
 1167  00001d00  54000000	nop
 1168  00001d04          	L55_LF2:
 1169  00001d04  8fc10000	lw	r1,(r30)
 1170  00001d08  90220000	lbu	r2,(r1)
 1171  00001d0c  64410000	snei	r1,r2,#0
 1172  00001d10  1420000c	bnez	r1,L57_LF2
 1173  00001d14  54000000	nop; delay slot nop
 1174  00001d18  08000040	j	L56_LF2
 1175  00001d1c  54000000	nop; delay slot nop
 1176  00001d20          	L57_LF2:
 1177  00001d20  8fc10000	lw	r1,(r30)
 1178  00001d24  90220000	lbu	r2,(r1)
 1179  00001d28  8fc10004	lw	r1,4(r30)
 1180  00001d2c  00411028	seq	r2,r2,r1
 1181  00001d30  10400010	beqz	r2,L58_LF2
 1182  00001d34  54000000	nop; delay slot nop
 1183  00001d38  8fc10000	lw	r1,(r30)
 1184  00001d3c  08000028	j	L54_LF2
 1185  00001d40  54000000	nop; delay slot nop
 1186  00001d44          	L58_LF2:
 1187  00001d44  8fc20000	lw	r2,(r30)
 1188  00001d48  20410001	addi	r1,r2,#1
 1189  00001d4c  00011020	add	r2,r0,r1
 1190  00001d50  afc20000	sw	(r30),r2
 1191  00001d54  0bffffac	j	L55_LF2
 1192  00001d58  54000000	nop; delay slot nop
 1193  00001d5c          	L56_LF2:
 1194  00001d5c  20010000	addi	r1,r0,#0
 1195  00001d60  08000004	j	L54_LF2
 1196  00001d64  54000000	nop; delay slot nop
 1197  00001d68          	L54_LF2:
 1198  00001d68  8fa20000	lw	r2,0(r29)
 1199  00001d6c  8fdffff8	lw	r31,-8(r30)
 1200  00001d70  001ee820	add	r29,r0,r30
 1201  00001d74  8fdefffc	lw	r30,-4(r30)
 1202  00001d78  4be00000	jr	r31
 1203  00001d7c  54000000	nop
 1204  00001d80          	.endproc _dindex
 1205  00001d80          	.align 2
 1206  00001d80          	.proc _ditoa
 1207  00001d80          	.global _ditoa
 1208  00001d80          	_ditoa:
 1209                      ;  Function 'ditoa'; 8 bytes of locals, 2 regs to save.
 1210  00001d80  afbefffc	sw	-4(r29),r30; push fp
 1211  00001d84  001df020	add	r30,r0,r29; fp = sp
 1212  00001d88  afbffff8	sw	-8(r29),r31; push ret addr
 1213  00001d8c  2fbd0018	subui	r29,r29,#24; alloc local storage
 1214  00001d90  afa20000	sw	0(r29),r2
 1215  00001d94  afa30004	sw	4(r29),r3
 1216  00001d98  8fc10000	lw	r1,(r30)
 1217  00001d9c  68220000	slti	r2,r1,#0
 1218  00001da0  1040002c	beqz	r2,L60_LF2
 1219  00001da4  54000000	nop; delay slot nop
 1220  00001da8  8fc10004	lw	r1,4(r30)
 1221  00001dac  20220001	addi	r2,r1,#1
 1222  00001db0  afc20004	sw	4(r30),r2
 1223  00001db4  2002002d	addi	r2,r0,(#0x2d)&0xff
 1224  00001db8  a0220000	sb	(r1),r2
 1225  00001dbc  8fc10000	lw	r1,(r30)
 1226  00001dc0  00011022	sub	r2,r0,r1
 1227  00001dc4  afc20000	sw	(r30),r2
 1228  00001dc8  08000118	j	L61_LF2
 1229  00001dcc  54000000	nop; delay slot nop
 1230  00001dd0          	L60_LF2:
 1231  00001dd0  8fc10000	lw	r1,(r30)
 1232  00001dd4  64220000	snei	r2,r1,#0
 1233  00001dd8  14400020	bnez	r2,L62_LF2
 1234  00001ddc  54000000	nop; delay slot nop
 1235  00001de0  8fc10004	lw	r1,4(r30)
 1236  00001de4  20220001	addi	r2,r1,#1
 1237  00001de8  afc20004	sw	4(r30),r2
 1238  00001dec  20020030	addi	r2,r0,(#0x30)&0xff
 1239  00001df0  a0220000	sb	(r1),r2
 1240  00001df4  080000ec	j	L61_LF2
 1241  00001df8  54000000	nop; delay slot nop
 1242  00001dfc          	L62_LF2:
 1243  00001dfc  20010001	addi	r1,r0,#1
 1244  00001e00  afc1fff4	sw	-12(r30),r1
 1245  00001e04          	L64_LF2:
 1246  00001e04  8fc1fff4	lw	r1,-12(r30)
 1247  00001e08  8fc20000	lw	r2,(r30)
 1248  00001e0c  0022082c	sle	r1,r1,r2
 1249  00001e10  1420000c	bnez	r1,L66_LF2
 1250  00001e14  54000000	nop; delay slot nop
 1251  00001e18  08000024	j	L65_LF2
 1252  00001e1c  54000000	nop; delay slot nop
 1253  00001e20          	L67_LF2:
 1254  00001e20          	L66_LF2:
 1255  00001e20  8fc1fff4	lw	r1,-12(r30)
 1256  00001e24  00011820	add	r3,r0,r1
 1257  00001e28  50620002	slli	r2,r3,#0x2
 1258  00001e2c  00411020	add	r2,r2,r1
 1259  00001e30  50410001	slli	r1,r2,#0x1
 1260  00001e34  afc1fff4	sw	-12(r30),r1
 1261  00001e38  0bffffc8	j	L64_LF2
 1262  00001e3c  54000000	nop; delay slot nop
 1263  00001e40          	L65_LF2:
 1264  00001e40  54000000	nop
 1265  00001e44          	L68_LF2:
 1266  00001e44  8fc1fff4	lw	r1,-12(r30)
 1267  00001e48  2002000a	addi	r2,r0,#10
 1268  00001e4c  00200035	movi2fp	f0,r1
 1269  00001e50  00400835	movi2fp	f1,r2
 1270  00001e54  0401000f	div	f0,f0,f1
 1271  00001e58  00000834	movfp2i	r1,f0
 1272  00001e5c  afc1fff4	sw	-12(r30),r1
 1273  00001e60  8fc10004	lw	r1,4(r30)
 1274  00001e64  20220001	addi	r2,r1,#1
 1275  00001e68  afc20004	sw	4(r30),r2
 1276  00001e6c  8fc20000	lw	r2,(r30)
 1277  00001e70  8fc3fff4	lw	r3,-12(r30)
 1278  00001e74  00400035	movi2fp	f0,r2
 1279  00001e78  00600835	movi2fp	f1,r3
 1280  00001e7c  0401000f	div	f0,f0,f1
 1281  00001e80  00001034	movfp2i	r2,f0
 1282  00001e84  00021820	add	r3,r0,r2
 1283  00001e88  20620030	addi	r2,r3,#48
 1284  00001e8c  a0220000	sb	(r1),r2
 1285  00001e90  8fc10000	lw	r1,(r30)
 1286  00001e94  8fc3fff4	lw	r3,-12(r30)
 1287  00001e98  00200035	movi2fp	f0,r1
 1288  00001e9c  00600835	movi2fp	f1,r3
 1289  00001ea0  0401000f	div	f0,f0,f1
 1290  00001ea4  00001034	movfp2i	r2,f0
 1291  00001ea8  8fc3fff4	lw	r3,-12(r30)
 1292  00001eac  00400035	movi2fp	f0,r2
 1293  00001eb0  00600835	movi2fp	f1,r3
 1294  00001eb4  0401000e	mult	f0,f0,f1
 1295  00001eb8  00001034	movfp2i	r2,f0
 1296  00001ebc  00220822	sub	r1,r1,r2
 1297  00001ec0  afc10000	sw	(r30),r1
 1298  00001ec4          	L70_LF2:
 1299  00001ec4  8fc1fff4	lw	r1,-12(r30)
 1300  00001ec8  6c220001	sgti	r2,r1,#1
 1301  00001ecc  1440000c	bnez	r2,L71_LF2
 1302  00001ed0  54000000	nop; delay slot nop
 1303  00001ed4  0800000c	j	L61_LF2
 1304  00001ed8  54000000	nop; delay slot nop
 1305  00001edc          	L71_LF2:
 1306  00001edc  0bffff64	j	L68_LF2
 1307  00001ee0  54000000	nop; delay slot nop
 1308  00001ee4          	L69_LF2:
 1309  00001ee4          	L63_LF2:
 1310  00001ee4          	L61_LF2:
 1311  00001ee4  8fc10004	lw	r1,4(r30)
 1312  00001ee8  20020000	addi	r2,r0,(#0x0)&0xff
 1313  00001eec  a0220000	sb	(r1),r2
 1314  00001ef0          	L59_LF2:
 1315  00001ef0  8fa20000	lw	r2,0(r29)
 1316  00001ef4  8fa30004	lw	r3,4(r29)
 1317  00001ef8  8fdffff8	lw	r31,-8(r30)
 1318  00001efc  001ee820	add	r29,r0,r30
 1319  00001f00  8fdefffc	lw	r30,-4(r30)
 1320  00001f04  4be00000	jr	r31
 1321  00001f08  54000000	nop
 1322  00001f0c          	.endproc _ditoa
 1323  00001f0c          	.align 2
 1324  00001f0c          	.proc _dstrtol
 1325  00001f0c          	.global _dstrtol
 1326  00001f0c          	_dstrtol:
 1327                      ;  Function 'dstrtol'; 16 bytes of locals, 1 regs to save.
 1328  00001f0c  afbefffc	sw	-4(r29),r30; push fp
 1329  00001f10  001df020	add	r30,r0,r29; fp = sp
 1330  00001f14  afbffff8	sw	-8(r29),r31; push ret addr
 1331  00001f18  2fbd0020	subui	r29,r29,#32; alloc local storage
 1332  00001f1c  afa20000	sw	0(r29),r2
 1333  00001f20  20010000	addi	r1,r0,#0
 1334  00001f24  afc1fff4	sw	-12(r30),r1
 1335  00001f28          	L73_LF2:
 1336  00001f28  8fc10000	lw	r1,(r30)
 1337  00001f2c  90220000	lbu	r2,(r1)
 1338  00001f30  60410020	seqi	r1,r2,#32
 1339  00001f34  14200034	bnez	r1,L75_LF2
 1340  00001f38  54000000	nop; delay slot nop
 1341  00001f3c  8fc10000	lw	r1,(r30)
 1342  00001f40  90220000	lbu	r2,(r1)
 1343  00001f44  60410009	seqi	r1,r2,#9
 1344  00001f48  14200020	bnez	r1,L75_LF2
 1345  00001f4c  54000000	nop; delay slot nop
 1346  00001f50  8fc10000	lw	r1,(r30)
 1347  00001f54  90220000	lbu	r2,(r1)
 1348  00001f58  6041000a	seqi	r1,r2,#10
 1349  00001f5c  1420000c	bnez	r1,L75_LF2
 1350  00001f60  54000000	nop; delay slot nop
 1351  00001f64  0800001c	j	L74_LF2
 1352  00001f68  54000000	nop; delay slot nop
 1353  00001f6c          	L75_LF2:
 1354  00001f6c  8fc20000	lw	r2,(r30)
 1355  00001f70  20410001	addi	r1,r2,#1
 1356  00001f74  00011020	add	r2,r0,r1
 1357  00001f78  afc20000	sw	(r30),r2
 1358  00001f7c  0bffffa8	j	L73_LF2
 1359  00001f80  54000000	nop; delay slot nop
 1360  00001f84          	L74_LF2:
 1361  00001f84  8fc10004	lw	r1,4(r30)
 1362  00001f88  64220000	snei	r2,r1,#0
 1363  00001f8c  10400010	beqz	r2,L76_LF2
 1364  00001f90  54000000	nop; delay slot nop
 1365  00001f94  8fc10004	lw	r1,4(r30)
 1366  00001f98  8fc20000	lw	r2,(r30)
 1367  00001f9c  ac220000	sw	(r1),r2
 1368  00001fa0          	L76_LF2:
 1369  00001fa0  8fc10000	lw	r1,(r30)
 1370  00001fa4  90220000	lbu	r2,(r1)
 1371  00001fa8  64410000	snei	r1,r2,#0
 1372  00001fac  14200010	bnez	r1,L77_LF2
 1373  00001fb0  54000000	nop; delay slot nop
 1374  00001fb4  8fc1fff4	lw	r1,-12(r30)
 1375  00001fb8  08000294	j	L72_LF2
 1376  00001fbc  54000000	nop; delay slot nop
 1377  00001fc0          	L77_LF2:
 1378  00001fc0  8fc10000	lw	r1,(r30)
 1379  00001fc4  90220000	lbu	r2,(r1)
 1380  00001fc8  6041002d	seqi	r1,r2,#45
 1381  00001fcc  10200024	beqz	r1,L78_LF2
 1382  00001fd0  54000000	nop; delay slot nop
 1383  00001fd4  2001ffff	addi	r1,r0,#-1
 1384  00001fd8  afc1ffec	sw	-20(r30),r1
 1385  00001fdc  8fc20000	lw	r2,(r30)
 1386  00001fe0  20410001	addi	r1,r2,#1
 1387  00001fe4  00011020	add	r2,r0,r1
 1388  00001fe8  afc20000	sw	(r30),r2
 1389  00001fec  0800000c	j	L79_LF2
 1390  00001ff0  54000000	nop; delay slot nop
 1391  00001ff4          	L78_LF2:
 1392  00001ff4  20010001	addi	r1,r0,#1
 1393  00001ff8  afc1ffec	sw	-20(r30),r1
 1394  00001ffc          	L79_LF2:
 1395  00001ffc  8fc10008	lw	r1,8(r30)
 1396  00002000  64220000	snei	r2,r1,#0
 1397  00002004  14400090	bnez	r2,L80_LF2
 1398  00002008  54000000	nop; delay slot nop
 1399  0000200c  8fc10000	lw	r1,(r30)
 1400  00002010  90220000	lbu	r2,(r1)
 1401  00002014  60410030	seqi	r1,r2,#48
 1402  00002018  10200074	beqz	r1,L81_LF2
 1403  0000201c  54000000	nop; delay slot nop
 1404  00002020  8fc20000	lw	r2,(r30)
 1405  00002024  20410001	addi	r1,r2,#1
 1406  00002028  00011020	add	r2,r0,r1
 1407  0000202c  afc20000	sw	(r30),r2
 1408  00002030  8fc10000	lw	r1,(r30)
 1409  00002034  90220000	lbu	r2,(r1)
 1410  00002038  60410078	seqi	r1,r2,#120
 1411  0000203c  14200020	bnez	r1,L83_LF2
 1412  00002040  54000000	nop; delay slot nop
 1413  00002044  8fc10000	lw	r1,(r30)
 1414  00002048  90220000	lbu	r2,(r1)
 1415  0000204c  60410058	seqi	r1,r2,#88
 1416  00002050  1420000c	bnez	r1,L83_LF2
 1417  00002054  54000000	nop; delay slot nop
 1418  00002058  08000024	j	L82_LF2
 1419  0000205c  54000000	nop; delay slot nop
 1420  00002060          	L83_LF2:
 1421  00002060  20010010	addi	r1,r0,#16
 1422  00002064  afc10008	sw	8(r30),r1
 1423  00002068  8fc20000	lw	r2,(r30)
 1424  0000206c  20410001	addi	r1,r2,#1
 1425  00002070  00011020	add	r2,r0,r1
 1426  00002074  afc20000	sw	(r30),r2
 1427  00002078  0800000c	j	L84_LF2
 1428  0000207c  54000000	nop; delay slot nop
 1429  00002080          	L82_LF2:
 1430  00002080  20010008	addi	r1,r0,#8
 1431  00002084  afc10008	sw	8(r30),r1
 1432  00002088          	L84_LF2:
 1433  00002088  0800000c	j	L80_LF2
 1434  0000208c  54000000	nop; delay slot nop
 1435  00002090          	L81_LF2:
 1436  00002090  2001000a	addi	r1,r0,#10
 1437  00002094  afc10008	sw	8(r30),r1
 1438  00002098          	L85_LF2:
 1439  00002098          	L80_LF2:
 1440  00002098  8fc10008	lw	r1,8(r30)
 1441  0000209c  70220000	slei	r2,r1,#0
 1442  000020a0  1440001c	bnez	r2,L87_LF2
 1443  000020a4  54000000	nop; delay slot nop
 1444  000020a8  8fc10008	lw	r1,8(r30)
 1445  000020ac  6c220010	sgti	r2,r1,#16
 1446  000020b0  1440000c	bnez	r2,L87_LF2
 1447  000020b4  54000000	nop; delay slot nop
 1448  000020b8  08000010	j	L86_LF2
 1449  000020bc  54000000	nop; delay slot nop
 1450  000020c0          	L87_LF2:
 1451  000020c0  8fc1fff4	lw	r1,-12(r30)
 1452  000020c4  08000188	j	L72_LF2
 1453  000020c8  54000000	nop; delay slot nop
 1454  000020cc          	L86_LF2:
 1455  000020cc  54000000	nop
 1456  000020d0          	L88_LF2:
 1457  000020d0  8fc10000	lw	r1,(r30)
 1458  000020d4  90220000	lbu	r2,(r1)
 1459  000020d8  6c41002f	sgtui	r1,r2,#47
 1460  000020dc  10200030	beqz	r1,L91_LF2
 1461  000020e0  54000000	nop; delay slot nop
 1462  000020e4  8fc10000	lw	r1,(r30)
 1463  000020e8  90220000	lbu	r2,(r1)
 1464  000020ec  70410039	sleui	r1,r2,#57
 1465  000020f0  1020001c	beqz	r1,L91_LF2
 1466  000020f4  54000000	nop; delay slot nop
 1467  000020f8  8fc10000	lw	r1,(r30)
 1468  000020fc  90220000	lbu	r2,(r1)
 1469  00002100  2041ffd0	addi	r1,r2,#-48
 1470  00002104  afc1fff0	sw	-16(r30),r1
 1471  00002108  0800008c	j	L92_LF2
 1472  0000210c  54000000	nop; delay slot nop
 1473  00002110          	L91_LF2:
 1474  00002110  8fc10000	lw	r1,(r30)
 1475  00002114  90220000	lbu	r2,(r1)
 1476  00002118  6c410060	sgtui	r1,r2,#96
 1477  0000211c  10200030	beqz	r1,L93_LF2
 1478  00002120  54000000	nop; delay slot nop
 1479  00002124  8fc10000	lw	r1,(r30)
 1480  00002128  90220000	lbu	r2,(r1)
 1481  0000212c  7041007a	sleui	r1,r2,#122
 1482  00002130  1020001c	beqz	r1,L93_LF2
 1483  00002134  54000000	nop; delay slot nop
 1484  00002138  8fc10000	lw	r1,(r30)
 1485  0000213c  90220000	lbu	r2,(r1)
 1486  00002140  2041ffa9	addi	r1,r2,#-87
 1487  00002144  afc1fff0	sw	-16(r30),r1
 1488  00002148  0800004c	j	L92_LF2
 1489  0000214c  54000000	nop; delay slot nop
 1490  00002150          	L93_LF2:
 1491  00002150  8fc10000	lw	r1,(r30)
 1492  00002154  90220000	lbu	r2,(r1)
 1493  00002158  6c410040	sgtui	r1,r2,#64
 1494  0000215c  10200030	beqz	r1,L95_LF2
 1495  00002160  54000000	nop; delay slot nop
 1496  00002164  8fc10000	lw	r1,(r30)
 1497  00002168  90220000	lbu	r2,(r1)
 1498  0000216c  7041005a	sleui	r1,r2,#90
 1499  00002170  1020001c	beqz	r1,L95_LF2
 1500  00002174  54000000	nop; delay slot nop
 1501  00002178  8fc10000	lw	r1,(r30)
 1502  0000217c  90220000	lbu	r2,(r1)
 1503  00002180  2041ffc9	addi	r1,r2,#-55
 1504  00002184  afc1fff0	sw	-16(r30),r1
 1505  00002188  0800000c	j	L92_LF2
 1506  0000218c  54000000	nop; delay slot nop
 1507  00002190          	L95_LF2:
 1508  00002190  200103e8	addi	r1,r0,#1000
 1509  00002194  afc1fff0	sw	-16(r30),r1
 1510  00002198          	L96_LF2:
 1511  00002198          	L94_LF2:
 1512  00002198          	L92_LF2:
 1513  00002198  8fc1fff0	lw	r1,-16(r30)
 1514  0000219c  8fc20008	lw	r2,8(r30)
 1515  000021a0  0022082a	slt	r1,r1,r2
 1516  000021a4  10200040	beqz	r1,L90_LF2
 1517  000021a8  54000000	nop; delay slot nop
 1518  000021ac  8fc1fff4	lw	r1,-12(r30)
 1519  000021b0  8fc20008	lw	r2,8(r30)
 1520  000021b4  00200035	movi2fp	f0,r1
 1521  000021b8  00400835	movi2fp	f1,r2
 1522  000021bc  0401000e	mult	f0,f0,f1
 1523  000021c0  00000834	movfp2i	r1,f0
 1524  000021c4  afc1fff4	sw	-12(r30),r1
 1525  000021c8  8fc1fff4	lw	r1,-12(r30)
 1526  000021cc  8fc2fff0	lw	r2,-16(r30)
 1527  000021d0  00220820	add	r1,r1,r2
 1528  000021d4  afc1fff4	sw	-12(r30),r1
 1529  000021d8  8fc20000	lw	r2,(r30)
 1530  000021dc  20410001	addi	r1,r2,#1
 1531  000021e0  00011020	add	r2,r0,r1
 1532  000021e4  afc20000	sw	(r30),r2
 1533  000021e8          	L97_LF2:
 1534  000021e8          	L90_LF2:
 1535  000021e8  8fc1fff0	lw	r1,-16(r30)
 1536  000021ec  8fc20008	lw	r2,8(r30)
 1537  000021f0  0022082a	slt	r1,r1,r2
 1538  000021f4  1420000c	bnez	r1,L98_LF2
 1539  000021f8  54000000	nop; delay slot nop
 1540  000021fc  0800000c	j	L89_LF2
 1541  00002200  54000000	nop; delay slot nop
 1542  00002204          	L98_LF2:
 1543  00002204  0bfffec8	j	L88_LF2
 1544  00002208  54000000	nop; delay slot nop
 1545  0000220c          	L89_LF2:
 1546  0000220c  8fc10004	lw	r1,4(r30)
 1547  00002210  64220000	snei	r2,r1,#0
 1548  00002214  10400010	beqz	r2,L99_LF2
 1549  00002218  54000000	nop; delay slot nop
 1550  0000221c  8fc10004	lw	r1,4(r30)
 1551  00002220  8fc20000	lw	r2,(r30)
 1552  00002224  ac220000	sw	(r1),r2
 1553  00002228          	L99_LF2:
 1554  00002228  8fc1fff4	lw	r1,-12(r30)
 1555  0000222c  8fc2ffec	lw	r2,-20(r30)
 1556  00002230  00200035	movi2fp	f0,r1
 1557  00002234  00400835	movi2fp	f1,r2
 1558  00002238  0401000e	mult	f0,f0,f1
 1559  0000223c  00000834	movfp2i	r1,f0
 1560  00002240  afc1fff4	sw	-12(r30),r1
 1561  00002244  8fc1fff4	lw	r1,-12(r30)
 1562  00002248  08000004	j	L72_LF2
 1563  0000224c  54000000	nop; delay slot nop
 1564  00002250          	L72_LF2:
 1565  00002250  8fa20000	lw	r2,0(r29)
 1566  00002254  8fdffff8	lw	r31,-8(r30)
 1567  00002258  001ee820	add	r29,r0,r30
 1568  0000225c  8fdefffc	lw	r30,-4(r30)
 1569  00002260  4be00000	jr	r31
 1570  00002264  54000000	nop
 1571  00002268          	.endproc _dstrtol
 1572  00002268          	.align 2
 1573  00002268          	.proc _bcopy
 1574  00002268          	.global _bcopy
 1575  00002268          	_bcopy:
 1576                      ;  Function 'bcopy'; 0 bytes of locals, 2 regs to save.
 1577  00002268  afbefffc	sw	-4(r29),r30; push fp
 1578  0000226c  001df020	add	r30,r0,r29; fp = sp
 1579  00002270  afbffff8	sw	-8(r29),r31; push ret addr
 1580  00002274  2fbd0010	subui	r29,r29,#16; alloc local storage
 1581  00002278  afa20000	sw	0(r29),r2
 1582  0000227c  afa30004	sw	4(r29),r3
 1583  00002280  54000000	nop
 1584  00002284          	L101_LF2:
 1585  00002284  8fc10008	lw	r1,8(r30)
 1586  00002288  2022ffff	addi	r2,r1,#-1
 1587  0000228c  afc20008	sw	8(r30),r2
 1588  00002290  6c210000	sgti	r1,r1,#0
 1589  00002294  1420000c	bnez	r1,L103_LF2
 1590  00002298  54000000	nop; delay slot nop
 1591  0000229c  0800002c	j	L102_LF2
 1592  000022a0  54000000	nop; delay slot nop
 1593  000022a4          	L103_LF2:
 1594  000022a4  8fc10004	lw	r1,4(r30)
 1595  000022a8  20220001	addi	r2,r1,#1
 1596  000022ac  afc20004	sw	4(r30),r2
 1597  000022b0  8fc20000	lw	r2,(r30)
 1598  000022b4  20430001	addi	r3,r2,#1
 1599  000022b8  afc30000	sw	(r30),r3
 1600  000022bc  80420000	lb	r2,(r2)
 1601  000022c0  a0220000	sb	(r1),r2
 1602  000022c4  0bffffbc	j	L101_LF2
 1603  000022c8  54000000	nop; delay slot nop
 1604  000022cc          	L102_LF2:
 1605  000022cc          	L100_LF2:
 1606  000022cc  8fa20000	lw	r2,0(r29)
 1607  000022d0  8fa30004	lw	r3,4(r29)
 1608  000022d4  8fdffff8	lw	r31,-8(r30)
 1609  000022d8  001ee820	add	r29,r0,r30
 1610  000022dc  8fdefffc	lw	r30,-4(r30)
 1611  000022e0  4be00000	jr	r31
 1612  000022e4  54000000	nop
 1613  000022e8          	.endproc _bcopy
 1614  000022e8          	.align 2
 1615  000022e8          	.proc _bzero
 1616  000022e8          	.global _bzero
 1617  000022e8          	_bzero:
 1618                      ;  Function 'bzero'; 0 bytes of locals, 1 regs to save.
 1619  000022e8  afbefffc	sw	-4(r29),r30; push fp
 1620  000022ec  001df020	add	r30,r0,r29; fp = sp
 1621  000022f0  afbffff8	sw	-8(r29),r31; push ret addr
 1622  000022f4  2fbd0010	subui	r29,r29,#16; alloc local storage
 1623  000022f8  afa20000	sw	0(r29),r2
 1624  000022fc  54000000	nop
 1625  00002300          	L105_LF2:
 1626  00002300  8fc10004	lw	r1,4(r30)
 1627  00002304  2022ffff	addi	r2,r1,#-1
 1628  00002308  afc20004	sw	4(r30),r2
 1629  0000230c  6c210000	sgti	r1,r1,#0
 1630  00002310  1420000c	bnez	r1,L107_LF2
 1631  00002314  54000000	nop; delay slot nop
 1632  00002318  08000020	j	L106_LF2
 1633  0000231c  54000000	nop; delay slot nop
 1634  00002320          	L107_LF2:
 1635  00002320  8fc10000	lw	r1,(r30)
 1636  00002324  20220001	addi	r2,r1,#1
 1637  00002328  afc20000	sw	(r30),r2
 1638  0000232c  20020000	addi	r2,r0,(#0x0)&0xff
 1639  00002330  a0220000	sb	(r1),r2
 1640  00002334  0bffffc8	j	L105_LF2
 1641  00002338  54000000	nop; delay slot nop
 1642  0000233c          	L106_LF2:
 1643  0000233c          	L104_LF2:
 1644  0000233c  8fa20000	lw	r2,0(r29)
 1645  00002340  8fdffff8	lw	r31,-8(r30)
 1646  00002344  001ee820	add	r29,r0,r30
 1647  00002348  8fdefffc	lw	r30,-4(r30)
 1648  0000234c  4be00000	jr	r31
 1649  00002350  54000000	nop
 1650  00002354          	.endproc _bzero
 1651  00002354          	.align 2
 1652  00002354          	.proc _min
 1653  00002354          	.global _min
 1654  00002354          	_min:
 1655                      ;  Function 'min'; 0 bytes of locals, 2 regs to save.
 1656  00002354  afbefffc	sw	-4(r29),r30; push fp
 1657  00002358  001df020	add	r30,r0,r29; fp = sp
 1658  0000235c  afbffff8	sw	-8(r29),r31; push ret addr
 1659  00002360  2fbd0010	subui	r29,r29,#16; alloc local storage
 1660  00002364  afa20000	sw	0(r29),r2
 1661  00002368  afa30004	sw	4(r29),r3
 1662  0000236c  8fc10000	lw	r1,(r30)
 1663  00002370  8fc20004	lw	r2,4(r30)
 1664  00002374  0022182c	sle	r3,r1,r2
 1665  00002378  14600008	bnez	r3,L109_LF2
 1666  0000237c  54000000	nop; delay slot nop
 1667  00002380  8fc10004	lw	r1,4(r30)
 1668  00002384          	L109_LF2:
 1669  00002384  08000004	j	L108_LF2
 1670  00002388  54000000	nop; delay slot nop
 1671  0000238c          	L108_LF2:
 1672  0000238c  8fa20000	lw	r2,0(r29)
 1673  00002390  8fa30004	lw	r3,4(r29)
 1674  00002394  8fdffff8	lw	r31,-8(r30)
 1675  00002398  001ee820	add	r29,r0,r30
 1676  0000239c  8fdefffc	lw	r30,-4(r30)
 1677  000023a0  4be00000	jr	r31
 1678  000023a4  54000000	nop
 1679  000023a8          	.endproc _min
 1680                      ;;; Ethan L. Miller, 1999.  Released to the public domain
 1681                      ;;;
 1682                      ;;; Most of the traps are called in files from libtraps.
 1685  000023a8          	.align 2
 1686  000023a8          	.proc _exit
 1687  000023a8          	.global _exit
 1688  000023a8          	_exit:
 1689  000023a8  44000300	trap	#0x300
 1690  000023ac  4be00000	jr	r31
 1691  000023b0  54000000	nop
 1692  000023b4          	.endproc _exit
 1694                      ; for the benefit of gcc.
 1695  000023b4          	.proc ___main
 1696  000023b4          	.global ___main
 1697  000023b4          	___main:
 1698  000023b4  4be00000	jr	r31
 1699  000023b8  54000000	nop
 1700  000023bc          	.endproc ___main
 1701  000023bc          	.text
 1702  000023bc          	.global _etext
 1703  000023bc          	_etext:
 1704  000023bc          	.align 3
 1705  000023c0          	.data
 1706  000031ac          	.global _edata
 1707  000031ac          	_edata:
