 line   address	contents
    1                      ; Linked by DLX-LD.
    2                      ; MemSize 24576
    3                      ; Data size: 225
    4                      ; Text size: 4732
    5                      ; Stack size: 8192
    6  00000000          	.text 0x1000
    7  00001000          	.data 0x3000
    8                      ; Compiled by GCC
    9  00003000          	.text
   10  00001000          	.align 2
   11  00001000          	.proc _isspace
   12  00001000          	.global _isspace
   13  00001000          	_isspace:
   14                      ;  Function 'isspace'; 0 bytes of locals, 1 regs to save.
   15  00001000  afbefffc	sw	-4(r29),r30; push fp
   16  00001004  001df020	add	r30,r0,r29; fp = sp
   17  00001008  afbffff8	sw	-8(r29),r31; push ret addr
   18  0000100c  2fbd0010	subui	r29,r29,#16; alloc local storage
   19  00001010  afa20000	sw	0(r29),r2
   20  00001014  83c20003	lb	r2,3(r30)
   21  00001018  201f0000	addi	r31,r0,#0
   22  0000101c  304100ff	andi	r1,r2,#0x00ff
   23  00001020  60210020	seqi	r1,r1,#32
   24  00001024  14200018	bnez	r1,L6_LF0
   25  00001028  54000000	nop; not filled.
   26  0000102c  2041fff7	addi	r1,r2,#-9
   27  00001030  302100ff	andi	r1,r1,#0x00ff
   28  00001034  70210001	sleui	r1,r1,#1
   29  00001038  10200008	beqz	r1,L5_LF0
   30  0000103c  54000000	nop; not filled.
   31  00001040          	L6_LF0:
   32  00001040  201f0001	addi	r31,r0,#1
   33  00001044          	L5_LF0:
   34  00001044  001f0820	add	r1,r0,r31
   35  00001048  8fa20000	lw	r2,0(r29)
   36  0000104c  8fdffff8	lw	r31,-8(r30)
   37  00001050  001ee820	add	r29,r0,r30
   38  00001054  8fdefffc	lw	r30,-4(r30)
   39  00001058  4be00000	jr	r31
   40  0000105c  54000000	nop
   41  00001060          	.endproc _isspace
   42  00001060          	.align 2
   43  00001060          	.proc _isxdigit
   44  00001060          	.global _isxdigit
   45  00001060          	_isxdigit:
   46                      ;  Function 'isxdigit'; 0 bytes of locals, 1 regs to save.
   47  00001060  afbefffc	sw	-4(r29),r30; push fp
   48  00001064  001df020	add	r30,r0,r29; fp = sp
   49  00001068  afbffff8	sw	-8(r29),r31; push ret addr
   50  0000106c  2fbd0010	subui	r29,r29,#16; alloc local storage
   51  00001070  afa20000	sw	0(r29),r2
   52  00001074  83df0003	lb	r31,3(r30)
   53  00001078  20020000	addi	r2,r0,#0
   54  0000107c  23e1ffd0	addi	r1,r31,#-48
   55  00001080  302100ff	andi	r1,r1,#0x00ff
   56  00001084  70210009	sleui	r1,r1,#9
   57  00001088  14200028	bnez	r1,L12_LF0
   58  0000108c  54000000	nop; not filled.
   59  00001090  23e1ff9f	addi	r1,r31,#-97
   60  00001094  302100ff	andi	r1,r1,#0x00ff
   61  00001098  70210005	sleui	r1,r1,#5
   62  0000109c  14200014	bnez	r1,L12_LF0
   63  000010a0  54000000	nop; not filled.
   64  000010a4  33e100ff	andi	r1,r31,#0x00ff
   65  000010a8  64210041	snei	r1,r1,#65
   66  000010ac  14200008	bnez	r1,L11_LF0
   67  000010b0  54000000	nop; not filled.
   68  000010b4          	L12_LF0:
   69  000010b4  20020001	addi	r2,r0,#1
   70  000010b8          	L11_LF0:
   71  000010b8  00020820	add	r1,r0,r2
   72  000010bc  8fa20000	lw	r2,0(r29)
   73  000010c0  8fdffff8	lw	r31,-8(r30)
   74  000010c4  001ee820	add	r29,r0,r30
   75  000010c8  8fdefffc	lw	r30,-4(r30)
   76  000010cc  4be00000	jr	r31
   77  000010d0  54000000	nop
   78  000010d4          	.endproc _isxdigit
   79  000010d4          	.data
   80  00003000          	.align 2
   81  00003000          	LC0_LF0:
   82  00003000  48656c6c	.ascii "Hello World\000"
   82  00003004  6f20576f	
   82  00003008  726c6400	
   83  0000300c          	.align 2
   84  0000300c          	LC1_LF0:
   85  0000300c  55736167	.ascii "Usage: \000"
   85  00003010  653a2000	
   86  00003014          	.align 2
   87  00003014          	LC2_LF0:
   88  00003014  203c6861	.ascii " <handle_to_shared_memory_page> <handle_to_page_mapped_semaphore>\n\000"
   88  00003018  6e646c65	
   88  0000301c  5f746f5f	
   88  00003020  73686172	
   88  00003024  65645f6d	
   88  00003028  656d6f72	
   88  0000302c  795f7061	
   88  00003030  67653e20	
   88  00003034  3c68616e	
   88  00003038  646c655f	
   88  0000303c  746f5f70	
   88  00003040  6167655f	
   88  00003044  6d617070	
   88  00003048  65645f73	
   88  0000304c  656d6170	
   88  00003050  686f7265	
   88  00003054  3e0a00  	
   89  00003057          	.align 2
   90  00003058          	LC3_LF0:
   91  00003058  436f756c	.ascii "Could not map the virtual address to the memory in \000"
   91  0000305c  64206e6f	
   91  00003060  74206d61	
   91  00003064  70207468	
   91  00003068  65207669	
   91  0000306c  72747561	
   91  00003070  6c206164	
   91  00003074  64726573	
   91  00003078  7320746f	
   91  0000307c  20746865	
   91  00003080  206d656d	
   91  00003084  6f727920	
   91  00003088  696e2000	
   92  0000308c          	.align 2
   93  0000308c          	LC4_LF0:
   94  0000308c  2c206578	.ascii ", exiting...\n\000"
   94  00003090  6974696e	
   94  00003094  672e2e2e	
   94  00003098  0a00    	
   95  0000309a          	.align 2
   96  0000309c          	LC5_LF0:
   97  0000309c  50726f64	.ascii "Producer %d inserted: %c\n\000"
   97  000030a0  75636572	
   97  000030a4  20256420	
   97  000030a8  696e7365	
   97  000030ac  72746564	
   97  000030b0  3a202563	
   97  000030b4  0a00    	
   98  000030b6          	.align 2
   99  000030b8          	LC6_LF0:
  100  000030b8  42616420	.ascii "Bad semaphore s_procs_completed (%d) in \000"
  100  000030bc  73656d61	
  100  000030c0  70686f72	
  100  000030c4  6520735f	
  100  000030c8  70726f63	
  100  000030cc  735f636f	
  100  000030d0  6d706c65	
  100  000030d4  74656420	
  100  000030d8  28256429	
  100  000030dc  20696e20	
  100  000030e0  00      	
  101  000030e1          	.text
  102  000010d4          	.align 2
  103  000010d4          	.proc _main
  104  000010d4          	.global _main
  105  000010d4          	_main:
  106                      ;  Function 'main'; 16 bytes of locals, 0 regs to save.
  107  000010d4  afbefffc	sw	-4(r29),r30; push fp
  108  000010d8  001df020	add	r30,r0,r29; fp = sp
  109  000010dc  afbffff8	sw	-8(r29),r31; push ret addr
  110  000010e0  2fbd0018	subui	r29,r29,#24; alloc local storage
  111  000010e4  8fc20000	lw	r2,(r30)
  112  000010e8  8fc80004	lw	r8,4(r30)
  113  000010ec  0c001184	jal	___main
  114  000010f0  54000000	nop; not filled.
  115  000010f4  3c010000	lhi	r1,((LC0_LF0)>>16)&0xffff
  116  000010f8  24213000	addui	r1,r1,(LC0_LF0)&0xffff
  117  000010fc  802a0000	lb	r10,(r1)
  118  00001100  a3caffe8	sb	-24(r30),r10
  119  00001104  802a0001	lb	r10,1(r1)
  120  00001108  a3caffe9	sb	-23(r30),r10
  121  0000110c  802a0002	lb	r10,2(r1)
  122  00001110  a3caffea	sb	-22(r30),r10
  123  00001114  802a0003	lb	r10,3(r1)
  124  00001118  a3caffeb	sb	-21(r30),r10
  125  0000111c  802a0004	lb	r10,4(r1)
  126  00001120  a3caffec	sb	-20(r30),r10
  127  00001124  802a0005	lb	r10,5(r1)
  128  00001128  a3caffed	sb	-19(r30),r10
  129  0000112c  802a0006	lb	r10,6(r1)
  130  00001130  a3caffee	sb	-18(r30),r10
  131  00001134  802a0007	lb	r10,7(r1)
  132  00001138  a3caffef	sb	-17(r30),r10
  133  0000113c  802a0008	lb	r10,8(r1)
  134  00001140  a3cafff0	sb	-16(r30),r10
  135  00001144  802a0009	lb	r10,9(r1)
  136  00001148  a3cafff1	sb	-15(r30),r10
  137  0000114c  8021000a	lb	r1,10(r1)
  138  00001150  a3c1fff2	sb	-14(r30),r1
  139  00001154  20060000	addi	r6,r0,#0
  140  00001158  64410003	snei	r1,r2,#3
  141  0000115c  1020004c	beqz	r1,L14_LF0
  142  00001160  54000000	nop; not filled.
  143  00001164  23bdfff8	addi	r29,r29,#-8
  144  00001168  3c0a0000	lhi	r10,((LC1_LF0)>>16)&0xffff
  145  0000116c  254a300c	addui	r10,r10,(LC1_LF0)&0xffff
  146  00001170  afaa0000	sw	(r29),r10
  147  00001174  0c0002f4	jal	_Printf
  148  00001178  54000000	nop; not filled.
  149  0000117c  8d0a0000	lw	r10,(r8)
  150  00001180  afaa0000	sw	(r29),r10
  151  00001184  0c0002e4	jal	_Printf
  152  00001188  54000000	nop; not filled.
  153  0000118c  3c0a0000	lhi	r10,((LC2_LF0)>>16)&0xffff
  154  00001190  254a3014	addui	r10,r10,(LC2_LF0)&0xffff
  155  00001194  afaa0000	sw	(r29),r10
  156  00001198  0c0002d0	jal	_Printf
  157  0000119c  54000000	nop; not filled.
  158  000011a0  0c00037c	jal	_Exit
  159  000011a4  54000000	nop; not filled.
  160  000011a8  23bd0008	addi	r29,r29,#8
  161  000011ac          	L14_LF0:
  162  000011ac  23bdfff0	addi	r29,r29,#-16
  163  000011b0  8d0a0004	lw	r10,4(r8)
  164  000011b4  afaa0000	sw	(r29),r10
  165  000011b8  200a0000	addi	r10,r0,#0
  166  000011bc  afaa0004	sw	4(r29),r10
  167  000011c0  200a000a	addi	r10,r0,#10
  168  000011c4  afaa0008	sw	8(r29),r10
  169  000011c8  0c000c00	jal	_dstrtol
  170  000011cc  54000000	nop; not filled.
  171  000011d0  00011020	add	r2,r0,r1
  172  000011d4  8d0a0008	lw	r10,8(r8)
  173  000011d8  afaa0000	sw	(r29),r10
  174  000011dc  200a0000	addi	r10,r0,#0
  175  000011e0  afaa0004	sw	4(r29),r10
  176  000011e4  200a000a	addi	r10,r0,#10
  177  000011e8  afaa0008	sw	8(r29),r10
  178  000011ec  0c000bdc	jal	_dstrtol
  179  000011f0  54000000	nop; not filled.
  180  000011f4  00014820	add	r9,r0,r1
  181  000011f8  afa20000	sw	(r29),r2
  182  000011fc  0c00029c	jal	_shmat
  183  00001200  54000000	nop; not filled.
  184  00001204  00012020	add	r4,r0,r1
  185  00001208  23bd0010	addi	r29,r29,#16
  186  0000120c  64810000	snei	r1,r4,#0
  187  00001210  1420004c	bnez	r1,L15_LF0
  188  00001214  54000000	nop; not filled.
  189  00001218  23bdfff8	addi	r29,r29,#-8
  190  0000121c  3c0a0000	lhi	r10,((LC3_LF0)>>16)&0xffff
  191  00001220  254a3058	addui	r10,r10,(LC3_LF0)&0xffff
  192  00001224  afaa0000	sw	(r29),r10
  193  00001228  0c000240	jal	_Printf
  194  0000122c  54000000	nop; not filled.
  195  00001230  8d0a0000	lw	r10,(r8)
  196  00001234  afaa0000	sw	(r29),r10
  197  00001238  0c000230	jal	_Printf
  198  0000123c  54000000	nop; not filled.
  199  00001240  3c0a0000	lhi	r10,((LC4_LF0)>>16)&0xffff
  200  00001244  254a308c	addui	r10,r10,(LC4_LF0)&0xffff
  201  00001248  afaa0000	sw	(r29),r10
  202  0000124c  0c00021c	jal	_Printf
  203  00001250  54000000	nop; not filled.
  204  00001254  0c0002c8	jal	_Exit
  205  00001258  54000000	nop; not filled.
  206  0000125c  23bd0008	addi	r29,r29,#8
  207  00001260          	L15_LF0:
  208  00001260  2007000b	addi	r7,r0,#11
  209  00001264  23c5ffe8	addi	r5,r30,#-24
  210  00001268          	L18_LF0:
  211  00001268  23bdfff8	addi	r29,r29,#-8
  212  0000126c  8c8a000c	lw	r10,12(r4)
  213  00001270  afaa0000	sw	(r29),r10
  214  00001274  0c000260	jal	_lock_acquire
  215  00001278  54000000	nop; not filled.
  216  0000127c  8c9f0004	lw	r31,4(r4)
  217  00001280  23e30001	addi	r3,r31,#1
  218  00001284  00600035	movi2fp	f0,r3
  219  00001288  00e00835	movi2fp	f1,r7
  220  0000128c  0401000f	div	f0,f0,f1
  221  00001290  00001034	movfp2i	r2,f0
  222  00001294  50410001	slli	r1,r2,#0x1
  223  00001298  00220820	add	r1,r1,r2
  224  0000129c  50210002	slli	r1,r1,#0x2
  225  000012a0  00220822	sub	r1,r1,r2
  226  000012a4  00611022	sub	r2,r3,r1
  227  000012a8  8c810008	lw	r1,8(r4)
  228  000012ac  23bd0008	addi	r29,r29,#8
  229  000012b0  00410829	sne	r1,r2,r1
  230  000012b4  102000bc	beqz	r1,L19_LF0
  231  000012b8  54000000	nop; not filled.
  232  000012bc  00bf0820	add	r1,r5,r31
  233  000012c0  80220000	lb	r2,(r1)
  234  000012c4  304100ff	andi	r1,r2,#0x00ff
  235  000012c8  64210000	snei	r1,r1,#0
  236  000012cc  10200088	beqz	r1,L20_LF0
  237  000012d0  54000000	nop; not filled.
  238  000012d4  009f0820	add	r1,r4,r31
  239  000012d8  a0220018	sb	24(r1),r2
  240  000012dc  0c000198	jal	_getpid
  241  000012e0  54000000	nop; not filled.
  242  000012e4  23bdfff0	addi	r29,r29,#-16
  243  000012e8  3c0a0000	lhi	r10,((LC5_LF0)>>16)&0xffff
  244  000012ec  254a309c	addui	r10,r10,(LC5_LF0)&0xffff
  245  000012f0  afaa0000	sw	(r29),r10
  246  000012f4  afa10004	sw	4(r29),r1
  247  000012f8  8c810004	lw	r1,4(r4)
  248  000012fc  00a10820	add	r1,r5,r1
  249  00001300  90210000	lbu	r1,(r1)
  250  00001304  afa10008	sw	8(r29),r1
  251  00001308  0c000160	jal	_Printf
  252  0000130c  54000000	nop; not filled.
  253  00001310  8c810004	lw	r1,4(r4)
  254  00001314  00a10820	add	r1,r5,r1
  255  00001318  200a0000	addi	r10,r0,(#0x0)&0xff
  256  0000131c  a02a0000	sb	(r1),r10
  257  00001320  8c810004	lw	r1,4(r4)
  258  00001324  20230001	addi	r3,r1,#1
  259  00001328  00600035	movi2fp	f0,r3
  260  0000132c  00e00835	movi2fp	f1,r7
  261  00001330  0401000f	div	f0,f0,f1
  262  00001334  00001034	movfp2i	r2,f0
  263  00001338  50410001	slli	r1,r2,#0x1
  264  0000133c  00220820	add	r1,r1,r2
  265  00001340  50210002	slli	r1,r1,#0x2
  266  00001344  00220822	sub	r1,r1,r2
  267  00001348  00610822	sub	r1,r3,r1
  268  0000134c  ac810004	sw	4(r4),r1
  269  00001350  20c60001	addi	r6,r6,#1
  270  00001354  23bd0010	addi	r29,r29,#16
  271  00001358          	L20_LF0:
  272  00001358  23bdfff8	addi	r29,r29,#-8
  273  0000135c  8c8a0014	lw	r10,20(r4)
  274  00001360  afaa0000	sw	(r29),r10
  275  00001364  0c0001a0	jal	_cond_signal
  276  00001368  54000000	nop; not filled.
  277  0000136c  08000018	j	L24_LF0
  278  00001370  54000000	nop; not filled.
  279  00001374          	L19_LF0:
  280  00001374  23bdfff8	addi	r29,r29,#-8
  281  00001378  8c8a0010	lw	r10,16(r4)
  282  0000137c  afaa0000	sw	(r29),r10
  283  00001380  0c000178	jal	_cond_wait
  284  00001384  54000000	nop; not filled.
  285  00001388          	L24_LF0:
  286  00001388  23bd0008	addi	r29,r29,#8
  287  0000138c  23bdfff8	addi	r29,r29,#-8
  288  00001390  8c8a000c	lw	r10,12(r4)
  289  00001394  afaa0000	sw	(r29),r10
  290  00001398  0c000148	jal	_lock_release
  291  0000139c  54000000	nop; not filled.
  292  000013a0  23bd0008	addi	r29,r29,#8
  293  000013a4  70c1000a	slei	r1,r6,#10
  294  000013a8  1420febc	bnez	r1,L18_LF0
  295  000013ac  54000000	nop; not filled.
  296  000013b0  23bdfff8	addi	r29,r29,#-8
  297  000013b4  afa90000	sw	(r29),r9
  298  000013b8  0c000104	jal	_sem_signal
  299  000013bc  54000000	nop; not filled.
  300  000013c0  23bd0008	addi	r29,r29,#8
  301  000013c4  64210001	snei	r1,r1,#1
  302  000013c8  10200050	beqz	r1,L23_LF0
  303  000013cc  54000000	nop; not filled.
  304  000013d0  23bdfff8	addi	r29,r29,#-8
  305  000013d4  3c0a0000	lhi	r10,((LC6_LF0)>>16)&0xffff
  306  000013d8  254a30b8	addui	r10,r10,(LC6_LF0)&0xffff
  307  000013dc  afaa0000	sw	(r29),r10
  308  000013e0  afa90004	sw	4(r29),r9
  309  000013e4  0c000084	jal	_Printf
  310  000013e8  54000000	nop; not filled.
  311  000013ec  8d080000	lw	r8,(r8)
  312  000013f0  afa80000	sw	(r29),r8
  313  000013f4  0c000074	jal	_Printf
  314  000013f8  54000000	nop; not filled.
  315  000013fc  3c0a0000	lhi	r10,((LC4_LF0)>>16)&0xffff
  316  00001400  254a308c	addui	r10,r10,(LC4_LF0)&0xffff
  317  00001404  afaa0000	sw	(r29),r10
  318  00001408  0c000060	jal	_Printf
  319  0000140c  54000000	nop; not filled.
  320  00001410  0c00010c	jal	_Exit
  321  00001414  54000000	nop; not filled.
  322  00001418  23bd0008	addi	r29,r29,#8
  323  0000141c          	L23_LF0:
  324  0000141c  0c000e48	jal	_exit
  325  00001420  54000000	nop
  326  00001424          	.endproc _main
  327                      ;;;
  328                      ;;; Stub functions for DLX traps.
  329                      ;;;
  330                      ;;; Ethan L. Miller, 1999.  Released to the public domain.
  331                      ;;;
  332                      ;;; The traps such as Open and Close
  333                      ;;; (note the capital letters) are for use by user programs.  The traps
  334                      ;;; with names such as open and close (lower case) are for use by the OS.
  335                      ;;;
  338  00001424          	.align 2
  340                      ;;; The following are the traps to be used by user-level programs
  341                      ;;;
  343  00001424          	.align 2
  344  00001424          	.proc _Open
  345  00001424          	.global _Open
  346  00001424          	_Open:
  347                      ;;; Note that trap #0x213 actually causes a trap vector in the OS of
  348                      ;;; 0x1213.  The same is true for other user traps.  Thus, a user trap
  349                      ;;; with trap #0x240 will result in a trap vector of 0x1240 in the OS.
  350  00001424  44000213	trap	#0x213
  351  00001428  4be00000	jr	r31
  352  0000142c  54000000	nop
  353  00001430          	.endproc _Open
  355  00001430          	.proc _Close
  356  00001430          	.global _Close
  357  00001430          	_Close:
  358  00001430  44000214	trap	#0x214
  359  00001434  4be00000	jr	r31
  360  00001438  54000000	nop
  361  0000143c          	.endproc _Close
  363  0000143c          	.proc _Read
  364  0000143c          	.global _Read
  365  0000143c          	_Read:
  366  0000143c  44000210	trap	#0x210
  367  00001440  4be00000	jr	r31
  368  00001444  54000000	nop
  369  00001448          	.endproc _Read
  371  00001448          	.proc _Write
  372  00001448          	.global _Write
  373  00001448          	_Write:
  374  00001448  44000211	trap	#0x211
  375  0000144c  4be00000	jr	r31
  376  00001450  54000000	nop
  377  00001454          	.endproc _Write
  379  00001454          	.proc _Lseek
  380  00001454          	.global _Lseek
  381  00001454          	_Lseek:
  382  00001454  44000212	trap	#0x212
  383  00001458  4be00000	jr	r31
  384  0000145c  54000000	nop
  385  00001460          	.endproc _Lseek
  387  00001460          	.proc _Putchar
  388  00001460          	.global _Putchar
  389  00001460          	_Putchar:
  390  00001460  44000280	trap	#0x280
  391  00001464  4be00000	jr	r31
  392  00001468  54000000	nop
  393  0000146c          	.endproc _Putchar
  395  0000146c          	.proc _Printf
  396  0000146c          	.global _Printf
  397  0000146c          	_Printf:
  398  0000146c  44000201	trap	#0x201
  399  00001470  4be00000	jr	r31
  400  00001474  54000000	nop
  401  00001478          	.endproc _Printf
  403  00001478          	.proc _getpid
  404  00001478          	.global _getpid
  405  00001478          	_getpid:
  406  00001478  44000431	trap	#0x431
  407  0000147c  4be00000	jr	r31
  408  00001480  54000000	nop
  409  00001484          	.endproc _getpid
  411  00001484          	.proc _process_create
  412  00001484          	.global _process_create
  413  00001484          	_process_create:
  414  00001484  44000432	trap	#0x432
  415  00001488  4be00000	jr	r31
  416  0000148c  54000000	nop
  417  00001490          	.endproc _process_create
  419  00001490          	.proc _shmget
  420  00001490          	.global _shmget
  421  00001490          	_shmget:
  422  00001490  44000440	trap	#0x440
  423  00001494  4be00000	jr	r31
  424  00001498  54000000	nop
  425  0000149c          	.endproc _shmget
  427  0000149c          	.proc _shmat
  428  0000149c          	.global _shmat
  429  0000149c          	_shmat:
  430  0000149c  44000441	trap	#0x441
  431  000014a0  4be00000	jr	r31
  432  000014a4  54000000	nop
  433  000014a8          	.endproc _shmat
  435  000014a8          	.proc _sem_create
  436  000014a8          	.global _sem_create
  437  000014a8          	_sem_create:
  438  000014a8  44000450	trap	#0x450
  439  000014ac  4be00000	jr	r31
  440  000014b0  54000000	nop
  441  000014b4          	.endproc _sem_create
  443  000014b4          	.proc _sem_wait
  444  000014b4          	.global _sem_wait
  445  000014b4          	_sem_wait:
  446  000014b4  44000451	trap	#0x451
  447  000014b8  4be00000	jr	r31
  448  000014bc  54000000	nop
  449  000014c0          	.endproc _sem_wait
  451  000014c0          	.proc _sem_signal
  452  000014c0          	.global _sem_signal
  453  000014c0          	_sem_signal:
  454  000014c0  44000452	trap	#0x452
  455  000014c4  4be00000	jr	r31
  456  000014c8  54000000	nop
  457  000014cc          	.endproc _sem_signal
  459  000014cc          	.proc _lock_create
  460  000014cc          	.global _lock_create
  461  000014cc          	_lock_create:
  462  000014cc  44000453	trap	#0x453
  463  000014d0  4be00000	jr	r31
  464  000014d4  54000000	nop
  465  000014d8          	.endproc _lock_create
  467  000014d8          	.proc _lock_acquire
  468  000014d8          	.global _lock_acquire
  469  000014d8          	_lock_acquire:
  470  000014d8  44000454	trap	#0x454
  471  000014dc  4be00000	jr	r31
  472  000014e0  54000000	nop
  473  000014e4          	.endproc _lock_acquire
  475  000014e4          	.proc _lock_release
  476  000014e4          	.global _lock_release
  477  000014e4          	_lock_release:
  478  000014e4  44000455	trap	#0x455
  479  000014e8  4be00000	jr	r31
  480  000014ec  54000000	nop
  481  000014f0          	.endproc _lock_release
  483  000014f0          	.proc _cond_create
  484  000014f0          	.global _cond_create
  485  000014f0          	_cond_create:
  486  000014f0  44000456	trap	#0x456
  487  000014f4  4be00000	jr	r31
  488  000014f8  54000000	nop
  489  000014fc          	.endproc _cond_create
  491  000014fc          	.proc _cond_wait
  492  000014fc          	.global _cond_wait
  493  000014fc          	_cond_wait:
  494  000014fc  44000457	trap	#0x457
  495  00001500  4be00000	jr	r31
  496  00001504  54000000	nop
  497  00001508          	.endproc _cond_wait
  499  00001508          	.proc _cond_signal
  500  00001508          	.global _cond_signal
  501  00001508          	_cond_signal:
  502  00001508  44000458	trap	#0x458
  503  0000150c  4be00000	jr	r31
  504  00001510  54000000	nop
  505  00001514          	.endproc _cond_signal
  507  00001514          	.proc _cond_broadcast
  508  00001514          	.global _cond_broadcast
  509  00001514          	_cond_broadcast:
  510  00001514  44000455	trap	#0x455
  511  00001518  4be00000	jr	r31
  512  0000151c  54000000	nop
  513  00001520          	.endproc _cond_broadcast
  515  00001520          	.proc _Exit
  516  00001520          	.global _Exit
  517  00001520          	_Exit:
  518  00001520  44000500	trap	#0x500
  519  00001524  4be00000	jr	r31
  520  00001528  54000000	nop
  521  0000152c          	.endproc _Exit
  522                      ; Compiled by GCC
  524  0000152c          	.align 2
  525  0000152c          	.proc _isspace
  526  0000152c          	.global _isspace
  527  0000152c          	_isspace:
  528                      ;  Function 'isspace'; 0 bytes of locals, 3 regs to save.
  529  0000152c  afbefffc	sw	-4(r29),r30; push fp
  530  00001530  001df020	add	r30,r0,r29; fp = sp
  531  00001534  afbffff8	sw	-8(r29),r31; push ret addr
  532  00001538  2fbd0018	subui	r29,r29,#24; alloc local storage
  533  0000153c  afa20000	sw	0(r29),r2
  534  00001540  afa30004	sw	4(r29),r3
  535  00001544  afa40008	sw	8(r29),r4
  536  00001548  83c20003	lb	r2,3(r30)
  537  0000154c  20010000	addi	r1,r0,#0
  538  00001550  304300ff	andi	r3,r2,#0x00ff
  539  00001554  60640020	seqi	r4,r3,#32
  540  00001558  1480002c	bnez	r4,L3_LF2
  541  0000155c  54000000	nop; delay slot nop
  542  00001560  304300ff	andi	r3,r2,#0x00ff
  543  00001564  60640009	seqi	r4,r3,#9
  544  00001568  1480001c	bnez	r4,L3_LF2
  545  0000156c  54000000	nop; delay slot nop
  546  00001570  304300ff	andi	r3,r2,#0x00ff
  547  00001574  6064000a	seqi	r4,r3,#10
  548  00001578  1480000c	bnez	r4,L3_LF2
  549  0000157c  54000000	nop; delay slot nop
  550  00001580  08000008	j	L2_LF2
  551  00001584  54000000	nop; delay slot nop
  552  00001588          	L3_LF2:
  553  00001588  20010001	addi	r1,r0,#1
  554  0000158c          	L2_LF2:
  555  0000158c  08000004	j	L1_LF2
  556  00001590  54000000	nop; delay slot nop
  557  00001594          	L1_LF2:
  558  00001594  8fa20000	lw	r2,0(r29)
  559  00001598  8fa30004	lw	r3,4(r29)
  560  0000159c  8fa40008	lw	r4,8(r29)
  561  000015a0  8fdffff8	lw	r31,-8(r30)
  562  000015a4  001ee820	add	r29,r0,r30
  563  000015a8  8fdefffc	lw	r30,-4(r30)
  564  000015ac  4be00000	jr	r31
  565  000015b0  54000000	nop
  566  000015b4          	.endproc _isspace
  567  000015b4          	.align 2
  568  000015b4          	.proc _isxdigit
  569  000015b4          	.global _isxdigit
  570  000015b4          	_isxdigit:
  571                      ;  Function 'isxdigit'; 0 bytes of locals, 3 regs to save.
  572  000015b4  afbefffc	sw	-4(r29),r30; push fp
  573  000015b8  001df020	add	r30,r0,r29; fp = sp
  574  000015bc  afbffff8	sw	-8(r29),r31; push ret addr
  575  000015c0  2fbd0018	subui	r29,r29,#24; alloc local storage
  576  000015c4  afa20000	sw	0(r29),r2
  577  000015c8  afa30004	sw	4(r29),r3
  578  000015cc  afa40008	sw	8(r29),r4
  579  000015d0  83c20003	lb	r2,3(r30)
  580  000015d4  20010000	addi	r1,r0,#0
  581  000015d8  304300ff	andi	r3,r2,#0x00ff
  582  000015dc  6c64002f	sgtui	r4,r3,#47
  583  000015e0  1080001c	beqz	r4,L7_LF2
  584  000015e4  54000000	nop; delay slot nop
  585  000015e8  304300ff	andi	r3,r2,#0x00ff
  586  000015ec  70640039	sleui	r4,r3,#57
  587  000015f0  1480005c	bnez	r4,L6_LF2
  588  000015f4  54000000	nop; delay slot nop
  589  000015f8  08000004	j	L7_LF2
  590  000015fc  54000000	nop; delay slot nop
  591  00001600          	L7_LF2:
  592  00001600  304300ff	andi	r3,r2,#0x00ff
  593  00001604  6c640060	sgtui	r4,r3,#96
  594  00001608  1080001c	beqz	r4,L8_LF2
  595  0000160c  54000000	nop; delay slot nop
  596  00001610  304300ff	andi	r3,r2,#0x00ff
  597  00001614  70640066	sleui	r4,r3,#102
  598  00001618  14800034	bnez	r4,L6_LF2
  599  0000161c  54000000	nop; delay slot nop
  600  00001620  08000004	j	L8_LF2
  601  00001624  54000000	nop; delay slot nop
  602  00001628          	L8_LF2:
  603  00001628  304300ff	andi	r3,r2,#0x00ff
  604  0000162c  6c640040	sgtui	r4,r3,#64
  605  00001630  10800020	beqz	r4,L5_LF2
  606  00001634  54000000	nop; delay slot nop
  607  00001638  304300ff	andi	r3,r2,#0x00ff
  608  0000163c  70640041	sleui	r4,r3,#65
  609  00001640  1480000c	bnez	r4,L6_LF2
  610  00001644  54000000	nop; delay slot nop
  611  00001648  08000008	j	L5_LF2
  612  0000164c  54000000	nop; delay slot nop
  613  00001650          	L6_LF2:
  614  00001650  20010001	addi	r1,r0,#1
  615  00001654          	L5_LF2:
  616  00001654  08000004	j	L4_LF2
  617  00001658  54000000	nop; delay slot nop
  618  0000165c          	L4_LF2:
  619  0000165c  8fa20000	lw	r2,0(r29)
  620  00001660  8fa30004	lw	r3,4(r29)
  621  00001664  8fa40008	lw	r4,8(r29)
  622  00001668  8fdffff8	lw	r31,-8(r30)
  623  0000166c  001ee820	add	r29,r0,r30
  624  00001670  8fdefffc	lw	r30,-4(r30)
  625  00001674  4be00000	jr	r31
  626  00001678  54000000	nop
  627  0000167c          	.endproc _isxdigit
  628  0000167c          	.align 2
  629  0000167c          	.proc _dstrcpy
  630  0000167c          	.global _dstrcpy
  631  0000167c          	_dstrcpy:
  632                      ;  Function 'dstrcpy'; 8 bytes of locals, 2 regs to save.
  633  0000167c  afbefffc	sw	-4(r29),r30; push fp
  634  00001680  001df020	add	r30,r0,r29; fp = sp
  635  00001684  afbffff8	sw	-8(r29),r31; push ret addr
  636  00001688  2fbd0018	subui	r29,r29,#24; alloc local storage
  637  0000168c  afa20000	sw	0(r29),r2
  638  00001690  afa30004	sw	4(r29),r3
  639  00001694  8fc10000	lw	r1,(r30)
  640  00001698  afc1fff4	sw	-12(r30),r1
  641  0000169c          	L10_LF2:
  642  0000169c  8fc10000	lw	r1,(r30)
  643  000016a0  20220001	addi	r2,r1,#1
  644  000016a4  afc20000	sw	(r30),r2
  645  000016a8  8fc20004	lw	r2,4(r30)
  646  000016ac  20430001	addi	r3,r2,#1
  647  000016b0  afc30004	sw	4(r30),r3
  648  000016b4  80420000	lb	r2,(r2)
  649  000016b8  a0220000	sb	(r1),r2
  650  000016bc  a3c2fff3	sb	-13(r30),r2
  651  000016c0          	L12_LF2:
  652  000016c0  93c1fff3	lbu	r1,-13(r30)
  653  000016c4  64220000	snei	r2,r1,#0
  654  000016c8  1440000c	bnez	r2,L13_LF2
  655  000016cc  54000000	nop; delay slot nop
  656  000016d0  0800000c	j	L11_LF2
  657  000016d4  54000000	nop; delay slot nop
  658  000016d8          	L13_LF2:
  659  000016d8  0bffffc0	j	L10_LF2
  660  000016dc  54000000	nop; delay slot nop
  661  000016e0          	L11_LF2:
  662  000016e0  8fc1fff4	lw	r1,-12(r30)
  663  000016e4  08000004	j	L9_LF2
  664  000016e8  54000000	nop; delay slot nop
  665  000016ec          	L9_LF2:
  666  000016ec  8fa20000	lw	r2,0(r29)
  667  000016f0  8fa30004	lw	r3,4(r29)
  668  000016f4  8fdffff8	lw	r31,-8(r30)
  669  000016f8  001ee820	add	r29,r0,r30
  670  000016fc  8fdefffc	lw	r30,-4(r30)
  671  00001700  4be00000	jr	r31
  672  00001704  54000000	nop
  673  00001708          	.endproc _dstrcpy
  674  00001708          	.align 2
  675  00001708          	.proc _dstrncpy
  676  00001708          	.global _dstrncpy
  677  00001708          	_dstrncpy:
  678                      ;  Function 'dstrncpy'; 8 bytes of locals, 2 regs to save.
  679  00001708  afbefffc	sw	-4(r29),r30; push fp
  680  0000170c  001df020	add	r30,r0,r29; fp = sp
  681  00001710  afbffff8	sw	-8(r29),r31; push ret addr
  682  00001714  2fbd0018	subui	r29,r29,#24; alloc local storage
  683  00001718  afa20000	sw	0(r29),r2
  684  0000171c  afa30004	sw	4(r29),r3
  685  00001720  8fc10000	lw	r1,(r30)
  686  00001724  afc1fff4	sw	-12(r30),r1
  687  00001728          	L15_LF2:
  688  00001728  8fc10008	lw	r1,8(r30)
  689  0000172c  2022ffff	addi	r2,r1,#-1
  690  00001730  afc20008	sw	8(r30),r2
  691  00001734  70210000	slei	r1,r1,#0
  692  00001738  1020000c	beqz	r1,L18_LF2
  693  0000173c  54000000	nop; delay slot nop
  694  00001740  08000048	j	L16_LF2
  695  00001744  54000000	nop; delay slot nop
  696  00001748          	L18_LF2:
  697  00001748  8fc10000	lw	r1,(r30)
  698  0000174c  20220001	addi	r2,r1,#1
  699  00001750  afc20000	sw	(r30),r2
  700  00001754  8fc20004	lw	r2,4(r30)
  701  00001758  20430001	addi	r3,r2,#1
  702  0000175c  afc30004	sw	4(r30),r3
  703  00001760  80420000	lb	r2,(r2)
  704  00001764  a0220000	sb	(r1),r2
  705  00001768  a3c2fff3	sb	-13(r30),r2
  706  0000176c          	L17_LF2:
  707  0000176c  93c1fff3	lbu	r1,-13(r30)
  708  00001770  64220000	snei	r2,r1,#0
  709  00001774  1440000c	bnez	r2,L19_LF2
  710  00001778  54000000	nop; delay slot nop
  711  0000177c  0800000c	j	L16_LF2
  712  00001780  54000000	nop; delay slot nop
  713  00001784          	L19_LF2:
  714  00001784  0bffffa0	j	L15_LF2
  715  00001788  54000000	nop; delay slot nop
  716  0000178c          	L16_LF2:
  717  0000178c  8fc1fff4	lw	r1,-12(r30)
  718  00001790  08000004	j	L14_LF2
  719  00001794  54000000	nop; delay slot nop
  720  00001798          	L14_LF2:
  721  00001798  8fa20000	lw	r2,0(r29)
  722  0000179c  8fa30004	lw	r3,4(r29)
  723  000017a0  8fdffff8	lw	r31,-8(r30)
  724  000017a4  001ee820	add	r29,r0,r30
  725  000017a8  8fdefffc	lw	r30,-4(r30)
  726  000017ac  4be00000	jr	r31
  727  000017b0  54000000	nop
  728  000017b4          	.endproc _dstrncpy
  729  000017b4          	.align 2
  730  000017b4          	.proc _dstrcat
  731  000017b4          	.global _dstrcat
  732  000017b4          	_dstrcat:
  733                      ;  Function 'dstrcat'; 8 bytes of locals, 1 regs to save.
  734  000017b4  afbefffc	sw	-4(r29),r30; push fp
  735  000017b8  001df020	add	r30,r0,r29; fp = sp
  736  000017bc  afbffff8	sw	-8(r29),r31; push ret addr
  737  000017c0  2fbd0018	subui	r29,r29,#24; alloc local storage
  738  000017c4  afa20000	sw	0(r29),r2
  739  000017c8  8fc10000	lw	r1,(r30)
  740  000017cc  afc1fff4	sw	-12(r30),r1
  741  000017d0          	L21_LF2:
  742  000017d0  8fc10000	lw	r1,(r30)
  743  000017d4  90220000	lbu	r2,(r1)
  744  000017d8  64410000	snei	r1,r2,#0
  745  000017dc  1420000c	bnez	r1,L23_LF2
  746  000017e0  54000000	nop; delay slot nop
  747  000017e4  0800001c	j	L22_LF2
  748  000017e8  54000000	nop; delay slot nop
  749  000017ec          	L23_LF2:
  750  000017ec  8fc20000	lw	r2,(r30)
  751  000017f0  20410001	addi	r1,r2,#1
  752  000017f4  00011020	add	r2,r0,r1
  753  000017f8  afc20000	sw	(r30),r2
  754  000017fc  0bffffd0	j	L21_LF2
  755  00001800  54000000	nop; delay slot nop
  756  00001804          	L22_LF2:
  757  00001804  23bdfff8	addi	r29,r29,#-8
  758  00001808  001d0820	add	r1,r0,r29
  759  0000180c  8fc20000	lw	r2,(r30)
  760  00001810  ac220000	sw	(r1),r2
  761  00001814  8fc20004	lw	r2,4(r30)
  762  00001818  ac220004	sw	4(r1),r2
  763  0000181c  0ffffe5c	jal	_dstrcpy
  764  00001820  54000000	nop; delay slot nop
  765  00001824  23bd0008	addi	r29,r29,#8
  766  00001828  8fc1fff4	lw	r1,-12(r30)
  767  0000182c  08000004	j	L20_LF2
  768  00001830  54000000	nop; delay slot nop
  769  00001834          	L20_LF2:
  770  00001834  8fa20000	lw	r2,0(r29)
  771  00001838  8fdffff8	lw	r31,-8(r30)
  772  0000183c  001ee820	add	r29,r0,r30
  773  00001840  8fdefffc	lw	r30,-4(r30)
  774  00001844  4be00000	jr	r31
  775  00001848  54000000	nop
  776  0000184c          	.endproc _dstrcat
  777  0000184c          	.align 2
  778  0000184c          	.proc _dstrncmp
  779  0000184c          	.global _dstrncmp
  780  0000184c          	_dstrncmp:
  781                      ;  Function 'dstrncmp'; 8 bytes of locals, 2 regs to save.
  782  0000184c  afbefffc	sw	-4(r29),r30; push fp
  783  00001850  001df020	add	r30,r0,r29; fp = sp
  784  00001854  afbffff8	sw	-8(r29),r31; push ret addr
  785  00001858  2fbd0018	subui	r29,r29,#24; alloc local storage
  786  0000185c  afa20000	sw	0(r29),r2
  787  00001860  afa30004	sw	4(r29),r3
  788  00001864  54000000	nop
  789  00001868  20010000	addi	r1,r0,#0
  790  0000186c  afc1fff4	sw	-12(r30),r1
  791  00001870          	L25_LF2:
  792  00001870  8fc1fff4	lw	r1,-12(r30)
  793  00001874  8fc20008	lw	r2,8(r30)
  794  00001878  0022082a	slt	r1,r1,r2
  795  0000187c  1420000c	bnez	r1,L28_LF2
  796  00001880  54000000	nop; delay slot nop
  797  00001884  08000088	j	L26_LF2
  798  00001888  54000000	nop; delay slot nop
  799  0000188c          	L28_LF2:
  800  0000188c  8fc10004	lw	r1,4(r30)
  801  00001890  90220000	lbu	r2,(r1)
  802  00001894  64410000	snei	r1,r2,#0
  803  00001898  14200018	bnez	r1,L29_LF2
  804  0000189c  54000000	nop; delay slot nop
  805  000018a0  20010000	addi	r1,r0,#0
  806  000018a4  080000d8	j	L24_LF2
  807  000018a8  54000000	nop; delay slot nop
  808  000018ac  08000028	j	L30_LF2
  809  000018b0  54000000	nop; delay slot nop
  810  000018b4          	L29_LF2:
  811  000018b4  8fc10000	lw	r1,(r30)
  812  000018b8  8fc20004	lw	r2,4(r30)
  813  000018bc  90210000	lbu	r1,(r1)
  814  000018c0  90420000	lbu	r2,(r2)
  815  000018c4  00220829	sne	r1,r1,r2
  816  000018c8  1020000c	beqz	r1,L30_LF2
  817  000018cc  54000000	nop; delay slot nop
  818  000018d0  0800003c	j	L26_LF2
  819  000018d4  54000000	nop; delay slot nop
  820  000018d8          	L31_LF2:
  821  000018d8          	L30_LF2:
  822  000018d8  8fc20000	lw	r2,(r30)
  823  000018dc  20410001	addi	r1,r2,#1
  824  000018e0  00011020	add	r2,r0,r1
  825  000018e4  afc20000	sw	(r30),r2
  826  000018e8  8fc20004	lw	r2,4(r30)
  827  000018ec  20410001	addi	r1,r2,#1
  828  000018f0  00011020	add	r2,r0,r1
  829  000018f4  afc20004	sw	4(r30),r2
  830  000018f8          	L27_LF2:
  831  000018f8  8fc2fff4	lw	r2,-12(r30)
  832  000018fc  20410001	addi	r1,r2,#1
  833  00001900  00011020	add	r2,r0,r1
  834  00001904  afc2fff4	sw	-12(r30),r2
  835  00001908  0bffff64	j	L25_LF2
  836  0000190c  54000000	nop; delay slot nop
  837  00001910          	L26_LF2:
  838  00001910  8fc1fff4	lw	r1,-12(r30)
  839  00001914  8fc20008	lw	r2,8(r30)
  840  00001918  00220828	seq	r1,r1,r2
  841  0000191c  10200018	beqz	r1,L32_LF2
  842  00001920  54000000	nop; delay slot nop
  843  00001924  20010000	addi	r1,r0,#0
  844  00001928  08000054	j	L24_LF2
  845  0000192c  54000000	nop; delay slot nop
  846  00001930  0800004c	j	L33_LF2
  847  00001934  54000000	nop; delay slot nop
  848  00001938          	L32_LF2:
  849  00001938  8fc20000	lw	r2,(r30)
  850  0000193c  90410000	lbu	r1,(r2)
  851  00001940  8fc20004	lw	r2,4(r30)
  852  00001944  90430000	lbu	r3,(r2)
  853  00001948  00230822	sub	r1,r1,r3
  854  0000194c  74220000	sgei	r2,r1,#0
  855  00001950  10400020	beqz	r2,L34_LF2
  856  00001954  54000000	nop; delay slot nop
  857  00001958  8fc10000	lw	r1,(r30)
  858  0000195c  8fc20004	lw	r2,4(r30)
  859  00001960  90210000	lbu	r1,(r1)
  860  00001964  90420000	lbu	r2,(r2)
  861  00001968  00220829	sne	r1,r1,r2
  862  0000196c  08000008	j	L35_LF2
  863  00001970  54000000	nop; delay slot nop
  864  00001974          	L34_LF2:
  865  00001974  2001ffff	addi	r1,r0,#-1
  866  00001978          	L35_LF2:
  867  00001978  08000004	j	L24_LF2
  868  0000197c  54000000	nop; delay slot nop
  869  00001980          	L33_LF2:
  870  00001980          	L24_LF2:
  871  00001980  8fa20000	lw	r2,0(r29)
  872  00001984  8fa30004	lw	r3,4(r29)
  873  00001988  8fdffff8	lw	r31,-8(r30)
  874  0000198c  001ee820	add	r29,r0,r30
  875  00001990  8fdefffc	lw	r30,-4(r30)
  876  00001994  4be00000	jr	r31
  877  00001998  54000000	nop
  878  0000199c          	.endproc _dstrncmp
  879  0000199c          	.align 2
  880  0000199c          	.proc _dstrlen
  881  0000199c          	.global _dstrlen
  882  0000199c          	_dstrlen:
  883                      ;  Function 'dstrlen'; 8 bytes of locals, 1 regs to save.
  884  0000199c  afbefffc	sw	-4(r29),r30; push fp
  885  000019a0  001df020	add	r30,r0,r29; fp = sp
  886  000019a4  afbffff8	sw	-8(r29),r31; push ret addr
  887  000019a8  2fbd0018	subui	r29,r29,#24; alloc local storage
  888  000019ac  afa20000	sw	0(r29),r2
  889  000019b0  20010000	addi	r1,r0,#0
  890  000019b4  afc1fff4	sw	-12(r30),r1
  891  000019b8          	L37_LF2:
  892  000019b8  8fc10000	lw	r1,(r30)
  893  000019bc  20220001	addi	r2,r1,#1
  894  000019c0  afc20000	sw	(r30),r2
  895  000019c4  90210000	lbu	r1,(r1)
  896  000019c8  64220000	snei	r2,r1,#0
  897  000019cc  1440000c	bnez	r2,L39_LF2
  898  000019d0  54000000	nop; delay slot nop
  899  000019d4  0800001c	j	L38_LF2
  900  000019d8  54000000	nop; delay slot nop
  901  000019dc          	L39_LF2:
  902  000019dc  8fc2fff4	lw	r2,-12(r30)
  903  000019e0  20410001	addi	r1,r2,#1
  904  000019e4  00011020	add	r2,r0,r1
  905  000019e8  afc2fff4	sw	-12(r30),r2
  906  000019ec  0bffffc8	j	L37_LF2
  907  000019f0  54000000	nop; delay slot nop
  908  000019f4          	L38_LF2:
  909  000019f4  8fc1fff4	lw	r1,-12(r30)
  910  000019f8  08000004	j	L36_LF2
  911  000019fc  54000000	nop; delay slot nop
  912  00001a00          	L36_LF2:
  913  00001a00  8fa20000	lw	r2,0(r29)
  914  00001a04  8fdffff8	lw	r31,-8(r30)
  915  00001a08  001ee820	add	r29,r0,r30
  916  00001a0c  8fdefffc	lw	r30,-4(r30)
  917  00001a10  4be00000	jr	r31
  918  00001a14  54000000	nop
  919  00001a18          	.endproc _dstrlen
  920  00001a18          	.align 2
  921  00001a18          	.proc _dstrstr
  922  00001a18          	.global _dstrstr
  923  00001a18          	_dstrstr:
  924                      ;  Function 'dstrstr'; 8 bytes of locals, 1 regs to save.
  925  00001a18  afbefffc	sw	-4(r29),r30; push fp
  926  00001a1c  001df020	add	r30,r0,r29; fp = sp
  927  00001a20  afbffff8	sw	-8(r29),r31; push ret addr
  928  00001a24  2fbd0018	subui	r29,r29,#24; alloc local storage
  929  00001a28  afa20000	sw	0(r29),r2
  930  00001a2c  23bdfff8	addi	r29,r29,#-8
  931  00001a30  001d0820	add	r1,r0,r29
  932  00001a34  8fc20004	lw	r2,4(r30)
  933  00001a38  ac220000	sw	(r1),r2
  934  00001a3c  0fffff5c	jal	_dstrlen
  935  00001a40  54000000	nop; delay slot nop
  936  00001a44  23bd0008	addi	r29,r29,#8
  937  00001a48  afc1fff4	sw	-12(r30),r1
  938  00001a4c          	L41_LF2:
  939  00001a4c  8fc10000	lw	r1,(r30)
  940  00001a50  90220000	lbu	r2,(r1)
  941  00001a54  64410000	snei	r1,r2,#0
  942  00001a58  1420000c	bnez	r1,L43_LF2
  943  00001a5c  54000000	nop; delay slot nop
  944  00001a60  08000060	j	L42_LF2
  945  00001a64  54000000	nop; delay slot nop
  946  00001a68          	L43_LF2:
  947  00001a68  23bdfff0	addi	r29,r29,#-16
  948  00001a6c  001d0820	add	r1,r0,r29
  949  00001a70  8fc20000	lw	r2,(r30)
  950  00001a74  ac220000	sw	(r1),r2
  951  00001a78  8fc20004	lw	r2,4(r30)
  952  00001a7c  ac220004	sw	4(r1),r2
  953  00001a80  8fc2fff4	lw	r2,-12(r30)
  954  00001a84  ac220008	sw	8(r1),r2
  955  00001a88  0ffffdc0	jal	_dstrncmp
  956  00001a8c  54000000	nop; delay slot nop
  957  00001a90  23bd0010	addi	r29,r29,#16
  958  00001a94  64220000	snei	r2,r1,#0
  959  00001a98  14400010	bnez	r2,L44_LF2
  960  00001a9c  54000000	nop; delay slot nop
  961  00001aa0  8fc10000	lw	r1,(r30)
  962  00001aa4  08000028	j	L40_LF2
  963  00001aa8  54000000	nop; delay slot nop
  964  00001aac          	L44_LF2:
  965  00001aac  8fc20000	lw	r2,(r30)
  966  00001ab0  20410001	addi	r1,r2,#1
  967  00001ab4  00011020	add	r2,r0,r1
  968  00001ab8  afc20000	sw	(r30),r2
  969  00001abc  0bffff8c	j	L41_LF2
  970  00001ac0  54000000	nop; delay slot nop
  971  00001ac4          	L42_LF2:
  972  00001ac4  20010000	addi	r1,r0,#0
  973  00001ac8  08000004	j	L40_LF2
  974  00001acc  54000000	nop; delay slot nop
  975  00001ad0          	L40_LF2:
  976  00001ad0  8fa20000	lw	r2,0(r29)
  977  00001ad4  8fdffff8	lw	r31,-8(r30)
  978  00001ad8  001ee820	add	r29,r0,r30
  979  00001adc  8fdefffc	lw	r30,-4(r30)
  980  00001ae0  4be00000	jr	r31
  981  00001ae4  54000000	nop
  982  00001ae8          	.endproc _dstrstr
  983  00001ae8          	.align 2
  984  00001ae8          	.proc _dmindex
  985  00001ae8          	.global _dmindex
  986  00001ae8          	_dmindex:
  987                      ;  Function 'dmindex'; 8 bytes of locals, 1 regs to save.
  988  00001ae8  afbefffc	sw	-4(r29),r30; push fp
  989  00001aec  001df020	add	r30,r0,r29; fp = sp
  990  00001af0  afbffff8	sw	-8(r29),r31; push ret addr
  991  00001af4  2fbd0018	subui	r29,r29,#24; alloc local storage
  992  00001af8  afa20000	sw	0(r29),r2
  993  00001afc  54000000	nop
  994  00001b00          	L46_LF2:
  995  00001b00  8fc10000	lw	r1,(r30)
  996  00001b04  90220000	lbu	r2,(r1)
  997  00001b08  64410000	snei	r1,r2,#0
  998  00001b0c  1420000c	bnez	r1,L48_LF2
  999  00001b10  54000000	nop; delay slot nop
 1000  00001b14  08000070	j	L47_LF2
 1001  00001b18  54000000	nop; delay slot nop
 1002  00001b1c          	L48_LF2:
 1003  00001b1c  8fc10004	lw	r1,4(r30)
 1004  00001b20  afc1fff4	sw	-12(r30),r1
 1005  00001b24          	L49_LF2:
 1006  00001b24  8fc1fff4	lw	r1,-12(r30)
 1007  00001b28  90220000	lbu	r2,(r1)
 1008  00001b2c  64410000	snei	r1,r2,#0
 1009  00001b30  1420000c	bnez	r1,L52_LF2
 1010  00001b34  54000000	nop; delay slot nop
 1011  00001b38  08000044	j	L50_LF2
 1012  00001b3c  54000000	nop; delay slot nop
 1013  00001b40          	L52_LF2:
 1014  00001b40  8fc10000	lw	r1,(r30)
 1015  00001b44  8fc2fff4	lw	r2,-12(r30)
 1016  00001b48  90210000	lbu	r1,(r1)
 1017  00001b4c  90420000	lbu	r2,(r2)
 1018  00001b50  00220828	seq	r1,r1,r2
 1019  00001b54  10200010	beqz	r1,L51_LF2
 1020  00001b58  54000000	nop; delay slot nop
 1021  00001b5c  8fc10000	lw	r1,(r30)
 1022  00001b60  08000030	j	L45_LF2
 1023  00001b64  54000000	nop; delay slot nop
 1024  00001b68          	L53_LF2:
 1025  00001b68          	L51_LF2:
 1026  00001b68  8fc2fff4	lw	r2,-12(r30)
 1027  00001b6c  20410001	addi	r1,r2,#1
 1028  00001b70  00011020	add	r2,r0,r1
 1029  00001b74  afc2fff4	sw	-12(r30),r2
 1030  00001b78  0bffffa8	j	L49_LF2
 1031  00001b7c  54000000	nop; delay slot nop
 1032  00001b80          	L50_LF2:
 1033  00001b80  0bffff7c	j	L46_LF2
 1034  00001b84  54000000	nop; delay slot nop
 1035  00001b88          	L47_LF2:
 1036  00001b88  20010000	addi	r1,r0,#0
 1037  00001b8c  08000004	j	L45_LF2
 1038  00001b90  54000000	nop; delay slot nop
 1039  00001b94          	L45_LF2:
 1040  00001b94  8fa20000	lw	r2,0(r29)
 1041  00001b98  8fdffff8	lw	r31,-8(r30)
 1042  00001b9c  001ee820	add	r29,r0,r30
 1043  00001ba0  8fdefffc	lw	r30,-4(r30)
 1044  00001ba4  4be00000	jr	r31
 1045  00001ba8  54000000	nop
 1046  00001bac          	.endproc _dmindex
 1047  00001bac          	.align 2
 1048  00001bac          	.proc _dindex
 1049  00001bac          	.global _dindex
 1050  00001bac          	_dindex:
 1051                      ;  Function 'dindex'; 0 bytes of locals, 1 regs to save.
 1052  00001bac  afbefffc	sw	-4(r29),r30; push fp
 1053  00001bb0  001df020	add	r30,r0,r29; fp = sp
 1054  00001bb4  afbffff8	sw	-8(r29),r31; push ret addr
 1055  00001bb8  2fbd0010	subui	r29,r29,#16; alloc local storage
 1056  00001bbc  afa20000	sw	0(r29),r2
 1057  00001bc0  54000000	nop
 1058  00001bc4          	L55_LF2:
 1059  00001bc4  8fc10000	lw	r1,(r30)
 1060  00001bc8  90220000	lbu	r2,(r1)
 1061  00001bcc  64410000	snei	r1,r2,#0
 1062  00001bd0  1420000c	bnez	r1,L57_LF2
 1063  00001bd4  54000000	nop; delay slot nop
 1064  00001bd8  08000040	j	L56_LF2
 1065  00001bdc  54000000	nop; delay slot nop
 1066  00001be0          	L57_LF2:
 1067  00001be0  8fc10000	lw	r1,(r30)
 1068  00001be4  90220000	lbu	r2,(r1)
 1069  00001be8  8fc10004	lw	r1,4(r30)
 1070  00001bec  00411028	seq	r2,r2,r1
 1071  00001bf0  10400010	beqz	r2,L58_LF2
 1072  00001bf4  54000000	nop; delay slot nop
 1073  00001bf8  8fc10000	lw	r1,(r30)
 1074  00001bfc  08000028	j	L54_LF2
 1075  00001c00  54000000	nop; delay slot nop
 1076  00001c04          	L58_LF2:
 1077  00001c04  8fc20000	lw	r2,(r30)
 1078  00001c08  20410001	addi	r1,r2,#1
 1079  00001c0c  00011020	add	r2,r0,r1
 1080  00001c10  afc20000	sw	(r30),r2
 1081  00001c14  0bffffac	j	L55_LF2
 1082  00001c18  54000000	nop; delay slot nop
 1083  00001c1c          	L56_LF2:
 1084  00001c1c  20010000	addi	r1,r0,#0
 1085  00001c20  08000004	j	L54_LF2
 1086  00001c24  54000000	nop; delay slot nop
 1087  00001c28          	L54_LF2:
 1088  00001c28  8fa20000	lw	r2,0(r29)
 1089  00001c2c  8fdffff8	lw	r31,-8(r30)
 1090  00001c30  001ee820	add	r29,r0,r30
 1091  00001c34  8fdefffc	lw	r30,-4(r30)
 1092  00001c38  4be00000	jr	r31
 1093  00001c3c  54000000	nop
 1094  00001c40          	.endproc _dindex
 1095  00001c40          	.align 2
 1096  00001c40          	.proc _ditoa
 1097  00001c40          	.global _ditoa
 1098  00001c40          	_ditoa:
 1099                      ;  Function 'ditoa'; 8 bytes of locals, 2 regs to save.
 1100  00001c40  afbefffc	sw	-4(r29),r30; push fp
 1101  00001c44  001df020	add	r30,r0,r29; fp = sp
 1102  00001c48  afbffff8	sw	-8(r29),r31; push ret addr
 1103  00001c4c  2fbd0018	subui	r29,r29,#24; alloc local storage
 1104  00001c50  afa20000	sw	0(r29),r2
 1105  00001c54  afa30004	sw	4(r29),r3
 1106  00001c58  8fc10000	lw	r1,(r30)
 1107  00001c5c  68220000	slti	r2,r1,#0
 1108  00001c60  1040002c	beqz	r2,L60_LF2
 1109  00001c64  54000000	nop; delay slot nop
 1110  00001c68  8fc10004	lw	r1,4(r30)
 1111  00001c6c  20220001	addi	r2,r1,#1
 1112  00001c70  afc20004	sw	4(r30),r2
 1113  00001c74  2002002d	addi	r2,r0,(#0x2d)&0xff
 1114  00001c78  a0220000	sb	(r1),r2
 1115  00001c7c  8fc10000	lw	r1,(r30)
 1116  00001c80  00011022	sub	r2,r0,r1
 1117  00001c84  afc20000	sw	(r30),r2
 1118  00001c88  08000118	j	L61_LF2
 1119  00001c8c  54000000	nop; delay slot nop
 1120  00001c90          	L60_LF2:
 1121  00001c90  8fc10000	lw	r1,(r30)
 1122  00001c94  64220000	snei	r2,r1,#0
 1123  00001c98  14400020	bnez	r2,L62_LF2
 1124  00001c9c  54000000	nop; delay slot nop
 1125  00001ca0  8fc10004	lw	r1,4(r30)
 1126  00001ca4  20220001	addi	r2,r1,#1
 1127  00001ca8  afc20004	sw	4(r30),r2
 1128  00001cac  20020030	addi	r2,r0,(#0x30)&0xff
 1129  00001cb0  a0220000	sb	(r1),r2
 1130  00001cb4  080000ec	j	L61_LF2
 1131  00001cb8  54000000	nop; delay slot nop
 1132  00001cbc          	L62_LF2:
 1133  00001cbc  20010001	addi	r1,r0,#1
 1134  00001cc0  afc1fff4	sw	-12(r30),r1
 1135  00001cc4          	L64_LF2:
 1136  00001cc4  8fc1fff4	lw	r1,-12(r30)
 1137  00001cc8  8fc20000	lw	r2,(r30)
 1138  00001ccc  0022082c	sle	r1,r1,r2
 1139  00001cd0  1420000c	bnez	r1,L66_LF2
 1140  00001cd4  54000000	nop; delay slot nop
 1141  00001cd8  08000024	j	L65_LF2
 1142  00001cdc  54000000	nop; delay slot nop
 1143  00001ce0          	L67_LF2:
 1144  00001ce0          	L66_LF2:
 1145  00001ce0  8fc1fff4	lw	r1,-12(r30)
 1146  00001ce4  00011820	add	r3,r0,r1
 1147  00001ce8  50620002	slli	r2,r3,#0x2
 1148  00001cec  00411020	add	r2,r2,r1
 1149  00001cf0  50410001	slli	r1,r2,#0x1
 1150  00001cf4  afc1fff4	sw	-12(r30),r1
 1151  00001cf8  0bffffc8	j	L64_LF2
 1152  00001cfc  54000000	nop; delay slot nop
 1153  00001d00          	L65_LF2:
 1154  00001d00  54000000	nop
 1155  00001d04          	L68_LF2:
 1156  00001d04  8fc1fff4	lw	r1,-12(r30)
 1157  00001d08  2002000a	addi	r2,r0,#10
 1158  00001d0c  00200035	movi2fp	f0,r1
 1159  00001d10  00400835	movi2fp	f1,r2
 1160  00001d14  0401000f	div	f0,f0,f1
 1161  00001d18  00000834	movfp2i	r1,f0
 1162  00001d1c  afc1fff4	sw	-12(r30),r1
 1163  00001d20  8fc10004	lw	r1,4(r30)
 1164  00001d24  20220001	addi	r2,r1,#1
 1165  00001d28  afc20004	sw	4(r30),r2
 1166  00001d2c  8fc20000	lw	r2,(r30)
 1167  00001d30  8fc3fff4	lw	r3,-12(r30)
 1168  00001d34  00400035	movi2fp	f0,r2
 1169  00001d38  00600835	movi2fp	f1,r3
 1170  00001d3c  0401000f	div	f0,f0,f1
 1171  00001d40  00001034	movfp2i	r2,f0
 1172  00001d44  00021820	add	r3,r0,r2
 1173  00001d48  20620030	addi	r2,r3,#48
 1174  00001d4c  a0220000	sb	(r1),r2
 1175  00001d50  8fc10000	lw	r1,(r30)
 1176  00001d54  8fc3fff4	lw	r3,-12(r30)
 1177  00001d58  00200035	movi2fp	f0,r1
 1178  00001d5c  00600835	movi2fp	f1,r3
 1179  00001d60  0401000f	div	f0,f0,f1
 1180  00001d64  00001034	movfp2i	r2,f0
 1181  00001d68  8fc3fff4	lw	r3,-12(r30)
 1182  00001d6c  00400035	movi2fp	f0,r2
 1183  00001d70  00600835	movi2fp	f1,r3
 1184  00001d74  0401000e	mult	f0,f0,f1
 1185  00001d78  00001034	movfp2i	r2,f0
 1186  00001d7c  00220822	sub	r1,r1,r2
 1187  00001d80  afc10000	sw	(r30),r1
 1188  00001d84          	L70_LF2:
 1189  00001d84  8fc1fff4	lw	r1,-12(r30)
 1190  00001d88  6c220001	sgti	r2,r1,#1
 1191  00001d8c  1440000c	bnez	r2,L71_LF2
 1192  00001d90  54000000	nop; delay slot nop
 1193  00001d94  0800000c	j	L61_LF2
 1194  00001d98  54000000	nop; delay slot nop
 1195  00001d9c          	L71_LF2:
 1196  00001d9c  0bffff64	j	L68_LF2
 1197  00001da0  54000000	nop; delay slot nop
 1198  00001da4          	L69_LF2:
 1199  00001da4          	L63_LF2:
 1200  00001da4          	L61_LF2:
 1201  00001da4  8fc10004	lw	r1,4(r30)
 1202  00001da8  20020000	addi	r2,r0,(#0x0)&0xff
 1203  00001dac  a0220000	sb	(r1),r2
 1204  00001db0          	L59_LF2:
 1205  00001db0  8fa20000	lw	r2,0(r29)
 1206  00001db4  8fa30004	lw	r3,4(r29)
 1207  00001db8  8fdffff8	lw	r31,-8(r30)
 1208  00001dbc  001ee820	add	r29,r0,r30
 1209  00001dc0  8fdefffc	lw	r30,-4(r30)
 1210  00001dc4  4be00000	jr	r31
 1211  00001dc8  54000000	nop
 1212  00001dcc          	.endproc _ditoa
 1213  00001dcc          	.align 2
 1214  00001dcc          	.proc _dstrtol
 1215  00001dcc          	.global _dstrtol
 1216  00001dcc          	_dstrtol:
 1217                      ;  Function 'dstrtol'; 16 bytes of locals, 1 regs to save.
 1218  00001dcc  afbefffc	sw	-4(r29),r30; push fp
 1219  00001dd0  001df020	add	r30,r0,r29; fp = sp
 1220  00001dd4  afbffff8	sw	-8(r29),r31; push ret addr
 1221  00001dd8  2fbd0020	subui	r29,r29,#32; alloc local storage
 1222  00001ddc  afa20000	sw	0(r29),r2
 1223  00001de0  20010000	addi	r1,r0,#0
 1224  00001de4  afc1fff4	sw	-12(r30),r1
 1225  00001de8          	L73_LF2:
 1226  00001de8  8fc10000	lw	r1,(r30)
 1227  00001dec  90220000	lbu	r2,(r1)
 1228  00001df0  60410020	seqi	r1,r2,#32
 1229  00001df4  14200034	bnez	r1,L75_LF2
 1230  00001df8  54000000	nop; delay slot nop
 1231  00001dfc  8fc10000	lw	r1,(r30)
 1232  00001e00  90220000	lbu	r2,(r1)
 1233  00001e04  60410009	seqi	r1,r2,#9
 1234  00001e08  14200020	bnez	r1,L75_LF2
 1235  00001e0c  54000000	nop; delay slot nop
 1236  00001e10  8fc10000	lw	r1,(r30)
 1237  00001e14  90220000	lbu	r2,(r1)
 1238  00001e18  6041000a	seqi	r1,r2,#10
 1239  00001e1c  1420000c	bnez	r1,L75_LF2
 1240  00001e20  54000000	nop; delay slot nop
 1241  00001e24  0800001c	j	L74_LF2
 1242  00001e28  54000000	nop; delay slot nop
 1243  00001e2c          	L75_LF2:
 1244  00001e2c  8fc20000	lw	r2,(r30)
 1245  00001e30  20410001	addi	r1,r2,#1
 1246  00001e34  00011020	add	r2,r0,r1
 1247  00001e38  afc20000	sw	(r30),r2
 1248  00001e3c  0bffffa8	j	L73_LF2
 1249  00001e40  54000000	nop; delay slot nop
 1250  00001e44          	L74_LF2:
 1251  00001e44  8fc10004	lw	r1,4(r30)
 1252  00001e48  64220000	snei	r2,r1,#0
 1253  00001e4c  10400010	beqz	r2,L76_LF2
 1254  00001e50  54000000	nop; delay slot nop
 1255  00001e54  8fc10004	lw	r1,4(r30)
 1256  00001e58  8fc20000	lw	r2,(r30)
 1257  00001e5c  ac220000	sw	(r1),r2
 1258  00001e60          	L76_LF2:
 1259  00001e60  8fc10000	lw	r1,(r30)
 1260  00001e64  90220000	lbu	r2,(r1)
 1261  00001e68  64410000	snei	r1,r2,#0
 1262  00001e6c  14200010	bnez	r1,L77_LF2
 1263  00001e70  54000000	nop; delay slot nop
 1264  00001e74  8fc1fff4	lw	r1,-12(r30)
 1265  00001e78  08000294	j	L72_LF2
 1266  00001e7c  54000000	nop; delay slot nop
 1267  00001e80          	L77_LF2:
 1268  00001e80  8fc10000	lw	r1,(r30)
 1269  00001e84  90220000	lbu	r2,(r1)
 1270  00001e88  6041002d	seqi	r1,r2,#45
 1271  00001e8c  10200024	beqz	r1,L78_LF2
 1272  00001e90  54000000	nop; delay slot nop
 1273  00001e94  2001ffff	addi	r1,r0,#-1
 1274  00001e98  afc1ffec	sw	-20(r30),r1
 1275  00001e9c  8fc20000	lw	r2,(r30)
 1276  00001ea0  20410001	addi	r1,r2,#1
 1277  00001ea4  00011020	add	r2,r0,r1
 1278  00001ea8  afc20000	sw	(r30),r2
 1279  00001eac  0800000c	j	L79_LF2
 1280  00001eb0  54000000	nop; delay slot nop
 1281  00001eb4          	L78_LF2:
 1282  00001eb4  20010001	addi	r1,r0,#1
 1283  00001eb8  afc1ffec	sw	-20(r30),r1
 1284  00001ebc          	L79_LF2:
 1285  00001ebc  8fc10008	lw	r1,8(r30)
 1286  00001ec0  64220000	snei	r2,r1,#0
 1287  00001ec4  14400090	bnez	r2,L80_LF2
 1288  00001ec8  54000000	nop; delay slot nop
 1289  00001ecc  8fc10000	lw	r1,(r30)
 1290  00001ed0  90220000	lbu	r2,(r1)
 1291  00001ed4  60410030	seqi	r1,r2,#48
 1292  00001ed8  10200074	beqz	r1,L81_LF2
 1293  00001edc  54000000	nop; delay slot nop
 1294  00001ee0  8fc20000	lw	r2,(r30)
 1295  00001ee4  20410001	addi	r1,r2,#1
 1296  00001ee8  00011020	add	r2,r0,r1
 1297  00001eec  afc20000	sw	(r30),r2
 1298  00001ef0  8fc10000	lw	r1,(r30)
 1299  00001ef4  90220000	lbu	r2,(r1)
 1300  00001ef8  60410078	seqi	r1,r2,#120
 1301  00001efc  14200020	bnez	r1,L83_LF2
 1302  00001f00  54000000	nop; delay slot nop
 1303  00001f04  8fc10000	lw	r1,(r30)
 1304  00001f08  90220000	lbu	r2,(r1)
 1305  00001f0c  60410058	seqi	r1,r2,#88
 1306  00001f10  1420000c	bnez	r1,L83_LF2
 1307  00001f14  54000000	nop; delay slot nop
 1308  00001f18  08000024	j	L82_LF2
 1309  00001f1c  54000000	nop; delay slot nop
 1310  00001f20          	L83_LF2:
 1311  00001f20  20010010	addi	r1,r0,#16
 1312  00001f24  afc10008	sw	8(r30),r1
 1313  00001f28  8fc20000	lw	r2,(r30)
 1314  00001f2c  20410001	addi	r1,r2,#1
 1315  00001f30  00011020	add	r2,r0,r1
 1316  00001f34  afc20000	sw	(r30),r2
 1317  00001f38  0800000c	j	L84_LF2
 1318  00001f3c  54000000	nop; delay slot nop
 1319  00001f40          	L82_LF2:
 1320  00001f40  20010008	addi	r1,r0,#8
 1321  00001f44  afc10008	sw	8(r30),r1
 1322  00001f48          	L84_LF2:
 1323  00001f48  0800000c	j	L80_LF2
 1324  00001f4c  54000000	nop; delay slot nop
 1325  00001f50          	L81_LF2:
 1326  00001f50  2001000a	addi	r1,r0,#10
 1327  00001f54  afc10008	sw	8(r30),r1
 1328  00001f58          	L85_LF2:
 1329  00001f58          	L80_LF2:
 1330  00001f58  8fc10008	lw	r1,8(r30)
 1331  00001f5c  70220000	slei	r2,r1,#0
 1332  00001f60  1440001c	bnez	r2,L87_LF2
 1333  00001f64  54000000	nop; delay slot nop
 1334  00001f68  8fc10008	lw	r1,8(r30)
 1335  00001f6c  6c220010	sgti	r2,r1,#16
 1336  00001f70  1440000c	bnez	r2,L87_LF2
 1337  00001f74  54000000	nop; delay slot nop
 1338  00001f78  08000010	j	L86_LF2
 1339  00001f7c  54000000	nop; delay slot nop
 1340  00001f80          	L87_LF2:
 1341  00001f80  8fc1fff4	lw	r1,-12(r30)
 1342  00001f84  08000188	j	L72_LF2
 1343  00001f88  54000000	nop; delay slot nop
 1344  00001f8c          	L86_LF2:
 1345  00001f8c  54000000	nop
 1346  00001f90          	L88_LF2:
 1347  00001f90  8fc10000	lw	r1,(r30)
 1348  00001f94  90220000	lbu	r2,(r1)
 1349  00001f98  6c41002f	sgtui	r1,r2,#47
 1350  00001f9c  10200030	beqz	r1,L91_LF2
 1351  00001fa0  54000000	nop; delay slot nop
 1352  00001fa4  8fc10000	lw	r1,(r30)
 1353  00001fa8  90220000	lbu	r2,(r1)
 1354  00001fac  70410039	sleui	r1,r2,#57
 1355  00001fb0  1020001c	beqz	r1,L91_LF2
 1356  00001fb4  54000000	nop; delay slot nop
 1357  00001fb8  8fc10000	lw	r1,(r30)
 1358  00001fbc  90220000	lbu	r2,(r1)
 1359  00001fc0  2041ffd0	addi	r1,r2,#-48
 1360  00001fc4  afc1fff0	sw	-16(r30),r1
 1361  00001fc8  0800008c	j	L92_LF2
 1362  00001fcc  54000000	nop; delay slot nop
 1363  00001fd0          	L91_LF2:
 1364  00001fd0  8fc10000	lw	r1,(r30)
 1365  00001fd4  90220000	lbu	r2,(r1)
 1366  00001fd8  6c410060	sgtui	r1,r2,#96
 1367  00001fdc  10200030	beqz	r1,L93_LF2
 1368  00001fe0  54000000	nop; delay slot nop
 1369  00001fe4  8fc10000	lw	r1,(r30)
 1370  00001fe8  90220000	lbu	r2,(r1)
 1371  00001fec  7041007a	sleui	r1,r2,#122
 1372  00001ff0  1020001c	beqz	r1,L93_LF2
 1373  00001ff4  54000000	nop; delay slot nop
 1374  00001ff8  8fc10000	lw	r1,(r30)
 1375  00001ffc  90220000	lbu	r2,(r1)
 1376  00002000  2041ffa9	addi	r1,r2,#-87
 1377  00002004  afc1fff0	sw	-16(r30),r1
 1378  00002008  0800004c	j	L92_LF2
 1379  0000200c  54000000	nop; delay slot nop
 1380  00002010          	L93_LF2:
 1381  00002010  8fc10000	lw	r1,(r30)
 1382  00002014  90220000	lbu	r2,(r1)
 1383  00002018  6c410040	sgtui	r1,r2,#64
 1384  0000201c  10200030	beqz	r1,L95_LF2
 1385  00002020  54000000	nop; delay slot nop
 1386  00002024  8fc10000	lw	r1,(r30)
 1387  00002028  90220000	lbu	r2,(r1)
 1388  0000202c  7041005a	sleui	r1,r2,#90
 1389  00002030  1020001c	beqz	r1,L95_LF2
 1390  00002034  54000000	nop; delay slot nop
 1391  00002038  8fc10000	lw	r1,(r30)
 1392  0000203c  90220000	lbu	r2,(r1)
 1393  00002040  2041ffc9	addi	r1,r2,#-55
 1394  00002044  afc1fff0	sw	-16(r30),r1
 1395  00002048  0800000c	j	L92_LF2
 1396  0000204c  54000000	nop; delay slot nop
 1397  00002050          	L95_LF2:
 1398  00002050  200103e8	addi	r1,r0,#1000
 1399  00002054  afc1fff0	sw	-16(r30),r1
 1400  00002058          	L96_LF2:
 1401  00002058          	L94_LF2:
 1402  00002058          	L92_LF2:
 1403  00002058  8fc1fff0	lw	r1,-16(r30)
 1404  0000205c  8fc20008	lw	r2,8(r30)
 1405  00002060  0022082a	slt	r1,r1,r2
 1406  00002064  10200040	beqz	r1,L90_LF2
 1407  00002068  54000000	nop; delay slot nop
 1408  0000206c  8fc1fff4	lw	r1,-12(r30)
 1409  00002070  8fc20008	lw	r2,8(r30)
 1410  00002074  00200035	movi2fp	f0,r1
 1411  00002078  00400835	movi2fp	f1,r2
 1412  0000207c  0401000e	mult	f0,f0,f1
 1413  00002080  00000834	movfp2i	r1,f0
 1414  00002084  afc1fff4	sw	-12(r30),r1
 1415  00002088  8fc1fff4	lw	r1,-12(r30)
 1416  0000208c  8fc2fff0	lw	r2,-16(r30)
 1417  00002090  00220820	add	r1,r1,r2
 1418  00002094  afc1fff4	sw	-12(r30),r1
 1419  00002098  8fc20000	lw	r2,(r30)
 1420  0000209c  20410001	addi	r1,r2,#1
 1421  000020a0  00011020	add	r2,r0,r1
 1422  000020a4  afc20000	sw	(r30),r2
 1423  000020a8          	L97_LF2:
 1424  000020a8          	L90_LF2:
 1425  000020a8  8fc1fff0	lw	r1,-16(r30)
 1426  000020ac  8fc20008	lw	r2,8(r30)
 1427  000020b0  0022082a	slt	r1,r1,r2
 1428  000020b4  1420000c	bnez	r1,L98_LF2
 1429  000020b8  54000000	nop; delay slot nop
 1430  000020bc  0800000c	j	L89_LF2
 1431  000020c0  54000000	nop; delay slot nop
 1432  000020c4          	L98_LF2:
 1433  000020c4  0bfffec8	j	L88_LF2
 1434  000020c8  54000000	nop; delay slot nop
 1435  000020cc          	L89_LF2:
 1436  000020cc  8fc10004	lw	r1,4(r30)
 1437  000020d0  64220000	snei	r2,r1,#0
 1438  000020d4  10400010	beqz	r2,L99_LF2
 1439  000020d8  54000000	nop; delay slot nop
 1440  000020dc  8fc10004	lw	r1,4(r30)
 1441  000020e0  8fc20000	lw	r2,(r30)
 1442  000020e4  ac220000	sw	(r1),r2
 1443  000020e8          	L99_LF2:
 1444  000020e8  8fc1fff4	lw	r1,-12(r30)
 1445  000020ec  8fc2ffec	lw	r2,-20(r30)
 1446  000020f0  00200035	movi2fp	f0,r1
 1447  000020f4  00400835	movi2fp	f1,r2
 1448  000020f8  0401000e	mult	f0,f0,f1
 1449  000020fc  00000834	movfp2i	r1,f0
 1450  00002100  afc1fff4	sw	-12(r30),r1
 1451  00002104  8fc1fff4	lw	r1,-12(r30)
 1452  00002108  08000004	j	L72_LF2
 1453  0000210c  54000000	nop; delay slot nop
 1454  00002110          	L72_LF2:
 1455  00002110  8fa20000	lw	r2,0(r29)
 1456  00002114  8fdffff8	lw	r31,-8(r30)
 1457  00002118  001ee820	add	r29,r0,r30
 1458  0000211c  8fdefffc	lw	r30,-4(r30)
 1459  00002120  4be00000	jr	r31
 1460  00002124  54000000	nop
 1461  00002128          	.endproc _dstrtol
 1462  00002128          	.align 2
 1463  00002128          	.proc _bcopy
 1464  00002128          	.global _bcopy
 1465  00002128          	_bcopy:
 1466                      ;  Function 'bcopy'; 0 bytes of locals, 2 regs to save.
 1467  00002128  afbefffc	sw	-4(r29),r30; push fp
 1468  0000212c  001df020	add	r30,r0,r29; fp = sp
 1469  00002130  afbffff8	sw	-8(r29),r31; push ret addr
 1470  00002134  2fbd0010	subui	r29,r29,#16; alloc local storage
 1471  00002138  afa20000	sw	0(r29),r2
 1472  0000213c  afa30004	sw	4(r29),r3
 1473  00002140  54000000	nop
 1474  00002144          	L101_LF2:
 1475  00002144  8fc10008	lw	r1,8(r30)
 1476  00002148  2022ffff	addi	r2,r1,#-1
 1477  0000214c  afc20008	sw	8(r30),r2
 1478  00002150  6c210000	sgti	r1,r1,#0
 1479  00002154  1420000c	bnez	r1,L103_LF2
 1480  00002158  54000000	nop; delay slot nop
 1481  0000215c  0800002c	j	L102_LF2
 1482  00002160  54000000	nop; delay slot nop
 1483  00002164          	L103_LF2:
 1484  00002164  8fc10004	lw	r1,4(r30)
 1485  00002168  20220001	addi	r2,r1,#1
 1486  0000216c  afc20004	sw	4(r30),r2
 1487  00002170  8fc20000	lw	r2,(r30)
 1488  00002174  20430001	addi	r3,r2,#1
 1489  00002178  afc30000	sw	(r30),r3
 1490  0000217c  80420000	lb	r2,(r2)
 1491  00002180  a0220000	sb	(r1),r2
 1492  00002184  0bffffbc	j	L101_LF2
 1493  00002188  54000000	nop; delay slot nop
 1494  0000218c          	L102_LF2:
 1495  0000218c          	L100_LF2:
 1496  0000218c  8fa20000	lw	r2,0(r29)
 1497  00002190  8fa30004	lw	r3,4(r29)
 1498  00002194  8fdffff8	lw	r31,-8(r30)
 1499  00002198  001ee820	add	r29,r0,r30
 1500  0000219c  8fdefffc	lw	r30,-4(r30)
 1501  000021a0  4be00000	jr	r31
 1502  000021a4  54000000	nop
 1503  000021a8          	.endproc _bcopy
 1504  000021a8          	.align 2
 1505  000021a8          	.proc _bzero
 1506  000021a8          	.global _bzero
 1507  000021a8          	_bzero:
 1508                      ;  Function 'bzero'; 0 bytes of locals, 1 regs to save.
 1509  000021a8  afbefffc	sw	-4(r29),r30; push fp
 1510  000021ac  001df020	add	r30,r0,r29; fp = sp
 1511  000021b0  afbffff8	sw	-8(r29),r31; push ret addr
 1512  000021b4  2fbd0010	subui	r29,r29,#16; alloc local storage
 1513  000021b8  afa20000	sw	0(r29),r2
 1514  000021bc  54000000	nop
 1515  000021c0          	L105_LF2:
 1516  000021c0  8fc10004	lw	r1,4(r30)
 1517  000021c4  2022ffff	addi	r2,r1,#-1
 1518  000021c8  afc20004	sw	4(r30),r2
 1519  000021cc  6c210000	sgti	r1,r1,#0
 1520  000021d0  1420000c	bnez	r1,L107_LF2
 1521  000021d4  54000000	nop; delay slot nop
 1522  000021d8  08000020	j	L106_LF2
 1523  000021dc  54000000	nop; delay slot nop
 1524  000021e0          	L107_LF2:
 1525  000021e0  8fc10000	lw	r1,(r30)
 1526  000021e4  20220001	addi	r2,r1,#1
 1527  000021e8  afc20000	sw	(r30),r2
 1528  000021ec  20020000	addi	r2,r0,(#0x0)&0xff
 1529  000021f0  a0220000	sb	(r1),r2
 1530  000021f4  0bffffc8	j	L105_LF2
 1531  000021f8  54000000	nop; delay slot nop
 1532  000021fc          	L106_LF2:
 1533  000021fc          	L104_LF2:
 1534  000021fc  8fa20000	lw	r2,0(r29)
 1535  00002200  8fdffff8	lw	r31,-8(r30)
 1536  00002204  001ee820	add	r29,r0,r30
 1537  00002208  8fdefffc	lw	r30,-4(r30)
 1538  0000220c  4be00000	jr	r31
 1539  00002210  54000000	nop
 1540  00002214          	.endproc _bzero
 1541  00002214          	.align 2
 1542  00002214          	.proc _min
 1543  00002214          	.global _min
 1544  00002214          	_min:
 1545                      ;  Function 'min'; 0 bytes of locals, 2 regs to save.
 1546  00002214  afbefffc	sw	-4(r29),r30; push fp
 1547  00002218  001df020	add	r30,r0,r29; fp = sp
 1548  0000221c  afbffff8	sw	-8(r29),r31; push ret addr
 1549  00002220  2fbd0010	subui	r29,r29,#16; alloc local storage
 1550  00002224  afa20000	sw	0(r29),r2
 1551  00002228  afa30004	sw	4(r29),r3
 1552  0000222c  8fc10000	lw	r1,(r30)
 1553  00002230  8fc20004	lw	r2,4(r30)
 1554  00002234  0022182c	sle	r3,r1,r2
 1555  00002238  14600008	bnez	r3,L109_LF2
 1556  0000223c  54000000	nop; delay slot nop
 1557  00002240  8fc10004	lw	r1,4(r30)
 1558  00002244          	L109_LF2:
 1559  00002244  08000004	j	L108_LF2
 1560  00002248  54000000	nop; delay slot nop
 1561  0000224c          	L108_LF2:
 1562  0000224c  8fa20000	lw	r2,0(r29)
 1563  00002250  8fa30004	lw	r3,4(r29)
 1564  00002254  8fdffff8	lw	r31,-8(r30)
 1565  00002258  001ee820	add	r29,r0,r30
 1566  0000225c  8fdefffc	lw	r30,-4(r30)
 1567  00002260  4be00000	jr	r31
 1568  00002264  54000000	nop
 1569  00002268          	.endproc _min
 1570                      ;;; Ethan L. Miller, 1999.  Released to the public domain
 1571                      ;;;
 1572                      ;;; Most of the traps are called in files from libtraps.
 1575  00002268          	.align 2
 1576  00002268          	.proc _exit
 1577  00002268          	.global _exit
 1578  00002268          	_exit:
 1579  00002268  44000300	trap	#0x300
 1580  0000226c  4be00000	jr	r31
 1581  00002270  54000000	nop
 1582  00002274          	.endproc _exit
 1584                      ; for the benefit of gcc.
 1585  00002274          	.proc ___main
 1586  00002274          	.global ___main
 1587  00002274          	___main:
 1588  00002274  4be00000	jr	r31
 1589  00002278  54000000	nop
 1590  0000227c          	.endproc ___main
 1591  0000227c          	.text
 1592  0000227c          	.global _etext
 1593  0000227c          	_etext:
 1594  0000227c          	.align 3
 1595  00002280          	.data
 1596  000030e1          	.global _edata
 1597  000030e1          	_edata:
