 line   address	contents
    1                      ; Linked by DLX-LD.
    2                      ; MemSize 24576
    3                      ; Data size: 492
    4                      ; Text size: 5212
    5                      ; Stack size: 8192
    6  00000000          	.text 0x1000
    7  00001000          	.data 0x3000
    8                      ; Compiled by GCC
    9  00003000          	.text
   10  00001000          	.align 2
   11  00001000          	.proc _isspace
   12  00001000          	.global _isspace
   13  00001000          	_isspace:
   14                      ;  Function 'isspace'; 0 bytes of locals, 1 regs to save.
   15  00001000  afbefffc	sw	-4(r29),r30; push fp
   16  00001004  001df020	add	r30,r0,r29; fp = sp
   17  00001008  afbffff8	sw	-8(r29),r31; push ret addr
   18  0000100c  2fbd0010	subui	r29,r29,#16; alloc local storage
   19  00001010  afa20000	sw	0(r29),r2
   20  00001014  83c20003	lb	r2,3(r30)
   21  00001018  201f0000	addi	r31,r0,#0
   22  0000101c  304100ff	andi	r1,r2,#0x00ff
   23  00001020  60210020	seqi	r1,r1,#32
   24  00001024  14200018	bnez	r1,L6_LF0
   25  00001028  54000000	nop; not filled.
   26  0000102c  2041fff7	addi	r1,r2,#-9
   27  00001030  302100ff	andi	r1,r1,#0x00ff
   28  00001034  70210001	sleui	r1,r1,#1
   29  00001038  10200008	beqz	r1,L5_LF0
   30  0000103c  54000000	nop; not filled.
   31  00001040          	L6_LF0:
   32  00001040  201f0001	addi	r31,r0,#1
   33  00001044          	L5_LF0:
   34  00001044  001f0820	add	r1,r0,r31
   35  00001048  8fa20000	lw	r2,0(r29)
   36  0000104c  8fdffff8	lw	r31,-8(r30)
   37  00001050  001ee820	add	r29,r0,r30
   38  00001054  8fdefffc	lw	r30,-4(r30)
   39  00001058  4be00000	jr	r31
   40  0000105c  54000000	nop
   41  00001060          	.endproc _isspace
   42  00001060          	.align 2
   43  00001060          	.proc _isxdigit
   44  00001060          	.global _isxdigit
   45  00001060          	_isxdigit:
   46                      ;  Function 'isxdigit'; 0 bytes of locals, 1 regs to save.
   47  00001060  afbefffc	sw	-4(r29),r30; push fp
   48  00001064  001df020	add	r30,r0,r29; fp = sp
   49  00001068  afbffff8	sw	-8(r29),r31; push ret addr
   50  0000106c  2fbd0010	subui	r29,r29,#16; alloc local storage
   51  00001070  afa20000	sw	0(r29),r2
   52  00001074  83df0003	lb	r31,3(r30)
   53  00001078  20020000	addi	r2,r0,#0
   54  0000107c  23e1ffd0	addi	r1,r31,#-48
   55  00001080  302100ff	andi	r1,r1,#0x00ff
   56  00001084  70210009	sleui	r1,r1,#9
   57  00001088  14200028	bnez	r1,L12_LF0
   58  0000108c  54000000	nop; not filled.
   59  00001090  23e1ff9f	addi	r1,r31,#-97
   60  00001094  302100ff	andi	r1,r1,#0x00ff
   61  00001098  70210005	sleui	r1,r1,#5
   62  0000109c  14200014	bnez	r1,L12_LF0
   63  000010a0  54000000	nop; not filled.
   64  000010a4  33e100ff	andi	r1,r31,#0x00ff
   65  000010a8  64210041	snei	r1,r1,#65
   66  000010ac  14200008	bnez	r1,L11_LF0
   67  000010b0  54000000	nop; not filled.
   68  000010b4          	L12_LF0:
   69  000010b4  20020001	addi	r2,r0,#1
   70  000010b8          	L11_LF0:
   71  000010b8  00020820	add	r1,r0,r2
   72  000010bc  8fa20000	lw	r2,0(r29)
   73  000010c0  8fdffff8	lw	r31,-8(r30)
   74  000010c4  001ee820	add	r29,r0,r30
   75  000010c8  8fdefffc	lw	r30,-4(r30)
   76  000010cc  4be00000	jr	r31
   77  000010d0  54000000	nop
   78  000010d4          	.endproc _isxdigit
   79  000010d4          	.data
   80  00003000          	.align 2
   81  00003000          	LC0_LF0:
   82  00003000  55736167	.ascii "Usage: \000"
   82  00003004  653a2000	
   83  00003008          	.align 2
   84  00003008          	LC1_LF0:
   85  00003008  203c6e75	.ascii " <number of h2o injections> <number of so4 injections>\n\000"
   85  0000300c  6d626572	
   85  00003010  206f6620	
   85  00003014  68326f20	
   85  00003018  696e6a65	
   85  0000301c  6374696f	
   85  00003020  6e733e20	
   85  00003024  3c6e756d	
   85  00003028  62657220	
   85  0000302c  6f662073	
   85  00003030  6f342069	
   85  00003034  6e6a6563	
   85  00003038  74696f6e	
   85  0000303c  733e0a00	
   86  00003040          	.align 2
   87  00003040          	LC2_LF0:
   88  00003040  4552524f	.ascii "ERROR: could not allocate shared memory page in \000"
   88  00003044  523a2063	
   88  00003048  6f756c64	
   88  0000304c  206e6f74	
   88  00003050  20616c6c	
   88  00003054  6f636174	
   88  00003058  65207368	
   88  0000305c  61726564	
   88  00003060  206d656d	
   88  00003064  6f727920	
   88  00003068  70616765	
   88  0000306c  20696e20	
   88  00003070  00      	
   89  00003071          	.align 2
   90  00003074          	LC3_LF0:
   91  00003074  2c206578	.ascii ", exiting...\n\000"
   91  00003078  6974696e	
   91  0000307c  672e2e2e	
   91  00003080  0a00    	
   92  00003082          	.align 2
   93  00003084          	LC4_LF0:
   94  00003084  436f756c	.ascii "Could not map the shared page to virtual address in \000"
   94  00003088  64206e6f	
   94  0000308c  74206d61	
   94  00003090  70207468	
   94  00003094  65207368	
   94  00003098  61726564	
   94  0000309c  20706167	
   94  000030a0  6520746f	
   94  000030a4  20766972	
   94  000030a8  7475616c	
   94  000030ac  20616464	
   94  000030b0  72657373	
   94  000030b4  20696e20	
   94  000030b8  00      	
   95  000030b9          	.align 2
   96  000030bc          	LC5_LF0:
   97  000030bc  2c206578	.ascii ", exiting..\n\000"
   97  000030c0  6974696e	
   97  000030c4  672e2e0a	
   97  000030c8  00      	
   98  000030c9          	.align 2
   99  000030cc          	LC6_LF0:
  100  000030cc  42616420	.ascii "Bad sem_create in \000"
  100  000030d0  73656d5f	
  100  000030d4  63726561	
  100  000030d8  74652069	
  100  000030dc  6e2000  	
  101  000030df          	.align 2
  102  000030e0          	LC7_LF0:
  103  000030e0  0a00    	.ascii "\n\000"
  104  000030e2          	.align 2
  105  000030e4          	LC8_LF0:
  106  000030e4  696e6a65	.ascii "injector.dlx.obj\000"
  106  000030e8  63746f72	
  106  000030ec  2e646c78	
  106  000030f0  2e6f626a	
  106  000030f4  00      	
  107  000030f5          	.align 2
  108  000030f8          	LC9_LF0:
  109  000030f8  3000    	.ascii "0\000"
  110  000030fa          	.align 2
  111  000030fc          	LC10_LF0:
  112  000030fc  3100    	.ascii "1\000"
  113  000030fe          	.align 2
  114  00003100          	LC11_LF0:
  115  00003100  72656163	.ascii "reactor.dlx.obj\000"
  115  00003104  746f722e	
  115  00003108  646c782e	
  115  0000310c  6f626a00	
  116  00003110          	.align 2
  117  00003110          	LC12_LF0:
  118  00003110  3200    	.ascii "2\000"
  119  00003112          	.align 2
  120  00003114          	LC13_LF0:
  121  00003114  42616420	.ascii "Bad semaphore s_procs_completed (%d) in \000"
  121  00003118  73656d61	
  121  0000311c  70686f72	
  121  00003120  6520735f	
  121  00003124  70726f63	
  121  00003128  735f636f	
  121  0000312c  6d706c65	
  121  00003130  74656420	
  121  00003134  28256429	
  121  00003138  20696e20	
  121  0000313c  00      	
  122  0000313d          	.align 2
  123  00003140          	LC14_LF0:
  124  00003140  25642048	.ascii "%d H2O\'s left over. \000"
  124  00003144  324f2773	
  124  00003148  206c6566	
  124  0000314c  74206f76	
  124  00003150  65722e20	
  124  00003154  00      	
  125  00003155          	.align 2
  126  00003158          	LC15_LF0:
  127  00003158  25642048	.ascii "%d H2\'s left over. \000"
  127  0000315c  32277320	
  127  00003160  6c656674	
  127  00003164  206f7665	
  127  00003168  722e2000	
  128  0000316c          	.align 2
  129  0000316c          	LC16_LF0:
  130  0000316c  2564204f	.ascii "%d O2\'s left over. \000"
  130  00003170  32277320	
  130  00003174  6c656674	
  130  00003178  206f7665	
  130  0000317c  722e2000	
  131  00003180          	.align 2
  132  00003180          	LC17_LF0:
  133  00003180  25642053	.ascii "%d SO2\'s left over. \000"
  133  00003184  4f322773	
  133  00003188  206c6566	
  133  0000318c  74206f76	
  133  00003190  65722e20	
  133  00003194  00      	
  134  00003195          	.align 2
  135  00003198          	LC18_LF0:
  136  00003198  25642048	.ascii "%d H2SO4\'s created.\n\000"
  136  0000319c  32534f34	
  136  000031a0  27732063	
  136  000031a4  72656174	
  136  000031a8  65642e0a	
  136  000031ac  00      	
  137  000031ad          	.align 2
  138  000031b0          	LC19_LF0:
  139  000031b0  416c6c20	.ascii "All processes completed sucessfully, exiting main process.\n\000"
  139  000031b4  70726f63	
  139  000031b8  65737365	
  139  000031bc  7320636f	
  139  000031c0  6d706c65	
  139  000031c4  74656420	
  139  000031c8  73756365	
  139  000031cc  73736675	
  139  000031d0  6c6c792c	
  139  000031d4  20657869	
  139  000031d8  74696e67	
  139  000031dc  206d6169	
  139  000031e0  6e207072	
  139  000031e4  6f636573	
  139  000031e8  732e0a00	
  140  000031ec          	.text
  141  000010d4          	.align 2
  142  000010d4          	.proc _main
  143  000010d4          	.global _main
  144  000010d4          	_main:
  145                      ;  Function 'main'; 48 bytes of locals, 0 regs to save.
  146  000010d4  afbefffc	sw	-4(r29),r30; push fp
  147  000010d8  001df020	add	r30,r0,r29; fp = sp
  148  000010dc  afbffff8	sw	-8(r29),r31; push ret addr
  149  000010e0  2fbd0038	subui	r29,r29,#56; alloc local storage
  150  000010e4  8fc20000	lw	r2,(r30)
  151  000010e8  8fcf0004	lw	r15,4(r30)
  152  000010ec  0c001364	jal	___main
  153  000010f0  54000000	nop; not filled.
  154  000010f4  200e0000	addi	r14,r0,#0
  155  000010f8  64410003	snei	r1,r2,#3
  156  000010fc  1020004c	beqz	r1,L14_LF0
  157  00001100  54000000	nop; not filled.
  158  00001104  23bdfff8	addi	r29,r29,#-8
  159  00001108  3c110000	lhi	r17,((LC0_LF0)>>16)&0xffff
  160  0000110c  26313000	addui	r17,r17,(LC0_LF0)&0xffff
  161  00001110  afb10000	sw	(r29),r17
  162  00001114  0c000534	jal	_Printf
  163  00001118  54000000	nop; not filled.
  164  0000111c  8df10000	lw	r17,(r15)
  165  00001120  afb10000	sw	(r29),r17
  166  00001124  0c000524	jal	_Printf
  167  00001128  54000000	nop; not filled.
  168  0000112c  3c110000	lhi	r17,((LC1_LF0)>>16)&0xffff
  169  00001130  26313008	addui	r17,r17,(LC1_LF0)&0xffff
  170  00001134  afb10000	sw	(r29),r17
  171  00001138  0c000510	jal	_Printf
  172  0000113c  54000000	nop; not filled.
  173  00001140  0c0005bc	jal	_Exit
  174  00001144  54000000	nop; not filled.
  175  00001148  23bd0008	addi	r29,r29,#8
  176  0000114c          	L14_LF0:
  177  0000114c  23bdfff0	addi	r29,r29,#-16
  178  00001150  8df10004	lw	r17,4(r15)
  179  00001154  afb10000	sw	(r29),r17
  180  00001158  20110000	addi	r17,r0,#0
  181  0000115c  afb10004	sw	4(r29),r17
  182  00001160  2011000a	addi	r17,r0,#10
  183  00001164  afb10008	sw	8(r29),r17
  184  00001168  0c000e40	jal	_dstrtol
  185  0000116c  54000000	nop; not filled.
  186  00001170  00016020	add	r12,r0,r1
  187  00001174  5981001f	srli	r1,r12,#0x1f
  188  00001178  01810820	add	r1,r12,r1
  189  0000117c  5c300001	srai	r16,r1,#0x1
  190  00001180  520a0001	slli	r10,r16,#0x1
  191  00001184  00104020	add	r8,r0,r16
  192  00001188  8df10004	lw	r17,4(r15)
  193  0000118c  afb10000	sw	(r29),r17
  194  00001190  20110000	addi	r17,r0,#0
  195  00001194  afb10004	sw	4(r29),r17
  196  00001198  2011000a	addi	r17,r0,#10
  197  0000119c  afb10008	sw	8(r29),r17
  198  000011a0  0c000e08	jal	_dstrtol
  199  000011a4  54000000	nop; not filled.
  200  000011a8  00016820	add	r13,r0,r1
  201  000011ac  000d3020	add	r6,r0,r13
  202  000011b0  000d4820	add	r9,r0,r13
  203  000011b4  01094020	add	r8,r8,r9
  204  000011b8  23bd0010	addi	r29,r29,#16
  205  000011bc  08000020	j	L24_LF0
  206  000011c0  54000000	nop; not filled.
  207  000011c4          	L19_LF0:
  208  000011c4  6d210000	sgti	r1,r9,#0
  209  000011c8  1020002c	beqz	r1,L16_LF0
  210  000011cc  54000000	nop; not filled.
  211  000011d0  21ce0001	addi	r14,r14,#1
  212  000011d4  214affff	addi	r10,r10,#-1
  213  000011d8  2129ffff	addi	r9,r9,#-1
  214  000011dc  2108ffff	addi	r8,r8,#-1
  215  000011e0          	L24_LF0:
  216  000011e0  6d410000	sgti	r1,r10,#0
  217  000011e4  10200010	beqz	r1,L16_LF0
  218  000011e8  54000000	nop; not filled.
  219  000011ec  6d010000	sgti	r1,r8,#0
  220  000011f0  1420ffd0	bnez	r1,L19_LF0
  221  000011f4  54000000	nop; not filled.
  222  000011f8          	L16_LF0:
  223  000011f8  0c000474	jal	_shmget
  224  000011fc  54000000	nop; not filled.
  225  00001200  00011820	add	r3,r0,r1
  226  00001204  64610000	snei	r1,r3,#0
  227  00001208  1420004c	bnez	r1,L20_LF0
  228  0000120c  54000000	nop; not filled.
  229  00001210  23bdfff8	addi	r29,r29,#-8
  230  00001214  3c110000	lhi	r17,((LC2_LF0)>>16)&0xffff
  231  00001218  26313040	addui	r17,r17,(LC2_LF0)&0xffff
  232  0000121c  afb10000	sw	(r29),r17
  233  00001220  0c000428	jal	_Printf
  234  00001224  54000000	nop; not filled.
  235  00001228  8df10000	lw	r17,(r15)
  236  0000122c  afb10000	sw	(r29),r17
  237  00001230  0c000418	jal	_Printf
  238  00001234  54000000	nop; not filled.
  239  00001238  3c110000	lhi	r17,((LC3_LF0)>>16)&0xffff
  240  0000123c  26313074	addui	r17,r17,(LC3_LF0)&0xffff
  241  00001240  afb10000	sw	(r29),r17
  242  00001244  0c000404	jal	_Printf
  243  00001248  54000000	nop; not filled.
  244  0000124c  0c0004b0	jal	_Exit
  245  00001250  54000000	nop; not filled.
  246  00001254  23bd0008	addi	r29,r29,#8
  247  00001258          	L20_LF0:
  248  00001258  23bdfff8	addi	r29,r29,#-8
  249  0000125c  afa30000	sw	(r29),r3
  250  00001260  0c000418	jal	_shmat
  251  00001264  54000000	nop; not filled.
  252  00001268  00011020	add	r2,r0,r1
  253  0000126c  23bd0008	addi	r29,r29,#8
  254  00001270  64410000	snei	r1,r2,#0
  255  00001274  1420004c	bnez	r1,L21_LF0
  256  00001278  54000000	nop; not filled.
  257  0000127c  23bdfff8	addi	r29,r29,#-8
  258  00001280  3c110000	lhi	r17,((LC4_LF0)>>16)&0xffff
  259  00001284  26313084	addui	r17,r17,(LC4_LF0)&0xffff
  260  00001288  afb10000	sw	(r29),r17
  261  0000128c  0c0003bc	jal	_Printf
  262  00001290  54000000	nop; not filled.
  263  00001294  8df10000	lw	r17,(r15)
  264  00001298  afb10000	sw	(r29),r17
  265  0000129c  0c0003ac	jal	_Printf
  266  000012a0  54000000	nop; not filled.
  267  000012a4  3c110000	lhi	r17,((LC5_LF0)>>16)&0xffff
  268  000012a8  263130bc	addui	r17,r17,(LC5_LF0)&0xffff
  269  000012ac  afb10000	sw	(r29),r17
  270  000012b0  0c000398	jal	_Printf
  271  000012b4  54000000	nop; not filled.
  272  000012b8  0c000444	jal	_Exit
  273  000012bc  54000000	nop; not filled.
  274  000012c0  23bd0008	addi	r29,r29,#8
  275  000012c4          	L21_LF0:
  276  000012c4  23bdfff8	addi	r29,r29,#-8
  277  000012c8  20110000	addi	r17,r0,#0
  278  000012cc  afb10000	sw	(r29),r17
  279  000012d0  0c0003b4	jal	_sem_create
  280  000012d4  54000000	nop; not filled.
  281  000012d8  ac410010	sw	16(r2),r1
  282  000012dc  afb10000	sw	(r29),r17
  283  000012e0  0c0003a4	jal	_sem_create
  284  000012e4  54000000	nop; not filled.
  285  000012e8  ac410008	sw	8(r2),r1
  286  000012ec  afb10000	sw	(r29),r17
  287  000012f0  0c000394	jal	_sem_create
  288  000012f4  54000000	nop; not filled.
  289  000012f8  ac410000	sw	(r2),r1
  290  000012fc  afb10000	sw	(r29),r17
  291  00001300  0c000384	jal	_sem_create
  292  00001304  54000000	nop; not filled.
  293  00001308  ac410014	sw	20(r2),r1
  294  0000130c  afb10000	sw	(r29),r17
  295  00001310  0c000374	jal	_sem_create
  296  00001314  54000000	nop; not filled.
  297  00001318  ac410004	sw	4(r2),r1
  298  0000131c  afb10000	sw	(r29),r17
  299  00001320  0c000364	jal	_sem_create
  300  00001324  54000000	nop; not filled.
  301  00001328  ac41000c	sw	12(r2),r1
  302  0000132c  2011fffc	addi	r17,r0,#-4
  303  00001330  afb10000	sw	(r29),r17
  304  00001334  0c000350	jal	_sem_create
  305  00001338  54000000	nop; not filled.
  306  0000133c  00015820	add	r11,r0,r1
  307  00001340  23bd0008	addi	r29,r29,#8
  308  00001344  6161ffff	seqi	r1,r11,#-1
  309  00001348  1020004c	beqz	r1,L22_LF0
  310  0000134c  54000000	nop; not filled.
  311  00001350  23bdfff8	addi	r29,r29,#-8
  312  00001354  3c110000	lhi	r17,((LC6_LF0)>>16)&0xffff
  313  00001358  263130cc	addui	r17,r17,(LC6_LF0)&0xffff
  314  0000135c  afb10000	sw	(r29),r17
  315  00001360  0c0002e8	jal	_Printf
  316  00001364  54000000	nop; not filled.
  317  00001368  8df10000	lw	r17,(r15)
  318  0000136c  afb10000	sw	(r29),r17
  319  00001370  0c0002d8	jal	_Printf
  320  00001374  54000000	nop; not filled.
  321  00001378  3c110000	lhi	r17,((LC7_LF0)>>16)&0xffff
  322  0000137c  263130e0	addui	r17,r17,(LC7_LF0)&0xffff
  323  00001380  afb10000	sw	(r29),r17
  324  00001384  0c0002c4	jal	_Printf
  325  00001388  54000000	nop; not filled.
  326  0000138c  0c000370	jal	_Exit
  327  00001390  54000000	nop; not filled.
  328  00001394  23bd0008	addi	r29,r29,#8
  329  00001398          	L22_LF0:
  330  00001398  23bdfff8	addi	r29,r29,#-8
  331  0000139c  afa30000	sw	(r29),r3
  332  000013a0  23c5ffe8	addi	r5,r30,#-24
  333  000013a4  afa50004	sw	4(r29),r5
  334  000013a8  0c000a74	jal	_ditoa
  335  000013ac  54000000	nop; not filled.
  336  000013b0  afab0000	sw	(r29),r11
  337  000013b4  23c4ffd8	addi	r4,r30,#-40
  338  000013b8  afa40004	sw	4(r29),r4
  339  000013bc  0c000a60	jal	_ditoa
  340  000013c0  54000000	nop; not filled.
  341  000013c4  afa60000	sw	(r29),r6
  342  000013c8  23c2ffc8	addi	r2,r30,#-56
  343  000013cc  afa20004	sw	4(r29),r2
  344  000013d0  0c000a4c	jal	_ditoa
  345  000013d4  54000000	nop; not filled.
  346  000013d8  23bdfff0	addi	r29,r29,#-16
  347  000013dc  3c030000	lhi	r3,((LC8_LF0)>>16)&0xffff
  348  000013e0  246330e4	addui	r3,r3,(LC8_LF0)&0xffff
  349  000013e4  afa30000	sw	(r29),r3
  350  000013e8  afa50004	sw	4(r29),r5
  351  000013ec  afa40008	sw	8(r29),r4
  352  000013f0  3c070000	lhi	r7,((LC9_LF0)>>16)&0xffff
  353  000013f4  24e730f8	addui	r7,r7,(LC9_LF0)&0xffff
  354  000013f8  afa7000c	sw	12(r29),r7
  355  000013fc  afa20010	sw	16(r29),r2
  356  00001400  20110000	addi	r17,r0,#0
  357  00001404  afb10014	sw	20(r29),r17
  358  00001408  0c000258	jal	_process_create
  359  0000140c  54000000	nop; not filled.
  360  00001410  afac0000	sw	(r29),r12
  361  00001414  afa20004	sw	4(r29),r2
  362  00001418  0c000a04	jal	_ditoa
  363  0000141c  54000000	nop; not filled.
  364  00001420  afa30000	sw	(r29),r3
  365  00001424  afa50004	sw	4(r29),r5
  366  00001428  afa40008	sw	8(r29),r4
  367  0000142c  3c060000	lhi	r6,((LC10_LF0)>>16)&0xffff
  368  00001430  24c630fc	addui	r6,r6,(LC10_LF0)&0xffff
  369  00001434  afa6000c	sw	12(r29),r6
  370  00001438  afa20010	sw	16(r29),r2
  371  0000143c  afb10014	sw	20(r29),r17
  372  00001440  0c000220	jal	_process_create
  373  00001444  54000000	nop; not filled.
  374  00001448  afad0000	sw	(r29),r13
  375  0000144c  afa20004	sw	4(r29),r2
  376  00001450  0c0009cc	jal	_ditoa
  377  00001454  54000000	nop; not filled.
  378  00001458  3c030000	lhi	r3,((LC11_LF0)>>16)&0xffff
  379  0000145c  24633100	addui	r3,r3,(LC11_LF0)&0xffff
  380  00001460  afa30000	sw	(r29),r3
  381  00001464  afa50004	sw	4(r29),r5
  382  00001468  afa40008	sw	8(r29),r4
  383  0000146c  afa7000c	sw	12(r29),r7
  384  00001470  afa20010	sw	16(r29),r2
  385  00001474  afb10014	sw	20(r29),r17
  386  00001478  0c0001e8	jal	_process_create
  387  0000147c  54000000	nop; not filled.
  388  00001480  afb00000	sw	(r29),r16
  389  00001484  afa20004	sw	4(r29),r2
  390  00001488  0c000994	jal	_ditoa
  391  0000148c  54000000	nop; not filled.
  392  00001490  afa30000	sw	(r29),r3
  393  00001494  afa50004	sw	4(r29),r5
  394  00001498  afa40008	sw	8(r29),r4
  395  0000149c  afa6000c	sw	12(r29),r6
  396  000014a0  afa20010	sw	16(r29),r2
  397  000014a4  afb10014	sw	20(r29),r17
  398  000014a8  0c0001b8	jal	_process_create
  399  000014ac  54000000	nop; not filled.
  400  000014b0  afae0000	sw	(r29),r14
  401  000014b4  afa20004	sw	4(r29),r2
  402  000014b8  0c000964	jal	_ditoa
  403  000014bc  54000000	nop; not filled.
  404  000014c0  afa30000	sw	(r29),r3
  405  000014c4  afa50004	sw	4(r29),r5
  406  000014c8  afa40008	sw	8(r29),r4
  407  000014cc  3c110000	lhi	r17,((LC12_LF0)>>16)&0xffff
  408  000014d0  26313110	addui	r17,r17,(LC12_LF0)&0xffff
  409  000014d4  afb1000c	sw	12(r29),r17
  410  000014d8  afa20010	sw	16(r29),r2
  411  000014dc  20110000	addi	r17,r0,#0
  412  000014e0  afb10014	sw	20(r29),r17
  413  000014e4  0c00017c	jal	_process_create
  414  000014e8  54000000	nop; not filled.
  415  000014ec  afab0000	sw	(r29),r11
  416  000014f0  0c0001a0	jal	_sem_wait
  417  000014f4  54000000	nop; not filled.
  418  000014f8  23bd0018	addi	r29,r29,#24
  419  000014fc  64210001	snei	r1,r1,#1
  420  00001500  10200050	beqz	r1,L23_LF0
  421  00001504  54000000	nop; not filled.
  422  00001508  23bdfff8	addi	r29,r29,#-8
  423  0000150c  3c110000	lhi	r17,((LC13_LF0)>>16)&0xffff
  424  00001510  26313114	addui	r17,r17,(LC13_LF0)&0xffff
  425  00001514  afb10000	sw	(r29),r17
  426  00001518  afab0004	sw	4(r29),r11
  427  0000151c  0c00012c	jal	_Printf
  428  00001520  54000000	nop; not filled.
  429  00001524  8def0000	lw	r15,(r15)
  430  00001528  afaf0000	sw	(r29),r15
  431  0000152c  0c00011c	jal	_Printf
  432  00001530  54000000	nop; not filled.
  433  00001534  3c110000	lhi	r17,((LC7_LF0)>>16)&0xffff
  434  00001538  263130e0	addui	r17,r17,(LC7_LF0)&0xffff
  435  0000153c  afb10000	sw	(r29),r17
  436  00001540  0c000108	jal	_Printf
  437  00001544  54000000	nop; not filled.
  438  00001548  0c0001b4	jal	_Exit
  439  0000154c  54000000	nop; not filled.
  440  00001550  23bd0008	addi	r29,r29,#8
  441  00001554          	L23_LF0:
  442  00001554  23bdfff8	addi	r29,r29,#-8
  443  00001558  3c110000	lhi	r17,((LC14_LF0)>>16)&0xffff
  444  0000155c  26313140	addui	r17,r17,(LC14_LF0)&0xffff
  445  00001560  afb10000	sw	(r29),r17
  446  00001564  5981001f	srli	r1,r12,#0x1f
  447  00001568  01810820	add	r1,r12,r1
  448  0000156c  2011fffe	addi	r17,r0,#-2
  449  00001570  00310824	and	r1,r1,r17
  450  00001574  01810822	sub	r1,r12,r1
  451  00001578  afa10004	sw	4(r29),r1
  452  0000157c  0c0000cc	jal	_Printf
  453  00001580  54000000	nop; not filled.
  454  00001584  3c110000	lhi	r17,((LC15_LF0)>>16)&0xffff
  455  00001588  26313158	addui	r17,r17,(LC15_LF0)&0xffff
  456  0000158c  afb10000	sw	(r29),r17
  457  00001590  afaa0004	sw	4(r29),r10
  458  00001594  0c0000b4	jal	_Printf
  459  00001598  54000000	nop; not filled.
  460  0000159c  3c110000	lhi	r17,((LC16_LF0)>>16)&0xffff
  461  000015a0  2631316c	addui	r17,r17,(LC16_LF0)&0xffff
  462  000015a4  afb10000	sw	(r29),r17
  463  000015a8  afa80004	sw	4(r29),r8
  464  000015ac  0c00009c	jal	_Printf
  465  000015b0  54000000	nop; not filled.
  466  000015b4  3c110000	lhi	r17,((LC17_LF0)>>16)&0xffff
  467  000015b8  26313180	addui	r17,r17,(LC17_LF0)&0xffff
  468  000015bc  afb10000	sw	(r29),r17
  469  000015c0  afa90004	sw	4(r29),r9
  470  000015c4  0c000084	jal	_Printf
  471  000015c8  54000000	nop; not filled.
  472  000015cc  3c110000	lhi	r17,((LC18_LF0)>>16)&0xffff
  473  000015d0  26313198	addui	r17,r17,(LC18_LF0)&0xffff
  474  000015d4  afb10000	sw	(r29),r17
  475  000015d8  afae0004	sw	4(r29),r14
  476  000015dc  0c00006c	jal	_Printf
  477  000015e0  54000000	nop; not filled.
  478  000015e4  3c110000	lhi	r17,((LC19_LF0)>>16)&0xffff
  479  000015e8  263131b0	addui	r17,r17,(LC19_LF0)&0xffff
  480  000015ec  afb10000	sw	(r29),r17
  481  000015f0  0c000058	jal	_Printf
  482  000015f4  54000000	nop; not filled.
  483  000015f8  23bd0008	addi	r29,r29,#8
  484  000015fc  0c000e48	jal	_exit
  485  00001600  54000000	nop
  486  00001604          	.endproc _main
  487                      ;;;
  488                      ;;; Stub functions for DLX traps.
  489                      ;;;
  490                      ;;; Ethan L. Miller, 1999.  Released to the public domain.
  491                      ;;;
  492                      ;;; The traps such as Open and Close
  493                      ;;; (note the capital letters) are for use by user programs.  The traps
  494                      ;;; with names such as open and close (lower case) are for use by the OS.
  495                      ;;;
  498  00001604          	.align 2
  500                      ;;; The following are the traps to be used by user-level programs
  501                      ;;;
  503  00001604          	.align 2
  504  00001604          	.proc _Open
  505  00001604          	.global _Open
  506  00001604          	_Open:
  507                      ;;; Note that trap #0x213 actually causes a trap vector in the OS of
  508                      ;;; 0x1213.  The same is true for other user traps.  Thus, a user trap
  509                      ;;; with trap #0x240 will result in a trap vector of 0x1240 in the OS.
  510  00001604  44000213	trap	#0x213
  511  00001608  4be00000	jr	r31
  512  0000160c  54000000	nop
  513  00001610          	.endproc _Open
  515  00001610          	.proc _Close
  516  00001610          	.global _Close
  517  00001610          	_Close:
  518  00001610  44000214	trap	#0x214
  519  00001614  4be00000	jr	r31
  520  00001618  54000000	nop
  521  0000161c          	.endproc _Close
  523  0000161c          	.proc _Read
  524  0000161c          	.global _Read
  525  0000161c          	_Read:
  526  0000161c  44000210	trap	#0x210
  527  00001620  4be00000	jr	r31
  528  00001624  54000000	nop
  529  00001628          	.endproc _Read
  531  00001628          	.proc _Write
  532  00001628          	.global _Write
  533  00001628          	_Write:
  534  00001628  44000211	trap	#0x211
  535  0000162c  4be00000	jr	r31
  536  00001630  54000000	nop
  537  00001634          	.endproc _Write
  539  00001634          	.proc _Lseek
  540  00001634          	.global _Lseek
  541  00001634          	_Lseek:
  542  00001634  44000212	trap	#0x212
  543  00001638  4be00000	jr	r31
  544  0000163c  54000000	nop
  545  00001640          	.endproc _Lseek
  547  00001640          	.proc _Putchar
  548  00001640          	.global _Putchar
  549  00001640          	_Putchar:
  550  00001640  44000280	trap	#0x280
  551  00001644  4be00000	jr	r31
  552  00001648  54000000	nop
  553  0000164c          	.endproc _Putchar
  555  0000164c          	.proc _Printf
  556  0000164c          	.global _Printf
  557  0000164c          	_Printf:
  558  0000164c  44000201	trap	#0x201
  559  00001650  4be00000	jr	r31
  560  00001654  54000000	nop
  561  00001658          	.endproc _Printf
  563  00001658          	.proc _getpid
  564  00001658          	.global _getpid
  565  00001658          	_getpid:
  566  00001658  44000431	trap	#0x431
  567  0000165c  4be00000	jr	r31
  568  00001660  54000000	nop
  569  00001664          	.endproc _getpid
  571  00001664          	.proc _process_create
  572  00001664          	.global _process_create
  573  00001664          	_process_create:
  574  00001664  44000432	trap	#0x432
  575  00001668  4be00000	jr	r31
  576  0000166c  54000000	nop
  577  00001670          	.endproc _process_create
  579  00001670          	.proc _shmget
  580  00001670          	.global _shmget
  581  00001670          	_shmget:
  582  00001670  44000440	trap	#0x440
  583  00001674  4be00000	jr	r31
  584  00001678  54000000	nop
  585  0000167c          	.endproc _shmget
  587  0000167c          	.proc _shmat
  588  0000167c          	.global _shmat
  589  0000167c          	_shmat:
  590  0000167c  44000441	trap	#0x441
  591  00001680  4be00000	jr	r31
  592  00001684  54000000	nop
  593  00001688          	.endproc _shmat
  595  00001688          	.proc _sem_create
  596  00001688          	.global _sem_create
  597  00001688          	_sem_create:
  598  00001688  44000450	trap	#0x450
  599  0000168c  4be00000	jr	r31
  600  00001690  54000000	nop
  601  00001694          	.endproc _sem_create
  603  00001694          	.proc _sem_wait
  604  00001694          	.global _sem_wait
  605  00001694          	_sem_wait:
  606  00001694  44000451	trap	#0x451
  607  00001698  4be00000	jr	r31
  608  0000169c  54000000	nop
  609  000016a0          	.endproc _sem_wait
  611  000016a0          	.proc _sem_signal
  612  000016a0          	.global _sem_signal
  613  000016a0          	_sem_signal:
  614  000016a0  44000452	trap	#0x452
  615  000016a4  4be00000	jr	r31
  616  000016a8  54000000	nop
  617  000016ac          	.endproc _sem_signal
  619  000016ac          	.proc _lock_create
  620  000016ac          	.global _lock_create
  621  000016ac          	_lock_create:
  622  000016ac  44000453	trap	#0x453
  623  000016b0  4be00000	jr	r31
  624  000016b4  54000000	nop
  625  000016b8          	.endproc _lock_create
  627  000016b8          	.proc _lock_acquire
  628  000016b8          	.global _lock_acquire
  629  000016b8          	_lock_acquire:
  630  000016b8  44000454	trap	#0x454
  631  000016bc  4be00000	jr	r31
  632  000016c0  54000000	nop
  633  000016c4          	.endproc _lock_acquire
  635  000016c4          	.proc _lock_release
  636  000016c4          	.global _lock_release
  637  000016c4          	_lock_release:
  638  000016c4  44000455	trap	#0x455
  639  000016c8  4be00000	jr	r31
  640  000016cc  54000000	nop
  641  000016d0          	.endproc _lock_release
  643  000016d0          	.proc _cond_create
  644  000016d0          	.global _cond_create
  645  000016d0          	_cond_create:
  646  000016d0  44000456	trap	#0x456
  647  000016d4  4be00000	jr	r31
  648  000016d8  54000000	nop
  649  000016dc          	.endproc _cond_create
  651  000016dc          	.proc _cond_wait
  652  000016dc          	.global _cond_wait
  653  000016dc          	_cond_wait:
  654  000016dc  44000457	trap	#0x457
  655  000016e0  4be00000	jr	r31
  656  000016e4  54000000	nop
  657  000016e8          	.endproc _cond_wait
  659  000016e8          	.proc _cond_signal
  660  000016e8          	.global _cond_signal
  661  000016e8          	_cond_signal:
  662  000016e8  44000458	trap	#0x458
  663  000016ec  4be00000	jr	r31
  664  000016f0  54000000	nop
  665  000016f4          	.endproc _cond_signal
  667  000016f4          	.proc _cond_broadcast
  668  000016f4          	.global _cond_broadcast
  669  000016f4          	_cond_broadcast:
  670  000016f4  44000455	trap	#0x455
  671  000016f8  4be00000	jr	r31
  672  000016fc  54000000	nop
  673  00001700          	.endproc _cond_broadcast
  675  00001700          	.proc _Exit
  676  00001700          	.global _Exit
  677  00001700          	_Exit:
  678  00001700  44000500	trap	#0x500
  679  00001704  4be00000	jr	r31
  680  00001708  54000000	nop
  681  0000170c          	.endproc _Exit
  682                      ; Compiled by GCC
  684  0000170c          	.align 2
  685  0000170c          	.proc _isspace
  686  0000170c          	.global _isspace
  687  0000170c          	_isspace:
  688                      ;  Function 'isspace'; 0 bytes of locals, 3 regs to save.
  689  0000170c  afbefffc	sw	-4(r29),r30; push fp
  690  00001710  001df020	add	r30,r0,r29; fp = sp
  691  00001714  afbffff8	sw	-8(r29),r31; push ret addr
  692  00001718  2fbd0018	subui	r29,r29,#24; alloc local storage
  693  0000171c  afa20000	sw	0(r29),r2
  694  00001720  afa30004	sw	4(r29),r3
  695  00001724  afa40008	sw	8(r29),r4
  696  00001728  83c20003	lb	r2,3(r30)
  697  0000172c  20010000	addi	r1,r0,#0
  698  00001730  304300ff	andi	r3,r2,#0x00ff
  699  00001734  60640020	seqi	r4,r3,#32
  700  00001738  1480002c	bnez	r4,L3_LF2
  701  0000173c  54000000	nop; delay slot nop
  702  00001740  304300ff	andi	r3,r2,#0x00ff
  703  00001744  60640009	seqi	r4,r3,#9
  704  00001748  1480001c	bnez	r4,L3_LF2
  705  0000174c  54000000	nop; delay slot nop
  706  00001750  304300ff	andi	r3,r2,#0x00ff
  707  00001754  6064000a	seqi	r4,r3,#10
  708  00001758  1480000c	bnez	r4,L3_LF2
  709  0000175c  54000000	nop; delay slot nop
  710  00001760  08000008	j	L2_LF2
  711  00001764  54000000	nop; delay slot nop
  712  00001768          	L3_LF2:
  713  00001768  20010001	addi	r1,r0,#1
  714  0000176c          	L2_LF2:
  715  0000176c  08000004	j	L1_LF2
  716  00001770  54000000	nop; delay slot nop
  717  00001774          	L1_LF2:
  718  00001774  8fa20000	lw	r2,0(r29)
  719  00001778  8fa30004	lw	r3,4(r29)
  720  0000177c  8fa40008	lw	r4,8(r29)
  721  00001780  8fdffff8	lw	r31,-8(r30)
  722  00001784  001ee820	add	r29,r0,r30
  723  00001788  8fdefffc	lw	r30,-4(r30)
  724  0000178c  4be00000	jr	r31
  725  00001790  54000000	nop
  726  00001794          	.endproc _isspace
  727  00001794          	.align 2
  728  00001794          	.proc _isxdigit
  729  00001794          	.global _isxdigit
  730  00001794          	_isxdigit:
  731                      ;  Function 'isxdigit'; 0 bytes of locals, 3 regs to save.
  732  00001794  afbefffc	sw	-4(r29),r30; push fp
  733  00001798  001df020	add	r30,r0,r29; fp = sp
  734  0000179c  afbffff8	sw	-8(r29),r31; push ret addr
  735  000017a0  2fbd0018	subui	r29,r29,#24; alloc local storage
  736  000017a4  afa20000	sw	0(r29),r2
  737  000017a8  afa30004	sw	4(r29),r3
  738  000017ac  afa40008	sw	8(r29),r4
  739  000017b0  83c20003	lb	r2,3(r30)
  740  000017b4  20010000	addi	r1,r0,#0
  741  000017b8  304300ff	andi	r3,r2,#0x00ff
  742  000017bc  6c64002f	sgtui	r4,r3,#47
  743  000017c0  1080001c	beqz	r4,L7_LF2
  744  000017c4  54000000	nop; delay slot nop
  745  000017c8  304300ff	andi	r3,r2,#0x00ff
  746  000017cc  70640039	sleui	r4,r3,#57
  747  000017d0  1480005c	bnez	r4,L6_LF2
  748  000017d4  54000000	nop; delay slot nop
  749  000017d8  08000004	j	L7_LF2
  750  000017dc  54000000	nop; delay slot nop
  751  000017e0          	L7_LF2:
  752  000017e0  304300ff	andi	r3,r2,#0x00ff
  753  000017e4  6c640060	sgtui	r4,r3,#96
  754  000017e8  1080001c	beqz	r4,L8_LF2
  755  000017ec  54000000	nop; delay slot nop
  756  000017f0  304300ff	andi	r3,r2,#0x00ff
  757  000017f4  70640066	sleui	r4,r3,#102
  758  000017f8  14800034	bnez	r4,L6_LF2
  759  000017fc  54000000	nop; delay slot nop
  760  00001800  08000004	j	L8_LF2
  761  00001804  54000000	nop; delay slot nop
  762  00001808          	L8_LF2:
  763  00001808  304300ff	andi	r3,r2,#0x00ff
  764  0000180c  6c640040	sgtui	r4,r3,#64
  765  00001810  10800020	beqz	r4,L5_LF2
  766  00001814  54000000	nop; delay slot nop
  767  00001818  304300ff	andi	r3,r2,#0x00ff
  768  0000181c  70640041	sleui	r4,r3,#65
  769  00001820  1480000c	bnez	r4,L6_LF2
  770  00001824  54000000	nop; delay slot nop
  771  00001828  08000008	j	L5_LF2
  772  0000182c  54000000	nop; delay slot nop
  773  00001830          	L6_LF2:
  774  00001830  20010001	addi	r1,r0,#1
  775  00001834          	L5_LF2:
  776  00001834  08000004	j	L4_LF2
  777  00001838  54000000	nop; delay slot nop
  778  0000183c          	L4_LF2:
  779  0000183c  8fa20000	lw	r2,0(r29)
  780  00001840  8fa30004	lw	r3,4(r29)
  781  00001844  8fa40008	lw	r4,8(r29)
  782  00001848  8fdffff8	lw	r31,-8(r30)
  783  0000184c  001ee820	add	r29,r0,r30
  784  00001850  8fdefffc	lw	r30,-4(r30)
  785  00001854  4be00000	jr	r31
  786  00001858  54000000	nop
  787  0000185c          	.endproc _isxdigit
  788  0000185c          	.align 2
  789  0000185c          	.proc _dstrcpy
  790  0000185c          	.global _dstrcpy
  791  0000185c          	_dstrcpy:
  792                      ;  Function 'dstrcpy'; 8 bytes of locals, 2 regs to save.
  793  0000185c  afbefffc	sw	-4(r29),r30; push fp
  794  00001860  001df020	add	r30,r0,r29; fp = sp
  795  00001864  afbffff8	sw	-8(r29),r31; push ret addr
  796  00001868  2fbd0018	subui	r29,r29,#24; alloc local storage
  797  0000186c  afa20000	sw	0(r29),r2
  798  00001870  afa30004	sw	4(r29),r3
  799  00001874  8fc10000	lw	r1,(r30)
  800  00001878  afc1fff4	sw	-12(r30),r1
  801  0000187c          	L10_LF2:
  802  0000187c  8fc10000	lw	r1,(r30)
  803  00001880  20220001	addi	r2,r1,#1
  804  00001884  afc20000	sw	(r30),r2
  805  00001888  8fc20004	lw	r2,4(r30)
  806  0000188c  20430001	addi	r3,r2,#1
  807  00001890  afc30004	sw	4(r30),r3
  808  00001894  80420000	lb	r2,(r2)
  809  00001898  a0220000	sb	(r1),r2
  810  0000189c  a3c2fff3	sb	-13(r30),r2
  811  000018a0          	L12_LF2:
  812  000018a0  93c1fff3	lbu	r1,-13(r30)
  813  000018a4  64220000	snei	r2,r1,#0
  814  000018a8  1440000c	bnez	r2,L13_LF2
  815  000018ac  54000000	nop; delay slot nop
  816  000018b0  0800000c	j	L11_LF2
  817  000018b4  54000000	nop; delay slot nop
  818  000018b8          	L13_LF2:
  819  000018b8  0bffffc0	j	L10_LF2
  820  000018bc  54000000	nop; delay slot nop
  821  000018c0          	L11_LF2:
  822  000018c0  8fc1fff4	lw	r1,-12(r30)
  823  000018c4  08000004	j	L9_LF2
  824  000018c8  54000000	nop; delay slot nop
  825  000018cc          	L9_LF2:
  826  000018cc  8fa20000	lw	r2,0(r29)
  827  000018d0  8fa30004	lw	r3,4(r29)
  828  000018d4  8fdffff8	lw	r31,-8(r30)
  829  000018d8  001ee820	add	r29,r0,r30
  830  000018dc  8fdefffc	lw	r30,-4(r30)
  831  000018e0  4be00000	jr	r31
  832  000018e4  54000000	nop
  833  000018e8          	.endproc _dstrcpy
  834  000018e8          	.align 2
  835  000018e8          	.proc _dstrncpy
  836  000018e8          	.global _dstrncpy
  837  000018e8          	_dstrncpy:
  838                      ;  Function 'dstrncpy'; 8 bytes of locals, 2 regs to save.
  839  000018e8  afbefffc	sw	-4(r29),r30; push fp
  840  000018ec  001df020	add	r30,r0,r29; fp = sp
  841  000018f0  afbffff8	sw	-8(r29),r31; push ret addr
  842  000018f4  2fbd0018	subui	r29,r29,#24; alloc local storage
  843  000018f8  afa20000	sw	0(r29),r2
  844  000018fc  afa30004	sw	4(r29),r3
  845  00001900  8fc10000	lw	r1,(r30)
  846  00001904  afc1fff4	sw	-12(r30),r1
  847  00001908          	L15_LF2:
  848  00001908  8fc10008	lw	r1,8(r30)
  849  0000190c  2022ffff	addi	r2,r1,#-1
  850  00001910  afc20008	sw	8(r30),r2
  851  00001914  70210000	slei	r1,r1,#0
  852  00001918  1020000c	beqz	r1,L18_LF2
  853  0000191c  54000000	nop; delay slot nop
  854  00001920  08000048	j	L16_LF2
  855  00001924  54000000	nop; delay slot nop
  856  00001928          	L18_LF2:
  857  00001928  8fc10000	lw	r1,(r30)
  858  0000192c  20220001	addi	r2,r1,#1
  859  00001930  afc20000	sw	(r30),r2
  860  00001934  8fc20004	lw	r2,4(r30)
  861  00001938  20430001	addi	r3,r2,#1
  862  0000193c  afc30004	sw	4(r30),r3
  863  00001940  80420000	lb	r2,(r2)
  864  00001944  a0220000	sb	(r1),r2
  865  00001948  a3c2fff3	sb	-13(r30),r2
  866  0000194c          	L17_LF2:
  867  0000194c  93c1fff3	lbu	r1,-13(r30)
  868  00001950  64220000	snei	r2,r1,#0
  869  00001954  1440000c	bnez	r2,L19_LF2
  870  00001958  54000000	nop; delay slot nop
  871  0000195c  0800000c	j	L16_LF2
  872  00001960  54000000	nop; delay slot nop
  873  00001964          	L19_LF2:
  874  00001964  0bffffa0	j	L15_LF2
  875  00001968  54000000	nop; delay slot nop
  876  0000196c          	L16_LF2:
  877  0000196c  8fc1fff4	lw	r1,-12(r30)
  878  00001970  08000004	j	L14_LF2
  879  00001974  54000000	nop; delay slot nop
  880  00001978          	L14_LF2:
  881  00001978  8fa20000	lw	r2,0(r29)
  882  0000197c  8fa30004	lw	r3,4(r29)
  883  00001980  8fdffff8	lw	r31,-8(r30)
  884  00001984  001ee820	add	r29,r0,r30
  885  00001988  8fdefffc	lw	r30,-4(r30)
  886  0000198c  4be00000	jr	r31
  887  00001990  54000000	nop
  888  00001994          	.endproc _dstrncpy
  889  00001994          	.align 2
  890  00001994          	.proc _dstrcat
  891  00001994          	.global _dstrcat
  892  00001994          	_dstrcat:
  893                      ;  Function 'dstrcat'; 8 bytes of locals, 1 regs to save.
  894  00001994  afbefffc	sw	-4(r29),r30; push fp
  895  00001998  001df020	add	r30,r0,r29; fp = sp
  896  0000199c  afbffff8	sw	-8(r29),r31; push ret addr
  897  000019a0  2fbd0018	subui	r29,r29,#24; alloc local storage
  898  000019a4  afa20000	sw	0(r29),r2
  899  000019a8  8fc10000	lw	r1,(r30)
  900  000019ac  afc1fff4	sw	-12(r30),r1
  901  000019b0          	L21_LF2:
  902  000019b0  8fc10000	lw	r1,(r30)
  903  000019b4  90220000	lbu	r2,(r1)
  904  000019b8  64410000	snei	r1,r2,#0
  905  000019bc  1420000c	bnez	r1,L23_LF2
  906  000019c0  54000000	nop; delay slot nop
  907  000019c4  0800001c	j	L22_LF2
  908  000019c8  54000000	nop; delay slot nop
  909  000019cc          	L23_LF2:
  910  000019cc  8fc20000	lw	r2,(r30)
  911  000019d0  20410001	addi	r1,r2,#1
  912  000019d4  00011020	add	r2,r0,r1
  913  000019d8  afc20000	sw	(r30),r2
  914  000019dc  0bffffd0	j	L21_LF2
  915  000019e0  54000000	nop; delay slot nop
  916  000019e4          	L22_LF2:
  917  000019e4  23bdfff8	addi	r29,r29,#-8
  918  000019e8  001d0820	add	r1,r0,r29
  919  000019ec  8fc20000	lw	r2,(r30)
  920  000019f0  ac220000	sw	(r1),r2
  921  000019f4  8fc20004	lw	r2,4(r30)
  922  000019f8  ac220004	sw	4(r1),r2
  923  000019fc  0ffffe5c	jal	_dstrcpy
  924  00001a00  54000000	nop; delay slot nop
  925  00001a04  23bd0008	addi	r29,r29,#8
  926  00001a08  8fc1fff4	lw	r1,-12(r30)
  927  00001a0c  08000004	j	L20_LF2
  928  00001a10  54000000	nop; delay slot nop
  929  00001a14          	L20_LF2:
  930  00001a14  8fa20000	lw	r2,0(r29)
  931  00001a18  8fdffff8	lw	r31,-8(r30)
  932  00001a1c  001ee820	add	r29,r0,r30
  933  00001a20  8fdefffc	lw	r30,-4(r30)
  934  00001a24  4be00000	jr	r31
  935  00001a28  54000000	nop
  936  00001a2c          	.endproc _dstrcat
  937  00001a2c          	.align 2
  938  00001a2c          	.proc _dstrncmp
  939  00001a2c          	.global _dstrncmp
  940  00001a2c          	_dstrncmp:
  941                      ;  Function 'dstrncmp'; 8 bytes of locals, 2 regs to save.
  942  00001a2c  afbefffc	sw	-4(r29),r30; push fp
  943  00001a30  001df020	add	r30,r0,r29; fp = sp
  944  00001a34  afbffff8	sw	-8(r29),r31; push ret addr
  945  00001a38  2fbd0018	subui	r29,r29,#24; alloc local storage
  946  00001a3c  afa20000	sw	0(r29),r2
  947  00001a40  afa30004	sw	4(r29),r3
  948  00001a44  54000000	nop
  949  00001a48  20010000	addi	r1,r0,#0
  950  00001a4c  afc1fff4	sw	-12(r30),r1
  951  00001a50          	L25_LF2:
  952  00001a50  8fc1fff4	lw	r1,-12(r30)
  953  00001a54  8fc20008	lw	r2,8(r30)
  954  00001a58  0022082a	slt	r1,r1,r2
  955  00001a5c  1420000c	bnez	r1,L28_LF2
  956  00001a60  54000000	nop; delay slot nop
  957  00001a64  08000088	j	L26_LF2
  958  00001a68  54000000	nop; delay slot nop
  959  00001a6c          	L28_LF2:
  960  00001a6c  8fc10004	lw	r1,4(r30)
  961  00001a70  90220000	lbu	r2,(r1)
  962  00001a74  64410000	snei	r1,r2,#0
  963  00001a78  14200018	bnez	r1,L29_LF2
  964  00001a7c  54000000	nop; delay slot nop
  965  00001a80  20010000	addi	r1,r0,#0
  966  00001a84  080000d8	j	L24_LF2
  967  00001a88  54000000	nop; delay slot nop
  968  00001a8c  08000028	j	L30_LF2
  969  00001a90  54000000	nop; delay slot nop
  970  00001a94          	L29_LF2:
  971  00001a94  8fc10000	lw	r1,(r30)
  972  00001a98  8fc20004	lw	r2,4(r30)
  973  00001a9c  90210000	lbu	r1,(r1)
  974  00001aa0  90420000	lbu	r2,(r2)
  975  00001aa4  00220829	sne	r1,r1,r2
  976  00001aa8  1020000c	beqz	r1,L30_LF2
  977  00001aac  54000000	nop; delay slot nop
  978  00001ab0  0800003c	j	L26_LF2
  979  00001ab4  54000000	nop; delay slot nop
  980  00001ab8          	L31_LF2:
  981  00001ab8          	L30_LF2:
  982  00001ab8  8fc20000	lw	r2,(r30)
  983  00001abc  20410001	addi	r1,r2,#1
  984  00001ac0  00011020	add	r2,r0,r1
  985  00001ac4  afc20000	sw	(r30),r2
  986  00001ac8  8fc20004	lw	r2,4(r30)
  987  00001acc  20410001	addi	r1,r2,#1
  988  00001ad0  00011020	add	r2,r0,r1
  989  00001ad4  afc20004	sw	4(r30),r2
  990  00001ad8          	L27_LF2:
  991  00001ad8  8fc2fff4	lw	r2,-12(r30)
  992  00001adc  20410001	addi	r1,r2,#1
  993  00001ae0  00011020	add	r2,r0,r1
  994  00001ae4  afc2fff4	sw	-12(r30),r2
  995  00001ae8  0bffff64	j	L25_LF2
  996  00001aec  54000000	nop; delay slot nop
  997  00001af0          	L26_LF2:
  998  00001af0  8fc1fff4	lw	r1,-12(r30)
  999  00001af4  8fc20008	lw	r2,8(r30)
 1000  00001af8  00220828	seq	r1,r1,r2
 1001  00001afc  10200018	beqz	r1,L32_LF2
 1002  00001b00  54000000	nop; delay slot nop
 1003  00001b04  20010000	addi	r1,r0,#0
 1004  00001b08  08000054	j	L24_LF2
 1005  00001b0c  54000000	nop; delay slot nop
 1006  00001b10  0800004c	j	L33_LF2
 1007  00001b14  54000000	nop; delay slot nop
 1008  00001b18          	L32_LF2:
 1009  00001b18  8fc20000	lw	r2,(r30)
 1010  00001b1c  90410000	lbu	r1,(r2)
 1011  00001b20  8fc20004	lw	r2,4(r30)
 1012  00001b24  90430000	lbu	r3,(r2)
 1013  00001b28  00230822	sub	r1,r1,r3
 1014  00001b2c  74220000	sgei	r2,r1,#0
 1015  00001b30  10400020	beqz	r2,L34_LF2
 1016  00001b34  54000000	nop; delay slot nop
 1017  00001b38  8fc10000	lw	r1,(r30)
 1018  00001b3c  8fc20004	lw	r2,4(r30)
 1019  00001b40  90210000	lbu	r1,(r1)
 1020  00001b44  90420000	lbu	r2,(r2)
 1021  00001b48  00220829	sne	r1,r1,r2
 1022  00001b4c  08000008	j	L35_LF2
 1023  00001b50  54000000	nop; delay slot nop
 1024  00001b54          	L34_LF2:
 1025  00001b54  2001ffff	addi	r1,r0,#-1
 1026  00001b58          	L35_LF2:
 1027  00001b58  08000004	j	L24_LF2
 1028  00001b5c  54000000	nop; delay slot nop
 1029  00001b60          	L33_LF2:
 1030  00001b60          	L24_LF2:
 1031  00001b60  8fa20000	lw	r2,0(r29)
 1032  00001b64  8fa30004	lw	r3,4(r29)
 1033  00001b68  8fdffff8	lw	r31,-8(r30)
 1034  00001b6c  001ee820	add	r29,r0,r30
 1035  00001b70  8fdefffc	lw	r30,-4(r30)
 1036  00001b74  4be00000	jr	r31
 1037  00001b78  54000000	nop
 1038  00001b7c          	.endproc _dstrncmp
 1039  00001b7c          	.align 2
 1040  00001b7c          	.proc _dstrlen
 1041  00001b7c          	.global _dstrlen
 1042  00001b7c          	_dstrlen:
 1043                      ;  Function 'dstrlen'; 8 bytes of locals, 1 regs to save.
 1044  00001b7c  afbefffc	sw	-4(r29),r30; push fp
 1045  00001b80  001df020	add	r30,r0,r29; fp = sp
 1046  00001b84  afbffff8	sw	-8(r29),r31; push ret addr
 1047  00001b88  2fbd0018	subui	r29,r29,#24; alloc local storage
 1048  00001b8c  afa20000	sw	0(r29),r2
 1049  00001b90  20010000	addi	r1,r0,#0
 1050  00001b94  afc1fff4	sw	-12(r30),r1
 1051  00001b98          	L37_LF2:
 1052  00001b98  8fc10000	lw	r1,(r30)
 1053  00001b9c  20220001	addi	r2,r1,#1
 1054  00001ba0  afc20000	sw	(r30),r2
 1055  00001ba4  90210000	lbu	r1,(r1)
 1056  00001ba8  64220000	snei	r2,r1,#0
 1057  00001bac  1440000c	bnez	r2,L39_LF2
 1058  00001bb0  54000000	nop; delay slot nop
 1059  00001bb4  0800001c	j	L38_LF2
 1060  00001bb8  54000000	nop; delay slot nop
 1061  00001bbc          	L39_LF2:
 1062  00001bbc  8fc2fff4	lw	r2,-12(r30)
 1063  00001bc0  20410001	addi	r1,r2,#1
 1064  00001bc4  00011020	add	r2,r0,r1
 1065  00001bc8  afc2fff4	sw	-12(r30),r2
 1066  00001bcc  0bffffc8	j	L37_LF2
 1067  00001bd0  54000000	nop; delay slot nop
 1068  00001bd4          	L38_LF2:
 1069  00001bd4  8fc1fff4	lw	r1,-12(r30)
 1070  00001bd8  08000004	j	L36_LF2
 1071  00001bdc  54000000	nop; delay slot nop
 1072  00001be0          	L36_LF2:
 1073  00001be0  8fa20000	lw	r2,0(r29)
 1074  00001be4  8fdffff8	lw	r31,-8(r30)
 1075  00001be8  001ee820	add	r29,r0,r30
 1076  00001bec  8fdefffc	lw	r30,-4(r30)
 1077  00001bf0  4be00000	jr	r31
 1078  00001bf4  54000000	nop
 1079  00001bf8          	.endproc _dstrlen
 1080  00001bf8          	.align 2
 1081  00001bf8          	.proc _dstrstr
 1082  00001bf8          	.global _dstrstr
 1083  00001bf8          	_dstrstr:
 1084                      ;  Function 'dstrstr'; 8 bytes of locals, 1 regs to save.
 1085  00001bf8  afbefffc	sw	-4(r29),r30; push fp
 1086  00001bfc  001df020	add	r30,r0,r29; fp = sp
 1087  00001c00  afbffff8	sw	-8(r29),r31; push ret addr
 1088  00001c04  2fbd0018	subui	r29,r29,#24; alloc local storage
 1089  00001c08  afa20000	sw	0(r29),r2
 1090  00001c0c  23bdfff8	addi	r29,r29,#-8
 1091  00001c10  001d0820	add	r1,r0,r29
 1092  00001c14  8fc20004	lw	r2,4(r30)
 1093  00001c18  ac220000	sw	(r1),r2
 1094  00001c1c  0fffff5c	jal	_dstrlen
 1095  00001c20  54000000	nop; delay slot nop
 1096  00001c24  23bd0008	addi	r29,r29,#8
 1097  00001c28  afc1fff4	sw	-12(r30),r1
 1098  00001c2c          	L41_LF2:
 1099  00001c2c  8fc10000	lw	r1,(r30)
 1100  00001c30  90220000	lbu	r2,(r1)
 1101  00001c34  64410000	snei	r1,r2,#0
 1102  00001c38  1420000c	bnez	r1,L43_LF2
 1103  00001c3c  54000000	nop; delay slot nop
 1104  00001c40  08000060	j	L42_LF2
 1105  00001c44  54000000	nop; delay slot nop
 1106  00001c48          	L43_LF2:
 1107  00001c48  23bdfff0	addi	r29,r29,#-16
 1108  00001c4c  001d0820	add	r1,r0,r29
 1109  00001c50  8fc20000	lw	r2,(r30)
 1110  00001c54  ac220000	sw	(r1),r2
 1111  00001c58  8fc20004	lw	r2,4(r30)
 1112  00001c5c  ac220004	sw	4(r1),r2
 1113  00001c60  8fc2fff4	lw	r2,-12(r30)
 1114  00001c64  ac220008	sw	8(r1),r2
 1115  00001c68  0ffffdc0	jal	_dstrncmp
 1116  00001c6c  54000000	nop; delay slot nop
 1117  00001c70  23bd0010	addi	r29,r29,#16
 1118  00001c74  64220000	snei	r2,r1,#0
 1119  00001c78  14400010	bnez	r2,L44_LF2
 1120  00001c7c  54000000	nop; delay slot nop
 1121  00001c80  8fc10000	lw	r1,(r30)
 1122  00001c84  08000028	j	L40_LF2
 1123  00001c88  54000000	nop; delay slot nop
 1124  00001c8c          	L44_LF2:
 1125  00001c8c  8fc20000	lw	r2,(r30)
 1126  00001c90  20410001	addi	r1,r2,#1
 1127  00001c94  00011020	add	r2,r0,r1
 1128  00001c98  afc20000	sw	(r30),r2
 1129  00001c9c  0bffff8c	j	L41_LF2
 1130  00001ca0  54000000	nop; delay slot nop
 1131  00001ca4          	L42_LF2:
 1132  00001ca4  20010000	addi	r1,r0,#0
 1133  00001ca8  08000004	j	L40_LF2
 1134  00001cac  54000000	nop; delay slot nop
 1135  00001cb0          	L40_LF2:
 1136  00001cb0  8fa20000	lw	r2,0(r29)
 1137  00001cb4  8fdffff8	lw	r31,-8(r30)
 1138  00001cb8  001ee820	add	r29,r0,r30
 1139  00001cbc  8fdefffc	lw	r30,-4(r30)
 1140  00001cc0  4be00000	jr	r31
 1141  00001cc4  54000000	nop
 1142  00001cc8          	.endproc _dstrstr
 1143  00001cc8          	.align 2
 1144  00001cc8          	.proc _dmindex
 1145  00001cc8          	.global _dmindex
 1146  00001cc8          	_dmindex:
 1147                      ;  Function 'dmindex'; 8 bytes of locals, 1 regs to save.
 1148  00001cc8  afbefffc	sw	-4(r29),r30; push fp
 1149  00001ccc  001df020	add	r30,r0,r29; fp = sp
 1150  00001cd0  afbffff8	sw	-8(r29),r31; push ret addr
 1151  00001cd4  2fbd0018	subui	r29,r29,#24; alloc local storage
 1152  00001cd8  afa20000	sw	0(r29),r2
 1153  00001cdc  54000000	nop
 1154  00001ce0          	L46_LF2:
 1155  00001ce0  8fc10000	lw	r1,(r30)
 1156  00001ce4  90220000	lbu	r2,(r1)
 1157  00001ce8  64410000	snei	r1,r2,#0
 1158  00001cec  1420000c	bnez	r1,L48_LF2
 1159  00001cf0  54000000	nop; delay slot nop
 1160  00001cf4  08000070	j	L47_LF2
 1161  00001cf8  54000000	nop; delay slot nop
 1162  00001cfc          	L48_LF2:
 1163  00001cfc  8fc10004	lw	r1,4(r30)
 1164  00001d00  afc1fff4	sw	-12(r30),r1
 1165  00001d04          	L49_LF2:
 1166  00001d04  8fc1fff4	lw	r1,-12(r30)
 1167  00001d08  90220000	lbu	r2,(r1)
 1168  00001d0c  64410000	snei	r1,r2,#0
 1169  00001d10  1420000c	bnez	r1,L52_LF2
 1170  00001d14  54000000	nop; delay slot nop
 1171  00001d18  08000044	j	L50_LF2
 1172  00001d1c  54000000	nop; delay slot nop
 1173  00001d20          	L52_LF2:
 1174  00001d20  8fc10000	lw	r1,(r30)
 1175  00001d24  8fc2fff4	lw	r2,-12(r30)
 1176  00001d28  90210000	lbu	r1,(r1)
 1177  00001d2c  90420000	lbu	r2,(r2)
 1178  00001d30  00220828	seq	r1,r1,r2
 1179  00001d34  10200010	beqz	r1,L51_LF2
 1180  00001d38  54000000	nop; delay slot nop
 1181  00001d3c  8fc10000	lw	r1,(r30)
 1182  00001d40  08000030	j	L45_LF2
 1183  00001d44  54000000	nop; delay slot nop
 1184  00001d48          	L53_LF2:
 1185  00001d48          	L51_LF2:
 1186  00001d48  8fc2fff4	lw	r2,-12(r30)
 1187  00001d4c  20410001	addi	r1,r2,#1
 1188  00001d50  00011020	add	r2,r0,r1
 1189  00001d54  afc2fff4	sw	-12(r30),r2
 1190  00001d58  0bffffa8	j	L49_LF2
 1191  00001d5c  54000000	nop; delay slot nop
 1192  00001d60          	L50_LF2:
 1193  00001d60  0bffff7c	j	L46_LF2
 1194  00001d64  54000000	nop; delay slot nop
 1195  00001d68          	L47_LF2:
 1196  00001d68  20010000	addi	r1,r0,#0
 1197  00001d6c  08000004	j	L45_LF2
 1198  00001d70  54000000	nop; delay slot nop
 1199  00001d74          	L45_LF2:
 1200  00001d74  8fa20000	lw	r2,0(r29)
 1201  00001d78  8fdffff8	lw	r31,-8(r30)
 1202  00001d7c  001ee820	add	r29,r0,r30
 1203  00001d80  8fdefffc	lw	r30,-4(r30)
 1204  00001d84  4be00000	jr	r31
 1205  00001d88  54000000	nop
 1206  00001d8c          	.endproc _dmindex
 1207  00001d8c          	.align 2
 1208  00001d8c          	.proc _dindex
 1209  00001d8c          	.global _dindex
 1210  00001d8c          	_dindex:
 1211                      ;  Function 'dindex'; 0 bytes of locals, 1 regs to save.
 1212  00001d8c  afbefffc	sw	-4(r29),r30; push fp
 1213  00001d90  001df020	add	r30,r0,r29; fp = sp
 1214  00001d94  afbffff8	sw	-8(r29),r31; push ret addr
 1215  00001d98  2fbd0010	subui	r29,r29,#16; alloc local storage
 1216  00001d9c  afa20000	sw	0(r29),r2
 1217  00001da0  54000000	nop
 1218  00001da4          	L55_LF2:
 1219  00001da4  8fc10000	lw	r1,(r30)
 1220  00001da8  90220000	lbu	r2,(r1)
 1221  00001dac  64410000	snei	r1,r2,#0
 1222  00001db0  1420000c	bnez	r1,L57_LF2
 1223  00001db4  54000000	nop; delay slot nop
 1224  00001db8  08000040	j	L56_LF2
 1225  00001dbc  54000000	nop; delay slot nop
 1226  00001dc0          	L57_LF2:
 1227  00001dc0  8fc10000	lw	r1,(r30)
 1228  00001dc4  90220000	lbu	r2,(r1)
 1229  00001dc8  8fc10004	lw	r1,4(r30)
 1230  00001dcc  00411028	seq	r2,r2,r1
 1231  00001dd0  10400010	beqz	r2,L58_LF2
 1232  00001dd4  54000000	nop; delay slot nop
 1233  00001dd8  8fc10000	lw	r1,(r30)
 1234  00001ddc  08000028	j	L54_LF2
 1235  00001de0  54000000	nop; delay slot nop
 1236  00001de4          	L58_LF2:
 1237  00001de4  8fc20000	lw	r2,(r30)
 1238  00001de8  20410001	addi	r1,r2,#1
 1239  00001dec  00011020	add	r2,r0,r1
 1240  00001df0  afc20000	sw	(r30),r2
 1241  00001df4  0bffffac	j	L55_LF2
 1242  00001df8  54000000	nop; delay slot nop
 1243  00001dfc          	L56_LF2:
 1244  00001dfc  20010000	addi	r1,r0,#0
 1245  00001e00  08000004	j	L54_LF2
 1246  00001e04  54000000	nop; delay slot nop
 1247  00001e08          	L54_LF2:
 1248  00001e08  8fa20000	lw	r2,0(r29)
 1249  00001e0c  8fdffff8	lw	r31,-8(r30)
 1250  00001e10  001ee820	add	r29,r0,r30
 1251  00001e14  8fdefffc	lw	r30,-4(r30)
 1252  00001e18  4be00000	jr	r31
 1253  00001e1c  54000000	nop
 1254  00001e20          	.endproc _dindex
 1255  00001e20          	.align 2
 1256  00001e20          	.proc _ditoa
 1257  00001e20          	.global _ditoa
 1258  00001e20          	_ditoa:
 1259                      ;  Function 'ditoa'; 8 bytes of locals, 2 regs to save.
 1260  00001e20  afbefffc	sw	-4(r29),r30; push fp
 1261  00001e24  001df020	add	r30,r0,r29; fp = sp
 1262  00001e28  afbffff8	sw	-8(r29),r31; push ret addr
 1263  00001e2c  2fbd0018	subui	r29,r29,#24; alloc local storage
 1264  00001e30  afa20000	sw	0(r29),r2
 1265  00001e34  afa30004	sw	4(r29),r3
 1266  00001e38  8fc10000	lw	r1,(r30)
 1267  00001e3c  68220000	slti	r2,r1,#0
 1268  00001e40  1040002c	beqz	r2,L60_LF2
 1269  00001e44  54000000	nop; delay slot nop
 1270  00001e48  8fc10004	lw	r1,4(r30)
 1271  00001e4c  20220001	addi	r2,r1,#1
 1272  00001e50  afc20004	sw	4(r30),r2
 1273  00001e54  2002002d	addi	r2,r0,(#0x2d)&0xff
 1274  00001e58  a0220000	sb	(r1),r2
 1275  00001e5c  8fc10000	lw	r1,(r30)
 1276  00001e60  00011022	sub	r2,r0,r1
 1277  00001e64  afc20000	sw	(r30),r2
 1278  00001e68  08000118	j	L61_LF2
 1279  00001e6c  54000000	nop; delay slot nop
 1280  00001e70          	L60_LF2:
 1281  00001e70  8fc10000	lw	r1,(r30)
 1282  00001e74  64220000	snei	r2,r1,#0
 1283  00001e78  14400020	bnez	r2,L62_LF2
 1284  00001e7c  54000000	nop; delay slot nop
 1285  00001e80  8fc10004	lw	r1,4(r30)
 1286  00001e84  20220001	addi	r2,r1,#1
 1287  00001e88  afc20004	sw	4(r30),r2
 1288  00001e8c  20020030	addi	r2,r0,(#0x30)&0xff
 1289  00001e90  a0220000	sb	(r1),r2
 1290  00001e94  080000ec	j	L61_LF2
 1291  00001e98  54000000	nop; delay slot nop
 1292  00001e9c          	L62_LF2:
 1293  00001e9c  20010001	addi	r1,r0,#1
 1294  00001ea0  afc1fff4	sw	-12(r30),r1
 1295  00001ea4          	L64_LF2:
 1296  00001ea4  8fc1fff4	lw	r1,-12(r30)
 1297  00001ea8  8fc20000	lw	r2,(r30)
 1298  00001eac  0022082c	sle	r1,r1,r2
 1299  00001eb0  1420000c	bnez	r1,L66_LF2
 1300  00001eb4  54000000	nop; delay slot nop
 1301  00001eb8  08000024	j	L65_LF2
 1302  00001ebc  54000000	nop; delay slot nop
 1303  00001ec0          	L67_LF2:
 1304  00001ec0          	L66_LF2:
 1305  00001ec0  8fc1fff4	lw	r1,-12(r30)
 1306  00001ec4  00011820	add	r3,r0,r1
 1307  00001ec8  50620002	slli	r2,r3,#0x2
 1308  00001ecc  00411020	add	r2,r2,r1
 1309  00001ed0  50410001	slli	r1,r2,#0x1
 1310  00001ed4  afc1fff4	sw	-12(r30),r1
 1311  00001ed8  0bffffc8	j	L64_LF2
 1312  00001edc  54000000	nop; delay slot nop
 1313  00001ee0          	L65_LF2:
 1314  00001ee0  54000000	nop
 1315  00001ee4          	L68_LF2:
 1316  00001ee4  8fc1fff4	lw	r1,-12(r30)
 1317  00001ee8  2002000a	addi	r2,r0,#10
 1318  00001eec  00200035	movi2fp	f0,r1
 1319  00001ef0  00400835	movi2fp	f1,r2
 1320  00001ef4  0401000f	div	f0,f0,f1
 1321  00001ef8  00000834	movfp2i	r1,f0
 1322  00001efc  afc1fff4	sw	-12(r30),r1
 1323  00001f00  8fc10004	lw	r1,4(r30)
 1324  00001f04  20220001	addi	r2,r1,#1
 1325  00001f08  afc20004	sw	4(r30),r2
 1326  00001f0c  8fc20000	lw	r2,(r30)
 1327  00001f10  8fc3fff4	lw	r3,-12(r30)
 1328  00001f14  00400035	movi2fp	f0,r2
 1329  00001f18  00600835	movi2fp	f1,r3
 1330  00001f1c  0401000f	div	f0,f0,f1
 1331  00001f20  00001034	movfp2i	r2,f0
 1332  00001f24  00021820	add	r3,r0,r2
 1333  00001f28  20620030	addi	r2,r3,#48
 1334  00001f2c  a0220000	sb	(r1),r2
 1335  00001f30  8fc10000	lw	r1,(r30)
 1336  00001f34  8fc3fff4	lw	r3,-12(r30)
 1337  00001f38  00200035	movi2fp	f0,r1
 1338  00001f3c  00600835	movi2fp	f1,r3
 1339  00001f40  0401000f	div	f0,f0,f1
 1340  00001f44  00001034	movfp2i	r2,f0
 1341  00001f48  8fc3fff4	lw	r3,-12(r30)
 1342  00001f4c  00400035	movi2fp	f0,r2
 1343  00001f50  00600835	movi2fp	f1,r3
 1344  00001f54  0401000e	mult	f0,f0,f1
 1345  00001f58  00001034	movfp2i	r2,f0
 1346  00001f5c  00220822	sub	r1,r1,r2
 1347  00001f60  afc10000	sw	(r30),r1
 1348  00001f64          	L70_LF2:
 1349  00001f64  8fc1fff4	lw	r1,-12(r30)
 1350  00001f68  6c220001	sgti	r2,r1,#1
 1351  00001f6c  1440000c	bnez	r2,L71_LF2
 1352  00001f70  54000000	nop; delay slot nop
 1353  00001f74  0800000c	j	L61_LF2
 1354  00001f78  54000000	nop; delay slot nop
 1355  00001f7c          	L71_LF2:
 1356  00001f7c  0bffff64	j	L68_LF2
 1357  00001f80  54000000	nop; delay slot nop
 1358  00001f84          	L69_LF2:
 1359  00001f84          	L63_LF2:
 1360  00001f84          	L61_LF2:
 1361  00001f84  8fc10004	lw	r1,4(r30)
 1362  00001f88  20020000	addi	r2,r0,(#0x0)&0xff
 1363  00001f8c  a0220000	sb	(r1),r2
 1364  00001f90          	L59_LF2:
 1365  00001f90  8fa20000	lw	r2,0(r29)
 1366  00001f94  8fa30004	lw	r3,4(r29)
 1367  00001f98  8fdffff8	lw	r31,-8(r30)
 1368  00001f9c  001ee820	add	r29,r0,r30
 1369  00001fa0  8fdefffc	lw	r30,-4(r30)
 1370  00001fa4  4be00000	jr	r31
 1371  00001fa8  54000000	nop
 1372  00001fac          	.endproc _ditoa
 1373  00001fac          	.align 2
 1374  00001fac          	.proc _dstrtol
 1375  00001fac          	.global _dstrtol
 1376  00001fac          	_dstrtol:
 1377                      ;  Function 'dstrtol'; 16 bytes of locals, 1 regs to save.
 1378  00001fac  afbefffc	sw	-4(r29),r30; push fp
 1379  00001fb0  001df020	add	r30,r0,r29; fp = sp
 1380  00001fb4  afbffff8	sw	-8(r29),r31; push ret addr
 1381  00001fb8  2fbd0020	subui	r29,r29,#32; alloc local storage
 1382  00001fbc  afa20000	sw	0(r29),r2
 1383  00001fc0  20010000	addi	r1,r0,#0
 1384  00001fc4  afc1fff4	sw	-12(r30),r1
 1385  00001fc8          	L73_LF2:
 1386  00001fc8  8fc10000	lw	r1,(r30)
 1387  00001fcc  90220000	lbu	r2,(r1)
 1388  00001fd0  60410020	seqi	r1,r2,#32
 1389  00001fd4  14200034	bnez	r1,L75_LF2
 1390  00001fd8  54000000	nop; delay slot nop
 1391  00001fdc  8fc10000	lw	r1,(r30)
 1392  00001fe0  90220000	lbu	r2,(r1)
 1393  00001fe4  60410009	seqi	r1,r2,#9
 1394  00001fe8  14200020	bnez	r1,L75_LF2
 1395  00001fec  54000000	nop; delay slot nop
 1396  00001ff0  8fc10000	lw	r1,(r30)
 1397  00001ff4  90220000	lbu	r2,(r1)
 1398  00001ff8  6041000a	seqi	r1,r2,#10
 1399  00001ffc  1420000c	bnez	r1,L75_LF2
 1400  00002000  54000000	nop; delay slot nop
 1401  00002004  0800001c	j	L74_LF2
 1402  00002008  54000000	nop; delay slot nop
 1403  0000200c          	L75_LF2:
 1404  0000200c  8fc20000	lw	r2,(r30)
 1405  00002010  20410001	addi	r1,r2,#1
 1406  00002014  00011020	add	r2,r0,r1
 1407  00002018  afc20000	sw	(r30),r2
 1408  0000201c  0bffffa8	j	L73_LF2
 1409  00002020  54000000	nop; delay slot nop
 1410  00002024          	L74_LF2:
 1411  00002024  8fc10004	lw	r1,4(r30)
 1412  00002028  64220000	snei	r2,r1,#0
 1413  0000202c  10400010	beqz	r2,L76_LF2
 1414  00002030  54000000	nop; delay slot nop
 1415  00002034  8fc10004	lw	r1,4(r30)
 1416  00002038  8fc20000	lw	r2,(r30)
 1417  0000203c  ac220000	sw	(r1),r2
 1418  00002040          	L76_LF2:
 1419  00002040  8fc10000	lw	r1,(r30)
 1420  00002044  90220000	lbu	r2,(r1)
 1421  00002048  64410000	snei	r1,r2,#0
 1422  0000204c  14200010	bnez	r1,L77_LF2
 1423  00002050  54000000	nop; delay slot nop
 1424  00002054  8fc1fff4	lw	r1,-12(r30)
 1425  00002058  08000294	j	L72_LF2
 1426  0000205c  54000000	nop; delay slot nop
 1427  00002060          	L77_LF2:
 1428  00002060  8fc10000	lw	r1,(r30)
 1429  00002064  90220000	lbu	r2,(r1)
 1430  00002068  6041002d	seqi	r1,r2,#45
 1431  0000206c  10200024	beqz	r1,L78_LF2
 1432  00002070  54000000	nop; delay slot nop
 1433  00002074  2001ffff	addi	r1,r0,#-1
 1434  00002078  afc1ffec	sw	-20(r30),r1
 1435  0000207c  8fc20000	lw	r2,(r30)
 1436  00002080  20410001	addi	r1,r2,#1
 1437  00002084  00011020	add	r2,r0,r1
 1438  00002088  afc20000	sw	(r30),r2
 1439  0000208c  0800000c	j	L79_LF2
 1440  00002090  54000000	nop; delay slot nop
 1441  00002094          	L78_LF2:
 1442  00002094  20010001	addi	r1,r0,#1
 1443  00002098  afc1ffec	sw	-20(r30),r1
 1444  0000209c          	L79_LF2:
 1445  0000209c  8fc10008	lw	r1,8(r30)
 1446  000020a0  64220000	snei	r2,r1,#0
 1447  000020a4  14400090	bnez	r2,L80_LF2
 1448  000020a8  54000000	nop; delay slot nop
 1449  000020ac  8fc10000	lw	r1,(r30)
 1450  000020b0  90220000	lbu	r2,(r1)
 1451  000020b4  60410030	seqi	r1,r2,#48
 1452  000020b8  10200074	beqz	r1,L81_LF2
 1453  000020bc  54000000	nop; delay slot nop
 1454  000020c0  8fc20000	lw	r2,(r30)
 1455  000020c4  20410001	addi	r1,r2,#1
 1456  000020c8  00011020	add	r2,r0,r1
 1457  000020cc  afc20000	sw	(r30),r2
 1458  000020d0  8fc10000	lw	r1,(r30)
 1459  000020d4  90220000	lbu	r2,(r1)
 1460  000020d8  60410078	seqi	r1,r2,#120
 1461  000020dc  14200020	bnez	r1,L83_LF2
 1462  000020e0  54000000	nop; delay slot nop
 1463  000020e4  8fc10000	lw	r1,(r30)
 1464  000020e8  90220000	lbu	r2,(r1)
 1465  000020ec  60410058	seqi	r1,r2,#88
 1466  000020f0  1420000c	bnez	r1,L83_LF2
 1467  000020f4  54000000	nop; delay slot nop
 1468  000020f8  08000024	j	L82_LF2
 1469  000020fc  54000000	nop; delay slot nop
 1470  00002100          	L83_LF2:
 1471  00002100  20010010	addi	r1,r0,#16
 1472  00002104  afc10008	sw	8(r30),r1
 1473  00002108  8fc20000	lw	r2,(r30)
 1474  0000210c  20410001	addi	r1,r2,#1
 1475  00002110  00011020	add	r2,r0,r1
 1476  00002114  afc20000	sw	(r30),r2
 1477  00002118  0800000c	j	L84_LF2
 1478  0000211c  54000000	nop; delay slot nop
 1479  00002120          	L82_LF2:
 1480  00002120  20010008	addi	r1,r0,#8
 1481  00002124  afc10008	sw	8(r30),r1
 1482  00002128          	L84_LF2:
 1483  00002128  0800000c	j	L80_LF2
 1484  0000212c  54000000	nop; delay slot nop
 1485  00002130          	L81_LF2:
 1486  00002130  2001000a	addi	r1,r0,#10
 1487  00002134  afc10008	sw	8(r30),r1
 1488  00002138          	L85_LF2:
 1489  00002138          	L80_LF2:
 1490  00002138  8fc10008	lw	r1,8(r30)
 1491  0000213c  70220000	slei	r2,r1,#0
 1492  00002140  1440001c	bnez	r2,L87_LF2
 1493  00002144  54000000	nop; delay slot nop
 1494  00002148  8fc10008	lw	r1,8(r30)
 1495  0000214c  6c220010	sgti	r2,r1,#16
 1496  00002150  1440000c	bnez	r2,L87_LF2
 1497  00002154  54000000	nop; delay slot nop
 1498  00002158  08000010	j	L86_LF2
 1499  0000215c  54000000	nop; delay slot nop
 1500  00002160          	L87_LF2:
 1501  00002160  8fc1fff4	lw	r1,-12(r30)
 1502  00002164  08000188	j	L72_LF2
 1503  00002168  54000000	nop; delay slot nop
 1504  0000216c          	L86_LF2:
 1505  0000216c  54000000	nop
 1506  00002170          	L88_LF2:
 1507  00002170  8fc10000	lw	r1,(r30)
 1508  00002174  90220000	lbu	r2,(r1)
 1509  00002178  6c41002f	sgtui	r1,r2,#47
 1510  0000217c  10200030	beqz	r1,L91_LF2
 1511  00002180  54000000	nop; delay slot nop
 1512  00002184  8fc10000	lw	r1,(r30)
 1513  00002188  90220000	lbu	r2,(r1)
 1514  0000218c  70410039	sleui	r1,r2,#57
 1515  00002190  1020001c	beqz	r1,L91_LF2
 1516  00002194  54000000	nop; delay slot nop
 1517  00002198  8fc10000	lw	r1,(r30)
 1518  0000219c  90220000	lbu	r2,(r1)
 1519  000021a0  2041ffd0	addi	r1,r2,#-48
 1520  000021a4  afc1fff0	sw	-16(r30),r1
 1521  000021a8  0800008c	j	L92_LF2
 1522  000021ac  54000000	nop; delay slot nop
 1523  000021b0          	L91_LF2:
 1524  000021b0  8fc10000	lw	r1,(r30)
 1525  000021b4  90220000	lbu	r2,(r1)
 1526  000021b8  6c410060	sgtui	r1,r2,#96
 1527  000021bc  10200030	beqz	r1,L93_LF2
 1528  000021c0  54000000	nop; delay slot nop
 1529  000021c4  8fc10000	lw	r1,(r30)
 1530  000021c8  90220000	lbu	r2,(r1)
 1531  000021cc  7041007a	sleui	r1,r2,#122
 1532  000021d0  1020001c	beqz	r1,L93_LF2
 1533  000021d4  54000000	nop; delay slot nop
 1534  000021d8  8fc10000	lw	r1,(r30)
 1535  000021dc  90220000	lbu	r2,(r1)
 1536  000021e0  2041ffa9	addi	r1,r2,#-87
 1537  000021e4  afc1fff0	sw	-16(r30),r1
 1538  000021e8  0800004c	j	L92_LF2
 1539  000021ec  54000000	nop; delay slot nop
 1540  000021f0          	L93_LF2:
 1541  000021f0  8fc10000	lw	r1,(r30)
 1542  000021f4  90220000	lbu	r2,(r1)
 1543  000021f8  6c410040	sgtui	r1,r2,#64
 1544  000021fc  10200030	beqz	r1,L95_LF2
 1545  00002200  54000000	nop; delay slot nop
 1546  00002204  8fc10000	lw	r1,(r30)
 1547  00002208  90220000	lbu	r2,(r1)
 1548  0000220c  7041005a	sleui	r1,r2,#90
 1549  00002210  1020001c	beqz	r1,L95_LF2
 1550  00002214  54000000	nop; delay slot nop
 1551  00002218  8fc10000	lw	r1,(r30)
 1552  0000221c  90220000	lbu	r2,(r1)
 1553  00002220  2041ffc9	addi	r1,r2,#-55
 1554  00002224  afc1fff0	sw	-16(r30),r1
 1555  00002228  0800000c	j	L92_LF2
 1556  0000222c  54000000	nop; delay slot nop
 1557  00002230          	L95_LF2:
 1558  00002230  200103e8	addi	r1,r0,#1000
 1559  00002234  afc1fff0	sw	-16(r30),r1
 1560  00002238          	L96_LF2:
 1561  00002238          	L94_LF2:
 1562  00002238          	L92_LF2:
 1563  00002238  8fc1fff0	lw	r1,-16(r30)
 1564  0000223c  8fc20008	lw	r2,8(r30)
 1565  00002240  0022082a	slt	r1,r1,r2
 1566  00002244  10200040	beqz	r1,L90_LF2
 1567  00002248  54000000	nop; delay slot nop
 1568  0000224c  8fc1fff4	lw	r1,-12(r30)
 1569  00002250  8fc20008	lw	r2,8(r30)
 1570  00002254  00200035	movi2fp	f0,r1
 1571  00002258  00400835	movi2fp	f1,r2
 1572  0000225c  0401000e	mult	f0,f0,f1
 1573  00002260  00000834	movfp2i	r1,f0
 1574  00002264  afc1fff4	sw	-12(r30),r1
 1575  00002268  8fc1fff4	lw	r1,-12(r30)
 1576  0000226c  8fc2fff0	lw	r2,-16(r30)
 1577  00002270  00220820	add	r1,r1,r2
 1578  00002274  afc1fff4	sw	-12(r30),r1
 1579  00002278  8fc20000	lw	r2,(r30)
 1580  0000227c  20410001	addi	r1,r2,#1
 1581  00002280  00011020	add	r2,r0,r1
 1582  00002284  afc20000	sw	(r30),r2
 1583  00002288          	L97_LF2:
 1584  00002288          	L90_LF2:
 1585  00002288  8fc1fff0	lw	r1,-16(r30)
 1586  0000228c  8fc20008	lw	r2,8(r30)
 1587  00002290  0022082a	slt	r1,r1,r2
 1588  00002294  1420000c	bnez	r1,L98_LF2
 1589  00002298  54000000	nop; delay slot nop
 1590  0000229c  0800000c	j	L89_LF2
 1591  000022a0  54000000	nop; delay slot nop
 1592  000022a4          	L98_LF2:
 1593  000022a4  0bfffec8	j	L88_LF2
 1594  000022a8  54000000	nop; delay slot nop
 1595  000022ac          	L89_LF2:
 1596  000022ac  8fc10004	lw	r1,4(r30)
 1597  000022b0  64220000	snei	r2,r1,#0
 1598  000022b4  10400010	beqz	r2,L99_LF2
 1599  000022b8  54000000	nop; delay slot nop
 1600  000022bc  8fc10004	lw	r1,4(r30)
 1601  000022c0  8fc20000	lw	r2,(r30)
 1602  000022c4  ac220000	sw	(r1),r2
 1603  000022c8          	L99_LF2:
 1604  000022c8  8fc1fff4	lw	r1,-12(r30)
 1605  000022cc  8fc2ffec	lw	r2,-20(r30)
 1606  000022d0  00200035	movi2fp	f0,r1
 1607  000022d4  00400835	movi2fp	f1,r2
 1608  000022d8  0401000e	mult	f0,f0,f1
 1609  000022dc  00000834	movfp2i	r1,f0
 1610  000022e0  afc1fff4	sw	-12(r30),r1
 1611  000022e4  8fc1fff4	lw	r1,-12(r30)
 1612  000022e8  08000004	j	L72_LF2
 1613  000022ec  54000000	nop; delay slot nop
 1614  000022f0          	L72_LF2:
 1615  000022f0  8fa20000	lw	r2,0(r29)
 1616  000022f4  8fdffff8	lw	r31,-8(r30)
 1617  000022f8  001ee820	add	r29,r0,r30
 1618  000022fc  8fdefffc	lw	r30,-4(r30)
 1619  00002300  4be00000	jr	r31
 1620  00002304  54000000	nop
 1621  00002308          	.endproc _dstrtol
 1622  00002308          	.align 2
 1623  00002308          	.proc _bcopy
 1624  00002308          	.global _bcopy
 1625  00002308          	_bcopy:
 1626                      ;  Function 'bcopy'; 0 bytes of locals, 2 regs to save.
 1627  00002308  afbefffc	sw	-4(r29),r30; push fp
 1628  0000230c  001df020	add	r30,r0,r29; fp = sp
 1629  00002310  afbffff8	sw	-8(r29),r31; push ret addr
 1630  00002314  2fbd0010	subui	r29,r29,#16; alloc local storage
 1631  00002318  afa20000	sw	0(r29),r2
 1632  0000231c  afa30004	sw	4(r29),r3
 1633  00002320  54000000	nop
 1634  00002324          	L101_LF2:
 1635  00002324  8fc10008	lw	r1,8(r30)
 1636  00002328  2022ffff	addi	r2,r1,#-1
 1637  0000232c  afc20008	sw	8(r30),r2
 1638  00002330  6c210000	sgti	r1,r1,#0
 1639  00002334  1420000c	bnez	r1,L103_LF2
 1640  00002338  54000000	nop; delay slot nop
 1641  0000233c  0800002c	j	L102_LF2
 1642  00002340  54000000	nop; delay slot nop
 1643  00002344          	L103_LF2:
 1644  00002344  8fc10004	lw	r1,4(r30)
 1645  00002348  20220001	addi	r2,r1,#1
 1646  0000234c  afc20004	sw	4(r30),r2
 1647  00002350  8fc20000	lw	r2,(r30)
 1648  00002354  20430001	addi	r3,r2,#1
 1649  00002358  afc30000	sw	(r30),r3
 1650  0000235c  80420000	lb	r2,(r2)
 1651  00002360  a0220000	sb	(r1),r2
 1652  00002364  0bffffbc	j	L101_LF2
 1653  00002368  54000000	nop; delay slot nop
 1654  0000236c          	L102_LF2:
 1655  0000236c          	L100_LF2:
 1656  0000236c  8fa20000	lw	r2,0(r29)
 1657  00002370  8fa30004	lw	r3,4(r29)
 1658  00002374  8fdffff8	lw	r31,-8(r30)
 1659  00002378  001ee820	add	r29,r0,r30
 1660  0000237c  8fdefffc	lw	r30,-4(r30)
 1661  00002380  4be00000	jr	r31
 1662  00002384  54000000	nop
 1663  00002388          	.endproc _bcopy
 1664  00002388          	.align 2
 1665  00002388          	.proc _bzero
 1666  00002388          	.global _bzero
 1667  00002388          	_bzero:
 1668                      ;  Function 'bzero'; 0 bytes of locals, 1 regs to save.
 1669  00002388  afbefffc	sw	-4(r29),r30; push fp
 1670  0000238c  001df020	add	r30,r0,r29; fp = sp
 1671  00002390  afbffff8	sw	-8(r29),r31; push ret addr
 1672  00002394  2fbd0010	subui	r29,r29,#16; alloc local storage
 1673  00002398  afa20000	sw	0(r29),r2
 1674  0000239c  54000000	nop
 1675  000023a0          	L105_LF2:
 1676  000023a0  8fc10004	lw	r1,4(r30)
 1677  000023a4  2022ffff	addi	r2,r1,#-1
 1678  000023a8  afc20004	sw	4(r30),r2
 1679  000023ac  6c210000	sgti	r1,r1,#0
 1680  000023b0  1420000c	bnez	r1,L107_LF2
 1681  000023b4  54000000	nop; delay slot nop
 1682  000023b8  08000020	j	L106_LF2
 1683  000023bc  54000000	nop; delay slot nop
 1684  000023c0          	L107_LF2:
 1685  000023c0  8fc10000	lw	r1,(r30)
 1686  000023c4  20220001	addi	r2,r1,#1
 1687  000023c8  afc20000	sw	(r30),r2
 1688  000023cc  20020000	addi	r2,r0,(#0x0)&0xff
 1689  000023d0  a0220000	sb	(r1),r2
 1690  000023d4  0bffffc8	j	L105_LF2
 1691  000023d8  54000000	nop; delay slot nop
 1692  000023dc          	L106_LF2:
 1693  000023dc          	L104_LF2:
 1694  000023dc  8fa20000	lw	r2,0(r29)
 1695  000023e0  8fdffff8	lw	r31,-8(r30)
 1696  000023e4  001ee820	add	r29,r0,r30
 1697  000023e8  8fdefffc	lw	r30,-4(r30)
 1698  000023ec  4be00000	jr	r31
 1699  000023f0  54000000	nop
 1700  000023f4          	.endproc _bzero
 1701  000023f4          	.align 2
 1702  000023f4          	.proc _min
 1703  000023f4          	.global _min
 1704  000023f4          	_min:
 1705                      ;  Function 'min'; 0 bytes of locals, 2 regs to save.
 1706  000023f4  afbefffc	sw	-4(r29),r30; push fp
 1707  000023f8  001df020	add	r30,r0,r29; fp = sp
 1708  000023fc  afbffff8	sw	-8(r29),r31; push ret addr
 1709  00002400  2fbd0010	subui	r29,r29,#16; alloc local storage
 1710  00002404  afa20000	sw	0(r29),r2
 1711  00002408  afa30004	sw	4(r29),r3
 1712  0000240c  8fc10000	lw	r1,(r30)
 1713  00002410  8fc20004	lw	r2,4(r30)
 1714  00002414  0022182c	sle	r3,r1,r2
 1715  00002418  14600008	bnez	r3,L109_LF2
 1716  0000241c  54000000	nop; delay slot nop
 1717  00002420  8fc10004	lw	r1,4(r30)
 1718  00002424          	L109_LF2:
 1719  00002424  08000004	j	L108_LF2
 1720  00002428  54000000	nop; delay slot nop
 1721  0000242c          	L108_LF2:
 1722  0000242c  8fa20000	lw	r2,0(r29)
 1723  00002430  8fa30004	lw	r3,4(r29)
 1724  00002434  8fdffff8	lw	r31,-8(r30)
 1725  00002438  001ee820	add	r29,r0,r30
 1726  0000243c  8fdefffc	lw	r30,-4(r30)
 1727  00002440  4be00000	jr	r31
 1728  00002444  54000000	nop
 1729  00002448          	.endproc _min
 1730                      ;;; Ethan L. Miller, 1999.  Released to the public domain
 1731                      ;;;
 1732                      ;;; Most of the traps are called in files from libtraps.
 1735  00002448          	.align 2
 1736  00002448          	.proc _exit
 1737  00002448          	.global _exit
 1738  00002448          	_exit:
 1739  00002448  44000300	trap	#0x300
 1740  0000244c  4be00000	jr	r31
 1741  00002450  54000000	nop
 1742  00002454          	.endproc _exit
 1744                      ; for the benefit of gcc.
 1745  00002454          	.proc ___main
 1746  00002454          	.global ___main
 1747  00002454          	___main:
 1748  00002454  4be00000	jr	r31
 1749  00002458  54000000	nop
 1750  0000245c          	.endproc ___main
 1751  0000245c          	.text
 1752  0000245c          	.global _etext
 1753  0000245c          	_etext:
 1754  0000245c          	.align 3
 1755  00002460          	.data
 1756  000031ec          	.global _edata
 1757  000031ec          	_edata:
