 line   address	contents
    1                      ; Linked by DLX-LD.
    2                      ; MemSize 24576
    3                      ; Data size: 381
    4                      ; Text size: 4752
    5                      ; Stack size: 8192
    6  00000000          	.text 0x1000
    7  00001000          	.data 0x3000
    8                      ; Compiled by GCC
    9  00003000          	.text
   10  00001000          	.align 2
   11  00001000          	.proc _isspace
   12  00001000          	.global _isspace
   13  00001000          	_isspace:
   14                      ;  Function 'isspace'; 0 bytes of locals, 1 regs to save.
   15  00001000  afbefffc	sw	-4(r29),r30; push fp
   16  00001004  001df020	add	r30,r0,r29; fp = sp
   17  00001008  afbffff8	sw	-8(r29),r31; push ret addr
   18  0000100c  2fbd0010	subui	r29,r29,#16; alloc local storage
   19  00001010  afa20000	sw	0(r29),r2
   20  00001014  83c20003	lb	r2,3(r30)
   21  00001018  201f0000	addi	r31,r0,#0
   22  0000101c  304100ff	andi	r1,r2,#0x00ff
   23  00001020  60210020	seqi	r1,r1,#32
   24  00001024  14200018	bnez	r1,L6_LF0
   25  00001028  54000000	nop; not filled.
   26  0000102c  2041fff7	addi	r1,r2,#-9
   27  00001030  302100ff	andi	r1,r1,#0x00ff
   28  00001034  70210001	sleui	r1,r1,#1
   29  00001038  10200008	beqz	r1,L5_LF0
   30  0000103c  54000000	nop; not filled.
   31  00001040          	L6_LF0:
   32  00001040  201f0001	addi	r31,r0,#1
   33  00001044          	L5_LF0:
   34  00001044  001f0820	add	r1,r0,r31
   35  00001048  8fa20000	lw	r2,0(r29)
   36  0000104c  8fdffff8	lw	r31,-8(r30)
   37  00001050  001ee820	add	r29,r0,r30
   38  00001054  8fdefffc	lw	r30,-4(r30)
   39  00001058  4be00000	jr	r31
   40  0000105c  54000000	nop
   41  00001060          	.endproc _isspace
   42  00001060          	.align 2
   43  00001060          	.proc _isxdigit
   44  00001060          	.global _isxdigit
   45  00001060          	_isxdigit:
   46                      ;  Function 'isxdigit'; 0 bytes of locals, 1 regs to save.
   47  00001060  afbefffc	sw	-4(r29),r30; push fp
   48  00001064  001df020	add	r30,r0,r29; fp = sp
   49  00001068  afbffff8	sw	-8(r29),r31; push ret addr
   50  0000106c  2fbd0010	subui	r29,r29,#16; alloc local storage
   51  00001070  afa20000	sw	0(r29),r2
   52  00001074  83df0003	lb	r31,3(r30)
   53  00001078  20020000	addi	r2,r0,#0
   54  0000107c  23e1ffd0	addi	r1,r31,#-48
   55  00001080  302100ff	andi	r1,r1,#0x00ff
   56  00001084  70210009	sleui	r1,r1,#9
   57  00001088  14200028	bnez	r1,L12_LF0
   58  0000108c  54000000	nop; not filled.
   59  00001090  23e1ff9f	addi	r1,r31,#-97
   60  00001094  302100ff	andi	r1,r1,#0x00ff
   61  00001098  70210005	sleui	r1,r1,#5
   62  0000109c  14200014	bnez	r1,L12_LF0
   63  000010a0  54000000	nop; not filled.
   64  000010a4  33e100ff	andi	r1,r31,#0x00ff
   65  000010a8  64210041	snei	r1,r1,#65
   66  000010ac  14200008	bnez	r1,L11_LF0
   67  000010b0  54000000	nop; not filled.
   68  000010b4          	L12_LF0:
   69  000010b4  20020001	addi	r2,r0,#1
   70  000010b8          	L11_LF0:
   71  000010b8  00020820	add	r1,r0,r2
   72  000010bc  8fa20000	lw	r2,0(r29)
   73  000010c0  8fdffff8	lw	r31,-8(r30)
   74  000010c4  001ee820	add	r29,r0,r30
   75  000010c8  8fdefffc	lw	r30,-4(r30)
   76  000010cc  4be00000	jr	r31
   77  000010d0  54000000	nop
   78  000010d4          	.endproc _isxdigit
   79  000010d4          	.data
   80  00003000          	.align 2
   81  00003000          	LC0_LF0:
   82  00003000  55736167	.ascii "Usage: \000"
   82  00003004  653a2000	
   83  00003008          	.align 2
   84  00003008          	LC1_LF0:
   85  00003008  203c6861	.ascii " <handle_to_shared_memory_page> <handle_to_page_mapped_semaphore>     "
   85  0000300c  6e646c65	
   85  00003010  5f746f5f	
   85  00003014  73686172	
   85  00003018  65645f6d	
   85  0000301c  656d6f72	
   85  00003020  795f7061	
   85  00003024  67653e20	
   85  00003028  3c68616e	
   85  0000302c  646c655f	
   85  00003030  746f5f70	
   85  00003034  6167655f	
   85  00003038  6d617070	
   85  0000303c  65645f73	
   85  00003040  656d6170	
   85  00003044  686f7265	
   85  00003048  3e202020	
   85  0000304c  2020    	
   86  0000304e  20202020	.ascii "        <molecule 1> <(optional) molecule 2> <(optional) molecule 3>\n"
   86  00003052  20202020	
   86  00003056  3c6d6f6c	
   86  0000305a  6563756c	
   86  0000305e  6520313e	
   86  00003062  203c286f	
   86  00003066  7074696f	
   86  0000306a  6e616c29	
   86  0000306e  206d6f6c	
   86  00003072  6563756c	
   86  00003076  6520323e	
   86  0000307a  203c286f	
   86  0000307e  7074696f	
   86  00003082  6e616c29	
   86  00003086  206d6f6c	
   86  0000308a  6563756c	
   86  0000308e  6520333e	
   86  00003092  0a      	
   87  00003093  00      	.ascii "\000"
   88  00003094          	.align 2
   89  00003094          	LC2_LF0:
   90  00003094  436f756c	.ascii "Could not map the virtual address to the memory in \000"
   90  00003098  64206e6f	
   90  0000309c  74206d61	
   90  000030a0  70207468	
   90  000030a4  65207669	
   90  000030a8  72747561	
   90  000030ac  6c206164	
   90  000030b0  64726573	
   90  000030b4  7320746f	
   90  000030b8  20746865	
   90  000030bc  206d656d	
   90  000030c0  6f727920	
   90  000030c4  696e2000	
   91  000030c8          	.align 2
   92  000030c8          	LC3_LF0:
   93  000030c8  2c206578	.ascii ", exiting...\n\000"
   93  000030cc  6974696e	
   93  000030d0  672e2e2e	
   93  000030d4  0a00    	
   94  000030d6          	.align 2
   95  000030d8          	LC4_LF0:
   96  000030d8  534f3420	.ascii "SO4 -> SO2 + O2 reacted, PID: %d\n\000"
   96  000030dc  2d3e2053	
   96  000030e0  4f32202b	
   96  000030e4  204f3220	
   96  000030e8  72656163	
   96  000030ec  7465642c	
   96  000030f0  20504944	
   96  000030f4  3a202564	
   96  000030f8  0a00    	
   97  000030fa          	.align 2
   98  000030fc          	LC5_LF0:
   99  000030fc  32204832	.ascii "2 H2O -> 2 H2 + O2 reacted, PID: %d\n\000"
   99  00003100  4f202d3e	
   99  00003104  20322048	
   99  00003108  32202b20	
   99  0000310c  4f322072	
   99  00003110  65616374	
   99  00003114  65642c20	
   99  00003118  5049443a	
   99  0000311c  2025640a	
   99  00003120  00      	
  100  00003121          	.align 2
  101  00003124          	LC6_LF0:
  102  00003124  28256429	.ascii "(%d) H2 + O2 + SO2 -> H2SO4 reacted, PID: %d\n\000"
  102  00003128  20483220	
  102  0000312c  2b204f32	
  102  00003130  202b2053	
  102  00003134  4f32202d	
  102  00003138  3e204832	
  102  0000313c  534f3420	
  102  00003140  72656163	
  102  00003144  7465642c	
  102  00003148  20504944	
  102  0000314c  3a202564	
  102  00003150  0a00    	
  103  00003152          	.align 2
  104  00003154          	LC7_LF0:
  105  00003154  42616420	.ascii "Bad semaphore s_procs_completed (%d) in \000"
  105  00003158  73656d61	
  105  0000315c  70686f72	
  105  00003160  6520735f	
  105  00003164  70726f63	
  105  00003168  735f636f	
  105  0000316c  6d706c65	
  105  00003170  74656420	
  105  00003174  28256429	
  105  00003178  20696e20	
  105  0000317c  00      	
  106  0000317d          	.text
  107  000010d4          	.align 2
  108  000010d4          	.proc _main
  109  000010d4          	.global _main
  110  000010d4          	_main:
  111                      ;  Function 'main'; 0 bytes of locals, 0 regs to save.
  112  000010d4  afbefffc	sw	-4(r29),r30; push fp
  113  000010d8  001df020	add	r30,r0,r29; fp = sp
  114  000010dc  afbffff8	sw	-8(r29),r31; push ret addr
  115  000010e0  2fbd0008	subui	r29,r29,#8; alloc local storage
  116  000010e4  8fc20000	lw	r2,(r30)
  117  000010e8  8fc70004	lw	r7,4(r30)
  118  000010ec  0c001198	jal	___main
  119  000010f0  54000000	nop; not filled.
  120  000010f4  20040000	addi	r4,r0,#0
  121  000010f8  64410005	snei	r1,r2,#5
  122  000010fc  1020004c	beqz	r1,L14_LF0
  123  00001100  54000000	nop; not filled.
  124  00001104  23bdfff8	addi	r29,r29,#-8
  125  00001108  3c090000	lhi	r9,((LC0_LF0)>>16)&0xffff
  126  0000110c  25293000	addui	r9,r9,(LC0_LF0)&0xffff
  127  00001110  afa90000	sw	(r29),r9
  128  00001114  0c000368	jal	_Printf
  129  00001118  54000000	nop; not filled.
  130  0000111c  8ce90000	lw	r9,(r7)
  131  00001120  afa90000	sw	(r29),r9
  132  00001124  0c000358	jal	_Printf
  133  00001128  54000000	nop; not filled.
  134  0000112c  3c090000	lhi	r9,((LC1_LF0)>>16)&0xffff
  135  00001130  25293008	addui	r9,r9,(LC1_LF0)&0xffff
  136  00001134  afa90000	sw	(r29),r9
  137  00001138  0c000344	jal	_Printf
  138  0000113c  54000000	nop; not filled.
  139  00001140  0c0003f0	jal	_Exit
  140  00001144  54000000	nop; not filled.
  141  00001148  23bd0008	addi	r29,r29,#8
  142  0000114c          	L14_LF0:
  143  0000114c  23bdfff0	addi	r29,r29,#-16
  144  00001150  8ce90004	lw	r9,4(r7)
  145  00001154  afa90000	sw	(r29),r9
  146  00001158  20090000	addi	r9,r0,#0
  147  0000115c  afa90004	sw	4(r29),r9
  148  00001160  2009000a	addi	r9,r0,#10
  149  00001164  afa90008	sw	8(r29),r9
  150  00001168  0c000c74	jal	_dstrtol
  151  0000116c  54000000	nop; not filled.
  152  00001170  00011020	add	r2,r0,r1
  153  00001174  8ce90008	lw	r9,8(r7)
  154  00001178  afa90000	sw	(r29),r9
  155  0000117c  20090000	addi	r9,r0,#0
  156  00001180  afa90004	sw	4(r29),r9
  157  00001184  2009000a	addi	r9,r0,#10
  158  00001188  afa90008	sw	8(r29),r9
  159  0000118c  0c000c50	jal	_dstrtol
  160  00001190  54000000	nop; not filled.
  161  00001194  00014020	add	r8,r0,r1
  162  00001198  8ce9000c	lw	r9,12(r7)
  163  0000119c  afa90000	sw	(r29),r9
  164  000011a0  20090000	addi	r9,r0,#0
  165  000011a4  afa90004	sw	4(r29),r9
  166  000011a8  2009000a	addi	r9,r0,#10
  167  000011ac  afa90008	sw	8(r29),r9
  168  000011b0  0c000c2c	jal	_dstrtol
  169  000011b4  54000000	nop; not filled.
  170  000011b8  00012820	add	r5,r0,r1
  171  000011bc  8ce90010	lw	r9,16(r7)
  172  000011c0  afa90000	sw	(r29),r9
  173  000011c4  20090000	addi	r9,r0,#0
  174  000011c8  afa90004	sw	4(r29),r9
  175  000011cc  2009000a	addi	r9,r0,#10
  176  000011d0  afa90008	sw	8(r29),r9
  177  000011d4  0c000c08	jal	_dstrtol
  178  000011d8  54000000	nop; not filled.
  179  000011dc  00013020	add	r6,r0,r1
  180  000011e0  afa20000	sw	(r29),r2
  181  000011e4  0c0002c8	jal	_shmat
  182  000011e8  54000000	nop; not filled.
  183  000011ec  00011820	add	r3,r0,r1
  184  000011f0  23bd0010	addi	r29,r29,#16
  185  000011f4  64610000	snei	r1,r3,#0
  186  000011f8  142001bc	bnez	r1,L27_LF0
  187  000011fc  54000000	nop; not filled.
  188  00001200  23bdfff8	addi	r29,r29,#-8
  189  00001204  3c090000	lhi	r9,((LC2_LF0)>>16)&0xffff
  190  00001208  25293094	addui	r9,r9,(LC2_LF0)&0xffff
  191  0000120c  afa90000	sw	(r29),r9
  192  00001210  0c00026c	jal	_Printf
  193  00001214  54000000	nop; not filled.
  194  00001218  8ce90000	lw	r9,(r7)
  195  0000121c  afa90000	sw	(r29),r9
  196  00001220  0c00025c	jal	_Printf
  197  00001224  54000000	nop; not filled.
  198  00001228  3c090000	lhi	r9,((LC3_LF0)>>16)&0xffff
  199  0000122c  252930c8	addui	r9,r9,(LC3_LF0)&0xffff
  200  00001230  afa90000	sw	(r29),r9
  201  00001234  0c000248	jal	_Printf
  202  00001238  54000000	nop; not filled.
  203  0000123c  0c0002f4	jal	_Exit
  204  00001240  54000000	nop; not filled.
  205  00001244  23bd0008	addi	r29,r29,#8
  206  00001248  0800016c	j	L27_LF0
  207  0000124c  54000000	nop; not filled.
  208  00001250          	L19_LF0:
  209  00001250  64a10000	snei	r1,r5,#0
  210  00001254  14200050	bnez	r1,L20_LF0
  211  00001258  54000000	nop; not filled.
  212  0000125c  23bdfff8	addi	r29,r29,#-8
  213  00001260  8c690004	lw	r9,4(r3)
  214  00001264  afa90000	sw	(r29),r9
  215  00001268  0c00025c	jal	_sem_wait
  216  0000126c  54000000	nop; not filled.
  217  00001270  8c690010	lw	r9,16(r3)
  218  00001274  afa90000	sw	(r29),r9
  219  00001278  0c000258	jal	_sem_signal
  220  0000127c  54000000	nop; not filled.
  221  00001280  8c69000c	lw	r9,12(r3)
  222  00001284  afa90000	sw	(r29),r9
  223  00001288  0c000248	jal	_sem_signal
  224  0000128c  54000000	nop; not filled.
  225  00001290  0c0001f8	jal	_getpid
  226  00001294  54000000	nop; not filled.
  227  00001298  3c090000	lhi	r9,((LC4_LF0)>>16)&0xffff
  228  0000129c  252930d8	addui	r9,r9,(LC4_LF0)&0xffff
  229  000012a0  08000074	j	L28_LF0
  230  000012a4  54000000	nop; not filled.
  231  000012a8          	L20_LF0:
  232  000012a8  60a10001	seqi	r1,r5,#1
  233  000012ac  10200084	beqz	r1,L22_LF0
  234  000012b0  54000000	nop; not filled.
  235  000012b4  23bdfff8	addi	r29,r29,#-8
  236  000012b8  8c690000	lw	r9,(r3)
  237  000012bc  afa90000	sw	(r29),r9
  238  000012c0  0c000204	jal	_sem_wait
  239  000012c4  54000000	nop; not filled.
  240  000012c8  8c690000	lw	r9,(r3)
  241  000012cc  afa90000	sw	(r29),r9
  242  000012d0  0c0001f4	jal	_sem_wait
  243  000012d4  54000000	nop; not filled.
  244  000012d8  8c690008	lw	r9,8(r3)
  245  000012dc  afa90000	sw	(r29),r9
  246  000012e0  0c0001f0	jal	_sem_signal
  247  000012e4  54000000	nop; not filled.
  248  000012e8  8c690008	lw	r9,8(r3)
  249  000012ec  afa90000	sw	(r29),r9
  250  000012f0  0c0001e0	jal	_sem_signal
  251  000012f4  54000000	nop; not filled.
  252  000012f8  8c69000c	lw	r9,12(r3)
  253  000012fc  afa90000	sw	(r29),r9
  254  00001300  0c0001d0	jal	_sem_signal
  255  00001304  54000000	nop; not filled.
  256  00001308  0c000180	jal	_getpid
  257  0000130c  54000000	nop; not filled.
  258  00001310  3c090000	lhi	r9,((LC5_LF0)>>16)&0xffff
  259  00001314  252930fc	addui	r9,r9,(LC5_LF0)&0xffff
  260  00001318          	L28_LF0:
  261  00001318  afa90000	sw	(r29),r9
  262  0000131c  afa10004	sw	4(r29),r1
  263  00001320  0c00015c	jal	_Printf
  264  00001324  54000000	nop; not filled.
  265  00001328  23bd0008	addi	r29,r29,#8
  266  0000132c  08000084	j	L18_LF0
  267  00001330  54000000	nop; not filled.
  268  00001334          	L22_LF0:
  269  00001334  60a10002	seqi	r1,r5,#2
  270  00001338  10200078	beqz	r1,L18_LF0
  271  0000133c  54000000	nop; not filled.
  272  00001340  23bdfff8	addi	r29,r29,#-8
  273  00001344  8c690008	lw	r9,8(r3)
  274  00001348  afa90000	sw	(r29),r9
  275  0000134c  0c000178	jal	_sem_wait
  276  00001350  54000000	nop; not filled.
  277  00001354  8c69000c	lw	r9,12(r3)
  278  00001358  afa90000	sw	(r29),r9
  279  0000135c  0c000168	jal	_sem_wait
  280  00001360  54000000	nop; not filled.
  281  00001364  8c690010	lw	r9,16(r3)
  282  00001368  afa90000	sw	(r29),r9
  283  0000136c  0c000158	jal	_sem_wait
  284  00001370  54000000	nop; not filled.
  285  00001374  8c690014	lw	r9,20(r3)
  286  00001378  afa90000	sw	(r29),r9
  287  0000137c  0c000154	jal	_sem_signal
  288  00001380  54000000	nop; not filled.
  289  00001384  0c000104	jal	_getpid
  290  00001388  54000000	nop; not filled.
  291  0000138c  23bdfff8	addi	r29,r29,#-8
  292  00001390  3c090000	lhi	r9,((LC6_LF0)>>16)&0xffff
  293  00001394  25293124	addui	r9,r9,(LC6_LF0)&0xffff
  294  00001398  afa90000	sw	(r29),r9
  295  0000139c  20820001	addi	r2,r4,#1
  296  000013a0  afa20004	sw	4(r29),r2
  297  000013a4  afa10008	sw	8(r29),r1
  298  000013a8  0c0000d4	jal	_Printf
  299  000013ac  54000000	nop; not filled.
  300  000013b0  23bd0010	addi	r29,r29,#16
  301  000013b4          	L18_LF0:
  302  000013b4  20840001	addi	r4,r4,#1
  303  000013b8          	L27_LF0:
  304  000013b8  0086082a	slt	r1,r4,r6
  305  000013bc  1420fe90	bnez	r1,L19_LF0
  306  000013c0  54000000	nop; not filled.
  307  000013c4  23bdfff8	addi	r29,r29,#-8
  308  000013c8  afa80000	sw	(r29),r8
  309  000013cc  0c000104	jal	_sem_signal
  310  000013d0  54000000	nop; not filled.
  311  000013d4  23bd0008	addi	r29,r29,#8
  312  000013d8  64210001	snei	r1,r1,#1
  313  000013dc  10200050	beqz	r1,L26_LF0
  314  000013e0  54000000	nop; not filled.
  315  000013e4  23bdfff8	addi	r29,r29,#-8
  316  000013e8  3c090000	lhi	r9,((LC7_LF0)>>16)&0xffff
  317  000013ec  25293154	addui	r9,r9,(LC7_LF0)&0xffff
  318  000013f0  afa90000	sw	(r29),r9
  319  000013f4  afa80004	sw	4(r29),r8
  320  000013f8  0c000084	jal	_Printf
  321  000013fc  54000000	nop; not filled.
  322  00001400  8ce70000	lw	r7,(r7)
  323  00001404  afa70000	sw	(r29),r7
  324  00001408  0c000074	jal	_Printf
  325  0000140c  54000000	nop; not filled.
  326  00001410  3c090000	lhi	r9,((LC3_LF0)>>16)&0xffff
  327  00001414  252930c8	addui	r9,r9,(LC3_LF0)&0xffff
  328  00001418  afa90000	sw	(r29),r9
  329  0000141c  0c000060	jal	_Printf
  330  00001420  54000000	nop; not filled.
  331  00001424  0c00010c	jal	_Exit
  332  00001428  54000000	nop; not filled.
  333  0000142c  23bd0008	addi	r29,r29,#8
  334  00001430          	L26_LF0:
  335  00001430  0c000e48	jal	_exit
  336  00001434  54000000	nop
  337  00001438          	.endproc _main
  338                      ;;;
  339                      ;;; Stub functions for DLX traps.
  340                      ;;;
  341                      ;;; Ethan L. Miller, 1999.  Released to the public domain.
  342                      ;;;
  343                      ;;; The traps such as Open and Close
  344                      ;;; (note the capital letters) are for use by user programs.  The traps
  345                      ;;; with names such as open and close (lower case) are for use by the OS.
  346                      ;;;
  349  00001438          	.align 2
  351                      ;;; The following are the traps to be used by user-level programs
  352                      ;;;
  354  00001438          	.align 2
  355  00001438          	.proc _Open
  356  00001438          	.global _Open
  357  00001438          	_Open:
  358                      ;;; Note that trap #0x213 actually causes a trap vector in the OS of
  359                      ;;; 0x1213.  The same is true for other user traps.  Thus, a user trap
  360                      ;;; with trap #0x240 will result in a trap vector of 0x1240 in the OS.
  361  00001438  44000213	trap	#0x213
  362  0000143c  4be00000	jr	r31
  363  00001440  54000000	nop
  364  00001444          	.endproc _Open
  366  00001444          	.proc _Close
  367  00001444          	.global _Close
  368  00001444          	_Close:
  369  00001444  44000214	trap	#0x214
  370  00001448  4be00000	jr	r31
  371  0000144c  54000000	nop
  372  00001450          	.endproc _Close
  374  00001450          	.proc _Read
  375  00001450          	.global _Read
  376  00001450          	_Read:
  377  00001450  44000210	trap	#0x210
  378  00001454  4be00000	jr	r31
  379  00001458  54000000	nop
  380  0000145c          	.endproc _Read
  382  0000145c          	.proc _Write
  383  0000145c          	.global _Write
  384  0000145c          	_Write:
  385  0000145c  44000211	trap	#0x211
  386  00001460  4be00000	jr	r31
  387  00001464  54000000	nop
  388  00001468          	.endproc _Write
  390  00001468          	.proc _Lseek
  391  00001468          	.global _Lseek
  392  00001468          	_Lseek:
  393  00001468  44000212	trap	#0x212
  394  0000146c  4be00000	jr	r31
  395  00001470  54000000	nop
  396  00001474          	.endproc _Lseek
  398  00001474          	.proc _Putchar
  399  00001474          	.global _Putchar
  400  00001474          	_Putchar:
  401  00001474  44000280	trap	#0x280
  402  00001478  4be00000	jr	r31
  403  0000147c  54000000	nop
  404  00001480          	.endproc _Putchar
  406  00001480          	.proc _Printf
  407  00001480          	.global _Printf
  408  00001480          	_Printf:
  409  00001480  44000201	trap	#0x201
  410  00001484  4be00000	jr	r31
  411  00001488  54000000	nop
  412  0000148c          	.endproc _Printf
  414  0000148c          	.proc _getpid
  415  0000148c          	.global _getpid
  416  0000148c          	_getpid:
  417  0000148c  44000431	trap	#0x431
  418  00001490  4be00000	jr	r31
  419  00001494  54000000	nop
  420  00001498          	.endproc _getpid
  422  00001498          	.proc _process_create
  423  00001498          	.global _process_create
  424  00001498          	_process_create:
  425  00001498  44000432	trap	#0x432
  426  0000149c  4be00000	jr	r31
  427  000014a0  54000000	nop
  428  000014a4          	.endproc _process_create
  430  000014a4          	.proc _shmget
  431  000014a4          	.global _shmget
  432  000014a4          	_shmget:
  433  000014a4  44000440	trap	#0x440
  434  000014a8  4be00000	jr	r31
  435  000014ac  54000000	nop
  436  000014b0          	.endproc _shmget
  438  000014b0          	.proc _shmat
  439  000014b0          	.global _shmat
  440  000014b0          	_shmat:
  441  000014b0  44000441	trap	#0x441
  442  000014b4  4be00000	jr	r31
  443  000014b8  54000000	nop
  444  000014bc          	.endproc _shmat
  446  000014bc          	.proc _sem_create
  447  000014bc          	.global _sem_create
  448  000014bc          	_sem_create:
  449  000014bc  44000450	trap	#0x450
  450  000014c0  4be00000	jr	r31
  451  000014c4  54000000	nop
  452  000014c8          	.endproc _sem_create
  454  000014c8          	.proc _sem_wait
  455  000014c8          	.global _sem_wait
  456  000014c8          	_sem_wait:
  457  000014c8  44000451	trap	#0x451
  458  000014cc  4be00000	jr	r31
  459  000014d0  54000000	nop
  460  000014d4          	.endproc _sem_wait
  462  000014d4          	.proc _sem_signal
  463  000014d4          	.global _sem_signal
  464  000014d4          	_sem_signal:
  465  000014d4  44000452	trap	#0x452
  466  000014d8  4be00000	jr	r31
  467  000014dc  54000000	nop
  468  000014e0          	.endproc _sem_signal
  470  000014e0          	.proc _lock_create
  471  000014e0          	.global _lock_create
  472  000014e0          	_lock_create:
  473  000014e0  44000453	trap	#0x453
  474  000014e4  4be00000	jr	r31
  475  000014e8  54000000	nop
  476  000014ec          	.endproc _lock_create
  478  000014ec          	.proc _lock_acquire
  479  000014ec          	.global _lock_acquire
  480  000014ec          	_lock_acquire:
  481  000014ec  44000454	trap	#0x454
  482  000014f0  4be00000	jr	r31
  483  000014f4  54000000	nop
  484  000014f8          	.endproc _lock_acquire
  486  000014f8          	.proc _lock_release
  487  000014f8          	.global _lock_release
  488  000014f8          	_lock_release:
  489  000014f8  44000455	trap	#0x455
  490  000014fc  4be00000	jr	r31
  491  00001500  54000000	nop
  492  00001504          	.endproc _lock_release
  494  00001504          	.proc _cond_create
  495  00001504          	.global _cond_create
  496  00001504          	_cond_create:
  497  00001504  44000456	trap	#0x456
  498  00001508  4be00000	jr	r31
  499  0000150c  54000000	nop
  500  00001510          	.endproc _cond_create
  502  00001510          	.proc _cond_wait
  503  00001510          	.global _cond_wait
  504  00001510          	_cond_wait:
  505  00001510  44000457	trap	#0x457
  506  00001514  4be00000	jr	r31
  507  00001518  54000000	nop
  508  0000151c          	.endproc _cond_wait
  510  0000151c          	.proc _cond_signal
  511  0000151c          	.global _cond_signal
  512  0000151c          	_cond_signal:
  513  0000151c  44000458	trap	#0x458
  514  00001520  4be00000	jr	r31
  515  00001524  54000000	nop
  516  00001528          	.endproc _cond_signal
  518  00001528          	.proc _cond_broadcast
  519  00001528          	.global _cond_broadcast
  520  00001528          	_cond_broadcast:
  521  00001528  44000455	trap	#0x455
  522  0000152c  4be00000	jr	r31
  523  00001530  54000000	nop
  524  00001534          	.endproc _cond_broadcast
  526  00001534          	.proc _Exit
  527  00001534          	.global _Exit
  528  00001534          	_Exit:
  529  00001534  44000500	trap	#0x500
  530  00001538  4be00000	jr	r31
  531  0000153c  54000000	nop
  532  00001540          	.endproc _Exit
  533                      ; Compiled by GCC
  535  00001540          	.align 2
  536  00001540          	.proc _isspace
  537  00001540          	.global _isspace
  538  00001540          	_isspace:
  539                      ;  Function 'isspace'; 0 bytes of locals, 3 regs to save.
  540  00001540  afbefffc	sw	-4(r29),r30; push fp
  541  00001544  001df020	add	r30,r0,r29; fp = sp
  542  00001548  afbffff8	sw	-8(r29),r31; push ret addr
  543  0000154c  2fbd0018	subui	r29,r29,#24; alloc local storage
  544  00001550  afa20000	sw	0(r29),r2
  545  00001554  afa30004	sw	4(r29),r3
  546  00001558  afa40008	sw	8(r29),r4
  547  0000155c  83c20003	lb	r2,3(r30)
  548  00001560  20010000	addi	r1,r0,#0
  549  00001564  304300ff	andi	r3,r2,#0x00ff
  550  00001568  60640020	seqi	r4,r3,#32
  551  0000156c  1480002c	bnez	r4,L3_LF2
  552  00001570  54000000	nop; delay slot nop
  553  00001574  304300ff	andi	r3,r2,#0x00ff
  554  00001578  60640009	seqi	r4,r3,#9
  555  0000157c  1480001c	bnez	r4,L3_LF2
  556  00001580  54000000	nop; delay slot nop
  557  00001584  304300ff	andi	r3,r2,#0x00ff
  558  00001588  6064000a	seqi	r4,r3,#10
  559  0000158c  1480000c	bnez	r4,L3_LF2
  560  00001590  54000000	nop; delay slot nop
  561  00001594  08000008	j	L2_LF2
  562  00001598  54000000	nop; delay slot nop
  563  0000159c          	L3_LF2:
  564  0000159c  20010001	addi	r1,r0,#1
  565  000015a0          	L2_LF2:
  566  000015a0  08000004	j	L1_LF2
  567  000015a4  54000000	nop; delay slot nop
  568  000015a8          	L1_LF2:
  569  000015a8  8fa20000	lw	r2,0(r29)
  570  000015ac  8fa30004	lw	r3,4(r29)
  571  000015b0  8fa40008	lw	r4,8(r29)
  572  000015b4  8fdffff8	lw	r31,-8(r30)
  573  000015b8  001ee820	add	r29,r0,r30
  574  000015bc  8fdefffc	lw	r30,-4(r30)
  575  000015c0  4be00000	jr	r31
  576  000015c4  54000000	nop
  577  000015c8          	.endproc _isspace
  578  000015c8          	.align 2
  579  000015c8          	.proc _isxdigit
  580  000015c8          	.global _isxdigit
  581  000015c8          	_isxdigit:
  582                      ;  Function 'isxdigit'; 0 bytes of locals, 3 regs to save.
  583  000015c8  afbefffc	sw	-4(r29),r30; push fp
  584  000015cc  001df020	add	r30,r0,r29; fp = sp
  585  000015d0  afbffff8	sw	-8(r29),r31; push ret addr
  586  000015d4  2fbd0018	subui	r29,r29,#24; alloc local storage
  587  000015d8  afa20000	sw	0(r29),r2
  588  000015dc  afa30004	sw	4(r29),r3
  589  000015e0  afa40008	sw	8(r29),r4
  590  000015e4  83c20003	lb	r2,3(r30)
  591  000015e8  20010000	addi	r1,r0,#0
  592  000015ec  304300ff	andi	r3,r2,#0x00ff
  593  000015f0  6c64002f	sgtui	r4,r3,#47
  594  000015f4  1080001c	beqz	r4,L7_LF2
  595  000015f8  54000000	nop; delay slot nop
  596  000015fc  304300ff	andi	r3,r2,#0x00ff
  597  00001600  70640039	sleui	r4,r3,#57
  598  00001604  1480005c	bnez	r4,L6_LF2
  599  00001608  54000000	nop; delay slot nop
  600  0000160c  08000004	j	L7_LF2
  601  00001610  54000000	nop; delay slot nop
  602  00001614          	L7_LF2:
  603  00001614  304300ff	andi	r3,r2,#0x00ff
  604  00001618  6c640060	sgtui	r4,r3,#96
  605  0000161c  1080001c	beqz	r4,L8_LF2
  606  00001620  54000000	nop; delay slot nop
  607  00001624  304300ff	andi	r3,r2,#0x00ff
  608  00001628  70640066	sleui	r4,r3,#102
  609  0000162c  14800034	bnez	r4,L6_LF2
  610  00001630  54000000	nop; delay slot nop
  611  00001634  08000004	j	L8_LF2
  612  00001638  54000000	nop; delay slot nop
  613  0000163c          	L8_LF2:
  614  0000163c  304300ff	andi	r3,r2,#0x00ff
  615  00001640  6c640040	sgtui	r4,r3,#64
  616  00001644  10800020	beqz	r4,L5_LF2
  617  00001648  54000000	nop; delay slot nop
  618  0000164c  304300ff	andi	r3,r2,#0x00ff
  619  00001650  70640041	sleui	r4,r3,#65
  620  00001654  1480000c	bnez	r4,L6_LF2
  621  00001658  54000000	nop; delay slot nop
  622  0000165c  08000008	j	L5_LF2
  623  00001660  54000000	nop; delay slot nop
  624  00001664          	L6_LF2:
  625  00001664  20010001	addi	r1,r0,#1
  626  00001668          	L5_LF2:
  627  00001668  08000004	j	L4_LF2
  628  0000166c  54000000	nop; delay slot nop
  629  00001670          	L4_LF2:
  630  00001670  8fa20000	lw	r2,0(r29)
  631  00001674  8fa30004	lw	r3,4(r29)
  632  00001678  8fa40008	lw	r4,8(r29)
  633  0000167c  8fdffff8	lw	r31,-8(r30)
  634  00001680  001ee820	add	r29,r0,r30
  635  00001684  8fdefffc	lw	r30,-4(r30)
  636  00001688  4be00000	jr	r31
  637  0000168c  54000000	nop
  638  00001690          	.endproc _isxdigit
  639  00001690          	.align 2
  640  00001690          	.proc _dstrcpy
  641  00001690          	.global _dstrcpy
  642  00001690          	_dstrcpy:
  643                      ;  Function 'dstrcpy'; 8 bytes of locals, 2 regs to save.
  644  00001690  afbefffc	sw	-4(r29),r30; push fp
  645  00001694  001df020	add	r30,r0,r29; fp = sp
  646  00001698  afbffff8	sw	-8(r29),r31; push ret addr
  647  0000169c  2fbd0018	subui	r29,r29,#24; alloc local storage
  648  000016a0  afa20000	sw	0(r29),r2
  649  000016a4  afa30004	sw	4(r29),r3
  650  000016a8  8fc10000	lw	r1,(r30)
  651  000016ac  afc1fff4	sw	-12(r30),r1
  652  000016b0          	L10_LF2:
  653  000016b0  8fc10000	lw	r1,(r30)
  654  000016b4  20220001	addi	r2,r1,#1
  655  000016b8  afc20000	sw	(r30),r2
  656  000016bc  8fc20004	lw	r2,4(r30)
  657  000016c0  20430001	addi	r3,r2,#1
  658  000016c4  afc30004	sw	4(r30),r3
  659  000016c8  80420000	lb	r2,(r2)
  660  000016cc  a0220000	sb	(r1),r2
  661  000016d0  a3c2fff3	sb	-13(r30),r2
  662  000016d4          	L12_LF2:
  663  000016d4  93c1fff3	lbu	r1,-13(r30)
  664  000016d8  64220000	snei	r2,r1,#0
  665  000016dc  1440000c	bnez	r2,L13_LF2
  666  000016e0  54000000	nop; delay slot nop
  667  000016e4  0800000c	j	L11_LF2
  668  000016e8  54000000	nop; delay slot nop
  669  000016ec          	L13_LF2:
  670  000016ec  0bffffc0	j	L10_LF2
  671  000016f0  54000000	nop; delay slot nop
  672  000016f4          	L11_LF2:
  673  000016f4  8fc1fff4	lw	r1,-12(r30)
  674  000016f8  08000004	j	L9_LF2
  675  000016fc  54000000	nop; delay slot nop
  676  00001700          	L9_LF2:
  677  00001700  8fa20000	lw	r2,0(r29)
  678  00001704  8fa30004	lw	r3,4(r29)
  679  00001708  8fdffff8	lw	r31,-8(r30)
  680  0000170c  001ee820	add	r29,r0,r30
  681  00001710  8fdefffc	lw	r30,-4(r30)
  682  00001714  4be00000	jr	r31
  683  00001718  54000000	nop
  684  0000171c          	.endproc _dstrcpy
  685  0000171c          	.align 2
  686  0000171c          	.proc _dstrncpy
  687  0000171c          	.global _dstrncpy
  688  0000171c          	_dstrncpy:
  689                      ;  Function 'dstrncpy'; 8 bytes of locals, 2 regs to save.
  690  0000171c  afbefffc	sw	-4(r29),r30; push fp
  691  00001720  001df020	add	r30,r0,r29; fp = sp
  692  00001724  afbffff8	sw	-8(r29),r31; push ret addr
  693  00001728  2fbd0018	subui	r29,r29,#24; alloc local storage
  694  0000172c  afa20000	sw	0(r29),r2
  695  00001730  afa30004	sw	4(r29),r3
  696  00001734  8fc10000	lw	r1,(r30)
  697  00001738  afc1fff4	sw	-12(r30),r1
  698  0000173c          	L15_LF2:
  699  0000173c  8fc10008	lw	r1,8(r30)
  700  00001740  2022ffff	addi	r2,r1,#-1
  701  00001744  afc20008	sw	8(r30),r2
  702  00001748  70210000	slei	r1,r1,#0
  703  0000174c  1020000c	beqz	r1,L18_LF2
  704  00001750  54000000	nop; delay slot nop
  705  00001754  08000048	j	L16_LF2
  706  00001758  54000000	nop; delay slot nop
  707  0000175c          	L18_LF2:
  708  0000175c  8fc10000	lw	r1,(r30)
  709  00001760  20220001	addi	r2,r1,#1
  710  00001764  afc20000	sw	(r30),r2
  711  00001768  8fc20004	lw	r2,4(r30)
  712  0000176c  20430001	addi	r3,r2,#1
  713  00001770  afc30004	sw	4(r30),r3
  714  00001774  80420000	lb	r2,(r2)
  715  00001778  a0220000	sb	(r1),r2
  716  0000177c  a3c2fff3	sb	-13(r30),r2
  717  00001780          	L17_LF2:
  718  00001780  93c1fff3	lbu	r1,-13(r30)
  719  00001784  64220000	snei	r2,r1,#0
  720  00001788  1440000c	bnez	r2,L19_LF2
  721  0000178c  54000000	nop; delay slot nop
  722  00001790  0800000c	j	L16_LF2
  723  00001794  54000000	nop; delay slot nop
  724  00001798          	L19_LF2:
  725  00001798  0bffffa0	j	L15_LF2
  726  0000179c  54000000	nop; delay slot nop
  727  000017a0          	L16_LF2:
  728  000017a0  8fc1fff4	lw	r1,-12(r30)
  729  000017a4  08000004	j	L14_LF2
  730  000017a8  54000000	nop; delay slot nop
  731  000017ac          	L14_LF2:
  732  000017ac  8fa20000	lw	r2,0(r29)
  733  000017b0  8fa30004	lw	r3,4(r29)
  734  000017b4  8fdffff8	lw	r31,-8(r30)
  735  000017b8  001ee820	add	r29,r0,r30
  736  000017bc  8fdefffc	lw	r30,-4(r30)
  737  000017c0  4be00000	jr	r31
  738  000017c4  54000000	nop
  739  000017c8          	.endproc _dstrncpy
  740  000017c8          	.align 2
  741  000017c8          	.proc _dstrcat
  742  000017c8          	.global _dstrcat
  743  000017c8          	_dstrcat:
  744                      ;  Function 'dstrcat'; 8 bytes of locals, 1 regs to save.
  745  000017c8  afbefffc	sw	-4(r29),r30; push fp
  746  000017cc  001df020	add	r30,r0,r29; fp = sp
  747  000017d0  afbffff8	sw	-8(r29),r31; push ret addr
  748  000017d4  2fbd0018	subui	r29,r29,#24; alloc local storage
  749  000017d8  afa20000	sw	0(r29),r2
  750  000017dc  8fc10000	lw	r1,(r30)
  751  000017e0  afc1fff4	sw	-12(r30),r1
  752  000017e4          	L21_LF2:
  753  000017e4  8fc10000	lw	r1,(r30)
  754  000017e8  90220000	lbu	r2,(r1)
  755  000017ec  64410000	snei	r1,r2,#0
  756  000017f0  1420000c	bnez	r1,L23_LF2
  757  000017f4  54000000	nop; delay slot nop
  758  000017f8  0800001c	j	L22_LF2
  759  000017fc  54000000	nop; delay slot nop
  760  00001800          	L23_LF2:
  761  00001800  8fc20000	lw	r2,(r30)
  762  00001804  20410001	addi	r1,r2,#1
  763  00001808  00011020	add	r2,r0,r1
  764  0000180c  afc20000	sw	(r30),r2
  765  00001810  0bffffd0	j	L21_LF2
  766  00001814  54000000	nop; delay slot nop
  767  00001818          	L22_LF2:
  768  00001818  23bdfff8	addi	r29,r29,#-8
  769  0000181c  001d0820	add	r1,r0,r29
  770  00001820  8fc20000	lw	r2,(r30)
  771  00001824  ac220000	sw	(r1),r2
  772  00001828  8fc20004	lw	r2,4(r30)
  773  0000182c  ac220004	sw	4(r1),r2
  774  00001830  0ffffe5c	jal	_dstrcpy
  775  00001834  54000000	nop; delay slot nop
  776  00001838  23bd0008	addi	r29,r29,#8
  777  0000183c  8fc1fff4	lw	r1,-12(r30)
  778  00001840  08000004	j	L20_LF2
  779  00001844  54000000	nop; delay slot nop
  780  00001848          	L20_LF2:
  781  00001848  8fa20000	lw	r2,0(r29)
  782  0000184c  8fdffff8	lw	r31,-8(r30)
  783  00001850  001ee820	add	r29,r0,r30
  784  00001854  8fdefffc	lw	r30,-4(r30)
  785  00001858  4be00000	jr	r31
  786  0000185c  54000000	nop
  787  00001860          	.endproc _dstrcat
  788  00001860          	.align 2
  789  00001860          	.proc _dstrncmp
  790  00001860          	.global _dstrncmp
  791  00001860          	_dstrncmp:
  792                      ;  Function 'dstrncmp'; 8 bytes of locals, 2 regs to save.
  793  00001860  afbefffc	sw	-4(r29),r30; push fp
  794  00001864  001df020	add	r30,r0,r29; fp = sp
  795  00001868  afbffff8	sw	-8(r29),r31; push ret addr
  796  0000186c  2fbd0018	subui	r29,r29,#24; alloc local storage
  797  00001870  afa20000	sw	0(r29),r2
  798  00001874  afa30004	sw	4(r29),r3
  799  00001878  54000000	nop
  800  0000187c  20010000	addi	r1,r0,#0
  801  00001880  afc1fff4	sw	-12(r30),r1
  802  00001884          	L25_LF2:
  803  00001884  8fc1fff4	lw	r1,-12(r30)
  804  00001888  8fc20008	lw	r2,8(r30)
  805  0000188c  0022082a	slt	r1,r1,r2
  806  00001890  1420000c	bnez	r1,L28_LF2
  807  00001894  54000000	nop; delay slot nop
  808  00001898  08000088	j	L26_LF2
  809  0000189c  54000000	nop; delay slot nop
  810  000018a0          	L28_LF2:
  811  000018a0  8fc10004	lw	r1,4(r30)
  812  000018a4  90220000	lbu	r2,(r1)
  813  000018a8  64410000	snei	r1,r2,#0
  814  000018ac  14200018	bnez	r1,L29_LF2
  815  000018b0  54000000	nop; delay slot nop
  816  000018b4  20010000	addi	r1,r0,#0
  817  000018b8  080000d8	j	L24_LF2
  818  000018bc  54000000	nop; delay slot nop
  819  000018c0  08000028	j	L30_LF2
  820  000018c4  54000000	nop; delay slot nop
  821  000018c8          	L29_LF2:
  822  000018c8  8fc10000	lw	r1,(r30)
  823  000018cc  8fc20004	lw	r2,4(r30)
  824  000018d0  90210000	lbu	r1,(r1)
  825  000018d4  90420000	lbu	r2,(r2)
  826  000018d8  00220829	sne	r1,r1,r2
  827  000018dc  1020000c	beqz	r1,L30_LF2
  828  000018e0  54000000	nop; delay slot nop
  829  000018e4  0800003c	j	L26_LF2
  830  000018e8  54000000	nop; delay slot nop
  831  000018ec          	L31_LF2:
  832  000018ec          	L30_LF2:
  833  000018ec  8fc20000	lw	r2,(r30)
  834  000018f0  20410001	addi	r1,r2,#1
  835  000018f4  00011020	add	r2,r0,r1
  836  000018f8  afc20000	sw	(r30),r2
  837  000018fc  8fc20004	lw	r2,4(r30)
  838  00001900  20410001	addi	r1,r2,#1
  839  00001904  00011020	add	r2,r0,r1
  840  00001908  afc20004	sw	4(r30),r2
  841  0000190c          	L27_LF2:
  842  0000190c  8fc2fff4	lw	r2,-12(r30)
  843  00001910  20410001	addi	r1,r2,#1
  844  00001914  00011020	add	r2,r0,r1
  845  00001918  afc2fff4	sw	-12(r30),r2
  846  0000191c  0bffff64	j	L25_LF2
  847  00001920  54000000	nop; delay slot nop
  848  00001924          	L26_LF2:
  849  00001924  8fc1fff4	lw	r1,-12(r30)
  850  00001928  8fc20008	lw	r2,8(r30)
  851  0000192c  00220828	seq	r1,r1,r2
  852  00001930  10200018	beqz	r1,L32_LF2
  853  00001934  54000000	nop; delay slot nop
  854  00001938  20010000	addi	r1,r0,#0
  855  0000193c  08000054	j	L24_LF2
  856  00001940  54000000	nop; delay slot nop
  857  00001944  0800004c	j	L33_LF2
  858  00001948  54000000	nop; delay slot nop
  859  0000194c          	L32_LF2:
  860  0000194c  8fc20000	lw	r2,(r30)
  861  00001950  90410000	lbu	r1,(r2)
  862  00001954  8fc20004	lw	r2,4(r30)
  863  00001958  90430000	lbu	r3,(r2)
  864  0000195c  00230822	sub	r1,r1,r3
  865  00001960  74220000	sgei	r2,r1,#0
  866  00001964  10400020	beqz	r2,L34_LF2
  867  00001968  54000000	nop; delay slot nop
  868  0000196c  8fc10000	lw	r1,(r30)
  869  00001970  8fc20004	lw	r2,4(r30)
  870  00001974  90210000	lbu	r1,(r1)
  871  00001978  90420000	lbu	r2,(r2)
  872  0000197c  00220829	sne	r1,r1,r2
  873  00001980  08000008	j	L35_LF2
  874  00001984  54000000	nop; delay slot nop
  875  00001988          	L34_LF2:
  876  00001988  2001ffff	addi	r1,r0,#-1
  877  0000198c          	L35_LF2:
  878  0000198c  08000004	j	L24_LF2
  879  00001990  54000000	nop; delay slot nop
  880  00001994          	L33_LF2:
  881  00001994          	L24_LF2:
  882  00001994  8fa20000	lw	r2,0(r29)
  883  00001998  8fa30004	lw	r3,4(r29)
  884  0000199c  8fdffff8	lw	r31,-8(r30)
  885  000019a0  001ee820	add	r29,r0,r30
  886  000019a4  8fdefffc	lw	r30,-4(r30)
  887  000019a8  4be00000	jr	r31
  888  000019ac  54000000	nop
  889  000019b0          	.endproc _dstrncmp
  890  000019b0          	.align 2
  891  000019b0          	.proc _dstrlen
  892  000019b0          	.global _dstrlen
  893  000019b0          	_dstrlen:
  894                      ;  Function 'dstrlen'; 8 bytes of locals, 1 regs to save.
  895  000019b0  afbefffc	sw	-4(r29),r30; push fp
  896  000019b4  001df020	add	r30,r0,r29; fp = sp
  897  000019b8  afbffff8	sw	-8(r29),r31; push ret addr
  898  000019bc  2fbd0018	subui	r29,r29,#24; alloc local storage
  899  000019c0  afa20000	sw	0(r29),r2
  900  000019c4  20010000	addi	r1,r0,#0
  901  000019c8  afc1fff4	sw	-12(r30),r1
  902  000019cc          	L37_LF2:
  903  000019cc  8fc10000	lw	r1,(r30)
  904  000019d0  20220001	addi	r2,r1,#1
  905  000019d4  afc20000	sw	(r30),r2
  906  000019d8  90210000	lbu	r1,(r1)
  907  000019dc  64220000	snei	r2,r1,#0
  908  000019e0  1440000c	bnez	r2,L39_LF2
  909  000019e4  54000000	nop; delay slot nop
  910  000019e8  0800001c	j	L38_LF2
  911  000019ec  54000000	nop; delay slot nop
  912  000019f0          	L39_LF2:
  913  000019f0  8fc2fff4	lw	r2,-12(r30)
  914  000019f4  20410001	addi	r1,r2,#1
  915  000019f8  00011020	add	r2,r0,r1
  916  000019fc  afc2fff4	sw	-12(r30),r2
  917  00001a00  0bffffc8	j	L37_LF2
  918  00001a04  54000000	nop; delay slot nop
  919  00001a08          	L38_LF2:
  920  00001a08  8fc1fff4	lw	r1,-12(r30)
  921  00001a0c  08000004	j	L36_LF2
  922  00001a10  54000000	nop; delay slot nop
  923  00001a14          	L36_LF2:
  924  00001a14  8fa20000	lw	r2,0(r29)
  925  00001a18  8fdffff8	lw	r31,-8(r30)
  926  00001a1c  001ee820	add	r29,r0,r30
  927  00001a20  8fdefffc	lw	r30,-4(r30)
  928  00001a24  4be00000	jr	r31
  929  00001a28  54000000	nop
  930  00001a2c          	.endproc _dstrlen
  931  00001a2c          	.align 2
  932  00001a2c          	.proc _dstrstr
  933  00001a2c          	.global _dstrstr
  934  00001a2c          	_dstrstr:
  935                      ;  Function 'dstrstr'; 8 bytes of locals, 1 regs to save.
  936  00001a2c  afbefffc	sw	-4(r29),r30; push fp
  937  00001a30  001df020	add	r30,r0,r29; fp = sp
  938  00001a34  afbffff8	sw	-8(r29),r31; push ret addr
  939  00001a38  2fbd0018	subui	r29,r29,#24; alloc local storage
  940  00001a3c  afa20000	sw	0(r29),r2
  941  00001a40  23bdfff8	addi	r29,r29,#-8
  942  00001a44  001d0820	add	r1,r0,r29
  943  00001a48  8fc20004	lw	r2,4(r30)
  944  00001a4c  ac220000	sw	(r1),r2
  945  00001a50  0fffff5c	jal	_dstrlen
  946  00001a54  54000000	nop; delay slot nop
  947  00001a58  23bd0008	addi	r29,r29,#8
  948  00001a5c  afc1fff4	sw	-12(r30),r1
  949  00001a60          	L41_LF2:
  950  00001a60  8fc10000	lw	r1,(r30)
  951  00001a64  90220000	lbu	r2,(r1)
  952  00001a68  64410000	snei	r1,r2,#0
  953  00001a6c  1420000c	bnez	r1,L43_LF2
  954  00001a70  54000000	nop; delay slot nop
  955  00001a74  08000060	j	L42_LF2
  956  00001a78  54000000	nop; delay slot nop
  957  00001a7c          	L43_LF2:
  958  00001a7c  23bdfff0	addi	r29,r29,#-16
  959  00001a80  001d0820	add	r1,r0,r29
  960  00001a84  8fc20000	lw	r2,(r30)
  961  00001a88  ac220000	sw	(r1),r2
  962  00001a8c  8fc20004	lw	r2,4(r30)
  963  00001a90  ac220004	sw	4(r1),r2
  964  00001a94  8fc2fff4	lw	r2,-12(r30)
  965  00001a98  ac220008	sw	8(r1),r2
  966  00001a9c  0ffffdc0	jal	_dstrncmp
  967  00001aa0  54000000	nop; delay slot nop
  968  00001aa4  23bd0010	addi	r29,r29,#16
  969  00001aa8  64220000	snei	r2,r1,#0
  970  00001aac  14400010	bnez	r2,L44_LF2
  971  00001ab0  54000000	nop; delay slot nop
  972  00001ab4  8fc10000	lw	r1,(r30)
  973  00001ab8  08000028	j	L40_LF2
  974  00001abc  54000000	nop; delay slot nop
  975  00001ac0          	L44_LF2:
  976  00001ac0  8fc20000	lw	r2,(r30)
  977  00001ac4  20410001	addi	r1,r2,#1
  978  00001ac8  00011020	add	r2,r0,r1
  979  00001acc  afc20000	sw	(r30),r2
  980  00001ad0  0bffff8c	j	L41_LF2
  981  00001ad4  54000000	nop; delay slot nop
  982  00001ad8          	L42_LF2:
  983  00001ad8  20010000	addi	r1,r0,#0
  984  00001adc  08000004	j	L40_LF2
  985  00001ae0  54000000	nop; delay slot nop
  986  00001ae4          	L40_LF2:
  987  00001ae4  8fa20000	lw	r2,0(r29)
  988  00001ae8  8fdffff8	lw	r31,-8(r30)
  989  00001aec  001ee820	add	r29,r0,r30
  990  00001af0  8fdefffc	lw	r30,-4(r30)
  991  00001af4  4be00000	jr	r31
  992  00001af8  54000000	nop
  993  00001afc          	.endproc _dstrstr
  994  00001afc          	.align 2
  995  00001afc          	.proc _dmindex
  996  00001afc          	.global _dmindex
  997  00001afc          	_dmindex:
  998                      ;  Function 'dmindex'; 8 bytes of locals, 1 regs to save.
  999  00001afc  afbefffc	sw	-4(r29),r30; push fp
 1000  00001b00  001df020	add	r30,r0,r29; fp = sp
 1001  00001b04  afbffff8	sw	-8(r29),r31; push ret addr
 1002  00001b08  2fbd0018	subui	r29,r29,#24; alloc local storage
 1003  00001b0c  afa20000	sw	0(r29),r2
 1004  00001b10  54000000	nop
 1005  00001b14          	L46_LF2:
 1006  00001b14  8fc10000	lw	r1,(r30)
 1007  00001b18  90220000	lbu	r2,(r1)
 1008  00001b1c  64410000	snei	r1,r2,#0
 1009  00001b20  1420000c	bnez	r1,L48_LF2
 1010  00001b24  54000000	nop; delay slot nop
 1011  00001b28  08000070	j	L47_LF2
 1012  00001b2c  54000000	nop; delay slot nop
 1013  00001b30          	L48_LF2:
 1014  00001b30  8fc10004	lw	r1,4(r30)
 1015  00001b34  afc1fff4	sw	-12(r30),r1
 1016  00001b38          	L49_LF2:
 1017  00001b38  8fc1fff4	lw	r1,-12(r30)
 1018  00001b3c  90220000	lbu	r2,(r1)
 1019  00001b40  64410000	snei	r1,r2,#0
 1020  00001b44  1420000c	bnez	r1,L52_LF2
 1021  00001b48  54000000	nop; delay slot nop
 1022  00001b4c  08000044	j	L50_LF2
 1023  00001b50  54000000	nop; delay slot nop
 1024  00001b54          	L52_LF2:
 1025  00001b54  8fc10000	lw	r1,(r30)
 1026  00001b58  8fc2fff4	lw	r2,-12(r30)
 1027  00001b5c  90210000	lbu	r1,(r1)
 1028  00001b60  90420000	lbu	r2,(r2)
 1029  00001b64  00220828	seq	r1,r1,r2
 1030  00001b68  10200010	beqz	r1,L51_LF2
 1031  00001b6c  54000000	nop; delay slot nop
 1032  00001b70  8fc10000	lw	r1,(r30)
 1033  00001b74  08000030	j	L45_LF2
 1034  00001b78  54000000	nop; delay slot nop
 1035  00001b7c          	L53_LF2:
 1036  00001b7c          	L51_LF2:
 1037  00001b7c  8fc2fff4	lw	r2,-12(r30)
 1038  00001b80  20410001	addi	r1,r2,#1
 1039  00001b84  00011020	add	r2,r0,r1
 1040  00001b88  afc2fff4	sw	-12(r30),r2
 1041  00001b8c  0bffffa8	j	L49_LF2
 1042  00001b90  54000000	nop; delay slot nop
 1043  00001b94          	L50_LF2:
 1044  00001b94  0bffff7c	j	L46_LF2
 1045  00001b98  54000000	nop; delay slot nop
 1046  00001b9c          	L47_LF2:
 1047  00001b9c  20010000	addi	r1,r0,#0
 1048  00001ba0  08000004	j	L45_LF2
 1049  00001ba4  54000000	nop; delay slot nop
 1050  00001ba8          	L45_LF2:
 1051  00001ba8  8fa20000	lw	r2,0(r29)
 1052  00001bac  8fdffff8	lw	r31,-8(r30)
 1053  00001bb0  001ee820	add	r29,r0,r30
 1054  00001bb4  8fdefffc	lw	r30,-4(r30)
 1055  00001bb8  4be00000	jr	r31
 1056  00001bbc  54000000	nop
 1057  00001bc0          	.endproc _dmindex
 1058  00001bc0          	.align 2
 1059  00001bc0          	.proc _dindex
 1060  00001bc0          	.global _dindex
 1061  00001bc0          	_dindex:
 1062                      ;  Function 'dindex'; 0 bytes of locals, 1 regs to save.
 1063  00001bc0  afbefffc	sw	-4(r29),r30; push fp
 1064  00001bc4  001df020	add	r30,r0,r29; fp = sp
 1065  00001bc8  afbffff8	sw	-8(r29),r31; push ret addr
 1066  00001bcc  2fbd0010	subui	r29,r29,#16; alloc local storage
 1067  00001bd0  afa20000	sw	0(r29),r2
 1068  00001bd4  54000000	nop
 1069  00001bd8          	L55_LF2:
 1070  00001bd8  8fc10000	lw	r1,(r30)
 1071  00001bdc  90220000	lbu	r2,(r1)
 1072  00001be0  64410000	snei	r1,r2,#0
 1073  00001be4  1420000c	bnez	r1,L57_LF2
 1074  00001be8  54000000	nop; delay slot nop
 1075  00001bec  08000040	j	L56_LF2
 1076  00001bf0  54000000	nop; delay slot nop
 1077  00001bf4          	L57_LF2:
 1078  00001bf4  8fc10000	lw	r1,(r30)
 1079  00001bf8  90220000	lbu	r2,(r1)
 1080  00001bfc  8fc10004	lw	r1,4(r30)
 1081  00001c00  00411028	seq	r2,r2,r1
 1082  00001c04  10400010	beqz	r2,L58_LF2
 1083  00001c08  54000000	nop; delay slot nop
 1084  00001c0c  8fc10000	lw	r1,(r30)
 1085  00001c10  08000028	j	L54_LF2
 1086  00001c14  54000000	nop; delay slot nop
 1087  00001c18          	L58_LF2:
 1088  00001c18  8fc20000	lw	r2,(r30)
 1089  00001c1c  20410001	addi	r1,r2,#1
 1090  00001c20  00011020	add	r2,r0,r1
 1091  00001c24  afc20000	sw	(r30),r2
 1092  00001c28  0bffffac	j	L55_LF2
 1093  00001c2c  54000000	nop; delay slot nop
 1094  00001c30          	L56_LF2:
 1095  00001c30  20010000	addi	r1,r0,#0
 1096  00001c34  08000004	j	L54_LF2
 1097  00001c38  54000000	nop; delay slot nop
 1098  00001c3c          	L54_LF2:
 1099  00001c3c  8fa20000	lw	r2,0(r29)
 1100  00001c40  8fdffff8	lw	r31,-8(r30)
 1101  00001c44  001ee820	add	r29,r0,r30
 1102  00001c48  8fdefffc	lw	r30,-4(r30)
 1103  00001c4c  4be00000	jr	r31
 1104  00001c50  54000000	nop
 1105  00001c54          	.endproc _dindex
 1106  00001c54          	.align 2
 1107  00001c54          	.proc _ditoa
 1108  00001c54          	.global _ditoa
 1109  00001c54          	_ditoa:
 1110                      ;  Function 'ditoa'; 8 bytes of locals, 2 regs to save.
 1111  00001c54  afbefffc	sw	-4(r29),r30; push fp
 1112  00001c58  001df020	add	r30,r0,r29; fp = sp
 1113  00001c5c  afbffff8	sw	-8(r29),r31; push ret addr
 1114  00001c60  2fbd0018	subui	r29,r29,#24; alloc local storage
 1115  00001c64  afa20000	sw	0(r29),r2
 1116  00001c68  afa30004	sw	4(r29),r3
 1117  00001c6c  8fc10000	lw	r1,(r30)
 1118  00001c70  68220000	slti	r2,r1,#0
 1119  00001c74  1040002c	beqz	r2,L60_LF2
 1120  00001c78  54000000	nop; delay slot nop
 1121  00001c7c  8fc10004	lw	r1,4(r30)
 1122  00001c80  20220001	addi	r2,r1,#1
 1123  00001c84  afc20004	sw	4(r30),r2
 1124  00001c88  2002002d	addi	r2,r0,(#0x2d)&0xff
 1125  00001c8c  a0220000	sb	(r1),r2
 1126  00001c90  8fc10000	lw	r1,(r30)
 1127  00001c94  00011022	sub	r2,r0,r1
 1128  00001c98  afc20000	sw	(r30),r2
 1129  00001c9c  08000118	j	L61_LF2
 1130  00001ca0  54000000	nop; delay slot nop
 1131  00001ca4          	L60_LF2:
 1132  00001ca4  8fc10000	lw	r1,(r30)
 1133  00001ca8  64220000	snei	r2,r1,#0
 1134  00001cac  14400020	bnez	r2,L62_LF2
 1135  00001cb0  54000000	nop; delay slot nop
 1136  00001cb4  8fc10004	lw	r1,4(r30)
 1137  00001cb8  20220001	addi	r2,r1,#1
 1138  00001cbc  afc20004	sw	4(r30),r2
 1139  00001cc0  20020030	addi	r2,r0,(#0x30)&0xff
 1140  00001cc4  a0220000	sb	(r1),r2
 1141  00001cc8  080000ec	j	L61_LF2
 1142  00001ccc  54000000	nop; delay slot nop
 1143  00001cd0          	L62_LF2:
 1144  00001cd0  20010001	addi	r1,r0,#1
 1145  00001cd4  afc1fff4	sw	-12(r30),r1
 1146  00001cd8          	L64_LF2:
 1147  00001cd8  8fc1fff4	lw	r1,-12(r30)
 1148  00001cdc  8fc20000	lw	r2,(r30)
 1149  00001ce0  0022082c	sle	r1,r1,r2
 1150  00001ce4  1420000c	bnez	r1,L66_LF2
 1151  00001ce8  54000000	nop; delay slot nop
 1152  00001cec  08000024	j	L65_LF2
 1153  00001cf0  54000000	nop; delay slot nop
 1154  00001cf4          	L67_LF2:
 1155  00001cf4          	L66_LF2:
 1156  00001cf4  8fc1fff4	lw	r1,-12(r30)
 1157  00001cf8  00011820	add	r3,r0,r1
 1158  00001cfc  50620002	slli	r2,r3,#0x2
 1159  00001d00  00411020	add	r2,r2,r1
 1160  00001d04  50410001	slli	r1,r2,#0x1
 1161  00001d08  afc1fff4	sw	-12(r30),r1
 1162  00001d0c  0bffffc8	j	L64_LF2
 1163  00001d10  54000000	nop; delay slot nop
 1164  00001d14          	L65_LF2:
 1165  00001d14  54000000	nop
 1166  00001d18          	L68_LF2:
 1167  00001d18  8fc1fff4	lw	r1,-12(r30)
 1168  00001d1c  2002000a	addi	r2,r0,#10
 1169  00001d20  00200035	movi2fp	f0,r1
 1170  00001d24  00400835	movi2fp	f1,r2
 1171  00001d28  0401000f	div	f0,f0,f1
 1172  00001d2c  00000834	movfp2i	r1,f0
 1173  00001d30  afc1fff4	sw	-12(r30),r1
 1174  00001d34  8fc10004	lw	r1,4(r30)
 1175  00001d38  20220001	addi	r2,r1,#1
 1176  00001d3c  afc20004	sw	4(r30),r2
 1177  00001d40  8fc20000	lw	r2,(r30)
 1178  00001d44  8fc3fff4	lw	r3,-12(r30)
 1179  00001d48  00400035	movi2fp	f0,r2
 1180  00001d4c  00600835	movi2fp	f1,r3
 1181  00001d50  0401000f	div	f0,f0,f1
 1182  00001d54  00001034	movfp2i	r2,f0
 1183  00001d58  00021820	add	r3,r0,r2
 1184  00001d5c  20620030	addi	r2,r3,#48
 1185  00001d60  a0220000	sb	(r1),r2
 1186  00001d64  8fc10000	lw	r1,(r30)
 1187  00001d68  8fc3fff4	lw	r3,-12(r30)
 1188  00001d6c  00200035	movi2fp	f0,r1
 1189  00001d70  00600835	movi2fp	f1,r3
 1190  00001d74  0401000f	div	f0,f0,f1
 1191  00001d78  00001034	movfp2i	r2,f0
 1192  00001d7c  8fc3fff4	lw	r3,-12(r30)
 1193  00001d80  00400035	movi2fp	f0,r2
 1194  00001d84  00600835	movi2fp	f1,r3
 1195  00001d88  0401000e	mult	f0,f0,f1
 1196  00001d8c  00001034	movfp2i	r2,f0
 1197  00001d90  00220822	sub	r1,r1,r2
 1198  00001d94  afc10000	sw	(r30),r1
 1199  00001d98          	L70_LF2:
 1200  00001d98  8fc1fff4	lw	r1,-12(r30)
 1201  00001d9c  6c220001	sgti	r2,r1,#1
 1202  00001da0  1440000c	bnez	r2,L71_LF2
 1203  00001da4  54000000	nop; delay slot nop
 1204  00001da8  0800000c	j	L61_LF2
 1205  00001dac  54000000	nop; delay slot nop
 1206  00001db0          	L71_LF2:
 1207  00001db0  0bffff64	j	L68_LF2
 1208  00001db4  54000000	nop; delay slot nop
 1209  00001db8          	L69_LF2:
 1210  00001db8          	L63_LF2:
 1211  00001db8          	L61_LF2:
 1212  00001db8  8fc10004	lw	r1,4(r30)
 1213  00001dbc  20020000	addi	r2,r0,(#0x0)&0xff
 1214  00001dc0  a0220000	sb	(r1),r2
 1215  00001dc4          	L59_LF2:
 1216  00001dc4  8fa20000	lw	r2,0(r29)
 1217  00001dc8  8fa30004	lw	r3,4(r29)
 1218  00001dcc  8fdffff8	lw	r31,-8(r30)
 1219  00001dd0  001ee820	add	r29,r0,r30
 1220  00001dd4  8fdefffc	lw	r30,-4(r30)
 1221  00001dd8  4be00000	jr	r31
 1222  00001ddc  54000000	nop
 1223  00001de0          	.endproc _ditoa
 1224  00001de0          	.align 2
 1225  00001de0          	.proc _dstrtol
 1226  00001de0          	.global _dstrtol
 1227  00001de0          	_dstrtol:
 1228                      ;  Function 'dstrtol'; 16 bytes of locals, 1 regs to save.
 1229  00001de0  afbefffc	sw	-4(r29),r30; push fp
 1230  00001de4  001df020	add	r30,r0,r29; fp = sp
 1231  00001de8  afbffff8	sw	-8(r29),r31; push ret addr
 1232  00001dec  2fbd0020	subui	r29,r29,#32; alloc local storage
 1233  00001df0  afa20000	sw	0(r29),r2
 1234  00001df4  20010000	addi	r1,r0,#0
 1235  00001df8  afc1fff4	sw	-12(r30),r1
 1236  00001dfc          	L73_LF2:
 1237  00001dfc  8fc10000	lw	r1,(r30)
 1238  00001e00  90220000	lbu	r2,(r1)
 1239  00001e04  60410020	seqi	r1,r2,#32
 1240  00001e08  14200034	bnez	r1,L75_LF2
 1241  00001e0c  54000000	nop; delay slot nop
 1242  00001e10  8fc10000	lw	r1,(r30)
 1243  00001e14  90220000	lbu	r2,(r1)
 1244  00001e18  60410009	seqi	r1,r2,#9
 1245  00001e1c  14200020	bnez	r1,L75_LF2
 1246  00001e20  54000000	nop; delay slot nop
 1247  00001e24  8fc10000	lw	r1,(r30)
 1248  00001e28  90220000	lbu	r2,(r1)
 1249  00001e2c  6041000a	seqi	r1,r2,#10
 1250  00001e30  1420000c	bnez	r1,L75_LF2
 1251  00001e34  54000000	nop; delay slot nop
 1252  00001e38  0800001c	j	L74_LF2
 1253  00001e3c  54000000	nop; delay slot nop
 1254  00001e40          	L75_LF2:
 1255  00001e40  8fc20000	lw	r2,(r30)
 1256  00001e44  20410001	addi	r1,r2,#1
 1257  00001e48  00011020	add	r2,r0,r1
 1258  00001e4c  afc20000	sw	(r30),r2
 1259  00001e50  0bffffa8	j	L73_LF2
 1260  00001e54  54000000	nop; delay slot nop
 1261  00001e58          	L74_LF2:
 1262  00001e58  8fc10004	lw	r1,4(r30)
 1263  00001e5c  64220000	snei	r2,r1,#0
 1264  00001e60  10400010	beqz	r2,L76_LF2
 1265  00001e64  54000000	nop; delay slot nop
 1266  00001e68  8fc10004	lw	r1,4(r30)
 1267  00001e6c  8fc20000	lw	r2,(r30)
 1268  00001e70  ac220000	sw	(r1),r2
 1269  00001e74          	L76_LF2:
 1270  00001e74  8fc10000	lw	r1,(r30)
 1271  00001e78  90220000	lbu	r2,(r1)
 1272  00001e7c  64410000	snei	r1,r2,#0
 1273  00001e80  14200010	bnez	r1,L77_LF2
 1274  00001e84  54000000	nop; delay slot nop
 1275  00001e88  8fc1fff4	lw	r1,-12(r30)
 1276  00001e8c  08000294	j	L72_LF2
 1277  00001e90  54000000	nop; delay slot nop
 1278  00001e94          	L77_LF2:
 1279  00001e94  8fc10000	lw	r1,(r30)
 1280  00001e98  90220000	lbu	r2,(r1)
 1281  00001e9c  6041002d	seqi	r1,r2,#45
 1282  00001ea0  10200024	beqz	r1,L78_LF2
 1283  00001ea4  54000000	nop; delay slot nop
 1284  00001ea8  2001ffff	addi	r1,r0,#-1
 1285  00001eac  afc1ffec	sw	-20(r30),r1
 1286  00001eb0  8fc20000	lw	r2,(r30)
 1287  00001eb4  20410001	addi	r1,r2,#1
 1288  00001eb8  00011020	add	r2,r0,r1
 1289  00001ebc  afc20000	sw	(r30),r2
 1290  00001ec0  0800000c	j	L79_LF2
 1291  00001ec4  54000000	nop; delay slot nop
 1292  00001ec8          	L78_LF2:
 1293  00001ec8  20010001	addi	r1,r0,#1
 1294  00001ecc  afc1ffec	sw	-20(r30),r1
 1295  00001ed0          	L79_LF2:
 1296  00001ed0  8fc10008	lw	r1,8(r30)
 1297  00001ed4  64220000	snei	r2,r1,#0
 1298  00001ed8  14400090	bnez	r2,L80_LF2
 1299  00001edc  54000000	nop; delay slot nop
 1300  00001ee0  8fc10000	lw	r1,(r30)
 1301  00001ee4  90220000	lbu	r2,(r1)
 1302  00001ee8  60410030	seqi	r1,r2,#48
 1303  00001eec  10200074	beqz	r1,L81_LF2
 1304  00001ef0  54000000	nop; delay slot nop
 1305  00001ef4  8fc20000	lw	r2,(r30)
 1306  00001ef8  20410001	addi	r1,r2,#1
 1307  00001efc  00011020	add	r2,r0,r1
 1308  00001f00  afc20000	sw	(r30),r2
 1309  00001f04  8fc10000	lw	r1,(r30)
 1310  00001f08  90220000	lbu	r2,(r1)
 1311  00001f0c  60410078	seqi	r1,r2,#120
 1312  00001f10  14200020	bnez	r1,L83_LF2
 1313  00001f14  54000000	nop; delay slot nop
 1314  00001f18  8fc10000	lw	r1,(r30)
 1315  00001f1c  90220000	lbu	r2,(r1)
 1316  00001f20  60410058	seqi	r1,r2,#88
 1317  00001f24  1420000c	bnez	r1,L83_LF2
 1318  00001f28  54000000	nop; delay slot nop
 1319  00001f2c  08000024	j	L82_LF2
 1320  00001f30  54000000	nop; delay slot nop
 1321  00001f34          	L83_LF2:
 1322  00001f34  20010010	addi	r1,r0,#16
 1323  00001f38  afc10008	sw	8(r30),r1
 1324  00001f3c  8fc20000	lw	r2,(r30)
 1325  00001f40  20410001	addi	r1,r2,#1
 1326  00001f44  00011020	add	r2,r0,r1
 1327  00001f48  afc20000	sw	(r30),r2
 1328  00001f4c  0800000c	j	L84_LF2
 1329  00001f50  54000000	nop; delay slot nop
 1330  00001f54          	L82_LF2:
 1331  00001f54  20010008	addi	r1,r0,#8
 1332  00001f58  afc10008	sw	8(r30),r1
 1333  00001f5c          	L84_LF2:
 1334  00001f5c  0800000c	j	L80_LF2
 1335  00001f60  54000000	nop; delay slot nop
 1336  00001f64          	L81_LF2:
 1337  00001f64  2001000a	addi	r1,r0,#10
 1338  00001f68  afc10008	sw	8(r30),r1
 1339  00001f6c          	L85_LF2:
 1340  00001f6c          	L80_LF2:
 1341  00001f6c  8fc10008	lw	r1,8(r30)
 1342  00001f70  70220000	slei	r2,r1,#0
 1343  00001f74  1440001c	bnez	r2,L87_LF2
 1344  00001f78  54000000	nop; delay slot nop
 1345  00001f7c  8fc10008	lw	r1,8(r30)
 1346  00001f80  6c220010	sgti	r2,r1,#16
 1347  00001f84  1440000c	bnez	r2,L87_LF2
 1348  00001f88  54000000	nop; delay slot nop
 1349  00001f8c  08000010	j	L86_LF2
 1350  00001f90  54000000	nop; delay slot nop
 1351  00001f94          	L87_LF2:
 1352  00001f94  8fc1fff4	lw	r1,-12(r30)
 1353  00001f98  08000188	j	L72_LF2
 1354  00001f9c  54000000	nop; delay slot nop
 1355  00001fa0          	L86_LF2:
 1356  00001fa0  54000000	nop
 1357  00001fa4          	L88_LF2:
 1358  00001fa4  8fc10000	lw	r1,(r30)
 1359  00001fa8  90220000	lbu	r2,(r1)
 1360  00001fac  6c41002f	sgtui	r1,r2,#47
 1361  00001fb0  10200030	beqz	r1,L91_LF2
 1362  00001fb4  54000000	nop; delay slot nop
 1363  00001fb8  8fc10000	lw	r1,(r30)
 1364  00001fbc  90220000	lbu	r2,(r1)
 1365  00001fc0  70410039	sleui	r1,r2,#57
 1366  00001fc4  1020001c	beqz	r1,L91_LF2
 1367  00001fc8  54000000	nop; delay slot nop
 1368  00001fcc  8fc10000	lw	r1,(r30)
 1369  00001fd0  90220000	lbu	r2,(r1)
 1370  00001fd4  2041ffd0	addi	r1,r2,#-48
 1371  00001fd8  afc1fff0	sw	-16(r30),r1
 1372  00001fdc  0800008c	j	L92_LF2
 1373  00001fe0  54000000	nop; delay slot nop
 1374  00001fe4          	L91_LF2:
 1375  00001fe4  8fc10000	lw	r1,(r30)
 1376  00001fe8  90220000	lbu	r2,(r1)
 1377  00001fec  6c410060	sgtui	r1,r2,#96
 1378  00001ff0  10200030	beqz	r1,L93_LF2
 1379  00001ff4  54000000	nop; delay slot nop
 1380  00001ff8  8fc10000	lw	r1,(r30)
 1381  00001ffc  90220000	lbu	r2,(r1)
 1382  00002000  7041007a	sleui	r1,r2,#122
 1383  00002004  1020001c	beqz	r1,L93_LF2
 1384  00002008  54000000	nop; delay slot nop
 1385  0000200c  8fc10000	lw	r1,(r30)
 1386  00002010  90220000	lbu	r2,(r1)
 1387  00002014  2041ffa9	addi	r1,r2,#-87
 1388  00002018  afc1fff0	sw	-16(r30),r1
 1389  0000201c  0800004c	j	L92_LF2
 1390  00002020  54000000	nop; delay slot nop
 1391  00002024          	L93_LF2:
 1392  00002024  8fc10000	lw	r1,(r30)
 1393  00002028  90220000	lbu	r2,(r1)
 1394  0000202c  6c410040	sgtui	r1,r2,#64
 1395  00002030  10200030	beqz	r1,L95_LF2
 1396  00002034  54000000	nop; delay slot nop
 1397  00002038  8fc10000	lw	r1,(r30)
 1398  0000203c  90220000	lbu	r2,(r1)
 1399  00002040  7041005a	sleui	r1,r2,#90
 1400  00002044  1020001c	beqz	r1,L95_LF2
 1401  00002048  54000000	nop; delay slot nop
 1402  0000204c  8fc10000	lw	r1,(r30)
 1403  00002050  90220000	lbu	r2,(r1)
 1404  00002054  2041ffc9	addi	r1,r2,#-55
 1405  00002058  afc1fff0	sw	-16(r30),r1
 1406  0000205c  0800000c	j	L92_LF2
 1407  00002060  54000000	nop; delay slot nop
 1408  00002064          	L95_LF2:
 1409  00002064  200103e8	addi	r1,r0,#1000
 1410  00002068  afc1fff0	sw	-16(r30),r1
 1411  0000206c          	L96_LF2:
 1412  0000206c          	L94_LF2:
 1413  0000206c          	L92_LF2:
 1414  0000206c  8fc1fff0	lw	r1,-16(r30)
 1415  00002070  8fc20008	lw	r2,8(r30)
 1416  00002074  0022082a	slt	r1,r1,r2
 1417  00002078  10200040	beqz	r1,L90_LF2
 1418  0000207c  54000000	nop; delay slot nop
 1419  00002080  8fc1fff4	lw	r1,-12(r30)
 1420  00002084  8fc20008	lw	r2,8(r30)
 1421  00002088  00200035	movi2fp	f0,r1
 1422  0000208c  00400835	movi2fp	f1,r2
 1423  00002090  0401000e	mult	f0,f0,f1
 1424  00002094  00000834	movfp2i	r1,f0
 1425  00002098  afc1fff4	sw	-12(r30),r1
 1426  0000209c  8fc1fff4	lw	r1,-12(r30)
 1427  000020a0  8fc2fff0	lw	r2,-16(r30)
 1428  000020a4  00220820	add	r1,r1,r2
 1429  000020a8  afc1fff4	sw	-12(r30),r1
 1430  000020ac  8fc20000	lw	r2,(r30)
 1431  000020b0  20410001	addi	r1,r2,#1
 1432  000020b4  00011020	add	r2,r0,r1
 1433  000020b8  afc20000	sw	(r30),r2
 1434  000020bc          	L97_LF2:
 1435  000020bc          	L90_LF2:
 1436  000020bc  8fc1fff0	lw	r1,-16(r30)
 1437  000020c0  8fc20008	lw	r2,8(r30)
 1438  000020c4  0022082a	slt	r1,r1,r2
 1439  000020c8  1420000c	bnez	r1,L98_LF2
 1440  000020cc  54000000	nop; delay slot nop
 1441  000020d0  0800000c	j	L89_LF2
 1442  000020d4  54000000	nop; delay slot nop
 1443  000020d8          	L98_LF2:
 1444  000020d8  0bfffec8	j	L88_LF2
 1445  000020dc  54000000	nop; delay slot nop
 1446  000020e0          	L89_LF2:
 1447  000020e0  8fc10004	lw	r1,4(r30)
 1448  000020e4  64220000	snei	r2,r1,#0
 1449  000020e8  10400010	beqz	r2,L99_LF2
 1450  000020ec  54000000	nop; delay slot nop
 1451  000020f0  8fc10004	lw	r1,4(r30)
 1452  000020f4  8fc20000	lw	r2,(r30)
 1453  000020f8  ac220000	sw	(r1),r2
 1454  000020fc          	L99_LF2:
 1455  000020fc  8fc1fff4	lw	r1,-12(r30)
 1456  00002100  8fc2ffec	lw	r2,-20(r30)
 1457  00002104  00200035	movi2fp	f0,r1
 1458  00002108  00400835	movi2fp	f1,r2
 1459  0000210c  0401000e	mult	f0,f0,f1
 1460  00002110  00000834	movfp2i	r1,f0
 1461  00002114  afc1fff4	sw	-12(r30),r1
 1462  00002118  8fc1fff4	lw	r1,-12(r30)
 1463  0000211c  08000004	j	L72_LF2
 1464  00002120  54000000	nop; delay slot nop
 1465  00002124          	L72_LF2:
 1466  00002124  8fa20000	lw	r2,0(r29)
 1467  00002128  8fdffff8	lw	r31,-8(r30)
 1468  0000212c  001ee820	add	r29,r0,r30
 1469  00002130  8fdefffc	lw	r30,-4(r30)
 1470  00002134  4be00000	jr	r31
 1471  00002138  54000000	nop
 1472  0000213c          	.endproc _dstrtol
 1473  0000213c          	.align 2
 1474  0000213c          	.proc _bcopy
 1475  0000213c          	.global _bcopy
 1476  0000213c          	_bcopy:
 1477                      ;  Function 'bcopy'; 0 bytes of locals, 2 regs to save.
 1478  0000213c  afbefffc	sw	-4(r29),r30; push fp
 1479  00002140  001df020	add	r30,r0,r29; fp = sp
 1480  00002144  afbffff8	sw	-8(r29),r31; push ret addr
 1481  00002148  2fbd0010	subui	r29,r29,#16; alloc local storage
 1482  0000214c  afa20000	sw	0(r29),r2
 1483  00002150  afa30004	sw	4(r29),r3
 1484  00002154  54000000	nop
 1485  00002158          	L101_LF2:
 1486  00002158  8fc10008	lw	r1,8(r30)
 1487  0000215c  2022ffff	addi	r2,r1,#-1
 1488  00002160  afc20008	sw	8(r30),r2
 1489  00002164  6c210000	sgti	r1,r1,#0
 1490  00002168  1420000c	bnez	r1,L103_LF2
 1491  0000216c  54000000	nop; delay slot nop
 1492  00002170  0800002c	j	L102_LF2
 1493  00002174  54000000	nop; delay slot nop
 1494  00002178          	L103_LF2:
 1495  00002178  8fc10004	lw	r1,4(r30)
 1496  0000217c  20220001	addi	r2,r1,#1
 1497  00002180  afc20004	sw	4(r30),r2
 1498  00002184  8fc20000	lw	r2,(r30)
 1499  00002188  20430001	addi	r3,r2,#1
 1500  0000218c  afc30000	sw	(r30),r3
 1501  00002190  80420000	lb	r2,(r2)
 1502  00002194  a0220000	sb	(r1),r2
 1503  00002198  0bffffbc	j	L101_LF2
 1504  0000219c  54000000	nop; delay slot nop
 1505  000021a0          	L102_LF2:
 1506  000021a0          	L100_LF2:
 1507  000021a0  8fa20000	lw	r2,0(r29)
 1508  000021a4  8fa30004	lw	r3,4(r29)
 1509  000021a8  8fdffff8	lw	r31,-8(r30)
 1510  000021ac  001ee820	add	r29,r0,r30
 1511  000021b0  8fdefffc	lw	r30,-4(r30)
 1512  000021b4  4be00000	jr	r31
 1513  000021b8  54000000	nop
 1514  000021bc          	.endproc _bcopy
 1515  000021bc          	.align 2
 1516  000021bc          	.proc _bzero
 1517  000021bc          	.global _bzero
 1518  000021bc          	_bzero:
 1519                      ;  Function 'bzero'; 0 bytes of locals, 1 regs to save.
 1520  000021bc  afbefffc	sw	-4(r29),r30; push fp
 1521  000021c0  001df020	add	r30,r0,r29; fp = sp
 1522  000021c4  afbffff8	sw	-8(r29),r31; push ret addr
 1523  000021c8  2fbd0010	subui	r29,r29,#16; alloc local storage
 1524  000021cc  afa20000	sw	0(r29),r2
 1525  000021d0  54000000	nop
 1526  000021d4          	L105_LF2:
 1527  000021d4  8fc10004	lw	r1,4(r30)
 1528  000021d8  2022ffff	addi	r2,r1,#-1
 1529  000021dc  afc20004	sw	4(r30),r2
 1530  000021e0  6c210000	sgti	r1,r1,#0
 1531  000021e4  1420000c	bnez	r1,L107_LF2
 1532  000021e8  54000000	nop; delay slot nop
 1533  000021ec  08000020	j	L106_LF2
 1534  000021f0  54000000	nop; delay slot nop
 1535  000021f4          	L107_LF2:
 1536  000021f4  8fc10000	lw	r1,(r30)
 1537  000021f8  20220001	addi	r2,r1,#1
 1538  000021fc  afc20000	sw	(r30),r2
 1539  00002200  20020000	addi	r2,r0,(#0x0)&0xff
 1540  00002204  a0220000	sb	(r1),r2
 1541  00002208  0bffffc8	j	L105_LF2
 1542  0000220c  54000000	nop; delay slot nop
 1543  00002210          	L106_LF2:
 1544  00002210          	L104_LF2:
 1545  00002210  8fa20000	lw	r2,0(r29)
 1546  00002214  8fdffff8	lw	r31,-8(r30)
 1547  00002218  001ee820	add	r29,r0,r30
 1548  0000221c  8fdefffc	lw	r30,-4(r30)
 1549  00002220  4be00000	jr	r31
 1550  00002224  54000000	nop
 1551  00002228          	.endproc _bzero
 1552  00002228          	.align 2
 1553  00002228          	.proc _min
 1554  00002228          	.global _min
 1555  00002228          	_min:
 1556                      ;  Function 'min'; 0 bytes of locals, 2 regs to save.
 1557  00002228  afbefffc	sw	-4(r29),r30; push fp
 1558  0000222c  001df020	add	r30,r0,r29; fp = sp
 1559  00002230  afbffff8	sw	-8(r29),r31; push ret addr
 1560  00002234  2fbd0010	subui	r29,r29,#16; alloc local storage
 1561  00002238  afa20000	sw	0(r29),r2
 1562  0000223c  afa30004	sw	4(r29),r3
 1563  00002240  8fc10000	lw	r1,(r30)
 1564  00002244  8fc20004	lw	r2,4(r30)
 1565  00002248  0022182c	sle	r3,r1,r2
 1566  0000224c  14600008	bnez	r3,L109_LF2
 1567  00002250  54000000	nop; delay slot nop
 1568  00002254  8fc10004	lw	r1,4(r30)
 1569  00002258          	L109_LF2:
 1570  00002258  08000004	j	L108_LF2
 1571  0000225c  54000000	nop; delay slot nop
 1572  00002260          	L108_LF2:
 1573  00002260  8fa20000	lw	r2,0(r29)
 1574  00002264  8fa30004	lw	r3,4(r29)
 1575  00002268  8fdffff8	lw	r31,-8(r30)
 1576  0000226c  001ee820	add	r29,r0,r30
 1577  00002270  8fdefffc	lw	r30,-4(r30)
 1578  00002274  4be00000	jr	r31
 1579  00002278  54000000	nop
 1580  0000227c          	.endproc _min
 1581                      ;;; Ethan L. Miller, 1999.  Released to the public domain
 1582                      ;;;
 1583                      ;;; Most of the traps are called in files from libtraps.
 1586  0000227c          	.align 2
 1587  0000227c          	.proc _exit
 1588  0000227c          	.global _exit
 1589  0000227c          	_exit:
 1590  0000227c  44000300	trap	#0x300
 1591  00002280  4be00000	jr	r31
 1592  00002284  54000000	nop
 1593  00002288          	.endproc _exit
 1595                      ; for the benefit of gcc.
 1596  00002288          	.proc ___main
 1597  00002288          	.global ___main
 1598  00002288          	___main:
 1599  00002288  4be00000	jr	r31
 1600  0000228c  54000000	nop
 1601  00002290          	.endproc ___main
 1602  00002290          	.text
 1603  00002290          	.global _etext
 1604  00002290          	_etext:
 1605  00002290          	.align 3
 1606  00002290          	.data
 1607  0000317d          	.global _edata
 1608  0000317d          	_edata:
