 line   address	contents
    1                      ; Linked by DLX-LD.
    2                      ; MemSize 24576
    3                      ; Data size: 213
    4                      ; Text size: 4620
    5                      ; Stack size: 8192
    6  00000000          	.text 0x1000
    7  00001000          	.data 0x3000
    8                      ; Compiled by GCC
    9  00003000          	.text
   10  00001000          	.align 2
   11  00001000          	.proc _isspace
   12  00001000          	.global _isspace
   13  00001000          	_isspace:
   14                      ;  Function 'isspace'; 0 bytes of locals, 1 regs to save.
   15  00001000  afbefffc	sw	-4(r29),r30; push fp
   16  00001004  001df020	add	r30,r0,r29; fp = sp
   17  00001008  afbffff8	sw	-8(r29),r31; push ret addr
   18  0000100c  2fbd0010	subui	r29,r29,#16; alloc local storage
   19  00001010  afa20000	sw	0(r29),r2
   20  00001014  83c20003	lb	r2,3(r30)
   21  00001018  201f0000	addi	r31,r0,#0
   22  0000101c  304100ff	andi	r1,r2,#0x00ff
   23  00001020  60210020	seqi	r1,r1,#32
   24  00001024  14200018	bnez	r1,L6_LF0
   25  00001028  54000000	nop; not filled.
   26  0000102c  2041fff7	addi	r1,r2,#-9
   27  00001030  302100ff	andi	r1,r1,#0x00ff
   28  00001034  70210001	sleui	r1,r1,#1
   29  00001038  10200008	beqz	r1,L5_LF0
   30  0000103c  54000000	nop; not filled.
   31  00001040          	L6_LF0:
   32  00001040  201f0001	addi	r31,r0,#1
   33  00001044          	L5_LF0:
   34  00001044  001f0820	add	r1,r0,r31
   35  00001048  8fa20000	lw	r2,0(r29)
   36  0000104c  8fdffff8	lw	r31,-8(r30)
   37  00001050  001ee820	add	r29,r0,r30
   38  00001054  8fdefffc	lw	r30,-4(r30)
   39  00001058  4be00000	jr	r31
   40  0000105c  54000000	nop
   41  00001060          	.endproc _isspace
   42  00001060          	.align 2
   43  00001060          	.proc _isxdigit
   44  00001060          	.global _isxdigit
   45  00001060          	_isxdigit:
   46                      ;  Function 'isxdigit'; 0 bytes of locals, 1 regs to save.
   47  00001060  afbefffc	sw	-4(r29),r30; push fp
   48  00001064  001df020	add	r30,r0,r29; fp = sp
   49  00001068  afbffff8	sw	-8(r29),r31; push ret addr
   50  0000106c  2fbd0010	subui	r29,r29,#16; alloc local storage
   51  00001070  afa20000	sw	0(r29),r2
   52  00001074  83df0003	lb	r31,3(r30)
   53  00001078  20020000	addi	r2,r0,#0
   54  0000107c  23e1ffd0	addi	r1,r31,#-48
   55  00001080  302100ff	andi	r1,r1,#0x00ff
   56  00001084  70210009	sleui	r1,r1,#9
   57  00001088  14200028	bnez	r1,L12_LF0
   58  0000108c  54000000	nop; not filled.
   59  00001090  23e1ff9f	addi	r1,r31,#-97
   60  00001094  302100ff	andi	r1,r1,#0x00ff
   61  00001098  70210005	sleui	r1,r1,#5
   62  0000109c  14200014	bnez	r1,L12_LF0
   63  000010a0  54000000	nop; not filled.
   64  000010a4  33e100ff	andi	r1,r31,#0x00ff
   65  000010a8  64210041	snei	r1,r1,#65
   66  000010ac  14200008	bnez	r1,L11_LF0
   67  000010b0  54000000	nop; not filled.
   68  000010b4          	L12_LF0:
   69  000010b4  20020001	addi	r2,r0,#1
   70  000010b8          	L11_LF0:
   71  000010b8  00020820	add	r1,r0,r2
   72  000010bc  8fa20000	lw	r2,0(r29)
   73  000010c0  8fdffff8	lw	r31,-8(r30)
   74  000010c4  001ee820	add	r29,r0,r30
   75  000010c8  8fdefffc	lw	r30,-4(r30)
   76  000010cc  4be00000	jr	r31
   77  000010d0  54000000	nop
   78  000010d4          	.endproc _isxdigit
   79  000010d4          	.data
   80  00003000          	.align 2
   81  00003000          	LC0_LF0:
   82  00003000  55736167	.ascii "Usage: \000"
   82  00003004  653a2000	
   83  00003008          	.align 2
   84  00003008          	LC1_LF0:
   85  00003008  203c6861	.ascii " <handle_to_shared_memory_page> <handle_to_page_mapped_semaphore>\n\000"
   85  0000300c  6e646c65	
   85  00003010  5f746f5f	
   85  00003014  73686172	
   85  00003018  65645f6d	
   85  0000301c  656d6f72	
   85  00003020  795f7061	
   85  00003024  67653e20	
   85  00003028  3c68616e	
   85  0000302c  646c655f	
   85  00003030  746f5f70	
   85  00003034  6167655f	
   85  00003038  6d617070	
   85  0000303c  65645f73	
   85  00003040  656d6170	
   85  00003044  686f7265	
   85  00003048  3e0a00  	
   86  0000304b          	.align 2
   87  0000304c          	LC2_LF0:
   88  0000304c  436f756c	.ascii "Could not map the virtual address to the memory in \000"
   88  00003050  64206e6f	
   88  00003054  74206d61	
   88  00003058  70207468	
   88  0000305c  65207669	
   88  00003060  72747561	
   88  00003064  6c206164	
   88  00003068  64726573	
   88  0000306c  7320746f	
   88  00003070  20746865	
   88  00003074  206d656d	
   88  00003078  6f727920	
   88  0000307c  696e2000	
   89  00003080          	.align 2
   90  00003080          	LC3_LF0:
   91  00003080  2c206578	.ascii ", exiting...\n\000"
   91  00003084  6974696e	
   91  00003088  672e2e2e	
   91  0000308c  0a00    	
   92  0000308e          	.align 2
   93  00003090          	LC4_LF0:
   94  00003090  436f6e73	.ascii "Consumer %d removed: %c\n\000"
   94  00003094  756d6572	
   94  00003098  20256420	
   94  0000309c  72656d6f	
   94  000030a0  7665643a	
   94  000030a4  2025630a	
   94  000030a8  00      	
   95  000030a9          	.align 2
   96  000030ac          	LC5_LF0:
   97  000030ac  42616420	.ascii "Bad semaphore s_procs_completed (%d) in \000"
   97  000030b0  73656d61	
   97  000030b4  70686f72	
   97  000030b8  6520735f	
   97  000030bc  70726f63	
   97  000030c0  735f636f	
   97  000030c4  6d706c65	
   97  000030c8  74656420	
   97  000030cc  28256429	
   97  000030d0  20696e20	
   97  000030d4  00      	
   98  000030d5          	.text
   99  000010d4          	.align 2
  100  000010d4          	.proc _main
  101  000010d4          	.global _main
  102  000010d4          	_main:
  103                      ;  Function 'main'; 16 bytes of locals, 0 regs to save.
  104  000010d4  afbefffc	sw	-4(r29),r30; push fp
  105  000010d8  001df020	add	r30,r0,r29; fp = sp
  106  000010dc  afbffff8	sw	-8(r29),r31; push ret addr
  107  000010e0  2fbd0018	subui	r29,r29,#24; alloc local storage
  108  000010e4  8fc20000	lw	r2,(r30)
  109  000010e8  8fc70004	lw	r7,4(r30)
  110  000010ec  0c001114	jal	___main
  111  000010f0  54000000	nop; not filled.
  112  000010f4  23c3ffe8	addi	r3,r30,#-24
  113  000010f8  23bdfff8	addi	r29,r29,#-8
  114  000010fc  afa30000	sw	(r29),r3
  115  00001100  2009000b	addi	r9,r0,#11
  116  00001104  afa90004	sw	4(r29),r9
  117  00001108  0c00102c	jal	_bzero
  118  0000110c  54000000	nop; not filled.
  119  00001110  23bd0008	addi	r29,r29,#8
  120  00001114  20090000	addi	r9,r0,(#0x0)&0xff
  121  00001118  a3c9ffe8	sb	-24(r30),r9
  122  0000111c  64410003	snei	r1,r2,#3
  123  00001120  1020004c	beqz	r1,L14_LF0
  124  00001124  54000000	nop; not filled.
  125  00001128  23bdfff8	addi	r29,r29,#-8
  126  0000112c  3c090000	lhi	r9,((LC0_LF0)>>16)&0xffff
  127  00001130  25293000	addui	r9,r9,(LC0_LF0)&0xffff
  128  00001134  afa90000	sw	(r29),r9
  129  00001138  0c0002c0	jal	_Printf
  130  0000113c  54000000	nop; not filled.
  131  00001140  8ce90000	lw	r9,(r7)
  132  00001144  afa90000	sw	(r29),r9
  133  00001148  0c0002b0	jal	_Printf
  134  0000114c  54000000	nop; not filled.
  135  00001150  3c090000	lhi	r9,((LC1_LF0)>>16)&0xffff
  136  00001154  25293008	addui	r9,r9,(LC1_LF0)&0xffff
  137  00001158  afa90000	sw	(r29),r9
  138  0000115c  0c00029c	jal	_Printf
  139  00001160  54000000	nop; not filled.
  140  00001164  0c000348	jal	_Exit
  141  00001168  54000000	nop; not filled.
  142  0000116c  23bd0008	addi	r29,r29,#8
  143  00001170          	L14_LF0:
  144  00001170  23bdfff0	addi	r29,r29,#-16
  145  00001174  8ce90004	lw	r9,4(r7)
  146  00001178  afa90000	sw	(r29),r9
  147  0000117c  20090000	addi	r9,r0,#0
  148  00001180  afa90004	sw	4(r29),r9
  149  00001184  2009000a	addi	r9,r0,#10
  150  00001188  afa90008	sw	8(r29),r9
  151  0000118c  0c000bcc	jal	_dstrtol
  152  00001190  54000000	nop; not filled.
  153  00001194  00011020	add	r2,r0,r1
  154  00001198  8ce90008	lw	r9,8(r7)
  155  0000119c  afa90000	sw	(r29),r9
  156  000011a0  20090000	addi	r9,r0,#0
  157  000011a4  afa90004	sw	4(r29),r9
  158  000011a8  2009000a	addi	r9,r0,#10
  159  000011ac  afa90008	sw	8(r29),r9
  160  000011b0  0c000ba8	jal	_dstrtol
  161  000011b4  54000000	nop; not filled.
  162  000011b8  00014020	add	r8,r0,r1
  163  000011bc  afa20000	sw	(r29),r2
  164  000011c0  0c000268	jal	_shmat
  165  000011c4  54000000	nop; not filled.
  166  000011c8  00012020	add	r4,r0,r1
  167  000011cc  23bd0010	addi	r29,r29,#16
  168  000011d0  64810000	snei	r1,r4,#0
  169  000011d4  1420004c	bnez	r1,L15_LF0
  170  000011d8  54000000	nop; not filled.
  171  000011dc  23bdfff8	addi	r29,r29,#-8
  172  000011e0  3c090000	lhi	r9,((LC2_LF0)>>16)&0xffff
  173  000011e4  2529304c	addui	r9,r9,(LC2_LF0)&0xffff
  174  000011e8  afa90000	sw	(r29),r9
  175  000011ec  0c00020c	jal	_Printf
  176  000011f0  54000000	nop; not filled.
  177  000011f4  8ce90000	lw	r9,(r7)
  178  000011f8  afa90000	sw	(r29),r9
  179  000011fc  0c0001fc	jal	_Printf
  180  00001200  54000000	nop; not filled.
  181  00001204  3c090000	lhi	r9,((LC3_LF0)>>16)&0xffff
  182  00001208  25293080	addui	r9,r9,(LC3_LF0)&0xffff
  183  0000120c  afa90000	sw	(r29),r9
  184  00001210  0c0001e8	jal	_Printf
  185  00001214  54000000	nop; not filled.
  186  00001218  0c000294	jal	_Exit
  187  0000121c  54000000	nop; not filled.
  188  00001220  23bd0008	addi	r29,r29,#8
  189  00001224          	L15_LF0:
  190  00001224  20050000	addi	r5,r0,#0
  191  00001228  00033020	add	r6,r0,r3
  192  0000122c          	L18_LF0:
  193  0000122c  23bdfff8	addi	r29,r29,#-8
  194  00001230  8c89000c	lw	r9,12(r4)
  195  00001234  afa90000	sw	(r29),r9
  196  00001238  0c00022c	jal	_lock_acquire
  197  0000123c  54000000	nop; not filled.
  198  00001240  8c810004	lw	r1,4(r4)
  199  00001244  8c820008	lw	r2,8(r4)
  200  00001248  23bd0008	addi	r29,r29,#8
  201  0000124c  00220829	sne	r1,r1,r2
  202  00001250  102000b0	beqz	r1,L19_LF0
  203  00001254  54000000	nop; not filled.
  204  00001258  00c21820	add	r3,r6,r2
  205  0000125c  90610000	lbu	r1,(r3)
  206  00001260  64210000	snei	r1,r1,#0
  207  00001264  14200080	bnez	r1,L20_LF0
  208  00001268  54000000	nop; not filled.
  209  0000126c  00820820	add	r1,r4,r2
  210  00001270  80210018	lb	r1,24(r1)
  211  00001274  a0610000	sb	(r3),r1
  212  00001278  0c00018c	jal	_getpid
  213  0000127c  54000000	nop; not filled.
  214  00001280  23bdfff0	addi	r29,r29,#-16
  215  00001284  3c090000	lhi	r9,((LC4_LF0)>>16)&0xffff
  216  00001288  25293090	addui	r9,r9,(LC4_LF0)&0xffff
  217  0000128c  afa90000	sw	(r29),r9
  218  00001290  afa10004	sw	4(r29),r1
  219  00001294  8c810008	lw	r1,8(r4)
  220  00001298  00c10820	add	r1,r6,r1
  221  0000129c  90210000	lbu	r1,(r1)
  222  000012a0  afa10008	sw	8(r29),r1
  223  000012a4  0c000154	jal	_Printf
  224  000012a8  54000000	nop; not filled.
  225  000012ac  8c810008	lw	r1,8(r4)
  226  000012b0  20230001	addi	r3,r1,#1
  227  000012b4  2001000b	addi	r1,r0,#11
  228  000012b8  00600035	movi2fp	f0,r3
  229  000012bc  00200835	movi2fp	f1,r1
  230  000012c0  0401000f	div	f0,f0,f1
  231  000012c4  00001034	movfp2i	r2,f0
  232  000012c8  50410001	slli	r1,r2,#0x1
  233  000012cc  00220820	add	r1,r1,r2
  234  000012d0  50210002	slli	r1,r1,#0x2
  235  000012d4  00220822	sub	r1,r1,r2
  236  000012d8  00610822	sub	r1,r3,r1
  237  000012dc  ac810008	sw	8(r4),r1
  238  000012e0  20a50001	addi	r5,r5,#1
  239  000012e4  23bd0010	addi	r29,r29,#16
  240  000012e8          	L20_LF0:
  241  000012e8  23bdfff8	addi	r29,r29,#-8
  242  000012ec  8c890010	lw	r9,16(r4)
  243  000012f0  afa90000	sw	(r29),r9
  244  000012f4  0c0001a0	jal	_cond_signal
  245  000012f8  54000000	nop; not filled.
  246  000012fc  08000018	j	L24_LF0
  247  00001300  54000000	nop; not filled.
  248  00001304          	L19_LF0:
  249  00001304  23bdfff8	addi	r29,r29,#-8
  250  00001308  8c890014	lw	r9,20(r4)
  251  0000130c  afa90000	sw	(r29),r9
  252  00001310  0c000178	jal	_cond_wait
  253  00001314  54000000	nop; not filled.
  254  00001318          	L24_LF0:
  255  00001318  23bd0008	addi	r29,r29,#8
  256  0000131c  23bdfff8	addi	r29,r29,#-8
  257  00001320  8c89000c	lw	r9,12(r4)
  258  00001324  afa90000	sw	(r29),r9
  259  00001328  0c000148	jal	_lock_release
  260  0000132c  54000000	nop; not filled.
  261  00001330  23bd0008	addi	r29,r29,#8
  262  00001334  70a1000a	slei	r1,r5,#10
  263  00001338  1420fef0	bnez	r1,L18_LF0
  264  0000133c  54000000	nop; not filled.
  265  00001340  23bdfff8	addi	r29,r29,#-8
  266  00001344  afa80000	sw	(r29),r8
  267  00001348  0c000104	jal	_sem_signal
  268  0000134c  54000000	nop; not filled.
  269  00001350  23bd0008	addi	r29,r29,#8
  270  00001354  64210001	snei	r1,r1,#1
  271  00001358  10200050	beqz	r1,L23_LF0
  272  0000135c  54000000	nop; not filled.
  273  00001360  23bdfff8	addi	r29,r29,#-8
  274  00001364  3c090000	lhi	r9,((LC5_LF0)>>16)&0xffff
  275  00001368  252930ac	addui	r9,r9,(LC5_LF0)&0xffff
  276  0000136c  afa90000	sw	(r29),r9
  277  00001370  afa80004	sw	4(r29),r8
  278  00001374  0c000084	jal	_Printf
  279  00001378  54000000	nop; not filled.
  280  0000137c  8ce70000	lw	r7,(r7)
  281  00001380  afa70000	sw	(r29),r7
  282  00001384  0c000074	jal	_Printf
  283  00001388  54000000	nop; not filled.
  284  0000138c  3c090000	lhi	r9,((LC3_LF0)>>16)&0xffff
  285  00001390  25293080	addui	r9,r9,(LC3_LF0)&0xffff
  286  00001394  afa90000	sw	(r29),r9
  287  00001398  0c000060	jal	_Printf
  288  0000139c  54000000	nop; not filled.
  289  000013a0  0c00010c	jal	_Exit
  290  000013a4  54000000	nop; not filled.
  291  000013a8  23bd0008	addi	r29,r29,#8
  292  000013ac          	L23_LF0:
  293  000013ac  0c000e48	jal	_exit
  294  000013b0  54000000	nop
  295  000013b4          	.endproc _main
  296                      ;;;
  297                      ;;; Stub functions for DLX traps.
  298                      ;;;
  299                      ;;; Ethan L. Miller, 1999.  Released to the public domain.
  300                      ;;;
  301                      ;;; The traps such as Open and Close
  302                      ;;; (note the capital letters) are for use by user programs.  The traps
  303                      ;;; with names such as open and close (lower case) are for use by the OS.
  304                      ;;;
  307  000013b4          	.align 2
  309                      ;;; The following are the traps to be used by user-level programs
  310                      ;;;
  312  000013b4          	.align 2
  313  000013b4          	.proc _Open
  314  000013b4          	.global _Open
  315  000013b4          	_Open:
  316                      ;;; Note that trap #0x213 actually causes a trap vector in the OS of
  317                      ;;; 0x1213.  The same is true for other user traps.  Thus, a user trap
  318                      ;;; with trap #0x240 will result in a trap vector of 0x1240 in the OS.
  319  000013b4  44000213	trap	#0x213
  320  000013b8  4be00000	jr	r31
  321  000013bc  54000000	nop
  322  000013c0          	.endproc _Open
  324  000013c0          	.proc _Close
  325  000013c0          	.global _Close
  326  000013c0          	_Close:
  327  000013c0  44000214	trap	#0x214
  328  000013c4  4be00000	jr	r31
  329  000013c8  54000000	nop
  330  000013cc          	.endproc _Close
  332  000013cc          	.proc _Read
  333  000013cc          	.global _Read
  334  000013cc          	_Read:
  335  000013cc  44000210	trap	#0x210
  336  000013d0  4be00000	jr	r31
  337  000013d4  54000000	nop
  338  000013d8          	.endproc _Read
  340  000013d8          	.proc _Write
  341  000013d8          	.global _Write
  342  000013d8          	_Write:
  343  000013d8  44000211	trap	#0x211
  344  000013dc  4be00000	jr	r31
  345  000013e0  54000000	nop
  346  000013e4          	.endproc _Write
  348  000013e4          	.proc _Lseek
  349  000013e4          	.global _Lseek
  350  000013e4          	_Lseek:
  351  000013e4  44000212	trap	#0x212
  352  000013e8  4be00000	jr	r31
  353  000013ec  54000000	nop
  354  000013f0          	.endproc _Lseek
  356  000013f0          	.proc _Putchar
  357  000013f0          	.global _Putchar
  358  000013f0          	_Putchar:
  359  000013f0  44000280	trap	#0x280
  360  000013f4  4be00000	jr	r31
  361  000013f8  54000000	nop
  362  000013fc          	.endproc _Putchar
  364  000013fc          	.proc _Printf
  365  000013fc          	.global _Printf
  366  000013fc          	_Printf:
  367  000013fc  44000201	trap	#0x201
  368  00001400  4be00000	jr	r31
  369  00001404  54000000	nop
  370  00001408          	.endproc _Printf
  372  00001408          	.proc _getpid
  373  00001408          	.global _getpid
  374  00001408          	_getpid:
  375  00001408  44000431	trap	#0x431
  376  0000140c  4be00000	jr	r31
  377  00001410  54000000	nop
  378  00001414          	.endproc _getpid
  380  00001414          	.proc _process_create
  381  00001414          	.global _process_create
  382  00001414          	_process_create:
  383  00001414  44000432	trap	#0x432
  384  00001418  4be00000	jr	r31
  385  0000141c  54000000	nop
  386  00001420          	.endproc _process_create
  388  00001420          	.proc _shmget
  389  00001420          	.global _shmget
  390  00001420          	_shmget:
  391  00001420  44000440	trap	#0x440
  392  00001424  4be00000	jr	r31
  393  00001428  54000000	nop
  394  0000142c          	.endproc _shmget
  396  0000142c          	.proc _shmat
  397  0000142c          	.global _shmat
  398  0000142c          	_shmat:
  399  0000142c  44000441	trap	#0x441
  400  00001430  4be00000	jr	r31
  401  00001434  54000000	nop
  402  00001438          	.endproc _shmat
  404  00001438          	.proc _sem_create
  405  00001438          	.global _sem_create
  406  00001438          	_sem_create:
  407  00001438  44000450	trap	#0x450
  408  0000143c  4be00000	jr	r31
  409  00001440  54000000	nop
  410  00001444          	.endproc _sem_create
  412  00001444          	.proc _sem_wait
  413  00001444          	.global _sem_wait
  414  00001444          	_sem_wait:
  415  00001444  44000451	trap	#0x451
  416  00001448  4be00000	jr	r31
  417  0000144c  54000000	nop
  418  00001450          	.endproc _sem_wait
  420  00001450          	.proc _sem_signal
  421  00001450          	.global _sem_signal
  422  00001450          	_sem_signal:
  423  00001450  44000452	trap	#0x452
  424  00001454  4be00000	jr	r31
  425  00001458  54000000	nop
  426  0000145c          	.endproc _sem_signal
  428  0000145c          	.proc _lock_create
  429  0000145c          	.global _lock_create
  430  0000145c          	_lock_create:
  431  0000145c  44000453	trap	#0x453
  432  00001460  4be00000	jr	r31
  433  00001464  54000000	nop
  434  00001468          	.endproc _lock_create
  436  00001468          	.proc _lock_acquire
  437  00001468          	.global _lock_acquire
  438  00001468          	_lock_acquire:
  439  00001468  44000454	trap	#0x454
  440  0000146c  4be00000	jr	r31
  441  00001470  54000000	nop
  442  00001474          	.endproc _lock_acquire
  444  00001474          	.proc _lock_release
  445  00001474          	.global _lock_release
  446  00001474          	_lock_release:
  447  00001474  44000455	trap	#0x455
  448  00001478  4be00000	jr	r31
  449  0000147c  54000000	nop
  450  00001480          	.endproc _lock_release
  452  00001480          	.proc _cond_create
  453  00001480          	.global _cond_create
  454  00001480          	_cond_create:
  455  00001480  44000456	trap	#0x456
  456  00001484  4be00000	jr	r31
  457  00001488  54000000	nop
  458  0000148c          	.endproc _cond_create
  460  0000148c          	.proc _cond_wait
  461  0000148c          	.global _cond_wait
  462  0000148c          	_cond_wait:
  463  0000148c  44000457	trap	#0x457
  464  00001490  4be00000	jr	r31
  465  00001494  54000000	nop
  466  00001498          	.endproc _cond_wait
  468  00001498          	.proc _cond_signal
  469  00001498          	.global _cond_signal
  470  00001498          	_cond_signal:
  471  00001498  44000458	trap	#0x458
  472  0000149c  4be00000	jr	r31
  473  000014a0  54000000	nop
  474  000014a4          	.endproc _cond_signal
  476  000014a4          	.proc _cond_broadcast
  477  000014a4          	.global _cond_broadcast
  478  000014a4          	_cond_broadcast:
  479  000014a4  44000455	trap	#0x455
  480  000014a8  4be00000	jr	r31
  481  000014ac  54000000	nop
  482  000014b0          	.endproc _cond_broadcast
  484  000014b0          	.proc _Exit
  485  000014b0          	.global _Exit
  486  000014b0          	_Exit:
  487  000014b0  44000500	trap	#0x500
  488  000014b4  4be00000	jr	r31
  489  000014b8  54000000	nop
  490  000014bc          	.endproc _Exit
  491                      ; Compiled by GCC
  493  000014bc          	.align 2
  494  000014bc          	.proc _isspace
  495  000014bc          	.global _isspace
  496  000014bc          	_isspace:
  497                      ;  Function 'isspace'; 0 bytes of locals, 3 regs to save.
  498  000014bc  afbefffc	sw	-4(r29),r30; push fp
  499  000014c0  001df020	add	r30,r0,r29; fp = sp
  500  000014c4  afbffff8	sw	-8(r29),r31; push ret addr
  501  000014c8  2fbd0018	subui	r29,r29,#24; alloc local storage
  502  000014cc  afa20000	sw	0(r29),r2
  503  000014d0  afa30004	sw	4(r29),r3
  504  000014d4  afa40008	sw	8(r29),r4
  505  000014d8  83c20003	lb	r2,3(r30)
  506  000014dc  20010000	addi	r1,r0,#0
  507  000014e0  304300ff	andi	r3,r2,#0x00ff
  508  000014e4  60640020	seqi	r4,r3,#32
  509  000014e8  1480002c	bnez	r4,L3_LF2
  510  000014ec  54000000	nop; delay slot nop
  511  000014f0  304300ff	andi	r3,r2,#0x00ff
  512  000014f4  60640009	seqi	r4,r3,#9
  513  000014f8  1480001c	bnez	r4,L3_LF2
  514  000014fc  54000000	nop; delay slot nop
  515  00001500  304300ff	andi	r3,r2,#0x00ff
  516  00001504  6064000a	seqi	r4,r3,#10
  517  00001508  1480000c	bnez	r4,L3_LF2
  518  0000150c  54000000	nop; delay slot nop
  519  00001510  08000008	j	L2_LF2
  520  00001514  54000000	nop; delay slot nop
  521  00001518          	L3_LF2:
  522  00001518  20010001	addi	r1,r0,#1
  523  0000151c          	L2_LF2:
  524  0000151c  08000004	j	L1_LF2
  525  00001520  54000000	nop; delay slot nop
  526  00001524          	L1_LF2:
  527  00001524  8fa20000	lw	r2,0(r29)
  528  00001528  8fa30004	lw	r3,4(r29)
  529  0000152c  8fa40008	lw	r4,8(r29)
  530  00001530  8fdffff8	lw	r31,-8(r30)
  531  00001534  001ee820	add	r29,r0,r30
  532  00001538  8fdefffc	lw	r30,-4(r30)
  533  0000153c  4be00000	jr	r31
  534  00001540  54000000	nop
  535  00001544          	.endproc _isspace
  536  00001544          	.align 2
  537  00001544          	.proc _isxdigit
  538  00001544          	.global _isxdigit
  539  00001544          	_isxdigit:
  540                      ;  Function 'isxdigit'; 0 bytes of locals, 3 regs to save.
  541  00001544  afbefffc	sw	-4(r29),r30; push fp
  542  00001548  001df020	add	r30,r0,r29; fp = sp
  543  0000154c  afbffff8	sw	-8(r29),r31; push ret addr
  544  00001550  2fbd0018	subui	r29,r29,#24; alloc local storage
  545  00001554  afa20000	sw	0(r29),r2
  546  00001558  afa30004	sw	4(r29),r3
  547  0000155c  afa40008	sw	8(r29),r4
  548  00001560  83c20003	lb	r2,3(r30)
  549  00001564  20010000	addi	r1,r0,#0
  550  00001568  304300ff	andi	r3,r2,#0x00ff
  551  0000156c  6c64002f	sgtui	r4,r3,#47
  552  00001570  1080001c	beqz	r4,L7_LF2
  553  00001574  54000000	nop; delay slot nop
  554  00001578  304300ff	andi	r3,r2,#0x00ff
  555  0000157c  70640039	sleui	r4,r3,#57
  556  00001580  1480005c	bnez	r4,L6_LF2
  557  00001584  54000000	nop; delay slot nop
  558  00001588  08000004	j	L7_LF2
  559  0000158c  54000000	nop; delay slot nop
  560  00001590          	L7_LF2:
  561  00001590  304300ff	andi	r3,r2,#0x00ff
  562  00001594  6c640060	sgtui	r4,r3,#96
  563  00001598  1080001c	beqz	r4,L8_LF2
  564  0000159c  54000000	nop; delay slot nop
  565  000015a0  304300ff	andi	r3,r2,#0x00ff
  566  000015a4  70640066	sleui	r4,r3,#102
  567  000015a8  14800034	bnez	r4,L6_LF2
  568  000015ac  54000000	nop; delay slot nop
  569  000015b0  08000004	j	L8_LF2
  570  000015b4  54000000	nop; delay slot nop
  571  000015b8          	L8_LF2:
  572  000015b8  304300ff	andi	r3,r2,#0x00ff
  573  000015bc  6c640040	sgtui	r4,r3,#64
  574  000015c0  10800020	beqz	r4,L5_LF2
  575  000015c4  54000000	nop; delay slot nop
  576  000015c8  304300ff	andi	r3,r2,#0x00ff
  577  000015cc  70640041	sleui	r4,r3,#65
  578  000015d0  1480000c	bnez	r4,L6_LF2
  579  000015d4  54000000	nop; delay slot nop
  580  000015d8  08000008	j	L5_LF2
  581  000015dc  54000000	nop; delay slot nop
  582  000015e0          	L6_LF2:
  583  000015e0  20010001	addi	r1,r0,#1
  584  000015e4          	L5_LF2:
  585  000015e4  08000004	j	L4_LF2
  586  000015e8  54000000	nop; delay slot nop
  587  000015ec          	L4_LF2:
  588  000015ec  8fa20000	lw	r2,0(r29)
  589  000015f0  8fa30004	lw	r3,4(r29)
  590  000015f4  8fa40008	lw	r4,8(r29)
  591  000015f8  8fdffff8	lw	r31,-8(r30)
  592  000015fc  001ee820	add	r29,r0,r30
  593  00001600  8fdefffc	lw	r30,-4(r30)
  594  00001604  4be00000	jr	r31
  595  00001608  54000000	nop
  596  0000160c          	.endproc _isxdigit
  597  0000160c          	.align 2
  598  0000160c          	.proc _dstrcpy
  599  0000160c          	.global _dstrcpy
  600  0000160c          	_dstrcpy:
  601                      ;  Function 'dstrcpy'; 8 bytes of locals, 2 regs to save.
  602  0000160c  afbefffc	sw	-4(r29),r30; push fp
  603  00001610  001df020	add	r30,r0,r29; fp = sp
  604  00001614  afbffff8	sw	-8(r29),r31; push ret addr
  605  00001618  2fbd0018	subui	r29,r29,#24; alloc local storage
  606  0000161c  afa20000	sw	0(r29),r2
  607  00001620  afa30004	sw	4(r29),r3
  608  00001624  8fc10000	lw	r1,(r30)
  609  00001628  afc1fff4	sw	-12(r30),r1
  610  0000162c          	L10_LF2:
  611  0000162c  8fc10000	lw	r1,(r30)
  612  00001630  20220001	addi	r2,r1,#1
  613  00001634  afc20000	sw	(r30),r2
  614  00001638  8fc20004	lw	r2,4(r30)
  615  0000163c  20430001	addi	r3,r2,#1
  616  00001640  afc30004	sw	4(r30),r3
  617  00001644  80420000	lb	r2,(r2)
  618  00001648  a0220000	sb	(r1),r2
  619  0000164c  a3c2fff3	sb	-13(r30),r2
  620  00001650          	L12_LF2:
  621  00001650  93c1fff3	lbu	r1,-13(r30)
  622  00001654  64220000	snei	r2,r1,#0
  623  00001658  1440000c	bnez	r2,L13_LF2
  624  0000165c  54000000	nop; delay slot nop
  625  00001660  0800000c	j	L11_LF2
  626  00001664  54000000	nop; delay slot nop
  627  00001668          	L13_LF2:
  628  00001668  0bffffc0	j	L10_LF2
  629  0000166c  54000000	nop; delay slot nop
  630  00001670          	L11_LF2:
  631  00001670  8fc1fff4	lw	r1,-12(r30)
  632  00001674  08000004	j	L9_LF2
  633  00001678  54000000	nop; delay slot nop
  634  0000167c          	L9_LF2:
  635  0000167c  8fa20000	lw	r2,0(r29)
  636  00001680  8fa30004	lw	r3,4(r29)
  637  00001684  8fdffff8	lw	r31,-8(r30)
  638  00001688  001ee820	add	r29,r0,r30
  639  0000168c  8fdefffc	lw	r30,-4(r30)
  640  00001690  4be00000	jr	r31
  641  00001694  54000000	nop
  642  00001698          	.endproc _dstrcpy
  643  00001698          	.align 2
  644  00001698          	.proc _dstrncpy
  645  00001698          	.global _dstrncpy
  646  00001698          	_dstrncpy:
  647                      ;  Function 'dstrncpy'; 8 bytes of locals, 2 regs to save.
  648  00001698  afbefffc	sw	-4(r29),r30; push fp
  649  0000169c  001df020	add	r30,r0,r29; fp = sp
  650  000016a0  afbffff8	sw	-8(r29),r31; push ret addr
  651  000016a4  2fbd0018	subui	r29,r29,#24; alloc local storage
  652  000016a8  afa20000	sw	0(r29),r2
  653  000016ac  afa30004	sw	4(r29),r3
  654  000016b0  8fc10000	lw	r1,(r30)
  655  000016b4  afc1fff4	sw	-12(r30),r1
  656  000016b8          	L15_LF2:
  657  000016b8  8fc10008	lw	r1,8(r30)
  658  000016bc  2022ffff	addi	r2,r1,#-1
  659  000016c0  afc20008	sw	8(r30),r2
  660  000016c4  70210000	slei	r1,r1,#0
  661  000016c8  1020000c	beqz	r1,L18_LF2
  662  000016cc  54000000	nop; delay slot nop
  663  000016d0  08000048	j	L16_LF2
  664  000016d4  54000000	nop; delay slot nop
  665  000016d8          	L18_LF2:
  666  000016d8  8fc10000	lw	r1,(r30)
  667  000016dc  20220001	addi	r2,r1,#1
  668  000016e0  afc20000	sw	(r30),r2
  669  000016e4  8fc20004	lw	r2,4(r30)
  670  000016e8  20430001	addi	r3,r2,#1
  671  000016ec  afc30004	sw	4(r30),r3
  672  000016f0  80420000	lb	r2,(r2)
  673  000016f4  a0220000	sb	(r1),r2
  674  000016f8  a3c2fff3	sb	-13(r30),r2
  675  000016fc          	L17_LF2:
  676  000016fc  93c1fff3	lbu	r1,-13(r30)
  677  00001700  64220000	snei	r2,r1,#0
  678  00001704  1440000c	bnez	r2,L19_LF2
  679  00001708  54000000	nop; delay slot nop
  680  0000170c  0800000c	j	L16_LF2
  681  00001710  54000000	nop; delay slot nop
  682  00001714          	L19_LF2:
  683  00001714  0bffffa0	j	L15_LF2
  684  00001718  54000000	nop; delay slot nop
  685  0000171c          	L16_LF2:
  686  0000171c  8fc1fff4	lw	r1,-12(r30)
  687  00001720  08000004	j	L14_LF2
  688  00001724  54000000	nop; delay slot nop
  689  00001728          	L14_LF2:
  690  00001728  8fa20000	lw	r2,0(r29)
  691  0000172c  8fa30004	lw	r3,4(r29)
  692  00001730  8fdffff8	lw	r31,-8(r30)
  693  00001734  001ee820	add	r29,r0,r30
  694  00001738  8fdefffc	lw	r30,-4(r30)
  695  0000173c  4be00000	jr	r31
  696  00001740  54000000	nop
  697  00001744          	.endproc _dstrncpy
  698  00001744          	.align 2
  699  00001744          	.proc _dstrcat
  700  00001744          	.global _dstrcat
  701  00001744          	_dstrcat:
  702                      ;  Function 'dstrcat'; 8 bytes of locals, 1 regs to save.
  703  00001744  afbefffc	sw	-4(r29),r30; push fp
  704  00001748  001df020	add	r30,r0,r29; fp = sp
  705  0000174c  afbffff8	sw	-8(r29),r31; push ret addr
  706  00001750  2fbd0018	subui	r29,r29,#24; alloc local storage
  707  00001754  afa20000	sw	0(r29),r2
  708  00001758  8fc10000	lw	r1,(r30)
  709  0000175c  afc1fff4	sw	-12(r30),r1
  710  00001760          	L21_LF2:
  711  00001760  8fc10000	lw	r1,(r30)
  712  00001764  90220000	lbu	r2,(r1)
  713  00001768  64410000	snei	r1,r2,#0
  714  0000176c  1420000c	bnez	r1,L23_LF2
  715  00001770  54000000	nop; delay slot nop
  716  00001774  0800001c	j	L22_LF2
  717  00001778  54000000	nop; delay slot nop
  718  0000177c          	L23_LF2:
  719  0000177c  8fc20000	lw	r2,(r30)
  720  00001780  20410001	addi	r1,r2,#1
  721  00001784  00011020	add	r2,r0,r1
  722  00001788  afc20000	sw	(r30),r2
  723  0000178c  0bffffd0	j	L21_LF2
  724  00001790  54000000	nop; delay slot nop
  725  00001794          	L22_LF2:
  726  00001794  23bdfff8	addi	r29,r29,#-8
  727  00001798  001d0820	add	r1,r0,r29
  728  0000179c  8fc20000	lw	r2,(r30)
  729  000017a0  ac220000	sw	(r1),r2
  730  000017a4  8fc20004	lw	r2,4(r30)
  731  000017a8  ac220004	sw	4(r1),r2
  732  000017ac  0ffffe5c	jal	_dstrcpy
  733  000017b0  54000000	nop; delay slot nop
  734  000017b4  23bd0008	addi	r29,r29,#8
  735  000017b8  8fc1fff4	lw	r1,-12(r30)
  736  000017bc  08000004	j	L20_LF2
  737  000017c0  54000000	nop; delay slot nop
  738  000017c4          	L20_LF2:
  739  000017c4  8fa20000	lw	r2,0(r29)
  740  000017c8  8fdffff8	lw	r31,-8(r30)
  741  000017cc  001ee820	add	r29,r0,r30
  742  000017d0  8fdefffc	lw	r30,-4(r30)
  743  000017d4  4be00000	jr	r31
  744  000017d8  54000000	nop
  745  000017dc          	.endproc _dstrcat
  746  000017dc          	.align 2
  747  000017dc          	.proc _dstrncmp
  748  000017dc          	.global _dstrncmp
  749  000017dc          	_dstrncmp:
  750                      ;  Function 'dstrncmp'; 8 bytes of locals, 2 regs to save.
  751  000017dc  afbefffc	sw	-4(r29),r30; push fp
  752  000017e0  001df020	add	r30,r0,r29; fp = sp
  753  000017e4  afbffff8	sw	-8(r29),r31; push ret addr
  754  000017e8  2fbd0018	subui	r29,r29,#24; alloc local storage
  755  000017ec  afa20000	sw	0(r29),r2
  756  000017f0  afa30004	sw	4(r29),r3
  757  000017f4  54000000	nop
  758  000017f8  20010000	addi	r1,r0,#0
  759  000017fc  afc1fff4	sw	-12(r30),r1
  760  00001800          	L25_LF2:
  761  00001800  8fc1fff4	lw	r1,-12(r30)
  762  00001804  8fc20008	lw	r2,8(r30)
  763  00001808  0022082a	slt	r1,r1,r2
  764  0000180c  1420000c	bnez	r1,L28_LF2
  765  00001810  54000000	nop; delay slot nop
  766  00001814  08000088	j	L26_LF2
  767  00001818  54000000	nop; delay slot nop
  768  0000181c          	L28_LF2:
  769  0000181c  8fc10004	lw	r1,4(r30)
  770  00001820  90220000	lbu	r2,(r1)
  771  00001824  64410000	snei	r1,r2,#0
  772  00001828  14200018	bnez	r1,L29_LF2
  773  0000182c  54000000	nop; delay slot nop
  774  00001830  20010000	addi	r1,r0,#0
  775  00001834  080000d8	j	L24_LF2
  776  00001838  54000000	nop; delay slot nop
  777  0000183c  08000028	j	L30_LF2
  778  00001840  54000000	nop; delay slot nop
  779  00001844          	L29_LF2:
  780  00001844  8fc10000	lw	r1,(r30)
  781  00001848  8fc20004	lw	r2,4(r30)
  782  0000184c  90210000	lbu	r1,(r1)
  783  00001850  90420000	lbu	r2,(r2)
  784  00001854  00220829	sne	r1,r1,r2
  785  00001858  1020000c	beqz	r1,L30_LF2
  786  0000185c  54000000	nop; delay slot nop
  787  00001860  0800003c	j	L26_LF2
  788  00001864  54000000	nop; delay slot nop
  789  00001868          	L31_LF2:
  790  00001868          	L30_LF2:
  791  00001868  8fc20000	lw	r2,(r30)
  792  0000186c  20410001	addi	r1,r2,#1
  793  00001870  00011020	add	r2,r0,r1
  794  00001874  afc20000	sw	(r30),r2
  795  00001878  8fc20004	lw	r2,4(r30)
  796  0000187c  20410001	addi	r1,r2,#1
  797  00001880  00011020	add	r2,r0,r1
  798  00001884  afc20004	sw	4(r30),r2
  799  00001888          	L27_LF2:
  800  00001888  8fc2fff4	lw	r2,-12(r30)
  801  0000188c  20410001	addi	r1,r2,#1
  802  00001890  00011020	add	r2,r0,r1
  803  00001894  afc2fff4	sw	-12(r30),r2
  804  00001898  0bffff64	j	L25_LF2
  805  0000189c  54000000	nop; delay slot nop
  806  000018a0          	L26_LF2:
  807  000018a0  8fc1fff4	lw	r1,-12(r30)
  808  000018a4  8fc20008	lw	r2,8(r30)
  809  000018a8  00220828	seq	r1,r1,r2
  810  000018ac  10200018	beqz	r1,L32_LF2
  811  000018b0  54000000	nop; delay slot nop
  812  000018b4  20010000	addi	r1,r0,#0
  813  000018b8  08000054	j	L24_LF2
  814  000018bc  54000000	nop; delay slot nop
  815  000018c0  0800004c	j	L33_LF2
  816  000018c4  54000000	nop; delay slot nop
  817  000018c8          	L32_LF2:
  818  000018c8  8fc20000	lw	r2,(r30)
  819  000018cc  90410000	lbu	r1,(r2)
  820  000018d0  8fc20004	lw	r2,4(r30)
  821  000018d4  90430000	lbu	r3,(r2)
  822  000018d8  00230822	sub	r1,r1,r3
  823  000018dc  74220000	sgei	r2,r1,#0
  824  000018e0  10400020	beqz	r2,L34_LF2
  825  000018e4  54000000	nop; delay slot nop
  826  000018e8  8fc10000	lw	r1,(r30)
  827  000018ec  8fc20004	lw	r2,4(r30)
  828  000018f0  90210000	lbu	r1,(r1)
  829  000018f4  90420000	lbu	r2,(r2)
  830  000018f8  00220829	sne	r1,r1,r2
  831  000018fc  08000008	j	L35_LF2
  832  00001900  54000000	nop; delay slot nop
  833  00001904          	L34_LF2:
  834  00001904  2001ffff	addi	r1,r0,#-1
  835  00001908          	L35_LF2:
  836  00001908  08000004	j	L24_LF2
  837  0000190c  54000000	nop; delay slot nop
  838  00001910          	L33_LF2:
  839  00001910          	L24_LF2:
  840  00001910  8fa20000	lw	r2,0(r29)
  841  00001914  8fa30004	lw	r3,4(r29)
  842  00001918  8fdffff8	lw	r31,-8(r30)
  843  0000191c  001ee820	add	r29,r0,r30
  844  00001920  8fdefffc	lw	r30,-4(r30)
  845  00001924  4be00000	jr	r31
  846  00001928  54000000	nop
  847  0000192c          	.endproc _dstrncmp
  848  0000192c          	.align 2
  849  0000192c          	.proc _dstrlen
  850  0000192c          	.global _dstrlen
  851  0000192c          	_dstrlen:
  852                      ;  Function 'dstrlen'; 8 bytes of locals, 1 regs to save.
  853  0000192c  afbefffc	sw	-4(r29),r30; push fp
  854  00001930  001df020	add	r30,r0,r29; fp = sp
  855  00001934  afbffff8	sw	-8(r29),r31; push ret addr
  856  00001938  2fbd0018	subui	r29,r29,#24; alloc local storage
  857  0000193c  afa20000	sw	0(r29),r2
  858  00001940  20010000	addi	r1,r0,#0
  859  00001944  afc1fff4	sw	-12(r30),r1
  860  00001948          	L37_LF2:
  861  00001948  8fc10000	lw	r1,(r30)
  862  0000194c  20220001	addi	r2,r1,#1
  863  00001950  afc20000	sw	(r30),r2
  864  00001954  90210000	lbu	r1,(r1)
  865  00001958  64220000	snei	r2,r1,#0
  866  0000195c  1440000c	bnez	r2,L39_LF2
  867  00001960  54000000	nop; delay slot nop
  868  00001964  0800001c	j	L38_LF2
  869  00001968  54000000	nop; delay slot nop
  870  0000196c          	L39_LF2:
  871  0000196c  8fc2fff4	lw	r2,-12(r30)
  872  00001970  20410001	addi	r1,r2,#1
  873  00001974  00011020	add	r2,r0,r1
  874  00001978  afc2fff4	sw	-12(r30),r2
  875  0000197c  0bffffc8	j	L37_LF2
  876  00001980  54000000	nop; delay slot nop
  877  00001984          	L38_LF2:
  878  00001984  8fc1fff4	lw	r1,-12(r30)
  879  00001988  08000004	j	L36_LF2
  880  0000198c  54000000	nop; delay slot nop
  881  00001990          	L36_LF2:
  882  00001990  8fa20000	lw	r2,0(r29)
  883  00001994  8fdffff8	lw	r31,-8(r30)
  884  00001998  001ee820	add	r29,r0,r30
  885  0000199c  8fdefffc	lw	r30,-4(r30)
  886  000019a0  4be00000	jr	r31
  887  000019a4  54000000	nop
  888  000019a8          	.endproc _dstrlen
  889  000019a8          	.align 2
  890  000019a8          	.proc _dstrstr
  891  000019a8          	.global _dstrstr
  892  000019a8          	_dstrstr:
  893                      ;  Function 'dstrstr'; 8 bytes of locals, 1 regs to save.
  894  000019a8  afbefffc	sw	-4(r29),r30; push fp
  895  000019ac  001df020	add	r30,r0,r29; fp = sp
  896  000019b0  afbffff8	sw	-8(r29),r31; push ret addr
  897  000019b4  2fbd0018	subui	r29,r29,#24; alloc local storage
  898  000019b8  afa20000	sw	0(r29),r2
  899  000019bc  23bdfff8	addi	r29,r29,#-8
  900  000019c0  001d0820	add	r1,r0,r29
  901  000019c4  8fc20004	lw	r2,4(r30)
  902  000019c8  ac220000	sw	(r1),r2
  903  000019cc  0fffff5c	jal	_dstrlen
  904  000019d0  54000000	nop; delay slot nop
  905  000019d4  23bd0008	addi	r29,r29,#8
  906  000019d8  afc1fff4	sw	-12(r30),r1
  907  000019dc          	L41_LF2:
  908  000019dc  8fc10000	lw	r1,(r30)
  909  000019e0  90220000	lbu	r2,(r1)
  910  000019e4  64410000	snei	r1,r2,#0
  911  000019e8  1420000c	bnez	r1,L43_LF2
  912  000019ec  54000000	nop; delay slot nop
  913  000019f0  08000060	j	L42_LF2
  914  000019f4  54000000	nop; delay slot nop
  915  000019f8          	L43_LF2:
  916  000019f8  23bdfff0	addi	r29,r29,#-16
  917  000019fc  001d0820	add	r1,r0,r29
  918  00001a00  8fc20000	lw	r2,(r30)
  919  00001a04  ac220000	sw	(r1),r2
  920  00001a08  8fc20004	lw	r2,4(r30)
  921  00001a0c  ac220004	sw	4(r1),r2
  922  00001a10  8fc2fff4	lw	r2,-12(r30)
  923  00001a14  ac220008	sw	8(r1),r2
  924  00001a18  0ffffdc0	jal	_dstrncmp
  925  00001a1c  54000000	nop; delay slot nop
  926  00001a20  23bd0010	addi	r29,r29,#16
  927  00001a24  64220000	snei	r2,r1,#0
  928  00001a28  14400010	bnez	r2,L44_LF2
  929  00001a2c  54000000	nop; delay slot nop
  930  00001a30  8fc10000	lw	r1,(r30)
  931  00001a34  08000028	j	L40_LF2
  932  00001a38  54000000	nop; delay slot nop
  933  00001a3c          	L44_LF2:
  934  00001a3c  8fc20000	lw	r2,(r30)
  935  00001a40  20410001	addi	r1,r2,#1
  936  00001a44  00011020	add	r2,r0,r1
  937  00001a48  afc20000	sw	(r30),r2
  938  00001a4c  0bffff8c	j	L41_LF2
  939  00001a50  54000000	nop; delay slot nop
  940  00001a54          	L42_LF2:
  941  00001a54  20010000	addi	r1,r0,#0
  942  00001a58  08000004	j	L40_LF2
  943  00001a5c  54000000	nop; delay slot nop
  944  00001a60          	L40_LF2:
  945  00001a60  8fa20000	lw	r2,0(r29)
  946  00001a64  8fdffff8	lw	r31,-8(r30)
  947  00001a68  001ee820	add	r29,r0,r30
  948  00001a6c  8fdefffc	lw	r30,-4(r30)
  949  00001a70  4be00000	jr	r31
  950  00001a74  54000000	nop
  951  00001a78          	.endproc _dstrstr
  952  00001a78          	.align 2
  953  00001a78          	.proc _dmindex
  954  00001a78          	.global _dmindex
  955  00001a78          	_dmindex:
  956                      ;  Function 'dmindex'; 8 bytes of locals, 1 regs to save.
  957  00001a78  afbefffc	sw	-4(r29),r30; push fp
  958  00001a7c  001df020	add	r30,r0,r29; fp = sp
  959  00001a80  afbffff8	sw	-8(r29),r31; push ret addr
  960  00001a84  2fbd0018	subui	r29,r29,#24; alloc local storage
  961  00001a88  afa20000	sw	0(r29),r2
  962  00001a8c  54000000	nop
  963  00001a90          	L46_LF2:
  964  00001a90  8fc10000	lw	r1,(r30)
  965  00001a94  90220000	lbu	r2,(r1)
  966  00001a98  64410000	snei	r1,r2,#0
  967  00001a9c  1420000c	bnez	r1,L48_LF2
  968  00001aa0  54000000	nop; delay slot nop
  969  00001aa4  08000070	j	L47_LF2
  970  00001aa8  54000000	nop; delay slot nop
  971  00001aac          	L48_LF2:
  972  00001aac  8fc10004	lw	r1,4(r30)
  973  00001ab0  afc1fff4	sw	-12(r30),r1
  974  00001ab4          	L49_LF2:
  975  00001ab4  8fc1fff4	lw	r1,-12(r30)
  976  00001ab8  90220000	lbu	r2,(r1)
  977  00001abc  64410000	snei	r1,r2,#0
  978  00001ac0  1420000c	bnez	r1,L52_LF2
  979  00001ac4  54000000	nop; delay slot nop
  980  00001ac8  08000044	j	L50_LF2
  981  00001acc  54000000	nop; delay slot nop
  982  00001ad0          	L52_LF2:
  983  00001ad0  8fc10000	lw	r1,(r30)
  984  00001ad4  8fc2fff4	lw	r2,-12(r30)
  985  00001ad8  90210000	lbu	r1,(r1)
  986  00001adc  90420000	lbu	r2,(r2)
  987  00001ae0  00220828	seq	r1,r1,r2
  988  00001ae4  10200010	beqz	r1,L51_LF2
  989  00001ae8  54000000	nop; delay slot nop
  990  00001aec  8fc10000	lw	r1,(r30)
  991  00001af0  08000030	j	L45_LF2
  992  00001af4  54000000	nop; delay slot nop
  993  00001af8          	L53_LF2:
  994  00001af8          	L51_LF2:
  995  00001af8  8fc2fff4	lw	r2,-12(r30)
  996  00001afc  20410001	addi	r1,r2,#1
  997  00001b00  00011020	add	r2,r0,r1
  998  00001b04  afc2fff4	sw	-12(r30),r2
  999  00001b08  0bffffa8	j	L49_LF2
 1000  00001b0c  54000000	nop; delay slot nop
 1001  00001b10          	L50_LF2:
 1002  00001b10  0bffff7c	j	L46_LF2
 1003  00001b14  54000000	nop; delay slot nop
 1004  00001b18          	L47_LF2:
 1005  00001b18  20010000	addi	r1,r0,#0
 1006  00001b1c  08000004	j	L45_LF2
 1007  00001b20  54000000	nop; delay slot nop
 1008  00001b24          	L45_LF2:
 1009  00001b24  8fa20000	lw	r2,0(r29)
 1010  00001b28  8fdffff8	lw	r31,-8(r30)
 1011  00001b2c  001ee820	add	r29,r0,r30
 1012  00001b30  8fdefffc	lw	r30,-4(r30)
 1013  00001b34  4be00000	jr	r31
 1014  00001b38  54000000	nop
 1015  00001b3c          	.endproc _dmindex
 1016  00001b3c          	.align 2
 1017  00001b3c          	.proc _dindex
 1018  00001b3c          	.global _dindex
 1019  00001b3c          	_dindex:
 1020                      ;  Function 'dindex'; 0 bytes of locals, 1 regs to save.
 1021  00001b3c  afbefffc	sw	-4(r29),r30; push fp
 1022  00001b40  001df020	add	r30,r0,r29; fp = sp
 1023  00001b44  afbffff8	sw	-8(r29),r31; push ret addr
 1024  00001b48  2fbd0010	subui	r29,r29,#16; alloc local storage
 1025  00001b4c  afa20000	sw	0(r29),r2
 1026  00001b50  54000000	nop
 1027  00001b54          	L55_LF2:
 1028  00001b54  8fc10000	lw	r1,(r30)
 1029  00001b58  90220000	lbu	r2,(r1)
 1030  00001b5c  64410000	snei	r1,r2,#0
 1031  00001b60  1420000c	bnez	r1,L57_LF2
 1032  00001b64  54000000	nop; delay slot nop
 1033  00001b68  08000040	j	L56_LF2
 1034  00001b6c  54000000	nop; delay slot nop
 1035  00001b70          	L57_LF2:
 1036  00001b70  8fc10000	lw	r1,(r30)
 1037  00001b74  90220000	lbu	r2,(r1)
 1038  00001b78  8fc10004	lw	r1,4(r30)
 1039  00001b7c  00411028	seq	r2,r2,r1
 1040  00001b80  10400010	beqz	r2,L58_LF2
 1041  00001b84  54000000	nop; delay slot nop
 1042  00001b88  8fc10000	lw	r1,(r30)
 1043  00001b8c  08000028	j	L54_LF2
 1044  00001b90  54000000	nop; delay slot nop
 1045  00001b94          	L58_LF2:
 1046  00001b94  8fc20000	lw	r2,(r30)
 1047  00001b98  20410001	addi	r1,r2,#1
 1048  00001b9c  00011020	add	r2,r0,r1
 1049  00001ba0  afc20000	sw	(r30),r2
 1050  00001ba4  0bffffac	j	L55_LF2
 1051  00001ba8  54000000	nop; delay slot nop
 1052  00001bac          	L56_LF2:
 1053  00001bac  20010000	addi	r1,r0,#0
 1054  00001bb0  08000004	j	L54_LF2
 1055  00001bb4  54000000	nop; delay slot nop
 1056  00001bb8          	L54_LF2:
 1057  00001bb8  8fa20000	lw	r2,0(r29)
 1058  00001bbc  8fdffff8	lw	r31,-8(r30)
 1059  00001bc0  001ee820	add	r29,r0,r30
 1060  00001bc4  8fdefffc	lw	r30,-4(r30)
 1061  00001bc8  4be00000	jr	r31
 1062  00001bcc  54000000	nop
 1063  00001bd0          	.endproc _dindex
 1064  00001bd0          	.align 2
 1065  00001bd0          	.proc _ditoa
 1066  00001bd0          	.global _ditoa
 1067  00001bd0          	_ditoa:
 1068                      ;  Function 'ditoa'; 8 bytes of locals, 2 regs to save.
 1069  00001bd0  afbefffc	sw	-4(r29),r30; push fp
 1070  00001bd4  001df020	add	r30,r0,r29; fp = sp
 1071  00001bd8  afbffff8	sw	-8(r29),r31; push ret addr
 1072  00001bdc  2fbd0018	subui	r29,r29,#24; alloc local storage
 1073  00001be0  afa20000	sw	0(r29),r2
 1074  00001be4  afa30004	sw	4(r29),r3
 1075  00001be8  8fc10000	lw	r1,(r30)
 1076  00001bec  68220000	slti	r2,r1,#0
 1077  00001bf0  1040002c	beqz	r2,L60_LF2
 1078  00001bf4  54000000	nop; delay slot nop
 1079  00001bf8  8fc10004	lw	r1,4(r30)
 1080  00001bfc  20220001	addi	r2,r1,#1
 1081  00001c00  afc20004	sw	4(r30),r2
 1082  00001c04  2002002d	addi	r2,r0,(#0x2d)&0xff
 1083  00001c08  a0220000	sb	(r1),r2
 1084  00001c0c  8fc10000	lw	r1,(r30)
 1085  00001c10  00011022	sub	r2,r0,r1
 1086  00001c14  afc20000	sw	(r30),r2
 1087  00001c18  08000118	j	L61_LF2
 1088  00001c1c  54000000	nop; delay slot nop
 1089  00001c20          	L60_LF2:
 1090  00001c20  8fc10000	lw	r1,(r30)
 1091  00001c24  64220000	snei	r2,r1,#0
 1092  00001c28  14400020	bnez	r2,L62_LF2
 1093  00001c2c  54000000	nop; delay slot nop
 1094  00001c30  8fc10004	lw	r1,4(r30)
 1095  00001c34  20220001	addi	r2,r1,#1
 1096  00001c38  afc20004	sw	4(r30),r2
 1097  00001c3c  20020030	addi	r2,r0,(#0x30)&0xff
 1098  00001c40  a0220000	sb	(r1),r2
 1099  00001c44  080000ec	j	L61_LF2
 1100  00001c48  54000000	nop; delay slot nop
 1101  00001c4c          	L62_LF2:
 1102  00001c4c  20010001	addi	r1,r0,#1
 1103  00001c50  afc1fff4	sw	-12(r30),r1
 1104  00001c54          	L64_LF2:
 1105  00001c54  8fc1fff4	lw	r1,-12(r30)
 1106  00001c58  8fc20000	lw	r2,(r30)
 1107  00001c5c  0022082c	sle	r1,r1,r2
 1108  00001c60  1420000c	bnez	r1,L66_LF2
 1109  00001c64  54000000	nop; delay slot nop
 1110  00001c68  08000024	j	L65_LF2
 1111  00001c6c  54000000	nop; delay slot nop
 1112  00001c70          	L67_LF2:
 1113  00001c70          	L66_LF2:
 1114  00001c70  8fc1fff4	lw	r1,-12(r30)
 1115  00001c74  00011820	add	r3,r0,r1
 1116  00001c78  50620002	slli	r2,r3,#0x2
 1117  00001c7c  00411020	add	r2,r2,r1
 1118  00001c80  50410001	slli	r1,r2,#0x1
 1119  00001c84  afc1fff4	sw	-12(r30),r1
 1120  00001c88  0bffffc8	j	L64_LF2
 1121  00001c8c  54000000	nop; delay slot nop
 1122  00001c90          	L65_LF2:
 1123  00001c90  54000000	nop
 1124  00001c94          	L68_LF2:
 1125  00001c94  8fc1fff4	lw	r1,-12(r30)
 1126  00001c98  2002000a	addi	r2,r0,#10
 1127  00001c9c  00200035	movi2fp	f0,r1
 1128  00001ca0  00400835	movi2fp	f1,r2
 1129  00001ca4  0401000f	div	f0,f0,f1
 1130  00001ca8  00000834	movfp2i	r1,f0
 1131  00001cac  afc1fff4	sw	-12(r30),r1
 1132  00001cb0  8fc10004	lw	r1,4(r30)
 1133  00001cb4  20220001	addi	r2,r1,#1
 1134  00001cb8  afc20004	sw	4(r30),r2
 1135  00001cbc  8fc20000	lw	r2,(r30)
 1136  00001cc0  8fc3fff4	lw	r3,-12(r30)
 1137  00001cc4  00400035	movi2fp	f0,r2
 1138  00001cc8  00600835	movi2fp	f1,r3
 1139  00001ccc  0401000f	div	f0,f0,f1
 1140  00001cd0  00001034	movfp2i	r2,f0
 1141  00001cd4  00021820	add	r3,r0,r2
 1142  00001cd8  20620030	addi	r2,r3,#48
 1143  00001cdc  a0220000	sb	(r1),r2
 1144  00001ce0  8fc10000	lw	r1,(r30)
 1145  00001ce4  8fc3fff4	lw	r3,-12(r30)
 1146  00001ce8  00200035	movi2fp	f0,r1
 1147  00001cec  00600835	movi2fp	f1,r3
 1148  00001cf0  0401000f	div	f0,f0,f1
 1149  00001cf4  00001034	movfp2i	r2,f0
 1150  00001cf8  8fc3fff4	lw	r3,-12(r30)
 1151  00001cfc  00400035	movi2fp	f0,r2
 1152  00001d00  00600835	movi2fp	f1,r3
 1153  00001d04  0401000e	mult	f0,f0,f1
 1154  00001d08  00001034	movfp2i	r2,f0
 1155  00001d0c  00220822	sub	r1,r1,r2
 1156  00001d10  afc10000	sw	(r30),r1
 1157  00001d14          	L70_LF2:
 1158  00001d14  8fc1fff4	lw	r1,-12(r30)
 1159  00001d18  6c220001	sgti	r2,r1,#1
 1160  00001d1c  1440000c	bnez	r2,L71_LF2
 1161  00001d20  54000000	nop; delay slot nop
 1162  00001d24  0800000c	j	L61_LF2
 1163  00001d28  54000000	nop; delay slot nop
 1164  00001d2c          	L71_LF2:
 1165  00001d2c  0bffff64	j	L68_LF2
 1166  00001d30  54000000	nop; delay slot nop
 1167  00001d34          	L69_LF2:
 1168  00001d34          	L63_LF2:
 1169  00001d34          	L61_LF2:
 1170  00001d34  8fc10004	lw	r1,4(r30)
 1171  00001d38  20020000	addi	r2,r0,(#0x0)&0xff
 1172  00001d3c  a0220000	sb	(r1),r2
 1173  00001d40          	L59_LF2:
 1174  00001d40  8fa20000	lw	r2,0(r29)
 1175  00001d44  8fa30004	lw	r3,4(r29)
 1176  00001d48  8fdffff8	lw	r31,-8(r30)
 1177  00001d4c  001ee820	add	r29,r0,r30
 1178  00001d50  8fdefffc	lw	r30,-4(r30)
 1179  00001d54  4be00000	jr	r31
 1180  00001d58  54000000	nop
 1181  00001d5c          	.endproc _ditoa
 1182  00001d5c          	.align 2
 1183  00001d5c          	.proc _dstrtol
 1184  00001d5c          	.global _dstrtol
 1185  00001d5c          	_dstrtol:
 1186                      ;  Function 'dstrtol'; 16 bytes of locals, 1 regs to save.
 1187  00001d5c  afbefffc	sw	-4(r29),r30; push fp
 1188  00001d60  001df020	add	r30,r0,r29; fp = sp
 1189  00001d64  afbffff8	sw	-8(r29),r31; push ret addr
 1190  00001d68  2fbd0020	subui	r29,r29,#32; alloc local storage
 1191  00001d6c  afa20000	sw	0(r29),r2
 1192  00001d70  20010000	addi	r1,r0,#0
 1193  00001d74  afc1fff4	sw	-12(r30),r1
 1194  00001d78          	L73_LF2:
 1195  00001d78  8fc10000	lw	r1,(r30)
 1196  00001d7c  90220000	lbu	r2,(r1)
 1197  00001d80  60410020	seqi	r1,r2,#32
 1198  00001d84  14200034	bnez	r1,L75_LF2
 1199  00001d88  54000000	nop; delay slot nop
 1200  00001d8c  8fc10000	lw	r1,(r30)
 1201  00001d90  90220000	lbu	r2,(r1)
 1202  00001d94  60410009	seqi	r1,r2,#9
 1203  00001d98  14200020	bnez	r1,L75_LF2
 1204  00001d9c  54000000	nop; delay slot nop
 1205  00001da0  8fc10000	lw	r1,(r30)
 1206  00001da4  90220000	lbu	r2,(r1)
 1207  00001da8  6041000a	seqi	r1,r2,#10
 1208  00001dac  1420000c	bnez	r1,L75_LF2
 1209  00001db0  54000000	nop; delay slot nop
 1210  00001db4  0800001c	j	L74_LF2
 1211  00001db8  54000000	nop; delay slot nop
 1212  00001dbc          	L75_LF2:
 1213  00001dbc  8fc20000	lw	r2,(r30)
 1214  00001dc0  20410001	addi	r1,r2,#1
 1215  00001dc4  00011020	add	r2,r0,r1
 1216  00001dc8  afc20000	sw	(r30),r2
 1217  00001dcc  0bffffa8	j	L73_LF2
 1218  00001dd0  54000000	nop; delay slot nop
 1219  00001dd4          	L74_LF2:
 1220  00001dd4  8fc10004	lw	r1,4(r30)
 1221  00001dd8  64220000	snei	r2,r1,#0
 1222  00001ddc  10400010	beqz	r2,L76_LF2
 1223  00001de0  54000000	nop; delay slot nop
 1224  00001de4  8fc10004	lw	r1,4(r30)
 1225  00001de8  8fc20000	lw	r2,(r30)
 1226  00001dec  ac220000	sw	(r1),r2
 1227  00001df0          	L76_LF2:
 1228  00001df0  8fc10000	lw	r1,(r30)
 1229  00001df4  90220000	lbu	r2,(r1)
 1230  00001df8  64410000	snei	r1,r2,#0
 1231  00001dfc  14200010	bnez	r1,L77_LF2
 1232  00001e00  54000000	nop; delay slot nop
 1233  00001e04  8fc1fff4	lw	r1,-12(r30)
 1234  00001e08  08000294	j	L72_LF2
 1235  00001e0c  54000000	nop; delay slot nop
 1236  00001e10          	L77_LF2:
 1237  00001e10  8fc10000	lw	r1,(r30)
 1238  00001e14  90220000	lbu	r2,(r1)
 1239  00001e18  6041002d	seqi	r1,r2,#45
 1240  00001e1c  10200024	beqz	r1,L78_LF2
 1241  00001e20  54000000	nop; delay slot nop
 1242  00001e24  2001ffff	addi	r1,r0,#-1
 1243  00001e28  afc1ffec	sw	-20(r30),r1
 1244  00001e2c  8fc20000	lw	r2,(r30)
 1245  00001e30  20410001	addi	r1,r2,#1
 1246  00001e34  00011020	add	r2,r0,r1
 1247  00001e38  afc20000	sw	(r30),r2
 1248  00001e3c  0800000c	j	L79_LF2
 1249  00001e40  54000000	nop; delay slot nop
 1250  00001e44          	L78_LF2:
 1251  00001e44  20010001	addi	r1,r0,#1
 1252  00001e48  afc1ffec	sw	-20(r30),r1
 1253  00001e4c          	L79_LF2:
 1254  00001e4c  8fc10008	lw	r1,8(r30)
 1255  00001e50  64220000	snei	r2,r1,#0
 1256  00001e54  14400090	bnez	r2,L80_LF2
 1257  00001e58  54000000	nop; delay slot nop
 1258  00001e5c  8fc10000	lw	r1,(r30)
 1259  00001e60  90220000	lbu	r2,(r1)
 1260  00001e64  60410030	seqi	r1,r2,#48
 1261  00001e68  10200074	beqz	r1,L81_LF2
 1262  00001e6c  54000000	nop; delay slot nop
 1263  00001e70  8fc20000	lw	r2,(r30)
 1264  00001e74  20410001	addi	r1,r2,#1
 1265  00001e78  00011020	add	r2,r0,r1
 1266  00001e7c  afc20000	sw	(r30),r2
 1267  00001e80  8fc10000	lw	r1,(r30)
 1268  00001e84  90220000	lbu	r2,(r1)
 1269  00001e88  60410078	seqi	r1,r2,#120
 1270  00001e8c  14200020	bnez	r1,L83_LF2
 1271  00001e90  54000000	nop; delay slot nop
 1272  00001e94  8fc10000	lw	r1,(r30)
 1273  00001e98  90220000	lbu	r2,(r1)
 1274  00001e9c  60410058	seqi	r1,r2,#88
 1275  00001ea0  1420000c	bnez	r1,L83_LF2
 1276  00001ea4  54000000	nop; delay slot nop
 1277  00001ea8  08000024	j	L82_LF2
 1278  00001eac  54000000	nop; delay slot nop
 1279  00001eb0          	L83_LF2:
 1280  00001eb0  20010010	addi	r1,r0,#16
 1281  00001eb4  afc10008	sw	8(r30),r1
 1282  00001eb8  8fc20000	lw	r2,(r30)
 1283  00001ebc  20410001	addi	r1,r2,#1
 1284  00001ec0  00011020	add	r2,r0,r1
 1285  00001ec4  afc20000	sw	(r30),r2
 1286  00001ec8  0800000c	j	L84_LF2
 1287  00001ecc  54000000	nop; delay slot nop
 1288  00001ed0          	L82_LF2:
 1289  00001ed0  20010008	addi	r1,r0,#8
 1290  00001ed4  afc10008	sw	8(r30),r1
 1291  00001ed8          	L84_LF2:
 1292  00001ed8  0800000c	j	L80_LF2
 1293  00001edc  54000000	nop; delay slot nop
 1294  00001ee0          	L81_LF2:
 1295  00001ee0  2001000a	addi	r1,r0,#10
 1296  00001ee4  afc10008	sw	8(r30),r1
 1297  00001ee8          	L85_LF2:
 1298  00001ee8          	L80_LF2:
 1299  00001ee8  8fc10008	lw	r1,8(r30)
 1300  00001eec  70220000	slei	r2,r1,#0
 1301  00001ef0  1440001c	bnez	r2,L87_LF2
 1302  00001ef4  54000000	nop; delay slot nop
 1303  00001ef8  8fc10008	lw	r1,8(r30)
 1304  00001efc  6c220010	sgti	r2,r1,#16
 1305  00001f00  1440000c	bnez	r2,L87_LF2
 1306  00001f04  54000000	nop; delay slot nop
 1307  00001f08  08000010	j	L86_LF2
 1308  00001f0c  54000000	nop; delay slot nop
 1309  00001f10          	L87_LF2:
 1310  00001f10  8fc1fff4	lw	r1,-12(r30)
 1311  00001f14  08000188	j	L72_LF2
 1312  00001f18  54000000	nop; delay slot nop
 1313  00001f1c          	L86_LF2:
 1314  00001f1c  54000000	nop
 1315  00001f20          	L88_LF2:
 1316  00001f20  8fc10000	lw	r1,(r30)
 1317  00001f24  90220000	lbu	r2,(r1)
 1318  00001f28  6c41002f	sgtui	r1,r2,#47
 1319  00001f2c  10200030	beqz	r1,L91_LF2
 1320  00001f30  54000000	nop; delay slot nop
 1321  00001f34  8fc10000	lw	r1,(r30)
 1322  00001f38  90220000	lbu	r2,(r1)
 1323  00001f3c  70410039	sleui	r1,r2,#57
 1324  00001f40  1020001c	beqz	r1,L91_LF2
 1325  00001f44  54000000	nop; delay slot nop
 1326  00001f48  8fc10000	lw	r1,(r30)
 1327  00001f4c  90220000	lbu	r2,(r1)
 1328  00001f50  2041ffd0	addi	r1,r2,#-48
 1329  00001f54  afc1fff0	sw	-16(r30),r1
 1330  00001f58  0800008c	j	L92_LF2
 1331  00001f5c  54000000	nop; delay slot nop
 1332  00001f60          	L91_LF2:
 1333  00001f60  8fc10000	lw	r1,(r30)
 1334  00001f64  90220000	lbu	r2,(r1)
 1335  00001f68  6c410060	sgtui	r1,r2,#96
 1336  00001f6c  10200030	beqz	r1,L93_LF2
 1337  00001f70  54000000	nop; delay slot nop
 1338  00001f74  8fc10000	lw	r1,(r30)
 1339  00001f78  90220000	lbu	r2,(r1)
 1340  00001f7c  7041007a	sleui	r1,r2,#122
 1341  00001f80  1020001c	beqz	r1,L93_LF2
 1342  00001f84  54000000	nop; delay slot nop
 1343  00001f88  8fc10000	lw	r1,(r30)
 1344  00001f8c  90220000	lbu	r2,(r1)
 1345  00001f90  2041ffa9	addi	r1,r2,#-87
 1346  00001f94  afc1fff0	sw	-16(r30),r1
 1347  00001f98  0800004c	j	L92_LF2
 1348  00001f9c  54000000	nop; delay slot nop
 1349  00001fa0          	L93_LF2:
 1350  00001fa0  8fc10000	lw	r1,(r30)
 1351  00001fa4  90220000	lbu	r2,(r1)
 1352  00001fa8  6c410040	sgtui	r1,r2,#64
 1353  00001fac  10200030	beqz	r1,L95_LF2
 1354  00001fb0  54000000	nop; delay slot nop
 1355  00001fb4  8fc10000	lw	r1,(r30)
 1356  00001fb8  90220000	lbu	r2,(r1)
 1357  00001fbc  7041005a	sleui	r1,r2,#90
 1358  00001fc0  1020001c	beqz	r1,L95_LF2
 1359  00001fc4  54000000	nop; delay slot nop
 1360  00001fc8  8fc10000	lw	r1,(r30)
 1361  00001fcc  90220000	lbu	r2,(r1)
 1362  00001fd0  2041ffc9	addi	r1,r2,#-55
 1363  00001fd4  afc1fff0	sw	-16(r30),r1
 1364  00001fd8  0800000c	j	L92_LF2
 1365  00001fdc  54000000	nop; delay slot nop
 1366  00001fe0          	L95_LF2:
 1367  00001fe0  200103e8	addi	r1,r0,#1000
 1368  00001fe4  afc1fff0	sw	-16(r30),r1
 1369  00001fe8          	L96_LF2:
 1370  00001fe8          	L94_LF2:
 1371  00001fe8          	L92_LF2:
 1372  00001fe8  8fc1fff0	lw	r1,-16(r30)
 1373  00001fec  8fc20008	lw	r2,8(r30)
 1374  00001ff0  0022082a	slt	r1,r1,r2
 1375  00001ff4  10200040	beqz	r1,L90_LF2
 1376  00001ff8  54000000	nop; delay slot nop
 1377  00001ffc  8fc1fff4	lw	r1,-12(r30)
 1378  00002000  8fc20008	lw	r2,8(r30)
 1379  00002004  00200035	movi2fp	f0,r1
 1380  00002008  00400835	movi2fp	f1,r2
 1381  0000200c  0401000e	mult	f0,f0,f1
 1382  00002010  00000834	movfp2i	r1,f0
 1383  00002014  afc1fff4	sw	-12(r30),r1
 1384  00002018  8fc1fff4	lw	r1,-12(r30)
 1385  0000201c  8fc2fff0	lw	r2,-16(r30)
 1386  00002020  00220820	add	r1,r1,r2
 1387  00002024  afc1fff4	sw	-12(r30),r1
 1388  00002028  8fc20000	lw	r2,(r30)
 1389  0000202c  20410001	addi	r1,r2,#1
 1390  00002030  00011020	add	r2,r0,r1
 1391  00002034  afc20000	sw	(r30),r2
 1392  00002038          	L97_LF2:
 1393  00002038          	L90_LF2:
 1394  00002038  8fc1fff0	lw	r1,-16(r30)
 1395  0000203c  8fc20008	lw	r2,8(r30)
 1396  00002040  0022082a	slt	r1,r1,r2
 1397  00002044  1420000c	bnez	r1,L98_LF2
 1398  00002048  54000000	nop; delay slot nop
 1399  0000204c  0800000c	j	L89_LF2
 1400  00002050  54000000	nop; delay slot nop
 1401  00002054          	L98_LF2:
 1402  00002054  0bfffec8	j	L88_LF2
 1403  00002058  54000000	nop; delay slot nop
 1404  0000205c          	L89_LF2:
 1405  0000205c  8fc10004	lw	r1,4(r30)
 1406  00002060  64220000	snei	r2,r1,#0
 1407  00002064  10400010	beqz	r2,L99_LF2
 1408  00002068  54000000	nop; delay slot nop
 1409  0000206c  8fc10004	lw	r1,4(r30)
 1410  00002070  8fc20000	lw	r2,(r30)
 1411  00002074  ac220000	sw	(r1),r2
 1412  00002078          	L99_LF2:
 1413  00002078  8fc1fff4	lw	r1,-12(r30)
 1414  0000207c  8fc2ffec	lw	r2,-20(r30)
 1415  00002080  00200035	movi2fp	f0,r1
 1416  00002084  00400835	movi2fp	f1,r2
 1417  00002088  0401000e	mult	f0,f0,f1
 1418  0000208c  00000834	movfp2i	r1,f0
 1419  00002090  afc1fff4	sw	-12(r30),r1
 1420  00002094  8fc1fff4	lw	r1,-12(r30)
 1421  00002098  08000004	j	L72_LF2
 1422  0000209c  54000000	nop; delay slot nop
 1423  000020a0          	L72_LF2:
 1424  000020a0  8fa20000	lw	r2,0(r29)
 1425  000020a4  8fdffff8	lw	r31,-8(r30)
 1426  000020a8  001ee820	add	r29,r0,r30
 1427  000020ac  8fdefffc	lw	r30,-4(r30)
 1428  000020b0  4be00000	jr	r31
 1429  000020b4  54000000	nop
 1430  000020b8          	.endproc _dstrtol
 1431  000020b8          	.align 2
 1432  000020b8          	.proc _bcopy
 1433  000020b8          	.global _bcopy
 1434  000020b8          	_bcopy:
 1435                      ;  Function 'bcopy'; 0 bytes of locals, 2 regs to save.
 1436  000020b8  afbefffc	sw	-4(r29),r30; push fp
 1437  000020bc  001df020	add	r30,r0,r29; fp = sp
 1438  000020c0  afbffff8	sw	-8(r29),r31; push ret addr
 1439  000020c4  2fbd0010	subui	r29,r29,#16; alloc local storage
 1440  000020c8  afa20000	sw	0(r29),r2
 1441  000020cc  afa30004	sw	4(r29),r3
 1442  000020d0  54000000	nop
 1443  000020d4          	L101_LF2:
 1444  000020d4  8fc10008	lw	r1,8(r30)
 1445  000020d8  2022ffff	addi	r2,r1,#-1
 1446  000020dc  afc20008	sw	8(r30),r2
 1447  000020e0  6c210000	sgti	r1,r1,#0
 1448  000020e4  1420000c	bnez	r1,L103_LF2
 1449  000020e8  54000000	nop; delay slot nop
 1450  000020ec  0800002c	j	L102_LF2
 1451  000020f0  54000000	nop; delay slot nop
 1452  000020f4          	L103_LF2:
 1453  000020f4  8fc10004	lw	r1,4(r30)
 1454  000020f8  20220001	addi	r2,r1,#1
 1455  000020fc  afc20004	sw	4(r30),r2
 1456  00002100  8fc20000	lw	r2,(r30)
 1457  00002104  20430001	addi	r3,r2,#1
 1458  00002108  afc30000	sw	(r30),r3
 1459  0000210c  80420000	lb	r2,(r2)
 1460  00002110  a0220000	sb	(r1),r2
 1461  00002114  0bffffbc	j	L101_LF2
 1462  00002118  54000000	nop; delay slot nop
 1463  0000211c          	L102_LF2:
 1464  0000211c          	L100_LF2:
 1465  0000211c  8fa20000	lw	r2,0(r29)
 1466  00002120  8fa30004	lw	r3,4(r29)
 1467  00002124  8fdffff8	lw	r31,-8(r30)
 1468  00002128  001ee820	add	r29,r0,r30
 1469  0000212c  8fdefffc	lw	r30,-4(r30)
 1470  00002130  4be00000	jr	r31
 1471  00002134  54000000	nop
 1472  00002138          	.endproc _bcopy
 1473  00002138          	.align 2
 1474  00002138          	.proc _bzero
 1475  00002138          	.global _bzero
 1476  00002138          	_bzero:
 1477                      ;  Function 'bzero'; 0 bytes of locals, 1 regs to save.
 1478  00002138  afbefffc	sw	-4(r29),r30; push fp
 1479  0000213c  001df020	add	r30,r0,r29; fp = sp
 1480  00002140  afbffff8	sw	-8(r29),r31; push ret addr
 1481  00002144  2fbd0010	subui	r29,r29,#16; alloc local storage
 1482  00002148  afa20000	sw	0(r29),r2
 1483  0000214c  54000000	nop
 1484  00002150          	L105_LF2:
 1485  00002150  8fc10004	lw	r1,4(r30)
 1486  00002154  2022ffff	addi	r2,r1,#-1
 1487  00002158  afc20004	sw	4(r30),r2
 1488  0000215c  6c210000	sgti	r1,r1,#0
 1489  00002160  1420000c	bnez	r1,L107_LF2
 1490  00002164  54000000	nop; delay slot nop
 1491  00002168  08000020	j	L106_LF2
 1492  0000216c  54000000	nop; delay slot nop
 1493  00002170          	L107_LF2:
 1494  00002170  8fc10000	lw	r1,(r30)
 1495  00002174  20220001	addi	r2,r1,#1
 1496  00002178  afc20000	sw	(r30),r2
 1497  0000217c  20020000	addi	r2,r0,(#0x0)&0xff
 1498  00002180  a0220000	sb	(r1),r2
 1499  00002184  0bffffc8	j	L105_LF2
 1500  00002188  54000000	nop; delay slot nop
 1501  0000218c          	L106_LF2:
 1502  0000218c          	L104_LF2:
 1503  0000218c  8fa20000	lw	r2,0(r29)
 1504  00002190  8fdffff8	lw	r31,-8(r30)
 1505  00002194  001ee820	add	r29,r0,r30
 1506  00002198  8fdefffc	lw	r30,-4(r30)
 1507  0000219c  4be00000	jr	r31
 1508  000021a0  54000000	nop
 1509  000021a4          	.endproc _bzero
 1510  000021a4          	.align 2
 1511  000021a4          	.proc _min
 1512  000021a4          	.global _min
 1513  000021a4          	_min:
 1514                      ;  Function 'min'; 0 bytes of locals, 2 regs to save.
 1515  000021a4  afbefffc	sw	-4(r29),r30; push fp
 1516  000021a8  001df020	add	r30,r0,r29; fp = sp
 1517  000021ac  afbffff8	sw	-8(r29),r31; push ret addr
 1518  000021b0  2fbd0010	subui	r29,r29,#16; alloc local storage
 1519  000021b4  afa20000	sw	0(r29),r2
 1520  000021b8  afa30004	sw	4(r29),r3
 1521  000021bc  8fc10000	lw	r1,(r30)
 1522  000021c0  8fc20004	lw	r2,4(r30)
 1523  000021c4  0022182c	sle	r3,r1,r2
 1524  000021c8  14600008	bnez	r3,L109_LF2
 1525  000021cc  54000000	nop; delay slot nop
 1526  000021d0  8fc10004	lw	r1,4(r30)
 1527  000021d4          	L109_LF2:
 1528  000021d4  08000004	j	L108_LF2
 1529  000021d8  54000000	nop; delay slot nop
 1530  000021dc          	L108_LF2:
 1531  000021dc  8fa20000	lw	r2,0(r29)
 1532  000021e0  8fa30004	lw	r3,4(r29)
 1533  000021e4  8fdffff8	lw	r31,-8(r30)
 1534  000021e8  001ee820	add	r29,r0,r30
 1535  000021ec  8fdefffc	lw	r30,-4(r30)
 1536  000021f0  4be00000	jr	r31
 1537  000021f4  54000000	nop
 1538  000021f8          	.endproc _min
 1539                      ;;; Ethan L. Miller, 1999.  Released to the public domain
 1540                      ;;;
 1541                      ;;; Most of the traps are called in files from libtraps.
 1544  000021f8          	.align 2
 1545  000021f8          	.proc _exit
 1546  000021f8          	.global _exit
 1547  000021f8          	_exit:
 1548  000021f8  44000300	trap	#0x300
 1549  000021fc  4be00000	jr	r31
 1550  00002200  54000000	nop
 1551  00002204          	.endproc _exit
 1553                      ; for the benefit of gcc.
 1554  00002204          	.proc ___main
 1555  00002204          	.global ___main
 1556  00002204          	___main:
 1557  00002204  4be00000	jr	r31
 1558  00002208  54000000	nop
 1559  0000220c          	.endproc ___main
 1560  0000220c          	.text
 1561  0000220c          	.global _etext
 1562  0000220c          	_etext:
 1563  0000220c          	.align 3
 1564  00002210          	.data
 1565  000030d5          	.global _edata
 1566  000030d5          	_edata:
